2025-05-25 04:34:51,144 - function.util_logger2025-05-25-04.34.50 - INFO - 特征列表：
2025-05-25 04:34:51,144 - function.util_logger2025-05-25-04.34.50 - INFO - ['uid', 'time_period', 'is_holiday', 'post_text_language', 'post_location', 'is_title', 'is_suggested', 'big_music', 'music_title', 'video_is_heng', 'main_cluster', 'has_face', 'dominant_emotion', 'year', 'month', 'day', 'hour', 'music_duration', 'len_title', 'len_suggested', 'video_duration', 'total_frames', 'video_width', 'video_height', 'ratio_number', 'video_area', 'video_width/height', 'cluster_total_count', 'main_cluster_count', 'main_cluster_freq', 'face_frame_rate', 'avg_faces_per_frame', 'multi_person_ratio', 'avg_face_area_ratio', 'max_face_area_ratio', 'close_up_ratio', 'emotion_entropy', 'positive_emotion_ratio', 'log_user_follower_count', 'log_user_following_count', 'log_user_likes_count', 'log_user_digg_count', 'log_user_video_count', 'post_time_normalized', 'frame_rate', 'log_likes_per_video', 'log_followers_per_following', 'log_digg_pre_like_ratio', 'uid_popularity', 'time_period_popularity', 'post_text_language_popularity', 'post_location_popularity', 'big_music_popularity', 'music_title_popularity', 'main_cluster_popularity', 'dominant_emotion_popularity']
2025-05-25 04:34:51,144 - function.util_logger2025-05-25-04.34.50 - INFO - feature_number: 56
2025-05-25 04:34:51,717 - function.util_logger2025-05-25-04.34.50 - INFO - importance: True, threshold: 0.95
2025-05-25 04:34:52,881 - function.util_logger2025-05-25-04.34.50 - INFO - 特征重要性：
2025-05-25 04:34:52,881 - function.util_logger2025-05-25-04.34.50 - INFO -                           feature  importance
0             log_likes_per_video    0.115862
1            log_user_likes_count    0.020233
2                   len_suggested    0.017997
3                    is_suggested    0.008720
4                     time_period    0.003187
5                  uid_popularity    0.003133
6         log_user_follower_count    0.002609
7         log_digg_pre_like_ratio    0.002175
8     log_followers_per_following    0.001949
9                 face_frame_rate    0.001525
10           log_user_video_count    0.001033
11            log_user_digg_count    0.000733
12       post_location_popularity    0.000662
13            avg_face_area_ratio    0.000562
14                  post_location    0.000528
15                           hour    0.000485
16              main_cluster_freq    0.000483
17                   total_frames    0.000414
18                 video_duration    0.000411
19             post_text_language    0.000397
20           post_time_normalized    0.000380
21       log_user_following_count    0.000355
22                   video_height    0.000288
23                      len_title    0.000238
24                          month    0.000225
25                     video_area    0.000221
26             video_width/height    0.000215
27        main_cluster_popularity    0.000202
28                 music_duration    0.000167
29               dominant_emotion    0.000159
30             multi_person_ratio    0.000152
31            max_face_area_ratio    0.000120
32         music_title_popularity    0.000095
33                            day    0.000092
34  post_text_language_popularity    0.000070
35            cluster_total_count    0.000061
36           big_music_popularity    0.000059
37                    video_width    0.000057
38                 close_up_ratio    0.000054
39         time_period_popularity    0.000053
40                     frame_rate    0.000048
41             main_cluster_count    0.000036
42            avg_faces_per_frame    0.000032
43                emotion_entropy    0.000022
44    dominant_emotion_popularity    0.000021
45         positive_emotion_ratio    0.000006
46                   ratio_number    0.000002
47                     is_holiday    0.000000
48                    music_title    0.000000
49                  video_is_heng    0.000000
50                           year    0.000000
51                   main_cluster    0.000000
52                       is_title    0.000000
53                            uid    0.000000
54                      big_music    0.000000
55                       has_face   -0.000017
2025-05-25 04:34:52,889 - function.util_logger2025-05-25-04.34.50 - INFO - 正重要性特征：
2025-05-25 04:34:52,889 - function.util_logger2025-05-25-04.34.50 - INFO -                           feature  importance
0             log_likes_per_video    0.115862
1            log_user_likes_count    0.020233
2                   len_suggested    0.017997
3                    is_suggested    0.008720
4                     time_period    0.003187
5                  uid_popularity    0.003133
6         log_user_follower_count    0.002609
7         log_digg_pre_like_ratio    0.002175
8     log_followers_per_following    0.001949
9                 face_frame_rate    0.001525
10           log_user_video_count    0.001033
11            log_user_digg_count    0.000733
12       post_location_popularity    0.000662
13            avg_face_area_ratio    0.000562
14                  post_location    0.000528
15                           hour    0.000485
16              main_cluster_freq    0.000483
17                   total_frames    0.000414
18                 video_duration    0.000411
19             post_text_language    0.000397
20           post_time_normalized    0.000380
21       log_user_following_count    0.000355
22                   video_height    0.000288
23                      len_title    0.000238
24                          month    0.000225
25                     video_area    0.000221
26             video_width/height    0.000215
27        main_cluster_popularity    0.000202
28                 music_duration    0.000167
29               dominant_emotion    0.000159
30             multi_person_ratio    0.000152
31            max_face_area_ratio    0.000120
32         music_title_popularity    0.000095
33                            day    0.000092
34  post_text_language_popularity    0.000070
35            cluster_total_count    0.000061
36           big_music_popularity    0.000059
37                    video_width    0.000057
38                 close_up_ratio    0.000054
39         time_period_popularity    0.000053
40                     frame_rate    0.000048
41             main_cluster_count    0.000036
42            avg_faces_per_frame    0.000032
43                emotion_entropy    0.000022
44    dominant_emotion_popularity    0.000021
45         positive_emotion_ratio    0.000006
46                   ratio_number    0.000002
2025-05-25 04:34:53,676 - function.util_logger2025-05-25-04.34.50 - INFO - 特征重要性：
2025-05-25 04:34:53,676 - function.util_logger2025-05-25-04.34.50 - INFO -                           feature  importance
0             log_likes_per_video    0.123646
1            log_user_likes_count    0.020513
2                   len_suggested    0.014465
3                    is_suggested    0.014046
4         log_user_follower_count    0.003677
5                  uid_popularity    0.003313
6     log_followers_per_following    0.002934
7                 face_frame_rate    0.001694
8         log_digg_pre_like_ratio    0.001314
9                   post_location    0.000855
10              main_cluster_freq    0.000486
11       post_location_popularity    0.000479
12           post_time_normalized    0.000470
13           log_user_video_count    0.000411
14               dominant_emotion    0.000392
15       log_user_following_count    0.000356
16                          month    0.000353
17                   video_height    0.000282
18            avg_face_area_ratio    0.000271
19            log_user_digg_count    0.000263
20            max_face_area_ratio    0.000263
21            cluster_total_count    0.000248
22                      len_title    0.000239
23                 video_duration    0.000206
24        main_cluster_popularity    0.000193
25           big_music_popularity    0.000191
26             multi_person_ratio    0.000160
27  post_text_language_popularity    0.000151
28    dominant_emotion_popularity    0.000132
29                     video_area    0.000125
30                   total_frames    0.000107
31                 close_up_ratio    0.000095
32         positive_emotion_ratio    0.000094
33         music_title_popularity    0.000085
34                emotion_entropy    0.000083
35         time_period_popularity    0.000077
36                           year    0.000074
37            avg_faces_per_frame    0.000060
38                     frame_rate    0.000059
39                            day    0.000039
40                       is_title    0.000039
41                           hour    0.000038
42                    video_width    0.000028
43                    time_period    0.000027
44             video_width/height    0.000027
45                 music_duration    0.000027
46                       has_face    0.000025
47                   ratio_number    0.000023
48                  video_is_heng    0.000021
49                   main_cluster    0.000000
50                            uid    0.000000
51                    music_title    0.000000
52                      big_music    0.000000
53                     is_holiday    0.000000
54             main_cluster_count    0.000000
55             post_text_language   -0.000201
2025-05-25 04:34:53,683 - function.util_logger2025-05-25-04.34.50 - INFO - 正重要性特征：
2025-05-25 04:34:53,683 - function.util_logger2025-05-25-04.34.50 - INFO -                           feature  importance
0             log_likes_per_video    0.123646
1            log_user_likes_count    0.020513
2                   len_suggested    0.014465
3                    is_suggested    0.014046
4         log_user_follower_count    0.003677
5                  uid_popularity    0.003313
6     log_followers_per_following    0.002934
7                 face_frame_rate    0.001694
8         log_digg_pre_like_ratio    0.001314
9                   post_location    0.000855
10              main_cluster_freq    0.000486
11       post_location_popularity    0.000479
12           post_time_normalized    0.000470
13           log_user_video_count    0.000411
14               dominant_emotion    0.000392
15       log_user_following_count    0.000356
16                          month    0.000353
17                   video_height    0.000282
18            avg_face_area_ratio    0.000271
19            log_user_digg_count    0.000263
20            max_face_area_ratio    0.000263
21            cluster_total_count    0.000248
22                      len_title    0.000239
23                 video_duration    0.000206
24        main_cluster_popularity    0.000193
25           big_music_popularity    0.000191
26             multi_person_ratio    0.000160
27  post_text_language_popularity    0.000151
28    dominant_emotion_popularity    0.000132
29                     video_area    0.000125
30                   total_frames    0.000107
31                 close_up_ratio    0.000095
32         positive_emotion_ratio    0.000094
33         music_title_popularity    0.000085
34                emotion_entropy    0.000083
35         time_period_popularity    0.000077
36                           year    0.000074
37            avg_faces_per_frame    0.000060
38                     frame_rate    0.000059
39                            day    0.000039
40                       is_title    0.000039
41                           hour    0.000038
42                    video_width    0.000028
43                    time_period    0.000027
44             video_width/height    0.000027
45                 music_duration    0.000027
46                       has_face    0.000025
47                   ratio_number    0.000023
48                  video_is_heng    0.000021
2025-05-25 04:34:54,618 - function.util_logger2025-05-25-04.34.50 - INFO - 特征重要性：
2025-05-25 04:34:54,619 - function.util_logger2025-05-25-04.34.50 - INFO -                           feature  importance
0             log_likes_per_video    0.118444
1            log_user_likes_count    0.029013
2                    is_suggested    0.014820
3                   len_suggested    0.011422
4                  uid_popularity    0.007243
5         log_user_follower_count    0.005102
6         log_digg_pre_like_ratio    0.003667
7     log_followers_per_following    0.001514
8                 face_frame_rate    0.001353
9        post_location_popularity    0.000908
10                  post_location    0.000887
11           log_user_video_count    0.000846
12            max_face_area_ratio    0.000542
13               dominant_emotion    0.000481
14           post_time_normalized    0.000449
15            avg_face_area_ratio    0.000395
16              main_cluster_freq    0.000357
17       log_user_following_count    0.000320
18                 video_duration    0.000285
19             main_cluster_count    0.000284
20                    time_period    0.000275
21                           hour    0.000273
22                          month    0.000260
23            log_user_digg_count    0.000256
24            avg_faces_per_frame    0.000244
25             multi_person_ratio    0.000221
26                            day    0.000186
27                      len_title    0.000185
28             video_width/height    0.000173
29                   ratio_number    0.000172
30        main_cluster_popularity    0.000163
31                     frame_rate    0.000149
32            cluster_total_count    0.000121
33                emotion_entropy    0.000112
34                   video_height    0.000104
35         music_title_popularity    0.000103
36  post_text_language_popularity    0.000091
37                 music_duration    0.000086
38                   total_frames    0.000060
39           big_music_popularity    0.000058
40         time_period_popularity    0.000057
41                    video_width    0.000034
42                 close_up_ratio    0.000033
43                           year    0.000029
44         positive_emotion_ratio    0.000023
45                  video_is_heng    0.000023
46    dominant_emotion_popularity    0.000022
47                     video_area    0.000011
48             post_text_language    0.000004
49                    music_title    0.000000
50                   main_cluster    0.000000
51                       has_face    0.000000
52                     is_holiday    0.000000
53                            uid    0.000000
54                       is_title    0.000000
55                      big_music    0.000000
2025-05-25 04:34:54,626 - function.util_logger2025-05-25-04.34.50 - INFO - 正重要性特征：
2025-05-25 04:34:54,626 - function.util_logger2025-05-25-04.34.50 - INFO -                           feature  importance
0             log_likes_per_video    0.118444
1            log_user_likes_count    0.029013
2                    is_suggested    0.014820
3                   len_suggested    0.011422
4                  uid_popularity    0.007243
5         log_user_follower_count    0.005102
6         log_digg_pre_like_ratio    0.003667
7     log_followers_per_following    0.001514
8                 face_frame_rate    0.001353
9        post_location_popularity    0.000908
10                  post_location    0.000887
11           log_user_video_count    0.000846
12            max_face_area_ratio    0.000542
13               dominant_emotion    0.000481
14           post_time_normalized    0.000449
15            avg_face_area_ratio    0.000395
16              main_cluster_freq    0.000357
17       log_user_following_count    0.000320
18                 video_duration    0.000285
19             main_cluster_count    0.000284
20                    time_period    0.000275
21                           hour    0.000273
22                          month    0.000260
23            log_user_digg_count    0.000256
24            avg_faces_per_frame    0.000244
25             multi_person_ratio    0.000221
26                            day    0.000186
27                      len_title    0.000185
28             video_width/height    0.000173
29                   ratio_number    0.000172
30        main_cluster_popularity    0.000163
31                     frame_rate    0.000149
32            cluster_total_count    0.000121
33                emotion_entropy    0.000112
34                   video_height    0.000104
35         music_title_popularity    0.000103
36  post_text_language_popularity    0.000091
37                 music_duration    0.000086
38                   total_frames    0.000060
39           big_music_popularity    0.000058
40         time_period_popularity    0.000057
41                    video_width    0.000034
42                 close_up_ratio    0.000033
43                           year    0.000029
44         positive_emotion_ratio    0.000023
45                  video_is_heng    0.000023
46    dominant_emotion_popularity    0.000022
47                     video_area    0.000011
48             post_text_language    0.000004
2025-05-25 04:34:55,389 - function.util_logger2025-05-25-04.34.50 - INFO - 特征重要性：
2025-05-25 04:34:55,390 - function.util_logger2025-05-25-04.34.50 - INFO -                           feature  importance
0             log_likes_per_video    0.112767
1            log_user_likes_count    0.025579
2                    is_suggested    0.018346
3                   len_suggested    0.009790
4                  uid_popularity    0.005541
5         log_digg_pre_like_ratio    0.003056
6         log_user_follower_count    0.002072
7            log_user_video_count    0.001314
8     log_followers_per_following    0.001306
9               main_cluster_freq    0.000874
10       post_location_popularity    0.000821
11                  post_location    0.000759
12                face_frame_rate    0.000681
13            log_user_digg_count    0.000523
14                      len_title    0.000434
15             post_text_language    0.000415
16                 video_duration    0.000396
17               dominant_emotion    0.000352
18                   video_height    0.000330
19            cluster_total_count    0.000288
20           post_time_normalized    0.000269
21                emotion_entropy    0.000269
22       log_user_following_count    0.000225
23                 music_duration    0.000201
24                     video_area    0.000177
25                   total_frames    0.000172
26         positive_emotion_ratio    0.000146
27            max_face_area_ratio    0.000143
28           big_music_popularity    0.000115
29    dominant_emotion_popularity    0.000110
30                           hour    0.000109
31                    video_width    0.000105
32                     frame_rate    0.000098
33        main_cluster_popularity    0.000089
34                    time_period    0.000087
35            avg_face_area_ratio    0.000077
36            avg_faces_per_frame    0.000067
37         time_period_popularity    0.000066
38         music_title_popularity    0.000060
39                            day    0.000054
40                   ratio_number    0.000044
41                  video_is_heng    0.000039
42  post_text_language_popularity    0.000038
43             multi_person_ratio    0.000037
44                          month    0.000035
45                       has_face    0.000034
46                     is_holiday    0.000027
47             main_cluster_count    0.000023
48             video_width/height    0.000016
49                    music_title    0.000000
50                   main_cluster    0.000000
51                      big_music    0.000000
52                       is_title    0.000000
53                            uid    0.000000
54                           year    0.000000
55                 close_up_ratio    0.000000
2025-05-25 04:34:55,399 - function.util_logger2025-05-25-04.34.50 - INFO - 正重要性特征：
2025-05-25 04:34:55,399 - function.util_logger2025-05-25-04.34.50 - INFO -                           feature  importance
0             log_likes_per_video    0.112767
1            log_user_likes_count    0.025579
2                    is_suggested    0.018346
3                   len_suggested    0.009790
4                  uid_popularity    0.005541
5         log_digg_pre_like_ratio    0.003056
6         log_user_follower_count    0.002072
7            log_user_video_count    0.001314
8     log_followers_per_following    0.001306
9               main_cluster_freq    0.000874
10       post_location_popularity    0.000821
11                  post_location    0.000759
12                face_frame_rate    0.000681
13            log_user_digg_count    0.000523
14                      len_title    0.000434
15             post_text_language    0.000415
16                 video_duration    0.000396
17               dominant_emotion    0.000352
18                   video_height    0.000330
19            cluster_total_count    0.000288
20           post_time_normalized    0.000269
21                emotion_entropy    0.000269
22       log_user_following_count    0.000225
23                 music_duration    0.000201
24                     video_area    0.000177
25                   total_frames    0.000172
26         positive_emotion_ratio    0.000146
27            max_face_area_ratio    0.000143
28           big_music_popularity    0.000115
29    dominant_emotion_popularity    0.000110
30                           hour    0.000109
31                    video_width    0.000105
32                     frame_rate    0.000098
33        main_cluster_popularity    0.000089
34                    time_period    0.000087
35            avg_face_area_ratio    0.000077
36            avg_faces_per_frame    0.000067
37         time_period_popularity    0.000066
38         music_title_popularity    0.000060
39                            day    0.000054
40                   ratio_number    0.000044
41                  video_is_heng    0.000039
42  post_text_la