2025-05-25 05:02:57,415 - function.util_logger2025-05-25-04.34.50 - INFO - Trial 280 finished with value: 0.2298872966774815 and parameters: {'learning_rate': 0.016149692123088946, 'depth': 10, 'l2_leaf_reg': 6.76436593218467, 'subsample': 0.8691024509249831}. Best is trial 164 with value: 0.22922231094238743.
2025-05-25 05:02:59,217 - function.util_logger2025-05-25-04.34.50 - INFO - Trial 281 finished with value: 0.22997329560965576 and parameters: {'learning_rate': 0.01551058836049689, 'depth': 10, 'l2_leaf_reg': 5.984335136164588, 'subsample': 0.853514752267465}. Best is trial 164 with value: 0.22922231094238743.
2025-05-25 05:03:04,212 - function.util_logger2025-05-25-04.34.50 - INFO - Trial 282 finished with value: 0.22990985607447095 and parameters: {'learning_rate': 0.016472559666607146, 'depth': 10, 'l2_leaf_reg': 5.717628499397989, 'subsample': 0.8486535928093912}. Best is trial 164 with value: 0.22922231094238743.
2025-05-25 05:03:20,457 - function.util_logger2025-05-25-04.34.50 - INFO - Trial 285 finished with value: 0.23003563874248495 and parameters: {'learning_rate': 0.020233599500263846, 'depth': 10, 'l2_leaf_reg': 4.92436789540231, 'subsample': 0.8510890608962378}. Best is trial 164 with value: 0.22922231094238743.
2025-05-25 05:03:21,514 - function.util_logger2025-05-25-04.34.50 - INFO - Trial 283 finished with value: 0.22972274852665836 and parameters: {'learning_rate': 0.015784013021802577, 'depth': 10, 'l2_leaf_reg': 5.40590225860187, 'subsample': 0.8471587661050394}. Best is trial 164 with value: 0.22922231094238743.
2025-05-25 05:03:22,904 - function.util_logger2025-05-25-04.34.50 - INFO - Trial 284 finished with value: 0.22985805851098742 and parameters: {'learning_rate': 0.015389135348136053, 'depth': 10, 'l2_leaf_reg': 5.186570147456901, 'subsample': 0.8481874509863706}. Best is trial 164 with value: 0.22922231094238743.
2025-05-25 05:03:23,303 - function.util_logger2025-05-25-04.34.50 - INFO - Trial 286 finished with value: 0.23062769392723753 and parameters: {'learning_rate': 0.02071537705153494, 'depth': 10, 'l2_leaf_reg': 4.602545207557972, 'subsample': 0.8595750598040488}. Best is trial 164 with value: 0.22922231094238743.
2025-05-25 05:03:44,764 - function.util_logger2025-05-25-04.34.50 - INFO - Trial 290 finished with value: 0.22970931439720407 and parameters: {'learning_rate': 0.018615721639714554, 'depth': 10, 'l2_leaf_reg': 9.708554329214786, 'subsample': 0.891577162350062}. Best is trial 164 with value: 0.22922231094238743.
2025-05-25 05:03:45,958 - function.util_logger2025-05-25-04.34.50 - INFO - Trial 287 finished with value: 0.23047399559055948 and parameters: {'learning_rate': 0.014381296718853381, 'depth': 10, 'l2_leaf_reg': 4.862600912524796, 'subsample': 0.8621896109072492}. Best is trial 164 with value: 0.22922231094238743.
2025-05-25 05:03:48,466 - function.util_logger2025-05-25-04.34.50 - INFO - Trial 288 finished with value: 0.22981607325432205 and parameters: {'learning_rate': 0.014358254040676628, 'depth': 10, 'l2_leaf_reg': 9.908397570620169, 'subsample': 0.8442665953544081}. Best is trial 164 with value: 0.22922231094238743.
2025-05-25 05:03:53,335 - function.util_logger2025-05-25-04.34.50 - INFO - Trial 289 finished with value: 0.23062007434404436 and parameters: {'learning_rate': 0.013223380345721817, 'depth': 10, 'l2_leaf_reg': 4.552948770197149e-05, 'subsample': 0.8661570680971364}. Best is trial 164 with value: 0.22922231094238743.
2025-05-25 05:04:00,600 - function.util_logger2025-05-25-04.34.50 - INFO - Trial 292 finished with value: 0.230498314601879 and parameters: {'learning_rate': 0.018908150742888364, 'depth': 9, 'l2_leaf_reg': 9.34147753754641, 'subsample': 0.8792098680646133}. Best is trial 164 with value: 0.22922231094238743.
2025-05-25 05:04:03,197 - function.util_logger2025-05-25-04.34.50 - INFO - Trial 291 finished with value: 0.2300931177412108 and parameters: {'learning_rate': 0.017991655856874088, 'depth': 9, 'l2_leaf_reg': 9.927990586866258, 'subsample': 0.8861710286447579}. Best is trial 164 with value: 0.22922231094238743.
2025-05-25 05:04:09,030 - function.util_logger2025-05-25-04.34.50 - INFO - Trial 293 finished with value: 0.22986218752962845 and parameters: {'learning_rate': 0.01827025955529792, 'depth': 10, 'l2_leaf_reg': 7.473123614677591, 'subsample': 0.8376343204526343}. Best is trial 164 with value: 0.22922231094238743.
2025-05-25 05:04:14,381 - function.util_logger2025-05-25-04.34.50 - INFO - Trial 294 finished with value: 0.23004672468510495 and parameters: {'learning_rate': 0.01741125046588057, 'depth': 10, 'l2_leaf_reg': 9.968519164244167, 'subsample': 0.8938478995666465}. Best is trial 164 with value: 0.22922231094238743.
2025-05-25 05:04:24,119 - function.util_logger2025-05-25-04.34.50 - INFO - Trial 295 finished with value: 0.2297815700247905 and parameters: {'learning_rate': 0.01763810381720541, 'depth': 10, 'l2_leaf_reg': 9.868101248409134, 'subsample': 0.9024628323103584}. Best is trial 164 with value: 0.22922231094238743.
2025-05-25 05:04:25,567 - function.util_logger2025-05-25-04.34.50 - INFO - Trial 296 finished with value: 0.23017659002257046 and parameters: {'learning_rate': 0.017152249931885813, 'depth': 10, 'l2_leaf_reg': 6.721567905836373, 'subsample': 0.886543906528444}. Best is trial 164 with value: 0.22922231094238743.
2025-05-25 05:04:34,154 - function.util_logger2025-05-25-04.34.50 - INFO - Trial 297 finished with value: 0.22980054117363075 and parameters: {'learning_rate': 0.01585752456477887, 'depth': 10, 'l2_leaf_reg': 9.96819105397791, 'subsample': 0.8876131192854257}. Best is trial 164 with value: 0.22922231094238743.
2025-05-25 05:04:34,330 - function.util_logger2025-05-25-04.34.50 - INFO - Trial 298 finished with value: 0.2300473604006857 and parameters: {'learning_rate': 0.021893324732914988, 'depth': 10, 'l2_leaf_reg': 6.194678120511413, 'subsample': 0.9178647141663718}. Best is trial 164 with value: 0.22922231094238743.
2025-05-25 05:04:38,405 - function.util_logger2025-05-25-04.34.50 - INFO - Trial 299 finished with value: 0.23067512628543474 and parameters: {'learning_rate': 0.023095279998427528, 'depth': 10, 'l2_leaf_reg': 5.996992399177535, 'subsample': 0.8745386283424956}. Best is trial 164 with value: 0.22922231094238743.
2025-05-25 05:04:45,737 - function.util_logger2025-05-25-04.34.50 - INFO - Trial 300 finished with value: 0.2304472704275974 and parameters: {'learning_rate': 0.02229504687869386, 'depth': 10, 'l2_leaf_reg': 4.901776986380882, 'subsample': 0.9180890398050864}. Best is trial 164 with value: 0.22922231094238743.
2025-05-25 05:05:03,831 - function.util_logger2025-05-25-04.34.50 - INFO - Trial 302 finished with value: 0.2300664979313644 and parameters: {'learning_rate': 0.01344117666244222, 'depth': 10, 'l2_leaf_reg': 4.695535459950948, 'subsample': 0.8645341199388725}. Best is trial 164 with value: 0.22922231094238743.
2025-05-25 05:05:06,157 - function.util_logger2025-05-25-04.34.50 - INFO - Trial 301 finished with value: 0.2298423322422744 and parameters: {'learning_rate': 0.0130512360156435, 'depth': 10, 'l2_leaf_reg': 5.122948562275852, 'subsample': 0.8382769032022493}. Best is trial 164 with value: 0.22922231094238743.
2025-05-25 05:05:07,047 - function.util_logger2025-05-25-04.34.50 - INFO - Trial 303 finished with value: 0.23059224037385725 and parameters: {'learning_rate': 0.013117259013893014, 'depth': 10, 'l2_leaf_reg': 0.007098785948215921, 'subsample': 0.8445406860599086}. Best is trial 164 with value: 0.22922231094238743.
2025-05-25 05:05:13,079 - function.util_logger2025-05-25-04.34.50 - INFO - Trial 304 finished with value: 0.22964063247314798 and parameters: {'learning_rate': 0.015038466997878022, 'depth': 10, 'l2_leaf_reg': 4.20110651428439, 'subsample': 0.838029034862333}. Best is trial 164 with value: 0.22922231094238743.
2025-05-25 05:05:28,075 - function.util_logger2025-05-25-04.34.50 - INFO - Trial 307 finished with value: 0.23019333554341279 and parameters: {'learning_rate': 0.020470805808179827, 'depth': 10, 'l2_leaf_reg': 6.761984514936929, 'subsample': 0.8552138336350533}. Best is trial 164 with value: 0.22922231094238743.
2025-05-25 05:05:29,221 - function.util_logger2025-05-25-04.34.50 - INFO - Trial 306 finished with value: 0.23018966086187875 and parameters: {'learning_rate': 0.015558386117585987, 'depth': 10, 'l2_leaf_reg': 6.775030047569769, 'subsample': 0.8473107357949193}. Best is trial 164 with value: 0.22922231094238743.
2025-05-25 05:05:31,826 - function.util_logger2025-05-25-04.34.50 - INFO - Trial 305 finished with value: 0.23028430079697487 and parameters: {'learning_rate': 0.012968504363259206, 'depth': 10, 'l2_leaf_reg': 4.176981796021179, 'subsample': 0.836705801802975}. Best is trial 164 with value: 0.22922231094238743.
2025-05-25 05:05:39,280 - function.util_logger2025-05-25-04.34.50 - INFO - Trial 308 finished with value: 0.23026784807574713 and parameters: {'learning_rate': 0.014892678098469076, 'depth': 10, 'l2_leaf_reg': 3.522696224515989, 'subsample': 0.8523313162722004}. Best is trial 164 with value: 0.22922231094238743.
2025-05-25 05:05:53,605 - function.util_logger2025-05-25-04.34.50 - INFO - Trial 309 finished with value: 0.22995105064216764 and parameters: {'learning_rate': 0.015440556880547168, 'depth': 10, 'l2_leaf_reg': 3.720877977761708, 'subsample': 0.8478934246779234}. Best is trial 164 with value: 0.22922231094238743.
2025-05-25 05:05:56,763 - function.util_logger2025-05-25-04.34.50 - INFO - Trial 311 finished with value: 0.2300127166312161 and parameters: {'learning_rate': 0.015590069379457991, 'depth': 10, 'l2_leaf_reg': 4.050559240078747, 'subsample': 0.8540386700725778}. Best is trial 164 with value: 0.22922231094238743.
2025-05-25 05:06:00,496 - function.util_logger2025-05-25-04.34.50 - INFO - Trial 312 finished with value: 0.22995123312829033 and parameters: {'learning_rate': 0.019367722279627693, 'depth': 10, 'l2_leaf_reg': 3.8424282147399884, 'subsample': 0.8619516650804337}. Best is trial 164 with value: 0.22922231094238743.
2025-05-25 05:06:02,088 - function.util_logger2025-05-25-04.34.50 - INFO - Trial 313 finished with value: 0.2312512792680105 and parameters: {'learning_rate': 0.05931014816465107, 'depth': 10, 'l2_leaf_reg': 6.408068275293308, 'subsample': 0.9291529466476185}. Best is trial 164 with value: 0.22922231094238743.
2025-05-25 05:06:03,559 - function.util_logger2025-05-25-04.34.50 - INFO - Trial 310 finished with value: 0.2301268148693346 and parameters: {'learning_rate': 0.011725989545728899, 'depth': 10, 'l2_leaf_reg': 3.8038242537622073, 'subsample': 0.8373871807641327}. Best is trial 164 with value: 0.22922231094238743.
2025-05-25 05:06:10,851 - function.util_logger2025-05-25-04.34.50 - INFO - Trial 315 finished with value: 0.2336795534892191 and parameters: {'learning_rate': 0.011678964378503208, 'depth': 5, 'l2_leaf_reg': 6.237183972910892, 'subsample': 0.9658997477591978}. Best is trial 164 with value: 0.22922231094238743.
2025-05-25 05:06:12,856 - function.util_logger2025-05-25-04.34.50 - INFO - Trial 316 finished with value: 0.23373412397750376 and parameters: {'learning_rate': 0.011637953031869876, 'depth': 5, 'l2_leaf_reg': 6.6707634439800465, 'subsample': 0.9095323794946072}. Best is trial 164 with value: 0.22922231094238743.
2025-05-25 05:06:28,674 - function.util_logger2025-05-25-04.34.50 - INFO - Trial 317 finished with value: 0.23001875710776964 and parameters: {'learning_rate': 0.014002050126619404, 'depth': 10, 'l2_leaf_reg': 6.49564637284745, 'subsample': 0.871698247924759}. Best is trial 164 with value: 0.22922231094238743.
2025-05-25 05:06:29,799 - function.util_logger2025-05-25-04.34.50 - INFO - Trial 314 finished with value: 0.2300844777967622 and parameters: {'learning_rate': 0.011354358225208293, 'depth': 10, 'l2_leaf_reg': 6.357062631506639, 'subsample': 0.8641956388564614}. Best is trial 164 with value: 0.22922231094238743.
2025-05-25 05:06:30,545 - function.util_logger2025-05-25-04.34.50 - INFO - Trial 318 finished with value: 0.23035535365054977 and parameters: {'learning_rate': 0.019235028828928698, 'depth': 10, 'l2_leaf_reg': 2.5039171729067298, 'subsample': 0.865629804429654}. Best is trial 164 with value: 0.22922231094238743.
2025-05-25 05:06:34,385 - function.util_logger2025-05-25-04.34.50 - INFO - Trial 319 finished with value: 0.23008865077110735 and parameters: {'learning_rate': 0.01948818606524073, 'depth': 10, 'l2_leaf_reg': 2.364535673858469, 'subsample': 0.8723205780631266}. Best is trial 164 with value: 0.22922231094238743.
2025-05-25 05:06:50,076 - function.util_logger2025-05-25-04.34.50 - INFO - Trial 321 finished with value: 0.23003903113077748 and parameters: {'learning_rate': 0.01974236773247967, 'depth': 10, 'l2_leaf_reg': 2.079760855790314, 'subsample': 0.8346287279371676}. Best is trial 164 with value: 0.22922231094238743.
2025-05-25 05:06:51,768 - function.util_logger2025-05-25-04.34.50 - INFO - Trial 322 finished with value: 0.2304617427682118 and parameters: {'learning_rate': 0.016453719030839892, 'depth': 10, 'l2_leaf_reg': 4.534396000302453, 'subsample': 0.8568495790406633}. Best is trial 164 with value: 0.22922231094238743.
2025-05-25 05:06:54,285 - function.util_logger2025-05-25-04.34.50 - INFO - Trial 320 finished with value: 0.23000556009698872 and parameters: {'learning_rate': 0.019239777492297053, 'depth': 10, 'l2_leaf_reg': 2.4889640134914983, 'subsample': 0.8449394398667904}. Best is trial 164 with value: 0.22922231094238743.
2025-05-25 05:06:58,303 - function.util_logger2025-05-25-04.34.50 - INFO - Trial 323 finished with value: 0.22953757219060575 and parameters: {'learning_rate': 0.0170844280732721, 'depth': 10, 'l2_leaf_reg': 9.58270906454312, 'subsample': 0.8442822678245749}. Best is trial 164 with value: 0.22922231094238743.
2025-05-25 05:07:18,380 - function.util_logger2025-05-25-04.34.50 - INFO - Trial 324 finished with value: 0.22972589869911722 and parameters: {'learning_rate': 0.014277015399739105, 'depth': 10, 'l2_leaf_reg': 9.582313125031384, 'subsample': 0.8426667163591764}. Best is trial 164 with value: 0.22922231094238743.
2025-05-25 05:07:21,855 - function.util_logger2025-05-25-04.34.50 - INFO - Trial 326 finished with value: 0.22987165193737882 and parameters: {'learning_rate': 0.013674427563842077, 'depth': 10, 'l2_leaf_reg': 9.548181402724488, 'subsample': 0.8429175250884501}. Best is trial 164 with value: 0.22922231094238743.
2025-05-25 05:07:22,874 - function.util_logger2025-05-25-04.34.50 - INFO - Trial 325 finished with value: 0.23070022347700378 and parameters: {'learning_rate': 0.013663176771806505, 'depth': 10, 'l2_leaf_reg': 1.2014462706841411e-05, 'subsample': 0.9866711444408985}. Best is trial 164 with value: 0.22922231094238743.
2025-05-25 05:07:23,874 - function.util_logger2025-05-25-04.34.50 - INFO - Trial 327 finished with value: 0.2298538510441141 and parameters: {'learning_rate': 0.015020079805720605, 'depth': 10, 'l2_leaf_reg': 7.156702933608861, 'subsample': 0.8410575538146879}. Best is trial 164 with value: 0.22922231094238743.
2025-05-25 05:07:26,449 - function.util_logger2025-05-25-04.34.50 - INFO - Trial 328 finished with value: 0.23318242088585145 and parameters: {'learning_rate': 0.017485313520639176, 'depth': 6, 'l2_leaf_reg': 7.100197397797237, 'subsample': 0.8328069562106795}. Best is trial 164 with value: 0.22922231094238743.
2025-05-25 05:07:43,439 - function.util_logger2025-05-25-04.34.50 - INFO - Trial 329 finished with value: 0.2299570270293551 and parameters: {'learning_rate': 0.017333992837039253, 'depth': 10, 'l2_leaf_reg': 6.926221158778884, 'subsample': 0.8304214760620092}. Best is trial 164 with value: 0.22922231094238743.
2025-05-25 05:07:45,632 - function.util_logger2025-05-25-04.34.50 - INFO - Trial 331 finished with value: 0.23041569914302729 and parameters: {'learning_rate': 0.017301022517059873, 'depth': 10, 'l2_leaf_reg': 2.0013156925334194e-08, 'subsample': 0.8520895990938565}. Best is trial 164 with value: 0.22922231094238743.
2025-05-25 05:07:48,312 - function.util_logger2025-05-25-04.34.50 - INFO - Trial 332 finished with value: 0.2303200168232042 and parameters: {'learning_rate': 0.017244693475294698, 'depth': 10, 'l2_leaf_reg': 9.92071440744198, 'subsample': 0.8514879735928497}. Best is trial 164 with value: 0.22922231094238743.
2025-05-25 05:07:49,320 - function.util_logger2025-05-25-04.34.50 - INFO - Trial 330 finished with value: 0.22941430168069887 and parameters: {'learning_rate': 0.017163011915765414, 'depth': 10, 'l2_leaf_reg': 9.905009436979887, 'subsample': 0.8259669752799285}. Best is trial 164 with value: 0.22922231094238743.
2025-05-25 05:08:02,263 - function.util_logger2025-05-25-04.34.50 - INFO - Trial 334 finished with value: 0.23026148827273438 and parameters: {'learning_rate': 0.023644606489200477, 'depth': 10, 'l2_leaf_reg': 4.581430472972356, 'subsample': 0.8595437618325021}. Best is trial 164 with value: 0.22922231094238743.
2025-05-25 05:08:02,604 - function.util_logger2025-05-25-04.34.50 - INFO - Trial 333 finished with value: 0.23016231000361453 and parameters: {'learning_rate': 0.022783482297841995, 'depth': 10, 'l2_leaf_reg': 4.646488117711341, 'subsample': 0.8917177494607396}. Best is trial 164 with value: 0.22922231094238743.
2025-05-25 05:08:06,657 - function.util_logger2025-05-25-04.34.50 - INFO - Trial 336 finished with value: 0.2309514979596675 and parameters: {'learning_rate': 0.023118253650266114, 'depth': 10, 'l2_leaf_reg': 4.409338368244677, 'subsample': 0.8907214571211008}. Best is trial 164 with value: 0.22922231094238743.
2025-05-25 05:08:07,591 - function.util_logger2025-05-25-04.34.50 - INFO - Trial 335 finished with value: 0.23048755630463047 and parameters: {'learning_rate': 0.023699295028183923, 'depth': 10, 'l2_leaf_reg': 4.535419234579858, 'subsample': 0.862398270892832}. Best is trial 164 with value: 0.22922231094238743.
2025-05-25 05:08:13,526 - function.util_logger2025-05-25-04.34.50 - INFO - Trial 338 finished with value: 0.23047575949297777 and parameters: {'learning_rate': 0.02068285710956363, 'depth': 8, 'l2_leaf_reg': 9.567238315036557, 'subsample': 0.8310296906950736}. Best is trial 164 with value: 0.22922231094238743.
2025-05-25 05:08:19,991 - function.util_logger2025-05-25-04.34.50 - INFO - Trial 339 finished with value: 0.23115656566339565 and parameters: {'learning_rate': 0.015193180964071141, 'depth': 8, 'l2_leaf_reg': 0.0004368025750194343, 'subsample': 0.8238811361638027}. Best is trial 164 with value: 0.22922231094238743.
2025-05-25 05:08:22,275 - function.util_logger2025-05-25-04.34.50 - INFO - Trial 337 finished with value: 0.23034769733416813 and parameters: {'learning_rate': 0.022214845027625826, 'depth': 10, 'l2_leaf_reg': 4.249875505005701, 'subsample': 0.8948198927777613}. Best is trial 164 with value: 0.22922231094238743.
2025-05-25 05:08:23,532 - function.util_logger2025-05-25-04.34.50 - INFO - Trial 340 finished with value: 0.23081329770002856 and parameters: {'learning_rate': 0.012650047732110418, 'depth': 8, 'l2_leaf_reg': 9.682574112520982, 'subsample': 0.828407739209673}. Best is trial 164 with value: 0.22922231094238743.
2025-05-25 05:08:38,909 - function.util_logger2025-05-25-04.34.50 - INFO - Trial 341 finished with value: 0.23008758914091182 and parameters: {'learning_rate': 0.016122893645207942, 'depth': 10, 'l2_leaf_reg': 6.938127685967171, 'subsample': 0.8210650227463967}. Best is trial 164 with value: 0.22922231094238743.
2025-05-25 05:08:47,290 - function.util_logger2025-05-25-04.34.50 - INFO - Trial 344 finished with value: 0.22967568191015478 and parameters: {'learning_rate': 0.016497077700467502, 'depth': 10, 'l2_leaf_reg': 9.888851216547723, 'subsample': 0.8800238628185806}. Best is trial 164 with value: 0.22922231094238743.
2025-05-25 05:08:49,089 - function.util_logger2025-05-25-04.34.50 - INFO - Trial 345 finished with value: 0.23196919940776617 and parameters: {'learning_rate': 0.01794347470663433, 'depth': 7, 'l2_leaf_reg': 9.83405431418924, 'subsample': 0.879758514943079}. Best is trial 164 with value: 0.22922231094238743.
2025-05-25 05:08:49,831 - function.util_logger2025-05-25-04.34.50 - INFO - Trial 342 finished with value: 0.23025309094828997 and parameters: {'learning_rate': 0.012589244022807713, 'depth': 10, 'l2_leaf_reg': 7.100600967583283, 'subsample': 0.824158587624032}. Best is trial 164 with value: 0.22922231094238743.
2025-05-25 05:08:50,269 - function.util_logger2025-05-25-04.34.50 - INFO - Trial 343 finished with value: 0.2299079461003474 and parameters: {'learning_rate': 0.013146626172196068, 'depth': 10, 'l2_leaf_reg': 9.636207724346855, 'subsample': 0.8242262289977885}. Best is trial 164 with value: 0.22922231094238743.
2025-05-25 05:08:57,759 - function.util_logger2025-05-25-04.34.50 - INFO - Trial 346 finished with value: 0.2313158153251909 and parameters: {'learning_rate': 0.018396325249250303, 'depth': 7, 'l2_leaf_reg': 9.927029181850969, 'subsample': 0.8878030432918479}. Best is trial 164 with value: 0.22922231094238743.
2025-05-25 05:08:58,552 - function.util_logger2025-05-25-04.34.50 - INFO - Trial 349 finished with value: 0.23100285474180232 and parameters: {'learning_rate': 0.047334257390046326, 'depth': 9, 'l2_leaf_reg': 0.0018301293245503057, 'subsample': 0.8977043835548305}. Best is trial 164 with value: 0.22922231094238743.
2025-05-25 05:09:13,836 - function.util_logger2025-05-25-04.34.50 - INFO - Trial 348 finished with value: 0.23035430661678954 and parameters: {'learning_rate': 0.01416692551927698, 'depth': 10, 'l2_leaf_reg': 3.284091277268743, 'subsample': 0.8770259239847462}. Best is trial 164 with value: 0.22922231094238743.
2025-05-25 05:09:14,459 - function.util_logger2025-05-25-04.34.50 - INFO - Trial 350 finished with value: 0.2303959911723002 and parameters: {'learning_rate': 0.02721054347873379, 'depth': 10, 'l2_leaf_reg': 3.2395097311471477, 'subsample': 0.8823567415798542}. Best is trial 164 with value: 0.22922231094238743.
