2025-05-25 05:15:18,074 - function.util_logger2025-05-25-04.34.50 - INFO - Trial 420 finished with value: 0.23042481939538906 and parameters: {'learning_rate': 0.01953776237718125, 'depth': 10, 'l2_leaf_reg': 3.433999474908584, 'subsample': 0.7063123834433531}. Best is trial 164 with value: 0.22922231094238743.
2025-05-25 05:15:20,095 - function.util_logger2025-05-25-04.34.50 - INFO - Trial 421 finished with value: 0.2309701722042711 and parameters: {'learning_rate': 0.02902708192294121, 'depth': 10, 'l2_leaf_reg': 1.054971071574986, 'subsample': 0.7029363502263796}. Best is trial 164 with value: 0.22922231094238743.
2025-05-25 05:15:24,003 - function.util_logger2025-05-25-04.34.50 - INFO - Trial 422 finished with value: 0.23047929147098434 and parameters: {'learning_rate': 0.027881068652755116, 'depth': 10, 'l2_leaf_reg': 2.7886475163364866, 'subsample': 0.707548010839674}. Best is trial 164 with value: 0.22922231094238743.
2025-05-25 05:15:29,878 - function.util_logger2025-05-25-04.34.50 - INFO - Trial 423 finished with value: 0.23113094561248468 and parameters: {'learning_rate': 0.02799610746386852, 'depth': 10, 'l2_leaf_reg': 1.2315980516158684, 'subsample': 0.7033839479592076}. Best is trial 164 with value: 0.22922231094238743.
2025-05-25 05:15:33,050 - function.util_logger2025-05-25-04.34.50 - INFO - Trial 424 finished with value: 0.2298275779636691 and parameters: {'learning_rate': 0.030137256688921532, 'depth': 10, 'l2_leaf_reg': 5.192140400603905, 'subsample': 0.7071438976067083}. Best is trial 164 with value: 0.22922231094238743.
2025-05-25 05:15:34,462 - function.util_logger2025-05-25-04.34.50 - INFO - Trial 425 finished with value: 0.22993394727184038 and parameters: {'learning_rate': 0.02837047514023359, 'depth': 10, 'l2_leaf_reg': 5.102598825684736, 'subsample': 0.7747023033904882}. Best is trial 164 with value: 0.22922231094238743.
2025-05-25 05:15:35,091 - function.util_logger2025-05-25-04.34.50 - INFO - Trial 426 finished with value: 0.23051398598901152 and parameters: {'learning_rate': 0.042592943527314485, 'depth': 10, 'l2_leaf_reg': 5.20094379386611, 'subsample': 0.8154280289082162}. Best is trial 164 with value: 0.22922231094238743.
2025-05-25 05:15:40,022 - function.util_logger2025-05-25-04.34.50 - INFO - Trial 427 finished with value: 0.23045922650120115 and parameters: {'learning_rate': 0.04230886742441418, 'depth': 10, 'l2_leaf_reg': 5.289731823559986, 'subsample': 0.81433479697572}. Best is trial 164 with value: 0.22922231094238743.
2025-05-25 05:15:45,832 - function.util_logger2025-05-25-04.34.50 - INFO - Trial 428 finished with value: 0.22958781620229557 and parameters: {'learning_rate': 0.040271052252504866, 'depth': 10, 'l2_leaf_reg': 5.475476676305644, 'subsample': 0.812577247467783}. Best is trial 164 with value: 0.22922231094238743.
2025-05-25 05:15:46,283 - function.util_logger2025-05-25-04.34.50 - INFO - Trial 429 finished with value: 0.23014235011150141 and parameters: {'learning_rate': 0.04026581031414641, 'depth': 10, 'l2_leaf_reg': 6.672884400721389, 'subsample': 0.6849515600866521}. Best is trial 164 with value: 0.22922231094238743.
2025-05-25 05:15:46,581 - function.util_logger2025-05-25-04.34.50 - INFO - Trial 430 finished with value: 0.2302664111550822 and parameters: {'learning_rate': 0.03456173827365228, 'depth': 10, 'l2_leaf_reg': 6.943458133929862, 'subsample': 0.6844745963327854}. Best is trial 164 with value: 0.22922231094238743.
2025-05-25 05:15:54,295 - function.util_logger2025-05-25-04.34.50 - INFO - Trial 431 finished with value: 0.23026698809005458 and parameters: {'learning_rate': 0.03463958877196604, 'depth': 10, 'l2_leaf_reg': 6.6925518480844985, 'subsample': 0.6817008018856892}. Best is trial 164 with value: 0.22922231094238743.
2025-05-25 05:15:57,896 - function.util_logger2025-05-25-04.34.50 - INFO - Trial 432 finished with value: 0.22973181360714828 and parameters: {'learning_rate': 0.03645681304914993, 'depth': 10, 'l2_leaf_reg': 1.8108766772451867, 'subsample': 0.7846920745645978}. Best is trial 164 with value: 0.22922231094238743.
2025-05-25 05:15:58,579 - function.util_logger2025-05-25-04.34.50 - INFO - Trial 433 finished with value: 0.2299400280328605 and parameters: {'learning_rate': 0.03686409154253277, 'depth': 10, 'l2_leaf_reg': 2.051824809366058, 'subsample': 0.8349496268048137}. Best is trial 164 with value: 0.22922231094238743.
2025-05-25 05:16:04,601 - function.util_logger2025-05-25-04.34.50 - INFO - Trial 435 finished with value: 0.2297774335622096 and parameters: {'learning_rate': 0.04794695622179823, 'depth': 10, 'l2_leaf_reg': 1.9232983441734959, 'subsample': 0.7872110131055712}. Best is trial 164 with value: 0.22922231094238743.
2025-05-25 05:16:06,563 - function.util_logger2025-05-25-04.34.50 - INFO - Trial 437 finished with value: 0.23129224939513177 and parameters: {'learning_rate': 0.04820617649830918, 'depth': 9, 'l2_leaf_reg': 3.259738175586464, 'subsample': 0.805642163741877}. Best is trial 164 with value: 0.22922231094238743.
2025-05-25 05:16:08,077 - function.util_logger2025-05-25-04.34.50 - INFO - Trial 436 finished with value: 0.22961912846673932 and parameters: {'learning_rate': 0.04885318344665309, 'depth': 10, 'l2_leaf_reg': 3.145459111411598, 'subsample': 0.8077317436013901}. Best is trial 164 with value: 0.22922231094238743.
2025-05-25 05:16:13,470 - function.util_logger2025-05-25-04.34.50 - INFO - Trial 438 finished with value: 0.23057963913442206 and parameters: {'learning_rate': 0.041227761479889456, 'depth': 9, 'l2_leaf_reg': 3.5052220318040628, 'subsample': 0.8233250129915191}. Best is trial 164 with value: 0.22922231094238743.
2025-05-25 05:16:17,410 - function.util_logger2025-05-25-04.34.50 - INFO - Trial 440 finished with value: 0.22985536896004324 and parameters: {'learning_rate': 0.05784888558119096, 'depth': 10, 'l2_leaf_reg': 3.4777790264912265, 'subsample': 0.8203165313130305}. Best is trial 164 with value: 0.22922231094238743.
2025-05-25 05:16:18,368 - function.util_logger2025-05-25-04.34.50 - INFO - Trial 439 finished with value: 0.22990049752970737 and parameters: {'learning_rate': 0.04063874970478756, 'depth': 10, 'l2_leaf_reg': 3.4999624860953618, 'subsample': 0.8251918213028672}. Best is trial 164 with value: 0.22922231094238743.
2025-05-25 05:16:21,783 - function.util_logger2025-05-25-04.34.50 - INFO - Trial 441 finished with value: 0.23048658476139333 and parameters: {'learning_rate': 0.059908788390820325, 'depth': 10, 'l2_leaf_reg': 3.5108749909865296, 'subsample': 0.8069724490500001}. Best is trial 164 with value: 0.22922231094238743.
2025-05-25 05:16:22,901 - function.util_logger2025-05-25-04.34.50 - INFO - Trial 444 finished with value: 0.23436801776611063 and parameters: {'learning_rate': 0.2506086554304899, 'depth': 6, 'l2_leaf_reg': 0.004664590527874972, 'subsample': 0.810418760910712}. Best is trial 164 with value: 0.22922231094238743.
2025-05-25 05:16:25,086 - function.util_logger2025-05-25-04.34.50 - INFO - Trial 442 finished with value: 0.23061314725354204 and parameters: {'learning_rate': 0.05744727137636387, 'depth': 10, 'l2_leaf_reg': 2.595876357279868, 'subsample': 0.8094501595170048}. Best is trial 164 with value: 0.22922231094238743.
2025-05-25 05:16:26,072 - function.util_logger2025-05-25-04.34.50 - INFO - Trial 443 finished with value: 0.23013039391779183 and parameters: {'learning_rate': 0.055501505243025155, 'depth': 10, 'l2_leaf_reg': 4.42904644615756, 'subsample': 0.8110126298217897}. Best is trial 164 with value: 0.22922231094238743.
2025-05-25 05:16:31,254 - function.util_logger2025-05-25-04.34.50 - INFO - Trial 445 finished with value: 0.23066028389940177 and parameters: {'learning_rate': 0.0557708737171657, 'depth': 10, 'l2_leaf_reg': 4.815634777038806, 'subsample': 0.8060680289913049}. Best is trial 164 with value: 0.22922231094238743.
2025-05-25 05:16:34,191 - function.util_logger2025-05-25-04.34.50 - INFO - Trial 447 finished with value: 0.23031991283030342 and parameters: {'learning_rate': 0.06713947933181841, 'depth': 10, 'l2_leaf_reg': 5.003291610784579, 'subsample': 0.8261714675725985}. Best is trial 164 with value: 0.22922231094238743.
2025-05-25 05:16:35,707 - function.util_logger2025-05-25-04.34.50 - INFO - Trial 446 finished with value: 0.22911604808366431 and parameters: {'learning_rate': 0.052704579022637636, 'depth': 10, 'l2_leaf_reg': 4.84474309684109, 'subsample': 0.8174220123508397}. Best is trial 446 with value: 0.22911604808366431.
2025-05-25 05:16:42,359 - function.util_logger2025-05-25-04.34.50 - INFO - Trial 448 finished with value: 0.230063333439901 and parameters: {'learning_rate': 0.049034897851186185, 'depth': 10, 'l2_leaf_reg': 6.379740126787344, 'subsample': 0.836504035508029}. Best is trial 446 with value: 0.22911604808366431.
2025-05-25 05:16:44,748 - function.util_logger2025-05-25-04.34.50 - INFO - Trial 449 finished with value: 0.2299589993471482 and parameters: {'learning_rate': 0.048986672389307026, 'depth': 10, 'l2_leaf_reg': 1.4413533407238799, 'subsample': 0.8027648960886737}. Best is trial 446 with value: 0.22911604808366431.
2025-05-25 05:16:45,932 - function.util_logger2025-05-25-04.34.50 - INFO - Trial 450 finished with value: 0.2303246650965108 and parameters: {'learning_rate': 0.05012052123372932, 'depth': 10, 'l2_leaf_reg': 1.4534654701838157, 'subsample': 0.8136594222761102}. Best is trial 446 with value: 0.22911604808366431.
2025-05-25 05:16:50,787 - function.util_logger2025-05-25-04.34.50 - INFO - Trial 451 finished with value: 0.23077621642962884 and parameters: {'learning_rate': 0.04922833959154316, 'depth': 10, 'l2_leaf_reg': 1.3756855672221746, 'subsample': 0.8201444952482305}. Best is trial 446 with value: 0.22911604808366431.
2025-05-25 05:16:55,525 - function.util_logger2025-05-25-04.34.50 - INFO - Trial 452 finished with value: 0.2296780709931024 and parameters: {'learning_rate': 0.04655967399748268, 'depth': 10, 'l2_leaf_reg': 2.331326895224478, 'subsample': 0.7942233286768586}. Best is trial 446 with value: 0.22911604808366431.
2025-05-25 05:16:57,109 - function.util_logger2025-05-25-04.34.50 - INFO - Trial 453 finished with value: 0.2299468992778479 and parameters: {'learning_rate': 0.044776351104299644, 'depth': 10, 'l2_leaf_reg': 2.1330540405466634, 'subsample': 0.8212275939630813}. Best is trial 446 with value: 0.22911604808366431.
2025-05-25 05:17:13,252 - function.util_logger2025-05-25-04.34.50 - INFO - Trial 455 finished with value: 0.23027675093955832 and parameters: {'learning_rate': 0.02309595655595302, 'depth': 10, 'l2_leaf_reg': 6.717554250055484, 'subsample': 0.799295623843334}. Best is trial 446 with value: 0.22911604808366431.
2025-05-25 05:17:13,798 - function.util_logger2025-05-25-04.34.50 - INFO - Trial 456 finished with value: 0.23013036218032087 and parameters: {'learning_rate': 0.023986940928184656, 'depth': 10, 'l2_leaf_reg': 7.01117211037464, 'subsample': 0.7949427799973487}. Best is trial 446 with value: 0.22911604808366431.
2025-05-25 05:17:41,396 - function.util_logger2025-05-25-04.34.50 - INFO - Trial 458 finished with value: 0.22974177389923445 and parameters: {'learning_rate': 0.01317383503431309, 'depth': 10, 'l2_leaf_reg': 4.067409286434487, 'subsample': 0.8272822570968046}. Best is trial 446 with value: 0.22911604808366431.
2025-05-25 05:17:45,684 - function.util_logger2025-05-25-04.34.50 - INFO - Trial 457 finished with value: 0.22960364155972562 and parameters: {'learning_rate': 0.013245921360380249, 'depth': 10, 'l2_leaf_reg': 4.199117703562252, 'subsample': 0.8433054085843583}. Best is trial 446 with value: 0.22911604808366431.
2025-05-25 05:18:09,922 - function.util_logger2025-05-25-04.34.50 - INFO - Trial 459 finished with value: 0.22989079747311916 and parameters: {'learning_rate': 0.011379390993374169, 'depth': 10, 'l2_leaf_reg': 9.990220440622421, 'subsample': 0.8145147481843809}. Best is trial 446 with value: 0.22911604808366431.
2025-05-25 05:18:15,922 - function.util_logger2025-05-25-04.34.50 - INFO - Trial 460 finished with value: 0.23059205620243084 and parameters: {'learning_rate': 0.011462144687556977, 'depth': 10, 'l2_leaf_reg': 2.6664387365216347, 'subsample': 0.8442038604949841}. Best is trial 446 with value: 0.22911604808366431.
2025-05-25 05:18:23,964 - function.util_logger2025-05-25-04.34.50 - INFO - Trial 462 finished with value: 0.2301620947411854 and parameters: {'learning_rate': 0.0695372087024734, 'depth': 10, 'l2_leaf_reg': 2.560637517828984, 'subsample': 0.8284145409220053}. Best is trial 446 with value: 0.22911604808366431.
2025-05-25 05:18:42,742 - function.util_logger2025-05-25-04.34.50 - INFO - Trial 461 finished with value: 0.23044339583672518 and parameters: {'learning_rate': 0.011311816501868103, 'depth': 10, 'l2_leaf_reg': 2.9600058930845687, 'subsample': 0.8391115515315998}. Best is trial 446 with value: 0.22911604808366431.
2025-05-25 05:18:51,864 - function.util_logger2025-05-25-04.34.50 - INFO - Trial 463 finished with value: 0.22979117321729037 and parameters: {'learning_rate': 0.013655436776540075, 'depth': 10, 'l2_leaf_reg': 3.9651156192244885, 'subsample': 0.8401866751529957}. Best is trial 446 with value: 0.22911604808366431.
2025-05-25 05:19:08,997 - function.util_logger2025-05-25-04.34.50 - INFO - Trial 464 finished with value: 0.23003071150513535 and parameters: {'learning_rate': 0.013986272164102446, 'depth': 10, 'l2_leaf_reg': 4.594464005916894, 'subsample': 0.8337019867051249}. Best is trial 446 with value: 0.22911604808366431.
2025-05-25 05:19:24,076 - function.util_logger2025-05-25-04.34.50 - INFO - Trial 465 finished with value: 0.22996949695649418 and parameters: {'learning_rate': 0.012978960327861838, 'depth': 10, 'l2_leaf_reg': 4.847252220319662, 'subsample': 0.8346688922875468}. Best is trial 446 with value: 0.22911604808366431.
2025-05-25 05:19:31,973 - function.util_logger2025-05-25-04.34.50 - INFO - Trial 467 finished with value: 0.22999053096576466 and parameters: {'learning_rate': 0.06342044297856751, 'depth': 10, 'l2_leaf_reg': 6.61806143714261, 'subsample': 0.8002368978655788}. Best is trial 446 with value: 0.22911604808366431.
2025-05-25 05:19:41,516 - function.util_logger2025-05-25-04.34.50 - INFO - Trial 466 finished with value: 0.23013247422434283 and parameters: {'learning_rate': 0.012660158703120076, 'depth': 10, 'l2_leaf_reg': 5.1896973859797075, 'subsample': 0.8481745225237103}. Best is trial 446 with value: 0.22911604808366431.
2025-05-25 05:19:53,933 - function.util_logger2025-05-25-04.34.50 - INFO - Trial 469 finished with value: 0.22931632047153477 and parameters: {'learning_rate': 0.032157463274858786, 'depth': 10, 'l2_leaf_reg': 3.0054461433311412, 'subsample': 0.8271555144992515}. Best is trial 446 with value: 0.22911604808366431.
2025-05-25 05:20:08,470 - function.util_logger2025-05-25-04.34.50 - INFO - Trial 470 finished with value: 0.23035147989052268 and parameters: {'learning_rate': 0.0332661631453099, 'depth': 10, 'l2_leaf_reg': 2.20513510671756, 'subsample': 0.8178745655916857}. Best is trial 446 with value: 0.22911604808366431.
2025-05-25 05:20:10,389 - function.util_logger2025-05-25-04.34.50 - INFO - Trial 434 finished with value: 0.23048646303711173 and parameters: {'learning_rate': 0.0011930495705278004, 'depth': 10, 'l2_leaf_reg': 2.3868964228445657, 'subsample': 0.8270959922681581}. Best is trial 446 with value: 0.22911604808366431.
2025-05-25 05:20:14,741 - function.util_logger2025-05-25-04.34.50 - INFO - Trial 468 finished with value: 0.23028694975097314 and parameters: {'learning_rate': 0.008915322625712338, 'depth': 10, 'l2_leaf_reg': 3.3191972892400425, 'subsample': 0.845889197717829}. Best is trial 446 with value: 0.22911604808366431.
2025-05-25 05:20:22,307 - function.util_logger2025-05-25-04.34.50 - INFO - Trial 471 finished with value: 0.22987925043184915 and parameters: {'learning_rate': 0.03161314579324652, 'depth': 10, 'l2_leaf_reg': 0.8937419120930395, 'subsample': 0.8234249111968203}. Best is trial 446 with value: 0.22911604808366431.
2025-05-25 05:20:25,132 - function.util_logger2025-05-25-04.34.50 - INFO - Trial 472 finished with value: 0.229803369616333 and parameters: {'learning_rate': 0.03157086884597862, 'depth': 10, 'l2_leaf_reg': 1.1839861891735615, 'subsample': 0.817291157201179}. Best is trial 446 with value: 0.22911604808366431.
2025-05-25 05:20:26,677 - function.util_logger2025-05-25-04.34.50 - INFO - Trial 473 finished with value: 0.23076444232502996 and parameters: {'learning_rate': 0.03026734746879809, 'depth': 10, 'l2_leaf_reg': 0.7719154848441612, 'subsample': 0.8177525946338957}. Best is trial 446 with value: 0.22911604808366431.
2025-05-25 05:20:35,722 - function.util_logger2025-05-25-04.34.50 - INFO - Trial 475 finished with value: 0.23017437398374468 and parameters: {'learning_rate': 0.039146022769736354, 'depth': 10, 'l2_leaf_reg': 1.6686005101444272, 'subsample': 0.8296854114028489}. Best is trial 446 with value: 0.22911604808366431.
2025-05-25 05:20:36,979 - function.util_logger2025-05-25-04.34.50 - INFO - Trial 474 finished with value: 0.23016662580203726 and parameters: {'learning_rate': 0.02618967419435919, 'depth': 10, 'l2_leaf_reg': 3.4950718609967817, 'subsample': 0.8339308841884886}. Best is trial 446 with value: 0.22911604808366431.
2025-05-25 05:20:42,772 - function.util_logger2025-05-25-04.34.50 - INFO - Trial 476 finished with value: 0.2303790507040305 and parameters: {'learning_rate': 0.02642684324361573, 'depth': 10, 'l2_leaf_reg': 1.691261096070985, 'subsample': 0.8304874655659996}. Best is trial 446 with value: 0.22911604808366431.
2025-05-25 05:20:46,560 - function.util_logger2025-05-25-04.34.50 - INFO - Trial 477 finished with value: 0.23008632217332697 and parameters: {'learning_rate': 0.042683204087941795, 'depth': 10, 'l2_leaf_reg': 3.3935778469777325, 'subsample': 0.8406330164697108}. Best is trial 446 with value: 0.22911604808366431.
2025-05-25 05:20:47,211 - function.util_logger2025-05-25-04.34.50 - INFO - Trial 478 finished with value: 0.2302566858869204 and parameters: {'learning_rate': 0.0445452595789, 'depth': 10, 'l2_leaf_reg': 3.9939298307836397, 'subsample': 0.8426716619809514}. Best is trial 446 with value: 0.22911604808366431.
2025-05-25 05:20:49,556 - function.util_logger2025-05-25-04.34.50 - INFO - Trial 454 finished with value: 0.23058348656269662 and parameters: {'learning_rate': 0.0013085346978149851, 'depth': 10, 'l2_leaf_reg': 2.3136306562786557, 'subsample': 0.7955166227447201}. Best is trial 446 with value: 0.22911604808366431.
2025-05-25 05:20:56,335 - function.util_logger2025-05-25-04.34.50 - INFO - Trial 480 finished with value: 0.2303380198363998 and parameters: {'learning_rate': 0.05337835148176735, 'depth': 10, 'l2_leaf_reg': 4.877135397776121, 'subsample': 0.8481129181714223}. Best is trial 446 with value: 0.22911604808366431.
2025-05-25 05:20:57,664 - function.util_logger2025-05-25-04.34.50 - INFO - Trial 481 finished with value: 0.2301937547202267 and parameters: {'learning_rate': 0.05457149538477285, 'depth': 10, 'l2_leaf_reg': 6.358087016710982, 'subsample': 0.8055170521336518}. Best is trial 446 with value: 0.22911604808366431.
2025-05-25 05:21:03,143 - function.util_logger2025-05-25-04.34.50 - INFO - Trial 482 finished with value: 0.23208264764407086 and parameters: {'learning_rate': 0.010114308550331524, 'depth': 7, 'l2_leaf_reg': 6.371421381962945, 'subsample': 0.8146371400750214}. Best is trial 446 with value: 0.22911604808366431.
2025-05-25 05:21:07,025 - function.util_logger2025-05-25-04.34.50 - INFO - Trial 483 finished with value: 0.23031885076399713 and parameters: {'learning_rate': 0.03770761065388005, 'depth': 10, 'l2_leaf_reg': 6.728127305658738, 'subsample': 0.8059311165093284}. Best is trial 446 with value: 0.22911604808366431.
2025-05-25 05:21:20,229 - function.util_logger2025-05-25-04.34.50 - INFO - Trial 486 finished with value: 0.2300134897286074 and parameters: {'learning_rate': 0.03401084125499556, 'depth': 10, 'l2_leaf_reg': 3.4252642781051166e-08, 'subsample': 0.8214211234977346}. Best is trial 446 with value: 0.22911604808366431.
2025-05-25 05:21:30,195 - function.util_logger2025-05-25-04.34.50 - INFO - Trial 479 finished with value: 0.23016824523992935 and parameters: {'learning_rate': 0.007933466404043124, 'depth': 10, 'l2_leaf_reg': 3.721791056931521, 'subsample': 0.8417436086498702}. Best is trial 446 with value: 0.22911604808366431.
2025-05-25 05:21:31,601 - function.util_logger2025-05-25-04.34.50 - INFO - Trial 487 finished with value: 0.23087721308333053 and parameters: {'learning_rate': 0.037169728148850834, 'depth': 10, 'l2_leaf_reg': 2.921222349684698, 'subsample': 0.7361396439817998}. Best is trial 446 with value: 0.22911604808366431.
2025-05-25 05:21:41,769 - function.util_logger2025-05-25-04.34.50 - INFO - Trial 488 finished with value: 0.23130464337191814 and parameters: {'learning_rate': 0.03883056464533458, 'depth': 10, 'l2_leaf_reg': 0.03459880929531169, 'subsample': 0.8295121621210504}. Best is trial 446 with value: 0.22911604808366431.
2025-05-25 05:21:42,717 - function.util_logger2025-05-25-04.34.50 - INFO - Trial 489 finished with value: 0.22982891525873278 and parameters: {'learning_rate': 0.04116407904615806, 'depth': 10, 'l2_leaf_reg': 6.86003979460838, 'subsample': 0.8277367749826889}. Best is trial 446 with value: 0.22911604808366431.
2025-05-25 05:21:48,055 - function.util_logger2025-05-25-04.34.50 - INFO - Trial 485 finished with value: 0.23030925281872205 and parameters: {'learning_rate': 0.007951706038893433, 'depth': 10, 'l2_leaf_reg': 4.707184912059029, 'subsample': 0.7317502100922197}. Best is trial 446 with value: 0.22911604808366431.
2025-05-25 05:21:57,023 - function.util_logger2025-05-25-04.34.50 - INFO - Trial 490 finished with value: 0.23068471675522356 and parameters: {'learning_rate': 0.030594589023865092, 'depth': 10, 'l2_leaf_reg': 6.867035023410585e-06, 'subsample': 0.8498343576086127}. Best is trial 446 with value: 0.22911604808366431.
