2025-05-25 04:34:59,314 - function.util_logger2025-05-25-04.34.50 - INFO - Trial 0 finished with value: 0.23150773155979718 and parameters: {'learning_rate': 0.07613132236971057, 'depth': 8, 'l2_leaf_reg': 4.688481976578613e-08, 'subsample': 0.9008130026512294}. Best is trial 0 with value: 0.23150773155979718.
2025-05-25 04:35:00,731 - function.util_logger2025-05-25-04.34.50 - INFO - Trial 1 finished with value: 0.2333526893034091 and parameters: {'learning_rate': 0.021753141832685806, 'depth': 5, 'l2_leaf_reg': 2.727904762684959e-08, 'subsample': 0.9890971331569186}. Best is trial 0 with value: 0.23150773155979718.
2025-05-25 04:35:02,933 - function.util_logger2025-05-25-04.34.50 - INFO - Trial 5 finished with value: 0.23431499216969315 and parameters: {'learning_rate': 0.07986649558625232, 'depth': 4, 'l2_leaf_reg': 8.012207374658202e-05, 'subsample': 0.7922608066615168}. Best is trial 0 with value: 0.23150773155979718.
2025-05-25 04:35:03,461 - function.util_logger2025-05-25-04.34.50 - INFO - Trial 4 finished with value: 0.2343623067425626 and parameters: {'learning_rate': 0.02502593555150612, 'depth': 4, 'l2_leaf_reg': 1.2484475014526703e-06, 'subsample': 0.806534908496627}. Best is trial 0 with value: 0.23150773155979718.
2025-05-25 04:35:04,506 - function.util_logger2025-05-25-04.34.50 - INFO - Trial 2 finished with value: 0.2311791897788665 and parameters: {'learning_rate': 0.06613875859528902, 'depth': 10, 'l2_leaf_reg': 0.006567328280849088, 'subsample': 0.9129321437480844}. Best is trial 2 with value: 0.2311791897788665.
2025-05-25 04:35:06,598 - function.util_logger2025-05-25-04.34.50 - INFO - Trial 6 finished with value: 0.23368275954177356 and parameters: {'learning_rate': 0.059629904896199674, 'depth': 5, 'l2_leaf_reg': 3.249112520122787e-07, 'subsample': 0.85468754283008}. Best is trial 2 with value: 0.2311791897788665.
2025-05-25 04:35:10,404 - function.util_logger2025-05-25-04.34.50 - INFO - Trial 8 finished with value: 0.23191905686930409 and parameters: {'learning_rate': 0.02530402325570264, 'depth': 7, 'l2_leaf_reg': 0.02529917496137019, 'subsample': 0.8732586006031273}. Best is trial 2 with value: 0.2311791897788665.
2025-05-25 04:35:15,960 - function.util_logger2025-05-25-04.34.50 - INFO - Trial 7 finished with value: 0.23086926295122395 and parameters: {'learning_rate': 0.016509808760100296, 'depth': 8, 'l2_leaf_reg': 5.283805746059249e-06, 'subsample': 0.7358087314912132}. Best is trial 7 with value: 0.23086926295122395.
2025-05-25 04:35:18,578 - function.util_logger2025-05-25-04.34.50 - INFO - Trial 10 finished with value: 0.23376187870240664 and parameters: {'learning_rate': 0.01690994615397016, 'depth': 5, 'l2_leaf_reg': 0.0041570883383735815, 'subsample': 0.8093876144572781}. Best is trial 7 with value: 0.23086926295122395.
2025-05-25 04:35:19,753 - function.util_logger2025-05-25-04.34.50 - INFO - Trial 3 finished with value: 0.23459430613826376 and parameters: {'learning_rate': 0.004068576524371615, 'depth': 4, 'l2_leaf_reg': 7.026066932735247e-08, 'subsample': 0.7685557027854162}. Best is trial 7 with value: 0.23086926295122395.
2025-05-25 04:35:32,056 - function.util_logger2025-05-25-04.34.50 - INFO - Trial 9 finished with value: 0.23291676579985893 and parameters: {'learning_rate': 0.004177549223980644, 'depth': 6, 'l2_leaf_reg': 0.5625049767243531, 'subsample': 0.7837739012006769}. Best is trial 7 with value: 0.23086926295122395.
2025-05-25 04:35:35,715 - function.util_logger2025-05-25-04.34.50 - INFO - Trial 12 finished with value: 0.23141164212396328 and parameters: {'learning_rate': 0.011564945653681304, 'depth': 8, 'l2_leaf_reg': 2.550693635280992, 'subsample': 0.9607008261795966}. Best is trial 7 with value: 0.23086926295122395.
2025-05-25 04:35:35,768 - function.util_logger2025-05-25-04.34.50 - INFO - Trial 14 finished with value: 0.23268099110284252 and parameters: {'learning_rate': 0.28710963920556865, 'depth': 10, 'l2_leaf_reg': 2.4012290956934496e-05, 'subsample': 0.6604950726986242}. Best is trial 7 with value: 0.23086926295122395.
2025-05-25 04:35:38,841 - function.util_logger2025-05-25-04.34.50 - INFO - Trial 15 finished with value: 0.2327143119106962 and parameters: {'learning_rate': 0.24834907483969149, 'depth': 10, 'l2_leaf_reg': 3.973362799996307e-05, 'subsample': 0.651274402143963}. Best is trial 7 with value: 0.23086926295122395.
2025-05-25 04:35:53,298 - function.util_logger2025-05-25-04.34.50 - INFO - Trial 11 finished with value: 0.23147299881167002 and parameters: {'learning_rate': 0.0039268415192233435, 'depth': 8, 'l2_leaf_reg': 0.000980674037451773, 'subsample': 0.6815643021807315}. Best is trial 7 with value: 0.23086926295122395.
2025-05-25 04:36:09,727 - function.util_logger2025-05-25-04.34.50 - INFO - Trial 17 finished with value: 0.23087538698222465 and parameters: {'learning_rate': 0.00843282761528518, 'depth': 9, 'l2_leaf_reg': 0.0017892031865031778, 'subsample': 0.7095710815212445}. Best is trial 7 with value: 0.23086926295122395.
2025-05-25 04:38:24,781 - function.util_logger2025-05-25-04.34.50 - INFO - Trial 18 finished with value: 0.231127306219431 and parameters: {'learning_rate': 0.0014383015235643214, 'depth': 9, 'l2_leaf_reg': 0.05409605407939395, 'subsample': 0.7078710931327998}. Best is trial 7 with value: 0.23086926295122395.
2025-05-25 04:38:32,502 - function.util_logger2025-05-25-04.34.50 - INFO - Trial 13 finished with value: 0.23107261255457506 and parameters: {'learning_rate': 0.0011383082996088106, 'depth': 9, 'l2_leaf_reg': 4.1166786249312597e-05, 'subsample': 0.6604050886992547}. Best is trial 7 with value: 0.23086926295122395.
2025-05-25 04:38:51,274 - function.util_logger2025-05-25-04.34.50 - INFO - Trial 21 finished with value: 0.23259142022598503 and parameters: {'learning_rate': 0.007782088742461887, 'depth': 7, 'l2_leaf_reg': 4.0012973793834315e-06, 'subsample': 0.7397946311744872}. Best is trial 7 with value: 0.23086926295122395.
2025-05-25 04:38:59,522 - function.util_logger2025-05-25-04.34.50 - INFO - Trial 19 finished with value: 0.23113579341478885 and parameters: {'learning_rate': 0.0013312117142844537, 'depth': 9, 'l2_leaf_reg': 3.8012926475455668e-06, 'subsample': 0.7179419371442208}. Best is trial 7 with value: 0.23086926295122395.
2025-05-25 04:39:02,582 - function.util_logger2025-05-25-04.34.50 - INFO - Trial 20 finished with value: 0.2308707163551315 and parameters: {'learning_rate': 0.006957735545853968, 'depth': 9, 'l2_leaf_reg': 3.5714842421663965e-06, 'subsample': 0.7372643393107711}. Best is trial 7 with value: 0.23086926295122395.
2025-05-25 04:39:13,879 - function.util_logger2025-05-25-04.34.50 - INFO - Trial 23 finished with value: 0.2323747782513283 and parameters: {'learning_rate': 0.009363393366818835, 'depth': 7, 'l2_leaf_reg': 0.0003800788634641092, 'subsample': 0.6125491486865938}. Best is trial 7 with value: 0.23086926295122395.
2025-05-25 04:39:27,343 - function.util_logger2025-05-25-04.34.50 - INFO - Trial 22 finished with value: 0.23099545201042906 and parameters: {'learning_rate': 0.0072832971434144385, 'depth': 9, 'l2_leaf_reg': 0.00043066824566436823, 'subsample': 0.6108744860197028}. Best is trial 7 with value: 0.23086926295122395.
2025-05-25 04:39:42,021 - function.util_logger2025-05-25-04.34.50 - INFO - Trial 24 finished with value: 0.2307472306776089 and parameters: {'learning_rate': 0.006353367111602179, 'depth': 9, 'l2_leaf_reg': 0.0006514286763924492, 'subsample': 0.6156618806920928}. Best is trial 24 with value: 0.2307472306776089.
2025-05-25 04:39:47,909 - function.util_logger2025-05-25-04.34.50 - INFO - Trial 25 finished with value: 0.2318400704818465 and parameters: {'learning_rate': 0.006754404668748356, 'depth': 9, 'l2_leaf_reg': 6.515161852821976e-07, 'subsample': 0.7388200483571487}. Best is trial 24 with value: 0.2307472306776089.
2025-05-25 04:39:54,133 - function.util_logger2025-05-25-04.34.50 - INFO - Trial 28 finished with value: 0.23110287141469343 and parameters: {'learning_rate': 0.03528081322495379, 'depth': 8, 'l2_leaf_reg': 8.22896768793689e-06, 'subsample': 0.8451379567452727}. Best is trial 24 with value: 0.2307472306776089.
2025-05-25 04:40:24,608 - function.util_logger2025-05-25-04.34.50 - INFO - Trial 16 finished with value: 0.23063301952186133 and parameters: {'learning_rate': 0.0010922799861391196, 'depth': 10, 'l2_leaf_reg': 0.0034490689933317667, 'subsample': 0.6997125532740271}. Best is trial 16 with value: 0.23063301952186133.
2025-05-25 04:40:39,257 - function.util_logger2025-05-25-04.34.50 - INFO - Trial 26 finished with value: 0.23160678813549737 and parameters: {'learning_rate': 0.002364524196756893, 'depth': 8, 'l2_leaf_reg': 7.158800417221948e-07, 'subsample': 0.7472728538829132}. Best is trial 16 with value: 0.23063301952186133.
2025-05-25 04:41:03,864 - function.util_logger2025-05-25-04.34.50 - INFO - Trial 27 finished with value: 0.23129039388128306 and parameters: {'learning_rate': 0.0023212920144281713, 'depth': 8, 'l2_leaf_reg': 6.970068552905458e-07, 'subsample': 0.7449558773210085}. Best is trial 16 with value: 0.23063301952186133.
2025-05-25 04:41:08,880 - function.util_logger2025-05-25-04.34.50 - INFO - Trial 29 finished with value: 0.2314343456602118 and parameters: {'learning_rate': 0.0023329046726224476, 'depth': 8, 'l2_leaf_reg': 2.659973882823455e-07, 'subsample': 0.6332108308772383}. Best is trial 16 with value: 0.23063301952186133.
2025-05-25 04:41:30,455 - function.util_logger2025-05-25-04.34.50 - INFO - Trial 32 finished with value: 0.2305997581585309 and parameters: {'learning_rate': 0.014745518245411553, 'depth': 10, 'l2_leaf_reg': 0.17947138610975905, 'subsample': 0.6245867960058695}. Best is trial 32 with value: 0.2305997581585309.
2025-05-25 04:41:38,176 - function.util_logger2025-05-25-04.34.50 - INFO - Trial 33 finished with value: 0.2309259405098613 and parameters: {'learning_rate': 0.013440015183075256, 'depth': 10, 'l2_leaf_reg': 0.02668929147121361, 'subsample': 0.69595303709508}. Best is trial 32 with value: 0.2305997581585309.
2025-05-25 04:41:51,479 - function.util_logger2025-05-25-04.34.50 - INFO - Trial 35 finished with value: 0.23009181673677698 and parameters: {'learning_rate': 0.039322205932344624, 'depth': 10, 'l2_leaf_reg': 0.17873902815695944, 'subsample': 0.6041549707278868}. Best is trial 35 with value: 0.23009181673677698.
2025-05-25 04:42:00,399 - function.util_logger2025-05-25-04.34.50 - INFO - Trial 34 finished with value: 0.23006277681708437 and parameters: {'learning_rate': 0.013832974954984869, 'depth': 10, 'l2_leaf_reg': 0.20986761322571001, 'subsample': 0.6864611675725635}. Best is trial 34 with value: 0.23006277681708437.
2025-05-25 04:42:01,719 - function.util_logger2025-05-25-04.34.50 - INFO - Trial 36 finished with value: 0.2307003989799235 and parameters: {'learning_rate': 0.04189240085732048, 'depth': 10, 'l2_leaf_reg': 0.2211142870119064, 'subsample': 0.6360237834842685}. Best is trial 34 with value: 0.23006277681708437.
2025-05-25 04:42:07,373 - function.util_logger2025-05-25-04.34.50 - INFO - Trial 38 finished with value: 0.23060408239521085 and parameters: {'learning_rate': 0.12666214978220477, 'depth': 10, 'l2_leaf_reg': 9.867382119940775, 'subsample': 0.6852258758102985}. Best is trial 34 with value: 0.23006277681708437.
2025-05-25 04:42:11,321 - function.util_logger2025-05-25-04.34.50 - INFO - Trial 37 finished with value: 0.23105122027995914 and parameters: {'learning_rate': 0.04409257141706868, 'depth': 10, 'l2_leaf_reg': 0.3088934179954819, 'subsample': 0.6402526603444988}. Best is trial 34 with value: 0.23006277681708437.
2025-05-25 04:42:12,136 - function.util_logger2025-05-25-04.34.50 - INFO - Trial 39 finished with value: 0.23002427696227074 and parameters: {'learning_rate': 0.14128813747885116, 'depth': 10, 'l2_leaf_reg': 8.133524909567097, 'subsample': 0.6011150926330876}. Best is trial 39 with value: 0.23002427696227074.
2025-05-25 04:42:16,509 - function.util_logger2025-05-25-04.34.50 - INFO - Trial 41 finished with value: 0.23110607245454173 and parameters: {'learning_rate': 0.11927264420058066, 'depth': 10, 'l2_leaf_reg': 3.671665498627906, 'subsample': 0.6046269568129528}. Best is trial 39 with value: 0.23002427696227074.
2025-05-25 04:42:17,627 - function.util_logger2025-05-25-04.34.50 - INFO - Trial 40 finished with value: 0.230184679343175 and parameters: {'learning_rate': 0.08935863830007448, 'depth': 10, 'l2_leaf_reg': 5.619439466720209, 'subsample': 0.6795573821713609}. Best is trial 39 with value: 0.23002427696227074.
2025-05-25 04:42:19,059 - function.util_logger2025-05-25-04.34.50 - INFO - Trial 43 finished with value: 0.23341585770768805 and parameters: {'learning_rate': 0.10080713850225978, 'depth': 6, 'l2_leaf_reg': 2.1267776106324647, 'subsample': 0.6676235242306245}. Best is trial 39 with value: 0.23002427696227074.
2025-05-25 04:42:24,032 - function.util_logger2025-05-25-04.34.50 - INFO - Trial 44 finished with value: 0.23199046426002873 and parameters: {'learning_rate': 0.15923830031436464, 'depth': 10, 'l2_leaf_reg': 0.8269770565669786, 'subsample': 0.6004253787741747}. Best is trial 39 with value: 0.23002427696227074.
2025-05-25 04:42:30,217 - function.util_logger2025-05-25-04.34.50 - INFO - Trial 30 finished with value: 0.2305886971329179 and parameters: {'learning_rate': 0.0025488213994011746, 'depth': 10, 'l2_leaf_reg': 0.09713690903582277, 'subsample': 0.6331528072005268}. Best is trial 39 with value: 0.23002427696227074.
2025-05-25 04:42:32,142 - function.util_logger2025-05-25-04.34.50 - INFO - Trial 45 finished with value: 0.23113276306804115 and parameters: {'learning_rate': 0.06808874381896812, 'depth': 10, 'l2_leaf_reg': 0.07885820857176298, 'subsample': 0.6289684653082237}. Best is trial 39 with value: 0.23002427696227074.
2025-05-25 04:42:33,026 - function.util_logger2025-05-25-04.34.50 - INFO - Trial 46 finished with value: 0.23239045198589303 and parameters: {'learning_rate': 0.18832891697194312, 'depth': 10, 'l2_leaf_reg': 0.07584419748287408, 'subsample': 0.6730153763179006}. Best is trial 39 with value: 0.23002427696227074.
2025-05-25 04:42:33,059 - function.util_logger2025-05-25-04.34.50 - INFO - Trial 42 finished with value: 0.23072853804438345 and parameters: {'learning_rate': 0.0248581429318374, 'depth': 10, 'l2_leaf_reg': 1.0526676859227952, 'subsample': 0.6619609944492739}. Best is trial 39 with value: 0.23002427696227074.
2025-05-25 04:42:36,774 - function.util_logger2025-05-25-04.34.50 - INFO - Trial 47 finished with value: 0.2318080117270215 and parameters: {'learning_rate': 0.18930372170402698, 'depth': 10, 'l2_leaf_reg': 9.109650110495295, 'subsample': 0.6753449653044518}. Best is trial 39 with value: 0.23002427696227074.
2025-05-25 04:42:38,139 - function.util_logger2025-05-25-04.34.50 - INFO - Trial 49 finished with value: 0.23050836960076398 and parameters: {'learning_rate': 0.0541108873326646, 'depth': 9, 'l2_leaf_reg': 8.421682290316035, 'subsample': 0.7673791140534956}. Best is trial 39 with value: 0.23002427696227074.
2025-05-25 04:42:42,755 - function.util_logger2025-05-25-04.34.50 - INFO - Trial 51 finished with value: 0.23025051906050442 and parameters: {'learning_rate': 0.054825757125571146, 'depth': 9, 'l2_leaf_reg': 3.6410599817591134, 'subsample': 0.7826114633247521}. Best is trial 39 with value: 0.23002427696227074.
2025-05-25 04:42:43,385 - function.util_logger2025-05-25-04.34.50 - INFO - Trial 48 finished with value: 0.23038538741179285 and parameters: {'learning_rate': 0.021459188281165553, 'depth': 9, 'l2_leaf_reg': 9.887969853668654, 'subsample': 0.6432754350604248}. Best is trial 39 with value: 0.23002427696227074.
2025-05-25 04:42:43,499 - function.util_logger2025-05-25-04.34.50 - INFO - Trial 50 finished with value: 0.2311882434343268 and parameters: {'learning_rate': 0.05133599137003881, 'depth': 9, 'l2_leaf_reg': 0.009767486896432018, 'subsample': 0.6462943824395714}. Best is trial 39 with value: 0.23002427696227074.
2025-05-25 04:42:46,988 - function.util_logger2025-05-25-04.34.50 - INFO - Trial 52 finished with value: 0.23116860200891587 and parameters: {'learning_rate': 0.08401156365874693, 'depth': 9, 'l2_leaf_reg': 0.009613553125608259, 'subsample': 0.8037737074207073}. Best is trial 39 with value: 0.23002427696227074.
2025-05-25 04:42:47,585 - function.util_logger2025-05-25-04.34.50 - INFO - Trial 53 finished with value: 0.2318685213014365 and parameters: {'learning_rate': 0.08627852372572344, 'depth': 9, 'l2_leaf_reg': 1.938768688376958, 'subsample': 0.8189571810242483}. Best is trial 39 with value: 0.23002427696227074.
2025-05-25 04:42:51,834 - function.util_logger2025-05-25-04.34.50 - INFO - Trial 54 finished with value: 0.23043499290179423 and parameters: {'learning_rate': 0.03335205595940991, 'depth': 9, 'l2_leaf_reg': 3.057863592518895, 'subsample': 0.8376091724353536}. Best is trial 39 with value: 0.23002427696227074.
2025-05-25 04:42:55,695 - function.util_logger2025-05-25-04.34.50 - INFO - Trial 55 finished with value: 0.23025935244978793 and parameters: {'learning_rate': 0.03223876498927907, 'depth': 9, 'l2_leaf_reg': 3.057776451528307, 'subsample': 0.9317310763473877}. Best is trial 39 with value: 0.23002427696227074.
2025-05-25 04:43:00,429 - function.util_logger2025-05-25-04.34.50 - INFO - Trial 56 finished with value: 0.23038415514059665 and parameters: {'learning_rate': 0.030159875218194722, 'depth': 10, 'l2_leaf_reg': 0.665724876554235, 'subsample': 0.8726707693482874}. Best is trial 39 with value: 0.23002427696227074.
2025-05-25 04:43:04,389 - function.util_logger2025-05-25-04.34.50 - INFO - Trial 57 finished with value: 0.23118259176179104 and parameters: {'learning_rate': 0.030891947866425722, 'depth': 10, 'l2_leaf_reg': 0.4772293315656426, 'subsample': 0.9752396126731563}. Best is trial 39 with value: 0.23002427696227074.
2025-05-25 04:43:08,962 - function.util_logger2025-05-25-04.34.50 - INFO - Trial 60 finished with value: 0.23396348085214663 and parameters: {'learning_rate': 0.02127444841703454, 'depth': 4, 'l2_leaf_reg': 4.03107497574329, 'subsample': 0.907656494245536}. Best is trial 39 with value: 0.23002427696227074.
2025-05-25 04:43:09,257 - function.util_logger2025-05-25-04.34.50 - INFO - Trial 58 finished with value: 0.23033235157445026 and parameters: {'learning_rate': 0.030005178029128658, 'depth': 10, 'l2_leaf_reg': 0.6115540661272135, 'subsample': 0.9126003303275687}. Best is trial 39 with value: 0.23002427696227074.
2025-05-25 04:43:09,537 - function.util_logger2025-05-25-04.34.50 - INFO - Trial 59 finished with value: 0.22974961410634434 and parameters: {'learning_rate': 0.06288456123399715, 'depth': 10, 'l2_leaf_reg': 0.4386625965944172, 'subsample': 0.931953058005597}. Best is trial 59 with value: 0.22974961410634434.
2025-05-25 04:43:11,479 - function.util_logger2025-05-25-04.34.50 - INFO - Trial 61 finished with value: 0.23287807805544847 and parameters: {'learning_rate': 0.06422968719260756, 'depth': 6, 'l2_leaf_reg': 1.4381932647189482e-08, 'subsample': 0.9560026360430995}. Best is trial 59 with value: 0.22974961410634434.
2025-05-25 04:43:11,942 - function.util_logger2025-05-25-04.34.50 - INFO - Trial 63 finished with value: 0.2331281755576681 and parameters: {'learning_rate': 0.06777738379527776, 'depth': 6, 'l2_leaf_reg': 1.2983376528481603, 'subsample': 0.9418809413345689}. Best is trial 59 with value: 0.22974961410634434.
2025-05-25 04:43:11,984 - function.util_logger2025-05-25-04.34.50 - INFO - Trial 62 finished with value: 0.23320064172689045 and parameters: {'learning_rate': 0.06398206908983735, 'depth': 6, 'l2_leaf_reg': 1.3388951041945116, 'subsample': 0.9426554202085062}. Best is trial 59 with value: 0.22974961410634434.
2025-05-25 04:43:16,616 - function.util_logger2025-05-25-04.34.50 - INFO - Trial 31 finished with value: 0.23029546844267715 and parameters: {'learning_rate': 0.0022519531755523844, 'depth': 10, 'l2_leaf_reg': 0.12787172305492367, 'subsample': 0.6337085377365351}. Best is trial 59 with value: 0.22974961410634434.
2025-05-25 04:43:18,510 - function.util_logger2025-05-25-04.34.50 - INFO - Trial 66 finished with value: 0.2303176665552153 and parameters: {'learning_rate': 0.04310508518654711, 'depth': 9, 'l2_leaf_reg': 4.409168019761784, 'subsample': 0.9980075590655896}. Best is trial 59 with value: 0.22974961410634434.
2025-05-25 04:43:20,403 - function.util_logger2025-05-25-04.34.50 - INFO - Trial 65 finished with value: 0.2308519968273343 and parameters: {'learning_rate': 0.04064215077646116, 'depth': 9, 'l2_leaf_reg': 0.0263617233427275, 'subsample': 0.938027714318955}. Best is trial 59 with value: 0.22974961410634434.
2025-05-25 04:43:21,845 - function.util_logger2025-05-25-04.34.50 - INFO - Trial 64 finished with value: 0.23033480746696683 and parameters: {'learning_rate': 0.04399241242057417, 'depth': 10, 'l2_leaf_reg': 1.3775243485076816, 'subsample': 0.9326866452706369}. Best is trial 59 with value: 0.22974961410634434.
2025-05-25 04:43:22,050 - function.util_logger2025-05-25-04.34.50 - INFO - Trial 68 finished with value: 0.23236193456823373 and parameters: {'learning_rate': 0.1027102798329299, 'depth': 9, 'l2_leaf_reg': 0.030462872582221762, 'subsample': 0.6910570675539319}. Best is trial 59 with value: 0.22974961410634434.
2025-05-25 04:43:23,007 - function.util_logger2025-05-25-04.34.50 - INFO - Trial 67 finished with value: 0.23203925987126653 and parameters: {'learning_rate': 0.04427783267015461, 'depth': 9, 'l2_leaf_reg': 0.33533134445174223, 'subsample': 0.9998006352100263}. Best is trial 59 with value: 0.22974961410634434.
2025-05-25 04:43:24,745 - function.util_logger2025-05-25-04.34.50 - INFO - Trial 72 finished with value: 0.2322624485693233 and parameters: {'learning_rate': 0.1593044666148907, 'depth': 7, 'l2_leaf_reg': 3.0080611977190923, 'subsample': 0.9231962403540559}. Best is trial 59 with value: 0.22974961410634434.
