2025-05-25 05:27:34,841 - function.util_logger2025-05-25-04.34.50 - INFO - Trial 560 finished with value: 0.22993192996224524 and parameters: {'learning_rate': 0.018904208459641986, 'depth': 10, 'l2_leaf_reg': 5.799531406562575, 'subsample': 0.8313321272225879}. Best is trial 446 with value: 0.22911604808366431.
2025-05-25 05:27:36,162 - function.util_logger2025-05-25-04.34.50 - INFO - Trial 561 finished with value: 0.23000787161983327 and parameters: {'learning_rate': 0.018781656757966284, 'depth': 10, 'l2_leaf_reg': 5.631137184756317, 'subsample': 0.8306721477236411}. Best is trial 446 with value: 0.22911604808366431.
2025-05-25 05:27:43,322 - function.util_logger2025-05-25-04.34.50 - INFO - Trial 563 finished with value: 0.23036018627368787 and parameters: {'learning_rate': 0.020201294144778392, 'depth': 9, 'l2_leaf_reg': 5.322158219138952, 'subsample': 0.709477869050055}. Best is trial 446 with value: 0.22911604808366431.
2025-05-25 05:27:45,255 - function.util_logger2025-05-25-04.34.50 - INFO - Trial 562 finished with value: 0.23066522798289396 and parameters: {'learning_rate': 0.019058960911400007, 'depth': 9, 'l2_leaf_reg': 5.154841578882477, 'subsample': 0.8193437409199928}. Best is trial 446 with value: 0.22911604808366431.
2025-05-25 05:27:52,015 - function.util_logger2025-05-25-04.34.50 - INFO - Trial 565 finished with value: 0.23064545439831355 and parameters: {'learning_rate': 0.021714126262877522, 'depth': 9, 'l2_leaf_reg': 4.045185252028038, 'subsample': 0.7078059255947725}. Best is trial 446 with value: 0.22911604808366431.
2025-05-25 05:27:55,292 - function.util_logger2025-05-25-04.34.50 - INFO - Trial 564 finished with value: 0.23012696074911224 and parameters: {'learning_rate': 0.021421137291378484, 'depth': 10, 'l2_leaf_reg': 5.066167122990855, 'subsample': 0.8185605480923583}. Best is trial 446 with value: 0.22911604808366431.
2025-05-25 05:28:00,028 - function.util_logger2025-05-25-04.34.50 - INFO - Trial 566 finished with value: 0.23094895588173103 and parameters: {'learning_rate': 0.022590314378769186, 'depth': 10, 'l2_leaf_reg': 3.7112426374961416, 'subsample': 0.8420397336597969}. Best is trial 446 with value: 0.22911604808366431.
2025-05-25 05:28:02,214 - function.util_logger2025-05-25-04.34.50 - INFO - Trial 567 finished with value: 0.23060630404636942 and parameters: {'learning_rate': 0.022674239610514648, 'depth': 10, 'l2_leaf_reg': 3.6312084065855106, 'subsample': 0.8659812289996944}. Best is trial 446 with value: 0.22911604808366431.
2025-05-25 05:28:16,462 - function.util_logger2025-05-25-04.34.50 - INFO - Trial 568 finished with value: 0.22973113342877455 and parameters: {'learning_rate': 0.015997105398614653, 'depth': 10, 'l2_leaf_reg': 9.948927487665976, 'subsample': 0.8505843312095519}. Best is trial 446 with value: 0.22911604808366431.
2025-05-25 05:28:19,092 - function.util_logger2025-05-25-04.34.50 - INFO - Trial 569 finished with value: 0.22962379697602886 and parameters: {'learning_rate': 0.015763505778808924, 'depth': 10, 'l2_leaf_reg': 7.1570220601753105, 'subsample': 0.8524603957167368}. Best is trial 446 with value: 0.22911604808366431.
2025-05-25 05:28:25,600 - function.util_logger2025-05-25-04.34.50 - INFO - Trial 570 finished with value: 0.22996775469083422 and parameters: {'learning_rate': 0.01563886595143469, 'depth': 10, 'l2_leaf_reg': 7.063696558167068, 'subsample': 0.8633281273297297}. Best is trial 446 with value: 0.22911604808366431.
2025-05-25 05:28:26,836 - function.util_logger2025-05-25-04.34.50 - INFO - Trial 571 finished with value: 0.2295295552594257 and parameters: {'learning_rate': 0.015559696227094497, 'depth': 10, 'l2_leaf_reg': 9.907827395581396, 'subsample': 0.8537891508775034}. Best is trial 446 with value: 0.22911604808366431.
2025-05-25 05:28:31,109 - function.util_logger2025-05-25-04.34.50 - INFO - Trial 572 finished with value: 0.2300632448608694 and parameters: {'learning_rate': 0.026762769537216714, 'depth': 10, 'l2_leaf_reg': 7.142577559363808, 'subsample': 0.8384936641291868}. Best is trial 446 with value: 0.22911604808366431.
2025-05-25 05:28:35,097 - function.util_logger2025-05-25-04.34.50 - INFO - Trial 573 finished with value: 0.2305077916455854 and parameters: {'learning_rate': 0.02577285393671465, 'depth': 10, 'l2_leaf_reg': 2.18687685111725, 'subsample': 0.8427950547489663}. Best is trial 446 with value: 0.22911604808366431.
2025-05-25 05:28:40,155 - function.util_logger2025-05-25-04.34.50 - INFO - Trial 574 finished with value: 0.23046537933086647 and parameters: {'learning_rate': 0.026906568102673466, 'depth': 10, 'l2_leaf_reg': 1.9880077370746352, 'subsample': 0.8364159559372901}. Best is trial 446 with value: 0.22911604808366431.
2025-05-25 05:28:52,956 - function.util_logger2025-05-25-04.34.50 - INFO - Trial 575 finished with value: 0.230032300234154 and parameters: {'learning_rate': 0.013936292769415225, 'depth': 10, 'l2_leaf_reg': 7.352961458733341, 'subsample': 0.8417183132498787}. Best is trial 446 with value: 0.22911604808366431.
2025-05-25 05:28:56,363 - function.util_logger2025-05-25-04.34.50 - INFO - Trial 576 finished with value: 0.229814428890241 and parameters: {'learning_rate': 0.014257348528609505, 'depth': 10, 'l2_leaf_reg': 9.987183216105091, 'subsample': 0.8720319232228969}. Best is trial 446 with value: 0.22911604808366431.
2025-05-25 05:29:02,038 - function.util_logger2025-05-25-04.34.50 - INFO - Trial 577 finished with value: 0.23075956071723974 and parameters: {'learning_rate': 0.013542455706981744, 'depth': 10, 'l2_leaf_reg': 3.1114139353287773e-07, 'subsample': 0.8552602268737971}. Best is trial 446 with value: 0.22911604808366431.
2025-05-25 05:29:04,149 - function.util_logger2025-05-25-04.34.50 - INFO - Trial 578 finished with value: 0.23001381210006233 and parameters: {'learning_rate': 0.014394656695265235, 'depth': 10, 'l2_leaf_reg': 7.4200436508819525, 'subsample': 0.8568785894772748}. Best is trial 446 with value: 0.22911604808366431.
2025-05-25 05:29:22,242 - function.util_logger2025-05-25-04.34.50 - INFO - Trial 579 finished with value: 0.23054611047550067 and parameters: {'learning_rate': 0.014216826829417292, 'depth': 10, 'l2_leaf_reg': 0.0005507561487410414, 'subsample': 0.8558963438004933}. Best is trial 446 with value: 0.22911604808366431.
2025-05-25 05:29:26,710 - function.util_logger2025-05-25-04.34.50 - INFO - Trial 580 finished with value: 0.22976190915290137 and parameters: {'learning_rate': 0.013389856602843886, 'depth': 10, 'l2_leaf_reg': 9.85449549225369, 'subsample': 0.8519665706149744}. Best is trial 446 with value: 0.22911604808366431.
2025-05-25 05:29:32,090 - function.util_logger2025-05-25-04.34.50 - INFO - Trial 581 finished with value: 0.2302253107037572 and parameters: {'learning_rate': 0.011969842502363557, 'depth': 10, 'l2_leaf_reg': 7.411872721101112, 'subsample': 0.8519406636069491}. Best is trial 446 with value: 0.22911604808366431.
2025-05-25 05:29:32,143 - function.util_logger2025-05-25-04.34.50 - INFO - Trial 582 finished with value: 0.23022324999653537 and parameters: {'learning_rate': 0.012286988772175924, 'depth': 10, 'l2_leaf_reg': 6.8378666484804205, 'subsample': 0.8484131957130445}. Best is trial 446 with value: 0.22911604808366431.
2025-05-25 05:29:47,637 - function.util_logger2025-05-25-04.34.50 - INFO - Trial 584 finished with value: 0.22971431658742505 and parameters: {'learning_rate': 0.016677801447037375, 'depth': 10, 'l2_leaf_reg': 9.965897687195618, 'subsample': 0.8622168630437945}. Best is trial 446 with value: 0.22911604808366431.
2025-05-25 05:29:52,989 - function.util_logger2025-05-25-04.34.50 - INFO - Trial 583 finished with value: 0.23051908019055461 and parameters: {'learning_rate': 0.012282854323648682, 'depth': 10, 'l2_leaf_reg': 0.06178899540733963, 'subsample': 0.8686462889951918}. Best is trial 446 with value: 0.22911604808366431.
2025-05-25 05:29:54,028 - function.util_logger2025-05-25-04.34.50 - INFO - Trial 586 finished with value: 0.23008332895597441 and parameters: {'learning_rate': 0.01690441581001857, 'depth': 10, 'l2_leaf_reg': 9.989180830113707, 'subsample': 0.8639531994824499}. Best is trial 446 with value: 0.22911604808366431.
2025-05-25 05:30:10,714 - function.util_logger2025-05-25-04.34.50 - INFO - Trial 587 finished with value: 0.230061748785594 and parameters: {'learning_rate': 0.017352590047628853, 'depth': 10, 'l2_leaf_reg': 3.7382264126176197, 'subsample': 0.9357258608627931}. Best is trial 446 with value: 0.22911604808366431.
2025-05-25 05:30:18,793 - function.util_logger2025-05-25-04.34.50 - INFO - Trial 588 finished with value: 0.23007432795924326 and parameters: {'learning_rate': 0.01678843957657132, 'depth': 10, 'l2_leaf_reg': 0.002888271486420965, 'subsample': 0.820948881887602}. Best is trial 446 with value: 0.22911604808366431.
2025-05-25 05:30:18,931 - function.util_logger2025-05-25-04.34.50 - INFO - Trial 589 finished with value: 0.22950883620092175 and parameters: {'learning_rate': 0.016346978362646734, 'depth': 10, 'l2_leaf_reg': 3.8559518632748313, 'subsample': 0.8209235924801418}. Best is trial 446 with value: 0.22911604808366431.
2025-05-25 05:30:26,934 - function.util_logger2025-05-25-04.34.50 - INFO - Trial 591 finished with value: 0.23281133832863388 and parameters: {'learning_rate': 0.014831410686531746, 'depth': 6, 'l2_leaf_reg': 4.144200586643709, 'subsample': 0.8368728918047391}. Best is trial 446 with value: 0.22911604808366431.
2025-05-25 05:30:36,097 - function.util_logger2025-05-25-04.34.50 - INFO - Trial 590 finished with value: 0.22978955248700944 and parameters: {'learning_rate': 0.015606917585580955, 'depth': 10, 'l2_leaf_reg': 5.334352087122505, 'subsample': 0.8337209091059035}. Best is trial 446 with value: 0.22911604808366431.
2025-05-25 05:30:43,663 - function.util_logger2025-05-25-04.34.50 - INFO - Trial 592 finished with value: 0.23071192258892204 and parameters: {'learning_rate': 0.015253410187107522, 'depth': 10, 'l2_leaf_reg': 0.9615050686350655, 'subsample': 0.8140969868405163}. Best is trial 446 with value: 0.22911604808366431.
2025-05-25 05:30:50,622 - function.util_logger2025-05-25-04.34.50 - INFO - Trial 593 finished with value: 0.23012290379572872 and parameters: {'learning_rate': 0.015580728276232879, 'depth': 10, 'l2_leaf_reg': 2.8414761811338494, 'subsample': 0.8136776326402133}. Best is trial 446 with value: 0.22911604808366431.
2025-05-25 05:30:59,016 - function.util_logger2025-05-25-04.34.50 - INFO - Trial 594 finished with value: 0.23009431290885551 and parameters: {'learning_rate': 0.015999152702838665, 'depth': 10, 'l2_leaf_reg': 2.1519708962729833, 'subsample': 0.8143247617092533}. Best is trial 446 with value: 0.22911604808366431.
2025-05-25 05:31:03,641 - function.util_logger2025-05-25-04.34.50 - INFO - Trial 595 finished with value: 0.22992986096653062 and parameters: {'learning_rate': 0.019412640717149595, 'depth': 10, 'l2_leaf_reg': 2.7810874442341675, 'subsample': 0.8232762411176964}. Best is trial 446 with value: 0.22911604808366431.
2025-05-25 05:31:12,419 - function.util_logger2025-05-25-04.34.50 - INFO - Trial 596 finished with value: 0.23024169504885705 and parameters: {'learning_rate': 0.018155759970653274, 'depth': 10, 'l2_leaf_reg': 0.6070429145264082, 'subsample': 0.8230240174880123}. Best is trial 446 with value: 0.22911604808366431.
2025-05-25 05:31:20,104 - function.util_logger2025-05-25-04.34.50 - INFO - Trial 597 finished with value: 0.23006852550413312 and parameters: {'learning_rate': 0.01951977884437826, 'depth': 10, 'l2_leaf_reg': 3.668149700770952, 'subsample': 0.8228544383044005}. Best is trial 446 with value: 0.22911604808366431.
2025-05-25 05:31:28,149 - function.util_logger2025-05-25-04.34.50 - INFO - Trial 598 finished with value: 0.2303905907027916 and parameters: {'learning_rate': 0.013292005482285551, 'depth': 10, 'l2_leaf_reg': 4.512320742825553, 'subsample': 0.8256702843143454}. Best is trial 446 with value: 0.22911604808366431.
2025-05-25 05:31:35,907 - function.util_logger2025-05-25-04.34.50 - INFO - Trial 599 finished with value: 0.23040346147276902 and parameters: {'learning_rate': 0.01316838708516924, 'depth': 10, 'l2_leaf_reg': 4.549984068477307, 'subsample': 0.8251786597322163}. Best is trial 446 with value: 0.22911604808366431.
2025-05-25 05:31:44,716 - function.util_logger2025-05-25-04.34.50 - INFO - Trial 585 finished with value: 0.23041971291161997 and parameters: {'learning_rate': 0.0020932279334142452, 'depth': 10, 'l2_leaf_reg': 3.7346959404382383, 'subsample': 0.8626703508597372}. Best is trial 446 with value: 0.22911604808366431.
2025-05-25 05:31:44,751 - function.util_logger2025-05-25-04.34.50 - INFO - Best params: {'learning_rate': 0.052704579022637636, 'depth': 10, 'l2_leaf_reg': 4.84474309684109, 'subsample': 0.8174220123508397, 'iterations': 405, 'loss_function': 'MAPE', 'random_seed': 42, 'verbose': 0}
2025-05-25 05:31:44,751 - function.util_logger2025-05-25-04.34.50 - INFO - avg_best_iter: 405
2025-05-25 05:31:44,751 - function.util_logger2025-05-25-04.34.50 - INFO - selected_features: ['log_likes_per_video', 'log_user_likes_count', 'is_suggested', 'len_suggested', 'uid_popularity', 'log_user_follower_count', 'log_digg_pre_like_ratio', 'log_followers_per_following', 'face_frame_rate', 'log_user_video_count']
