2025-05-25 05:22:04,271 - function.util_logger2025-05-25-04.34.50 - INFO - Trial 492 finished with value: 0.23026538183347028 and parameters: {'learning_rate': 0.025009187186779455, 'depth': 10, 'l2_leaf_reg': 7.236841440151342, 'subsample': 0.8470795141109043}. Best is trial 446 with value: 0.22911604808366431.
2025-05-25 05:22:07,422 - function.util_logger2025-05-25-04.34.50 - INFO - Trial 491 finished with value: 0.22947071460945465 and parameters: {'learning_rate': 0.015364268261887684, 'depth': 10, 'l2_leaf_reg': 9.955327685348111, 'subsample': 0.8496743445573289}. Best is trial 446 with value: 0.22911604808366431.
2025-05-25 05:22:10,417 - function.util_logger2025-05-25-04.34.50 - INFO - Trial 494 finished with value: 0.23408322264245546 and parameters: {'learning_rate': 0.015088075741917104, 'depth': 4, 'l2_leaf_reg': 9.929330166770754, 'subsample': 0.836681722935994}. Best is trial 446 with value: 0.22911604808366431.
2025-05-25 05:22:14,799 - function.util_logger2025-05-25-04.34.50 - INFO - Trial 484 finished with value: 0.22983711728728756 and parameters: {'learning_rate': 0.004276266164649843, 'depth': 10, 'l2_leaf_reg': 7.210610244854786, 'subsample': 0.6643944172972513}. Best is trial 446 with value: 0.22911604808366431.
2025-05-25 05:22:21,374 - function.util_logger2025-05-25-04.34.50 - INFO - Trial 493 finished with value: 0.22962607859536305 and parameters: {'learning_rate': 0.01518128050091675, 'depth': 10, 'l2_leaf_reg': 7.268821313693943, 'subsample': 0.8377566077479198}. Best is trial 446 with value: 0.22911604808366431.
2025-05-25 05:22:34,594 - function.util_logger2025-05-25-04.34.50 - INFO - Trial 495 finished with value: 0.2302245446720658 and parameters: {'learning_rate': 0.015144266128554029, 'depth': 10, 'l2_leaf_reg': 0.00021071844254454724, 'subsample': 0.8410954972249117}. Best is trial 446 with value: 0.22911604808366431.
2025-05-25 05:22:35,694 - function.util_logger2025-05-25-04.34.50 - INFO - Trial 496 finished with value: 0.23010276661649387 and parameters: {'learning_rate': 0.014896873613078267, 'depth': 10, 'l2_leaf_reg': 4.633951565249754, 'subsample': 0.8122313886408168}. Best is trial 446 with value: 0.22911604808366431.
2025-05-25 05:22:41,890 - function.util_logger2025-05-25-04.34.50 - INFO - Trial 497 finished with value: 0.23030682696973254 and parameters: {'learning_rate': 0.01531228076416761, 'depth': 10, 'l2_leaf_reg': 0.00014530701934737278, 'subsample': 0.8198450972175854}. Best is trial 446 with value: 0.22911604808366431.
2025-05-25 05:22:47,752 - function.util_logger2025-05-25-04.34.50 - INFO - Trial 498 finished with value: 0.2301963643346629 and parameters: {'learning_rate': 0.013759422425053375, 'depth': 10, 'l2_leaf_reg': 5.175861403130655, 'subsample': 0.8226793811698992}. Best is trial 446 with value: 0.22911604808366431.
2025-05-25 05:23:01,392 - function.util_logger2025-05-25-04.34.50 - INFO - Trial 502 finished with value: 0.2305572119856397 and parameters: {'learning_rate': 0.02159274068321434, 'depth': 9, 'l2_leaf_reg': 9.867784624764194, 'subsample': 0.718021945031071}. Best is trial 446 with value: 0.22911604808366431.
2025-05-25 05:23:03,332 - function.util_logger2025-05-25-04.34.50 - INFO - Trial 499 finished with value: 0.23024099876381757 and parameters: {'learning_rate': 0.011959690346287247, 'depth': 10, 'l2_leaf_reg': 5.2059391963188215, 'subsample': 0.8134735810836273}. Best is trial 446 with value: 0.22911604808366431.
2025-05-25 05:23:06,779 - function.util_logger2025-05-25-04.34.50 - INFO - Trial 500 finished with value: 0.2302107430413856 and parameters: {'learning_rate': 0.012752783579053469, 'depth': 10, 'l2_leaf_reg': 6.722229116830999, 'subsample': 0.8236433113692652}. Best is trial 446 with value: 0.22911604808366431.
2025-05-25 05:23:09,981 - function.util_logger2025-05-25-04.34.50 - INFO - Trial 501 finished with value: 0.2302226852851343 and parameters: {'learning_rate': 0.01263652117983503, 'depth': 10, 'l2_leaf_reg': 6.861926177604169, 'subsample': 0.6717115643116566}. Best is trial 446 with value: 0.22911604808366431.
2025-05-25 05:23:23,795 - function.util_logger2025-05-25-04.34.50 - INFO - Trial 504 finished with value: 0.22992988117039603 and parameters: {'learning_rate': 0.01823406815939199, 'depth': 10, 'l2_leaf_reg': 2.86400487179095, 'subsample': 0.8578510479173597}. Best is trial 446 with value: 0.22911604808366431.
2025-05-25 05:23:29,435 - function.util_logger2025-05-25-04.34.50 - INFO - Trial 505 finished with value: 0.23054680382357673 and parameters: {'learning_rate': 0.018264024820906385, 'depth': 10, 'l2_leaf_reg': 0.0012666236189543293, 'subsample': 0.8608615449809128}. Best is trial 446 with value: 0.22911604808366431.
2025-05-25 05:23:32,406 - function.util_logger2025-05-25-04.34.50 - INFO - Trial 506 finished with value: 0.22993595510772707 and parameters: {'learning_rate': 0.018228020515699116, 'depth': 10, 'l2_leaf_reg': 2.7869765512637774, 'subsample': 0.8609945524731527}. Best is trial 446 with value: 0.22911604808366431.
2025-05-25 05:23:33,966 - function.util_logger2025-05-25-04.34.50 - INFO - Trial 503 finished with value: 0.23021955816749337 and parameters: {'learning_rate': 0.012354084119501615, 'depth': 10, 'l2_leaf_reg': 6.791412243542088, 'subsample': 0.7476915589902019}. Best is trial 446 with value: 0.22911604808366431.
2025-05-25 05:23:41,034 - function.util_logger2025-05-25-04.34.50 - INFO - Trial 510 finished with value: 0.23378495521435222 and parameters: {'learning_rate': 0.01640401881818381, 'depth': 5, 'l2_leaf_reg': 4.0968913916155145, 'subsample': 0.8356168119192051}. Best is trial 446 with value: 0.22911604808366431.
2025-05-25 05:23:45,588 - function.util_logger2025-05-25-04.34.50 - INFO - Trial 507 finished with value: 0.23011104457579412 and parameters: {'learning_rate': 0.017760698386383875, 'depth': 10, 'l2_leaf_reg': 3.453615726998318, 'subsample': 0.8328824802553078}. Best is trial 446 with value: 0.22911604808366431.
2025-05-25 05:23:58,320 - function.util_logger2025-05-25-04.34.50 - INFO - Trial 509 finished with value: 0.2304486335797022 and parameters: {'learning_rate': 0.010681729390197896, 'depth': 9, 'l2_leaf_reg': 4.345866656205608, 'subsample': 0.8352782026581616}. Best is trial 446 with value: 0.22911604808366431.
2025-05-25 05:24:04,280 - function.util_logger2025-05-25-04.34.50 - INFO - Trial 512 finished with value: 0.2297397136140215 and parameters: {'learning_rate': 0.02188999247707499, 'depth': 10, 'l2_leaf_reg': 9.844859896224627, 'subsample': 0.7997783603211445}. Best is trial 446 with value: 0.22911604808366431.
2025-05-25 05:24:05,636 - function.util_logger2025-05-25-04.34.50 - INFO - Trial 508 finished with value: 0.22997913385545785 and parameters: {'learning_rate': 0.010328466442184703, 'depth': 10, 'l2_leaf_reg': 9.89524847001777, 'subsample': 0.7462583556654234}. Best is trial 446 with value: 0.22911604808366431.
2025-05-25 05:24:15,358 - function.util_logger2025-05-25-04.34.50 - INFO - Trial 511 finished with value: 0.23004751397879425 and parameters: {'learning_rate': 0.010726351086794435, 'depth': 10, 'l2_leaf_reg': 9.742853551105151, 'subsample': 0.8008996076394385}. Best is trial 446 with value: 0.22911604808366431.
2025-05-25 05:24:20,073 - function.util_logger2025-05-25-04.34.50 - INFO - Trial 513 finished with value: 0.2294764590431035 and parameters: {'learning_rate': 0.0205347625602806, 'depth': 10, 'l2_leaf_reg': 7.237316678571629, 'subsample': 0.8494004488834044}. Best is trial 446 with value: 0.22911604808366431.
2025-05-25 05:24:31,490 - function.util_logger2025-05-25-04.34.50 - INFO - Trial 514 finished with value: 0.22987826632775335 and parameters: {'learning_rate': 0.015506480547971078, 'depth': 10, 'l2_leaf_reg': 2.114391360880747, 'subsample': 0.8443844151187955}. Best is trial 446 with value: 0.22911604808366431.
2025-05-25 05:24:33,420 - function.util_logger2025-05-25-04.34.50 - INFO - Trial 515 finished with value: 0.23034948983583287 and parameters: {'learning_rate': 0.014099277283902764, 'depth': 10, 'l2_leaf_reg': 2.188151478500108, 'subsample': 0.8481523171582637}. Best is trial 446 with value: 0.22911604808366431.
2025-05-25 05:24:40,918 - function.util_logger2025-05-25-04.34.50 - INFO - Trial 517 finished with value: 0.22986842730326035 and parameters: {'learning_rate': 0.020026321584187858, 'depth': 10, 'l2_leaf_reg': 1.9446628576195644, 'subsample': 0.8502266031145753}. Best is trial 446 with value: 0.22911604808366431.
2025-05-25 05:24:47,309 - function.util_logger2025-05-25-04.34.50 - INFO - Trial 516 finished with value: 0.23023154488085038 and parameters: {'learning_rate': 0.013870982672273328, 'depth': 10, 'l2_leaf_reg': 1.944582644739345, 'subsample': 0.8469393091733115}. Best is trial 446 with value: 0.22911604808366431.
2025-05-25 05:24:51,078 - function.util_logger2025-05-25-04.34.50 - INFO - Trial 518 finished with value: 0.23022762126777904 and parameters: {'learning_rate': 0.022282378880732437, 'depth': 10, 'l2_leaf_reg': 5.200938292363689, 'subsample': 0.8509238786129836}. Best is trial 446 with value: 0.22911604808366431.
2025-05-25 05:24:51,839 - function.util_logger2025-05-25-04.34.50 - INFO - Trial 519 finished with value: 0.23012173825938986 and parameters: {'learning_rate': 0.020560353568765694, 'depth': 10, 'l2_leaf_reg': 4.950002737999612, 'subsample': 0.8538362193426383}. Best is trial 446 with value: 0.22911604808366431.
2025-05-25 05:24:59,264 - function.util_logger2025-05-25-04.34.50 - INFO - Trial 520 finished with value: 0.2297747370694423 and parameters: {'learning_rate': 0.024442537866044847, 'depth': 10, 'l2_leaf_reg': 4.959180983139324, 'subsample': 0.7897457459832443}. Best is trial 446 with value: 0.22911604808366431.
2025-05-25 05:25:06,525 - function.util_logger2025-05-25-04.34.50 - INFO - Trial 521 finished with value: 0.22980480576410053 and parameters: {'learning_rate': 0.024580778310155742, 'depth': 10, 'l2_leaf_reg': 5.082097700440474, 'subsample': 0.8289660406963881}. Best is trial 446 with value: 0.22911604808366431.
2025-05-25 05:25:06,625 - function.util_logger2025-05-25-04.34.50 - INFO - Trial 523 finished with value: 0.2303831434645089 and parameters: {'learning_rate': 0.025368684628692014, 'depth': 10, 'l2_leaf_reg': 3.0990591335503703, 'subsample': 0.8295075375421342}. Best is trial 446 with value: 0.22911604808366431.
2025-05-25 05:25:11,262 - function.util_logger2025-05-25-04.34.50 - INFO - Trial 522 finished with value: 0.22992400961060788 and parameters: {'learning_rate': 0.02020523313046674, 'depth': 10, 'l2_leaf_reg': 5.047691477713833, 'subsample': 0.8545196016961825}. Best is trial 446 with value: 0.22911604808366431.
2025-05-25 05:25:14,807 - function.util_logger2025-05-25-04.34.50 - INFO - Trial 524 finished with value: 0.2303585025415019 and parameters: {'learning_rate': 0.02691438658302164, 'depth': 10, 'l2_leaf_reg': 2.8843520140852084, 'subsample': 0.8397180355148328}. Best is trial 446 with value: 0.22911604808366431.
2025-05-25 05:25:17,455 - function.util_logger2025-05-25-04.34.50 - INFO - Trial 526 finished with value: 0.23035085065887334 and parameters: {'learning_rate': 0.04404520829649283, 'depth': 10, 'l2_leaf_reg': 6.363790566441009, 'subsample': 0.8390258408122118}. Best is trial 446 with value: 0.22911604808366431.
2025-05-25 05:25:20,051 - function.util_logger2025-05-25-04.34.50 - INFO - Trial 525 finished with value: 0.23027591927501975 and parameters: {'learning_rate': 0.02842326331564333, 'depth': 10, 'l2_leaf_reg': 3.287924139886868, 'subsample': 0.7644943104085232}. Best is trial 446 with value: 0.22911604808366431.
2025-05-25 05:25:23,999 - function.util_logger2025-05-25-04.34.50 - INFO - Trial 528 finished with value: 0.23051985459683136 and parameters: {'learning_rate': 0.047165911226255144, 'depth': 10, 'l2_leaf_reg': 6.9272738802368705, 'subsample': 0.8097729654178707}. Best is trial 446 with value: 0.22911604808366431.
2025-05-25 05:25:25,350 - function.util_logger2025-05-25-04.34.50 - INFO - Trial 527 finished with value: 0.22987098729717043 and parameters: {'learning_rate': 0.028424520022820022, 'depth': 10, 'l2_leaf_reg': 6.765344500145169, 'subsample': 0.8402831135727377}. Best is trial 446 with value: 0.22911604808366431.
2025-05-25 05:25:29,987 - function.util_logger2025-05-25-04.34.50 - INFO - Trial 529 finished with value: 0.23012869617221607 and parameters: {'learning_rate': 0.028630364899963585, 'depth': 10, 'l2_leaf_reg': 7.178589192988959, 'subsample': 0.8084560134409846}. Best is trial 446 with value: 0.22911604808366431.
2025-05-25 05:25:40,617 - function.util_logger2025-05-25-04.34.50 - INFO - Trial 530 finished with value: 0.23050434744952794 and parameters: {'learning_rate': 0.01700572025514622, 'depth': 10, 'l2_leaf_reg': 6.729039860028972, 'subsample': 0.718173019153107}. Best is trial 446 with value: 0.22911604808366431.
2025-05-25 05:25:46,286 - function.util_logger2025-05-25-04.34.50 - INFO - Trial 531 finished with value: 0.23026676018038858 and parameters: {'learning_rate': 0.016562060471088755, 'depth': 10, 'l2_leaf_reg': 7.08958618170138, 'subsample': 0.7147905848988138}. Best is trial 446 with value: 0.22911604808366431.
2025-05-25 05:25:49,745 - function.util_logger2025-05-25-04.34.50 - INFO - Trial 532 finished with value: 0.22990983738102236 and parameters: {'learning_rate': 0.01674294631105103, 'depth': 10, 'l2_leaf_reg': 7.23462448696322, 'subsample': 0.7153083504580423}. Best is trial 446 with value: 0.22911604808366431.
2025-05-25 05:25:51,829 - function.util_logger2025-05-25-04.34.50 - INFO - Trial 534 finished with value: 0.23049123584081815 and parameters: {'learning_rate': 0.03270971227681496, 'depth': 10, 'l2_leaf_reg': 3.774306054250005, 'subsample': 0.8608817304437091}. Best is trial 446 with value: 0.22911604808366431.
2025-05-25 05:25:52,045 - function.util_logger2025-05-25-04.34.50 - INFO - Trial 533 finished with value: 0.23031506322428003 and parameters: {'learning_rate': 0.016967521760854577, 'depth': 10, 'l2_leaf_reg': 1.3397021681848025, 'subsample': 0.7163465112167554}. Best is trial 446 with value: 0.22911604808366431.
2025-05-25 05:25:57,417 - function.util_logger2025-05-25-04.34.50 - INFO - Trial 536 finished with value: 0.23063736285090583 and parameters: {'learning_rate': 0.06324717297750855, 'depth': 10, 'l2_leaf_reg': 3.4689091441115107, 'subsample': 0.8572434364463873}. Best is trial 446 with value: 0.22911604808366431.
2025-05-25 05:25:58,617 - function.util_logger2025-05-25-04.34.50 - INFO - Trial 535 finished with value: 0.23063861059192345 and parameters: {'learning_rate': 0.033175776103058816, 'depth': 10, 'l2_leaf_reg': 1.4179035771526216, 'subsample': 0.8596139552426054}. Best is trial 446 with value: 0.22911604808366431.
2025-05-25 05:26:01,364 - function.util_logger2025-05-25-04.34.50 - INFO - Trial 539 finished with value: 0.23144511204646112 and parameters: {'learning_rate': 0.053160212366612385, 'depth': 8, 'l2_leaf_reg': 4.355278771497212, 'subsample': 0.8228989000769497}. Best is trial 446 with value: 0.22911604808366431.
2025-05-25 05:26:07,727 - function.util_logger2025-05-25-04.34.50 - INFO - Trial 540 finished with value: 0.23070512398741566 and parameters: {'learning_rate': 0.0535446755429712, 'depth': 10, 'l2_leaf_reg': 3.5743514138019864e-05, 'subsample': 0.823135890244679}. Best is trial 446 with value: 0.22911604808366431.
2025-05-25 05:26:11,528 - function.util_logger2025-05-25-04.34.50 - INFO - Trial 537 finished with value: 0.2302488856689354 and parameters: {'learning_rate': 0.018706807258790575, 'depth': 10, 'l2_leaf_reg': 1.3718443508219238, 'subsample': 0.7790073947491997}. Best is trial 446 with value: 0.22911604808366431.
2025-05-25 05:26:12,703 - function.util_logger2025-05-25-04.34.50 - INFO - Trial 538 finished with value: 0.22946596755126442 and parameters: {'learning_rate': 0.01991539701113785, 'depth': 10, 'l2_leaf_reg': 3.6955319817929495, 'subsample': 0.825344932954005}. Best is trial 446 with value: 0.22911604808366431.
2025-05-25 05:26:15,375 - function.util_logger2025-05-25-04.34.50 - INFO - Trial 541 finished with value: 0.2302782206939688 and parameters: {'learning_rate': 0.022248029955625852, 'depth': 9, 'l2_leaf_reg': 9.904315583774904, 'subsample': 0.8453503604946583}. Best is trial 446 with value: 0.22911604808366431.
2025-05-25 05:26:22,379 - function.util_logger2025-05-25-04.34.50 - INFO - Trial 544 finished with value: 0.23134748972486502 and parameters: {'learning_rate': 0.021119032181556974, 'depth': 7, 'l2_leaf_reg': 2.589166023290199, 'subsample': 0.8137410740450709}. Best is trial 446 with value: 0.22911604808366431.
2025-05-25 05:26:23,350 - function.util_logger2025-05-25-04.34.50 - INFO - Trial 543 finished with value: 0.22996546935658407 and parameters: {'learning_rate': 0.037058004801116984, 'depth': 10, 'l2_leaf_reg': 2.9419014459571056, 'subsample': 0.8479403118669707}. Best is trial 446 with value: 0.22911604808366431.
2025-05-25 05:26:27,795 - function.util_logger2025-05-25-04.34.50 - INFO - Trial 542 finished with value: 0.22987420521782154 and parameters: {'learning_rate': 0.020253054125058068, 'depth': 10, 'l2_leaf_reg': 2.739891419963368, 'subsample': 0.8440839273888903}. Best is trial 446 with value: 0.22911604808366431.
2025-05-25 05:26:32,613 - function.util_logger2025-05-25-04.34.50 - INFO - Trial 545 finished with value: 0.22963278519008706 and parameters: {'learning_rate': 0.02050226486886157, 'depth': 10, 'l2_leaf_reg': 2.61801510151064, 'subsample': 0.8153971534094507}. Best is trial 446 with value: 0.22911604808366431.
2025-05-25 05:26:40,382 - function.util_logger2025-05-25-04.34.50 - INFO - Trial 546 finished with value: 0.23059948609362274 and parameters: {'learning_rate': 0.022924917007470437, 'depth': 10, 'l2_leaf_reg': 2.706491297351907, 'subsample': 0.7275651033006163}. Best is trial 446 with value: 0.22911604808366431.
2025-05-25 05:26:44,024 - function.util_logger2025-05-25-04.34.50 - INFO - Trial 550 finished with value: 0.23267186149108268 and parameters: {'learning_rate': 0.04256793204160007, 'depth': 6, 'l2_leaf_reg': 4.2988645493582585, 'subsample': 0.8061360010549259}. Best is trial 446 with value: 0.22911604808366431.
2025-05-25 05:26:45,033 - function.util_logger2025-05-25-04.34.50 - INFO - Trial 548 finished with value: 0.23043870736787325 and parameters: {'learning_rate': 0.024324982992216273, 'depth': 10, 'l2_leaf_reg': 4.407803295921453, 'subsample': 0.6976215384956492}. Best is trial 446 with value: 0.22911604808366431.
2025-05-25 05:26:45,437 - function.util_logger2025-05-25-04.34.50 - INFO - Trial 547 finished with value: 0.23027666669026942 and parameters: {'learning_rate': 0.019416068712118317, 'depth': 10, 'l2_leaf_reg': 4.180880578304214, 'subsample': 0.727552516398345}. Best is trial 446 with value: 0.22911604808366431.
2025-05-25 05:26:48,737 - function.util_logger2025-05-25-04.34.50 - INFO - Trial 549 finished with value: 0.23002915519314326 and parameters: {'learning_rate': 0.023875568988563352, 'depth': 10, 'l2_leaf_reg': 4.577729972179657, 'subsample': 0.6992334690915635}. Best is trial 446 with value: 0.22911604808366431.
2025-05-25 05:26:58,055 - function.util_logger2025-05-25-04.34.50 - INFO - Trial 553 finished with value: 0.23104074871361058 and parameters: {'learning_rate': 0.03594409430424063, 'depth': 10, 'l2_leaf_reg': 0.011192950355937472, 'subsample': 0.9256057398992082}. Best is trial 446 with value: 0.22911604808366431.
2025-05-25 05:27:02,239 - function.util_logger2025-05-25-04.34.50 - INFO - Trial 554 finished with value: 0.2297080051612299 and parameters: {'learning_rate': 0.03128283544791372, 'depth': 10, 'l2_leaf_reg': 9.903648038296533, 'subsample': 0.8704033588922219}. Best is trial 446 with value: 0.22911604808366431.
2025-05-25 05:27:04,720 - function.util_logger2025-05-25-04.34.50 - INFO - Trial 551 finished with value: 0.2302795320855869 and parameters: {'learning_rate': 0.018580762457430264, 'depth': 10, 'l2_leaf_reg': 9.987807641248168, 'subsample': 0.698698382323322}. Best is trial 446 with value: 0.22911604808366431.
2025-05-25 05:27:07,747 - function.util_logger2025-05-25-04.34.50 - INFO - Trial 552 finished with value: 0.229447506455775 and parameters: {'learning_rate': 0.018443021616378525, 'depth': 10, 'l2_leaf_reg': 4.743331835902474, 'subsample': 0.8286833712189716}. Best is trial 446 with value: 0.22911604808366431.
2025-05-25 05:27:09,273 - function.util_logger2025-05-25-04.34.50 - INFO - Trial 555 finished with value: 0.2299179564249425 and parameters: {'learning_rate': 0.04551357143191541, 'depth': 10, 'l2_leaf_reg': 9.77262262110212, 'subsample': 0.8273230293079087}. Best is trial 446 with value: 0.22911604808366431.
2025-05-25 05:27:14,351 - function.util_logger2025-05-25-04.34.50 - INFO - Trial 556 finished with value: 0.23007453938773267 and parameters: {'learning_rate': 0.04055059558823028, 'depth': 10, 'l2_leaf_reg': 9.13828069943885e-07, 'subsample': 0.826101352014803}. Best is trial 446 with value: 0.22911604808366431.
2025-05-25 05:27:17,914 - function.util_logger2025-05-25-04.34.50 - INFO - Trial 557 finished with value: 0.23010508515564085 and parameters: {'learning_rate': 0.039234479184129874, 'depth': 10, 'l2_leaf_reg': 1.716390019663197, 'subsample': 0.828562434143929}. Best is trial 446 with value: 0.22911604808366431.
2025-05-25 05:27:29,514 - function.util_logger2025-05-25-04.34.50 - INFO - Trial 559 finished with value: 0.23026271971610818 and parameters: {'learning_rate': 0.017895670039220015, 'depth': 10, 'l2_leaf_reg': 6.516897062786826, 'subsample': 0.8330634485325602}. Best is trial 446 with value: 0.22911604808366431.
2025-05-25 05:27:31,369 - function.util_logger2025-05-25-04.34.50 - INFO - Trial 558 finished with value: 0.2296660059137416 and parameters: {'learning_rate': 0.018374001813931493, 'depth': 10, 'l2_leaf_reg': 5.951211322665374, 'subsample': 0.8294367085643073}. Best is trial 446 with value: 0.22911604808366431.
