2025-05-25 04:50:25,865 - function.util_logger2025-05-25-04.34.50 - INFO - Trial 141 finished with value: 0.23052595144531032 and parameters: {'learning_rate': 0.027980016029929763, 'depth': 10, 'l2_leaf_reg': 1.2315074613531676e-07, 'subsample': 0.744375666417492}. Best is trial 139 with value: 0.22947856547636172.
2025-05-25 04:50:31,491 - function.util_logger2025-05-25-04.34.50 - INFO - Trial 143 finished with value: 0.23057609385869018 and parameters: {'learning_rate': 0.03180294847152065, 'depth': 10, 'l2_leaf_reg': 1.4507190340895777, 'subsample': 0.7012843142180641}. Best is trial 139 with value: 0.22947856547636172.
2025-05-25 04:50:43,391 - function.util_logger2025-05-25-04.34.50 - INFO - Trial 144 finished with value: 0.2301290859457033 and parameters: {'learning_rate': 0.023328940158059974, 'depth': 10, 'l2_leaf_reg': 6.467956962122228, 'subsample': 0.6991755264871883}. Best is trial 139 with value: 0.22947856547636172.
2025-05-25 04:50:47,863 - function.util_logger2025-05-25-04.34.50 - INFO - Trial 145 finished with value: 0.23030685317642208 and parameters: {'learning_rate': 0.02236223110309077, 'depth': 10, 'l2_leaf_reg': 6.89916073425102, 'subsample': 0.7161050606402566}. Best is trial 139 with value: 0.22947856547636172.
2025-05-25 04:51:00,863 - function.util_logger2025-05-25-04.34.50 - INFO - Trial 147 finished with value: 0.23067980225050735 and parameters: {'learning_rate': 0.026948539371977633, 'depth': 10, 'l2_leaf_reg': 2.447563823419476, 'subsample': 0.6711066139830972}. Best is trial 139 with value: 0.22947856547636172.
2025-05-25 04:51:18,232 - function.util_logger2025-05-25-04.34.50 - INFO - Trial 148 finished with value: 0.23079405997494518 and parameters: {'learning_rate': 0.020606276214979704, 'depth': 10, 'l2_leaf_reg': 4.63097555346127, 'subsample': 0.6925247679091953}. Best is trial 139 with value: 0.22947856547636172.
2025-05-25 04:51:44,646 - function.util_logger2025-05-25-04.34.50 - INFO - Trial 149 finished with value: 0.22961102991594876 and parameters: {'learning_rate': 0.017780955848507755, 'depth': 10, 'l2_leaf_reg': 6.169804932338033, 'subsample': 0.699857330326351}. Best is trial 139 with value: 0.22947856547636172.
2025-05-25 04:51:55,369 - function.util_logger2025-05-25-04.34.50 - INFO - Trial 150 finished with value: 0.22968180029165025 and parameters: {'learning_rate': 0.036894115869318816, 'depth': 10, 'l2_leaf_reg': 6.811147843742501, 'subsample': 0.7001680327768611}. Best is trial 139 with value: 0.22947856547636172.
2025-05-25 04:52:06,103 - function.util_logger2025-05-25-04.34.50 - INFO - Trial 151 finished with value: 0.2319050823657287 and parameters: {'learning_rate': 0.01744821133975564, 'depth': 7, 'l2_leaf_reg': 1.8488067138358776e-05, 'subsample': 0.6966608494873832}. Best is trial 139 with value: 0.22947856547636172.
2025-05-25 04:52:18,734 - function.util_logger2025-05-25-04.34.50 - INFO - Trial 152 finished with value: 0.2299858042322745 and parameters: {'learning_rate': 0.034589481935970036, 'depth': 10, 'l2_leaf_reg': 6.254946862050465, 'subsample': 0.7035841070367546}. Best is trial 139 with value: 0.22947856547636172.
2025-05-25 04:52:33,954 - function.util_logger2025-05-25-04.34.50 - INFO - Trial 153 finished with value: 0.22983990817938582 and parameters: {'learning_rate': 0.03586166541096671, 'depth': 10, 'l2_leaf_reg': 6.277949001072807, 'subsample': 0.7032403801171833}. Best is trial 139 with value: 0.22947856547636172.
2025-05-25 04:52:34,236 - function.util_logger2025-05-25-04.34.50 - INFO - Trial 135 finished with value: 0.2304126994178192 and parameters: {'learning_rate': 0.0018875573098962738, 'depth': 10, 'l2_leaf_reg': 5.816816821028943, 'subsample': 0.7127189217088437}. Best is trial 139 with value: 0.22947856547636172.
2025-05-25 04:52:40,950 - function.util_logger2025-05-25-04.34.50 - INFO - Trial 138 finished with value: 0.230228509438479 and parameters: {'learning_rate': 0.0017957013011821916, 'depth': 10, 'l2_leaf_reg': 6.165319904596687, 'subsample': 0.7019508627424906}. Best is trial 139 with value: 0.22947856547636172.
2025-05-25 04:52:47,912 - function.util_logger2025-05-25-04.34.50 - INFO - Trial 154 finished with value: 0.22967722873458013 and parameters: {'learning_rate': 0.03488791044282703, 'depth': 10, 'l2_leaf_reg': 6.390610741920321, 'subsample': 0.7037185212501273}. Best is trial 139 with value: 0.22947856547636172.
2025-05-25 04:52:48,487 - function.util_logger2025-05-25-04.34.50 - INFO - Trial 155 finished with value: 0.22987223837723914 and parameters: {'learning_rate': 0.03583158390802946, 'depth': 10, 'l2_leaf_reg': 6.9355249551846905, 'subsample': 0.7020657986491033}. Best is trial 139 with value: 0.22947856547636172.
2025-05-25 04:52:53,792 - function.util_logger2025-05-25-04.34.50 - INFO - Trial 156 finished with value: 0.23080090103751277 and parameters: {'learning_rate': 0.03633738831430115, 'depth': 10, 'l2_leaf_reg': 0.00019872667204237426, 'subsample': 0.6840589070195292}. Best is trial 139 with value: 0.22947856547636172.
2025-05-25 04:53:00,674 - function.util_logger2025-05-25-04.34.50 - INFO - Trial 157 finished with value: 0.23081146978425798 and parameters: {'learning_rate': 0.03533658754475863, 'depth': 10, 'l2_leaf_reg': 3.986277930917285, 'subsample': 0.6893106317570686}. Best is trial 139 with value: 0.22947856547636172.
2025-05-25 04:53:01,828 - function.util_logger2025-05-25-04.34.50 - INFO - Trial 158 finished with value: 0.2301544228206675 and parameters: {'learning_rate': 0.035506717337901526, 'depth': 10, 'l2_leaf_reg': 9.341195451819887, 'subsample': 0.7220169495648123}. Best is trial 139 with value: 0.22947856547636172.
2025-05-25 04:53:03,845 - function.util_logger2025-05-25-04.34.50 - INFO - Trial 160 finished with value: 0.2335024489212585 and parameters: {'learning_rate': 0.29273783612751036, 'depth': 10, 'l2_leaf_reg': 9.881478632671167, 'subsample': 0.7232013452514562}. Best is trial 139 with value: 0.22947856547636172.
2025-05-25 04:53:05,548 - function.util_logger2025-05-25-04.34.50 - INFO - Trial 159 finished with value: 0.23032743190480157 and parameters: {'learning_rate': 0.04216559916298385, 'depth': 10, 'l2_leaf_reg': 3.486766505363686, 'subsample': 0.7230181418128059}. Best is trial 139 with value: 0.22947856547636172.
2025-05-25 04:53:13,001 - function.util_logger2025-05-25-04.34.50 - INFO - Trial 161 finished with value: 0.23050799334326055 and parameters: {'learning_rate': 0.04178135003255111, 'depth': 10, 'l2_leaf_reg': 1.645697473052568, 'subsample': 0.723653084650894}. Best is trial 139 with value: 0.22947856547636172.
2025-05-25 04:53:14,368 - function.util_logger2025-05-25-04.34.50 - INFO - Trial 162 finished with value: 0.2305969035907988 and parameters: {'learning_rate': 0.04329324504463681, 'depth': 10, 'l2_leaf_reg': 1.8761339543078215, 'subsample': 0.7042154581093473}. Best is trial 139 with value: 0.22947856547636172.
2025-05-25 04:53:17,092 - function.util_logger2025-05-25-04.34.50 - INFO - Trial 163 finished with value: 0.2300637075374829 and parameters: {'learning_rate': 0.04487925784015586, 'depth': 10, 'l2_leaf_reg': 1.6482341621299772, 'subsample': 0.7052351721378698}. Best is trial 139 with value: 0.22947856547636172.
2025-05-25 04:53:29,442 - function.util_logger2025-05-25-04.34.50 - INFO - Trial 164 finished with value: 0.22922231094238743 and parameters: {'learning_rate': 0.028833364815549083, 'depth': 10, 'l2_leaf_reg': 5.622213655625564, 'subsample': 0.7065599189320404}. Best is trial 164 with value: 0.22922231094238743.
2025-05-25 04:53:31,277 - function.util_logger2025-05-25-04.34.50 - INFO - Trial 165 finished with value: 0.23039596820987795 and parameters: {'learning_rate': 0.030466186545738693, 'depth': 10, 'l2_leaf_reg': 6.3703436600446555, 'subsample': 0.621596245609913}. Best is trial 164 with value: 0.22922231094238743.
2025-05-25 04:53:31,507 - function.util_logger2025-05-25-04.34.50 - INFO - Trial 166 finished with value: 0.23106916113909864 and parameters: {'learning_rate': 0.030469913139423016, 'depth': 10, 'l2_leaf_reg': 0.3380264768971758, 'subsample': 0.707257060155398}. Best is trial 164 with value: 0.22922231094238743.
2025-05-25 04:53:38,210 - function.util_logger2025-05-25-04.34.50 - INFO - Trial 146 finished with value: 0.23031576658643074 and parameters: {'learning_rate': 0.0017220382072894028, 'depth': 10, 'l2_leaf_reg': 6.481191420662373, 'subsample': 0.6664516867198237}. Best is trial 164 with value: 0.22922231094238743.
2025-05-25 04:53:42,078 - function.util_logger2025-05-25-04.34.50 - INFO - Trial 169 finished with value: 0.23098860551289588 and parameters: {'learning_rate': 0.04850442826599368, 'depth': 10, 'l2_leaf_reg': 2.305955682642257, 'subsample': 0.6915064088208411}. Best is trial 164 with value: 0.22922231094238743.
2025-05-25 04:53:42,745 - function.util_logger2025-05-25-04.34.50 - INFO - Trial 168 finished with value: 0.23070747382860585 and parameters: {'learning_rate': 0.04793490730060023, 'depth': 10, 'l2_leaf_reg': 4.491958766571355, 'subsample': 0.7058670981393683}. Best is trial 164 with value: 0.22922231094238743.
2025-05-25 04:53:44,111 - function.util_logger2025-05-25-04.34.50 - INFO - Trial 167 finished with value: 0.230296468168634 and parameters: {'learning_rate': 0.031237512943976302, 'depth': 10, 'l2_leaf_reg': 2.5335161835836026, 'subsample': 0.7074164075273017}. Best is trial 164 with value: 0.22922231094238743.
2025-05-25 04:53:53,747 - function.util_logger2025-05-25-04.34.50 - INFO - Trial 170 finished with value: 0.22981031269249566 and parameters: {'learning_rate': 0.0333089370087302, 'depth': 10, 'l2_leaf_reg': 2.644713651463683, 'subsample': 0.6914188330160966}. Best is trial 164 with value: 0.22922231094238743.
2025-05-25 04:53:54,997 - function.util_logger2025-05-25-04.34.50 - INFO - Trial 171 finished with value: 0.2293882573844824 and parameters: {'learning_rate': 0.03977546496444541, 'depth': 10, 'l2_leaf_reg': 4.222102608779726, 'subsample': 0.6997661644569433}. Best is trial 164 with value: 0.22922231094238743.
2025-05-25 04:53:55,240 - function.util_logger2025-05-25-04.34.50 - INFO - Trial 172 finished with value: 0.22980400648128105 and parameters: {'learning_rate': 0.03996220382002207, 'depth': 10, 'l2_leaf_reg': 2.832736254213578, 'subsample': 0.6976728022455264}. Best is trial 164 with value: 0.22922231094238743.
2025-05-25 04:54:01,324 - function.util_logger2025-05-25-04.34.50 - INFO - Trial 173 finished with value: 0.23031027001431142 and parameters: {'learning_rate': 0.0247136638583605, 'depth': 10, 'l2_leaf_reg': 0.8940490175850511, 'subsample': 0.7708085917209919}. Best is trial 164 with value: 0.22922231094238743.
2025-05-25 04:54:05,142 - function.util_logger2025-05-25-04.34.50 - INFO - Trial 175 finished with value: 0.23065379899812002 and parameters: {'learning_rate': 0.038342469045347535, 'depth': 10, 'l2_leaf_reg': 1.1790640342100058, 'subsample': 0.6964635755060874}. Best is trial 164 with value: 0.22922231094238743.
2025-05-25 04:54:05,854 - function.util_logger2025-05-25-04.34.50 - INFO - Trial 174 finished with value: 0.2311331595746414 and parameters: {'learning_rate': 0.03894512131918434, 'depth': 10, 'l2_leaf_reg': 1.209573614091721, 'subsample': 0.6944089083666699}. Best is trial 164 with value: 0.22922231094238743.
2025-05-25 04:54:08,441 - function.util_logger2025-05-25-04.34.50 - INFO - Trial 176 finished with value: 0.2304172976149704 and parameters: {'learning_rate': 0.03735490411390144, 'depth': 10, 'l2_leaf_reg': 3.578019034266783, 'subsample': 0.6853233303581977}. Best is trial 164 with value: 0.22922231094238743.
2025-05-25 04:54:13,647 - function.util_logger2025-05-25-04.34.50 - INFO - Trial 177 finished with value: 0.2305167109332192 and parameters: {'learning_rate': 0.038489524982143766, 'depth': 10, 'l2_leaf_reg': 3.5267230645603993, 'subsample': 0.6953736027136558}. Best is trial 164 with value: 0.22922231094238743.
2025-05-25 04:54:18,449 - function.util_logger2025-05-25-04.34.50 - INFO - Trial 179 finished with value: 0.2308210992264125 and parameters: {'learning_rate': 0.034407230987117204, 'depth': 10, 'l2_leaf_reg': 3.54316153750963, 'subsample': 0.6832296888722954}. Best is trial 164 with value: 0.22922231094238743.
2025-05-25 04:54:18,919 - function.util_logger2025-05-25-04.34.50 - INFO - Trial 178 finished with value: 0.23072178792529202 and parameters: {'learning_rate': 0.03283019017074332, 'depth': 10, 'l2_leaf_reg': 1.721222153008094e-06, 'subsample': 0.6864508394120074}. Best is trial 164 with value: 0.22922231094238743.
2025-05-25 04:54:20,456 - function.util_logger2025-05-25-04.34.50 - INFO - Trial 180 finished with value: 0.23023919582262523 and parameters: {'learning_rate': 0.033432186119891336, 'depth': 10, 'l2_leaf_reg': 9.886547935090636, 'subsample': 0.7152756775498103}. Best is trial 164 with value: 0.22922231094238743.
2025-05-25 04:54:27,024 - function.util_logger2025-05-25-04.34.50 - INFO - Trial 181 finished with value: 0.22985242071973672 and parameters: {'learning_rate': 0.03345818538013877, 'depth': 10, 'l2_leaf_reg': 8.979551932073734, 'subsample': 0.6823614749796238}. Best is trial 164 with value: 0.22922231094238743.
2025-05-25 04:54:31,232 - function.util_logger2025-05-25-04.34.50 - INFO - Trial 184 finished with value: 0.23085420852254335 and parameters: {'learning_rate': 0.04712494502291592, 'depth': 10, 'l2_leaf_reg': 2.1986719515021127, 'subsample': 0.7148751179411372}. Best is trial 164 with value: 0.22922231094238743.
2025-05-25 04:54:45,230 - function.util_logger2025-05-25-04.34.50 - INFO - Trial 183 finished with value: 0.2297001414046293 and parameters: {'learning_rate': 0.01707817738692023, 'depth': 10, 'l2_leaf_reg': 9.99430543931813, 'subsample': 0.7173132162461218}. Best is trial 164 with value: 0.22922231094238743.
2025-05-25 04:54:45,697 - function.util_logger2025-05-25-04.34.50 - INFO - Trial 186 finished with value: 0.2302663027255914 and parameters: {'learning_rate': 0.02852451838301785, 'depth': 10, 'l2_leaf_reg': 7.091669461068305, 'subsample': 0.8607849934652243}. Best is trial 164 with value: 0.22922231094238743.
2025-05-25 04:54:46,624 - function.util_logger2025-05-25-04.34.50 - INFO - Trial 182 finished with value: 0.23018915634505763 and parameters: {'learning_rate': 0.014141616669645933, 'depth': 10, 'l2_leaf_reg': 6.950726217378414, 'subsample': 0.7136449221098345}. Best is trial 164 with value: 0.22922231094238743.
2025-05-25 04:54:59,937 - function.util_logger2025-05-25-04.34.50 - INFO - Trial 187 finished with value: 0.23070886963948561 and parameters: {'learning_rate': 0.027831596803036478, 'depth': 10, 'l2_leaf_reg': 5.644857037153759, 'subsample': 0.7948562949800468}. Best is trial 164 with value: 0.22922231094238743.
2025-05-25 04:54:59,968 - function.util_logger2025-05-25-04.34.50 - INFO - Trial 185 finished with value: 0.22977742887232724 and parameters: {'learning_rate': 0.011375740337483408, 'depth': 10, 'l2_leaf_reg': 6.779454525594855, 'subsample': 0.8581264121480923}. Best is trial 164 with value: 0.22922231094238743.
2025-05-25 04:55:00,656 - function.util_logger2025-05-25-04.34.50 - INFO - Trial 188 finished with value: 0.23013326330743852 and parameters: {'learning_rate': 0.02890580708394605, 'depth': 10, 'l2_leaf_reg': 5.121972852482647, 'subsample': 0.7945016890211237}. Best is trial 164 with value: 0.22922231094238743.
2025-05-25 04:55:13,031 - function.util_logger2025-05-25-04.34.50 - INFO - Trial 189 finished with value: 0.22969194023553247 and parameters: {'learning_rate': 0.016543210371041898, 'depth': 10, 'l2_leaf_reg': 9.842045433939047, 'subsample': 0.7011564158360937}. Best is trial 164 with value: 0.22922231094238743.
2025-05-25 04:55:24,765 - function.util_logger2025-05-25-04.34.50 - INFO - Trial 190 finished with value: 0.22978636753590145 and parameters: {'learning_rate': 0.017263221144912994, 'depth': 10, 'l2_leaf_reg': 9.606767173139673, 'subsample': 0.7015322288873749}. Best is trial 164 with value: 0.22922231094238743.
2025-05-25 04:55:31,789 - function.util_logger2025-05-25-04.34.50 - INFO - Trial 192 finished with value: 0.23033027076009413 and parameters: {'learning_rate': 0.011289200694730257, 'depth': 10, 'l2_leaf_reg': 9.919160931263935, 'subsample': 0.8426508655379866}. Best is trial 164 with value: 0.22922231094238743.
2025-05-25 04:55:32,058 - function.util_logger2025-05-25-04.34.50 - INFO - Trial 191 finished with value: 0.22987961238538449 and parameters: {'learning_rate': 0.011862736282632912, 'depth': 10, 'l2_leaf_reg': 9.763077017196915, 'subsample': 0.6986403188282484}. Best is trial 164 with value: 0.22922231094238743.
2025-05-25 04:55:46,205 - function.util_logger2025-05-25-04.34.50 - INFO - Trial 194 finished with value: 0.23017440889158536 and parameters: {'learning_rate': 0.017896776545875424, 'depth': 10, 'l2_leaf_reg': 9.332984748801444, 'subsample': 0.6976144742969594}. Best is trial 164 with value: 0.22922231094238743.
2025-05-25 04:55:49,156 - function.util_logger2025-05-25-04.34.50 - INFO - Trial 193 finished with value: 0.23016311212536394 and parameters: {'learning_rate': 0.011116675741009186, 'depth': 10, 'l2_leaf_reg': 9.643699445192299, 'subsample': 0.9745482142435907}. Best is trial 164 with value: 0.22922231094238743.
2025-05-25 04:55:54,926 - function.util_logger2025-05-25-04.34.50 - INFO - Trial 195 finished with value: 0.23021646641601187 and parameters: {'learning_rate': 0.01700745048995024, 'depth': 10, 'l2_leaf_reg': 4.66214943471675, 'subsample': 0.7006655464917673}. Best is trial 164 with value: 0.22922231094238743.
2025-05-25 04:55:58,541 - function.util_logger2025-05-25-04.34.50 - INFO - Trial 198 finished with value: 0.23050398429745114 and parameters: {'learning_rate': 0.05420348250887999, 'depth': 10, 'l2_leaf_reg': 4.5022932063089875, 'subsample': 0.7017147133462388}. Best is trial 164 with value: 0.22922231094238743.
2025-05-25 04:56:03,166 - function.util_logger2025-05-25-04.34.50 - INFO - Trial 196 finished with value: 0.2304157216522973 and parameters: {'learning_rate': 0.011860368911849344, 'depth': 10, 'l2_leaf_reg': 9.897439853061131, 'subsample': 0.7013577144894562}. Best is trial 164 with value: 0.22922231094238743.
2025-05-25 04:56:16,891 - function.util_logger2025-05-25-04.34.50 - INFO - Trial 197 finished with value: 0.2304205628248268 and parameters: {'learning_rate': 0.012734695553521093, 'depth': 10, 'l2_leaf_reg': 4.540108193378029, 'subsample': 0.7023067023882985}. Best is trial 164 with value: 0.22922231094238743.
2025-05-25 04:56:24,098 - function.util_logger2025-05-25-04.34.50 - INFO - Trial 199 finished with value: 0.23022914007755663 and parameters: {'learning_rate': 0.01409723565817701, 'depth': 10, 'l2_leaf_reg': 4.806231289380957, 'subsample': 0.7037888735010601}. Best is trial 164 with value: 0.22922231094238743.
2025-05-25 04:56:32,667 - function.util_logger2025-05-25-04.34.50 - INFO - Trial 200 finished with value: 0.22985374318337365 and parameters: {'learning_rate': 0.012318401330691814, 'depth': 10, 'l2_leaf_reg': 6.456146420176252, 'subsample': 0.8296273662360375}. Best is trial 164 with value: 0.22922231094238743.
2025-05-25 04:56:42,142 - function.util_logger2025-05-25-04.34.50 - INFO - Trial 203 finished with value: 0.2300761786984209 and parameters: {'learning_rate': 0.019785104487582004, 'depth': 10, 'l2_leaf_reg': 6.175132691385889, 'subsample': 0.718092891397249}. Best is trial 164 with value: 0.22922231094238743.
2025-05-25 04:56:42,901 - function.util_logger2025-05-25-04.34.50 - INFO - Trial 202 finished with value: 0.2305232044706178 and parameters: {'learning_rate': 0.014906841296064897, 'depth': 10, 'l2_leaf_reg': 6.696087050231181, 'subsample': 0.7170533227588213}. Best is trial 164 with value: 0.22922231094238743.
2025-05-25 04:56:44,797 - function.util_logger2025-05-25-04.34.50 - INFO - Trial 204 finished with value: 0.22983881574235507 and parameters: {'learning_rate': 0.04072575871023632, 'depth': 10, 'l2_leaf_reg': 6.289481487266828, 'subsample': 0.8174195891048659}. Best is trial 164 with value: 0.22922231094238743.
2025-05-25 04:56:44,921 - function.util_logger2025-05-25-04.34.50 - INFO - Trial 201 finished with value: 0.23023569977017325 and parameters: {'learning_rate': 0.008912045923158585, 'depth': 10, 'l2_leaf_reg': 5.742220195143045, 'subsample': 0.7148478809761295}. Best is trial 164 with value: 0.22922231094238743.
2025-05-25 04:56:55,595 - function.util_logger2025-05-25-04.34.50 - INFO - Trial 207 finished with value: 0.23017428686747782 and parameters: {'learning_rate': 0.0406292218573471, 'depth': 10, 'l2_leaf_reg': 2.764260841508556, 'subsample': 0.8174204250565466}. Best is trial 164 with value: 0.22922231094238743.
2025-05-25 04:56:56,644 - function.util_logger2025-05-25-04.34.50 - INFO - Trial 208 finished with value: 0.2301532570784272 and parameters: {'learning_rate': 0.040696410886342654, 'depth': 10, 'l2_leaf_reg': 2.91801623373843, 'subsample': 0.8616339888077122}. Best is trial 164 with value: 0.22922231094238743.
2025-05-25 04:57:18,369 - function.util_logger2025-05-25-04.34.50 - INFO - Trial 205 finished with value: 0.2302927369653291 and parameters: {'learning_rate': 0.010222918531679745, 'depth': 10, 'l2_leaf_reg': 6.557147124536868, 'subsample': 0.8297439173147603}. Best is trial 164 with value: 0.22922231094238743.
2025-05-25 04:57:21,963 - function.util_logger2025-05-25-04.34.50 - INFO - Trial 206 finished with value: 0.23064304409619116 and parameters: {'learning_rate': 0.009315052659419443, 'depth': 10, 'l2_leaf_reg': 6.60690444928145, 'subsample': 0.8330498454484119}. Best is trial 164 with value: 0.22922231094238743.
2025-05-25 04:57:29,359 - function.util_logger2025-05-25-04.34.50 - INFO - Trial 209 finished with value: 0.23018349235366653 and parameters: {'learning_rate': 0.010274408299886777, 'depth': 10, 'l2_leaf_reg': 6.899986967984192, 'subsample': 0.8278355078619033}. Best is trial 164 with value: 0.22922231094238743.
