2025-05-25 05:09:15,252 - function.util_logger2025-05-25-04.34.50 - INFO - Trial 347 finished with value: 0.2303436397920672 and parameters: {'learning_rate': 0.012971734858888957, 'depth': 10, 'l2_leaf_reg': 6.377137474060812, 'subsample': 0.7231298091334201}. Best is trial 164 with value: 0.22922231094238743.
2025-05-25 05:09:27,604 - function.util_logger2025-05-25-04.34.50 - INFO - Trial 351 finished with value: 0.23041809051908765 and parameters: {'learning_rate': 0.014663013276054283, 'depth': 10, 'l2_leaf_reg': 3.7737149513825946e-07, 'subsample': 0.8793995181459384}. Best is trial 164 with value: 0.22922231094238743.
2025-05-25 05:09:31,227 - function.util_logger2025-05-25-04.34.50 - INFO - Trial 352 finished with value: 0.2300480431119302 and parameters: {'learning_rate': 0.025890628422704842, 'depth': 10, 'l2_leaf_reg': 5.9290051745969325, 'subsample': 0.8710241877182541}. Best is trial 164 with value: 0.22922231094238743.
2025-05-25 05:09:34,309 - function.util_logger2025-05-25-04.34.50 - INFO - Trial 354 finished with value: 0.23000789370121408 and parameters: {'learning_rate': 0.019743717448821755, 'depth': 10, 'l2_leaf_reg': 5.612383602520178, 'subsample': 0.8699610294138138}. Best is trial 164 with value: 0.22922231094238743.
2025-05-25 05:09:41,266 - function.util_logger2025-05-25-04.34.50 - INFO - Trial 353 finished with value: 0.2299726019159833 and parameters: {'learning_rate': 0.014858380634987324, 'depth': 10, 'l2_leaf_reg': 5.869521126011987, 'subsample': 0.7211448316906858}. Best is trial 164 with value: 0.22922231094238743.
2025-05-25 05:09:49,559 - function.util_logger2025-05-25-04.34.50 - INFO - Trial 355 finished with value: 0.2299232321663324 and parameters: {'learning_rate': 0.019456941624489736, 'depth': 10, 'l2_leaf_reg': 5.370618773724623, 'subsample': 0.7172469483440848}. Best is trial 164 with value: 0.22922231094238743.
2025-05-25 05:09:50,356 - function.util_logger2025-05-25-04.34.50 - INFO - Trial 356 finished with value: 0.2305408829536487 and parameters: {'learning_rate': 0.020539311809855618, 'depth': 10, 'l2_leaf_reg': 5.339027602235466, 'subsample': 0.9078313671414533}. Best is trial 164 with value: 0.22922231094238743.
2025-05-25 05:09:56,772 - function.util_logger2025-05-25-04.34.50 - INFO - Trial 357 finished with value: 0.22983896440710927 and parameters: {'learning_rate': 0.01622445170897461, 'depth': 10, 'l2_leaf_reg': 6.633392160670389, 'subsample': 0.9059345583096126}. Best is trial 164 with value: 0.22922231094238743.
2025-05-25 05:09:56,807 - function.util_logger2025-05-25-04.34.50 - INFO - Trial 358 finished with value: 0.2310571394584243 and parameters: {'learning_rate': 0.017521146994208286, 'depth': 9, 'l2_leaf_reg': 3.2212911061446103, 'subsample': 0.9006984922415879}. Best is trial 164 with value: 0.22922231094238743.
2025-05-25 05:09:57,033 - function.util_logger2025-05-25-04.34.50 - INFO - Trial 360 finished with value: 0.2337151385998953 and parameters: {'learning_rate': 0.017319578044152104, 'depth': 4, 'l2_leaf_reg': 4.102872098657339, 'subsample': 0.8376238902424047}. Best is trial 164 with value: 0.22922231094238743.
2025-05-25 05:10:06,690 - function.util_logger2025-05-25-04.34.50 - INFO - Trial 361 finished with value: 0.23013113618903777 and parameters: {'learning_rate': 0.03903419343667405, 'depth': 10, 'l2_leaf_reg': 3.149432396278396, 'subsample': 0.836512639078771}. Best is trial 164 with value: 0.22922231094238743.
2025-05-25 05:10:07,304 - function.util_logger2025-05-25-04.34.50 - INFO - Trial 363 finished with value: 0.23024201294984117 and parameters: {'learning_rate': 0.03863062902571296, 'depth': 10, 'l2_leaf_reg': 9.95083923438809, 'subsample': 0.7069106449229441}. Best is trial 164 with value: 0.22922231094238743.
2025-05-25 05:10:07,773 - function.util_logger2025-05-25-04.34.50 - INFO - Trial 359 finished with value: 0.2307646642417307 and parameters: {'learning_rate': 0.016583553789962645, 'depth': 9, 'l2_leaf_reg': 3.1352494279845398, 'subsample': 0.8397831567907835}. Best is trial 164 with value: 0.22922231094238743.
2025-05-25 05:10:08,708 - function.util_logger2025-05-25-04.34.50 - INFO - Trial 362 finished with value: 0.23053117493474082 and parameters: {'learning_rate': 0.038472689227500544, 'depth': 10, 'l2_leaf_reg': 1.9393542815472134e-06, 'subsample': 0.8579061110296984}. Best is trial 164 with value: 0.22922231094238743.
2025-05-25 05:10:16,253 - function.util_logger2025-05-25-04.34.50 - INFO - Trial 364 finished with value: 0.22977183409222768 and parameters: {'learning_rate': 0.0510214904242726, 'depth': 10, 'l2_leaf_reg': 9.93597798748127, 'subsample': 0.8582102748120602}. Best is trial 164 with value: 0.22922231094238743.
2025-05-25 05:10:16,751 - function.util_logger2025-05-25-04.34.50 - INFO - Trial 365 finished with value: 0.23039352788140408 and parameters: {'learning_rate': 0.04890202989104837, 'depth': 10, 'l2_leaf_reg': 7.0606325841843285, 'subsample': 0.8558742983818305}. Best is trial 164 with value: 0.22922231094238743.
2025-05-25 05:10:16,883 - function.util_logger2025-05-25-04.34.50 - INFO - Trial 366 finished with value: 0.2303430664973773 and parameters: {'learning_rate': 0.052404152940638, 'depth': 10, 'l2_leaf_reg': 2.928103303201167e-06, 'subsample': 0.8568646322169298}. Best is trial 164 with value: 0.22922231094238743.
2025-05-25 05:10:40,177 - function.util_logger2025-05-25-04.34.50 - INFO - Trial 367 finished with value: 0.23024499233694168 and parameters: {'learning_rate': 0.011116674507213653, 'depth': 10, 'l2_leaf_reg': 9.993136436163482, 'subsample': 0.6963796255494152}. Best is trial 164 with value: 0.22922231094238743.
2025-05-25 05:10:41,957 - function.util_logger2025-05-25-04.34.50 - INFO - Trial 368 finished with value: 0.23033367802064855 and parameters: {'learning_rate': 0.014293036702974899, 'depth': 10, 'l2_leaf_reg': 1.6090481569567834, 'subsample': 0.695831255448105}. Best is trial 164 with value: 0.22922231094238743.
2025-05-25 05:10:42,241 - function.util_logger2025-05-25-04.34.50 - INFO - Trial 370 finished with value: 0.2301754141420785 and parameters: {'learning_rate': 0.014541270301453565, 'depth': 10, 'l2_leaf_reg': 7.014633954425627, 'subsample': 0.6999177937113693}. Best is trial 164 with value: 0.22922231094238743.
2025-05-25 05:10:45,484 - function.util_logger2025-05-25-04.34.50 - INFO - Trial 369 finished with value: 0.229808796175106 and parameters: {'learning_rate': 0.015250597694935237, 'depth': 10, 'l2_leaf_reg': 6.733499227503759, 'subsample': 0.6965637731222672}. Best is trial 164 with value: 0.22922231094238743.
2025-05-25 05:10:56,742 - function.util_logger2025-05-25-04.34.50 - INFO - Trial 372 finished with value: 0.22995661183819469 and parameters: {'learning_rate': 0.03020425035143961, 'depth': 10, 'l2_leaf_reg': 4.610904094407305, 'subsample': 0.7144546068194638}. Best is trial 164 with value: 0.22922231094238743.
2025-05-25 05:11:04,022 - function.util_logger2025-05-25-04.34.50 - INFO - Trial 371 finished with value: 0.23043067781162624 and parameters: {'learning_rate': 0.014656657302704617, 'depth': 10, 'l2_leaf_reg': 1.538709767542328, 'subsample': 0.6766856564782266}. Best is trial 164 with value: 0.22922231094238743.
2025-05-25 05:11:07,012 - function.util_logger2025-05-25-04.34.50 - INFO - Trial 373 finished with value: 0.23027461430747387 and parameters: {'learning_rate': 0.015751054818839365, 'depth': 10, 'l2_leaf_reg': 4.4295344918348425, 'subsample': 0.7127265926240106}. Best is trial 164 with value: 0.22922231094238743.
2025-05-25 05:11:08,239 - function.util_logger2025-05-25-04.34.50 - INFO - Trial 374 finished with value: 0.23015868015014956 and parameters: {'learning_rate': 0.018997292421108286, 'depth': 10, 'l2_leaf_reg': 4.65692969782502, 'subsample': 0.7113186921365927}. Best is trial 164 with value: 0.22922231094238743.
2025-05-25 05:11:18,039 - function.util_logger2025-05-25-04.34.50 - INFO - Trial 375 finished with value: 0.23072293435344543 and parameters: {'learning_rate': 0.02127692455507134, 'depth': 10, 'l2_leaf_reg': 0.017588702675202524, 'subsample': 0.6702185074082639}. Best is trial 164 with value: 0.22922231094238743.
2025-05-25 05:11:19,758 - function.util_logger2025-05-25-04.34.50 - INFO - Trial 378 finished with value: 0.23077489035321933 and parameters: {'learning_rate': 0.04375178011299498, 'depth': 10, 'l2_leaf_reg': 2.4130468470611635, 'subsample': 0.6859628849281271}. Best is trial 164 with value: 0.22922231094238743.
2025-05-25 05:11:27,077 - function.util_logger2025-05-25-04.34.50 - INFO - Trial 376 finished with value: 0.22950553508265958 and parameters: {'learning_rate': 0.01801263037432376, 'depth': 10, 'l2_leaf_reg': 4.338112454899298, 'subsample': 0.8489721805405848}. Best is trial 164 with value: 0.22922231094238743.
2025-05-25 05:11:31,044 - function.util_logger2025-05-25-04.34.50 - INFO - Trial 377 finished with value: 0.23019147396650103 and parameters: {'learning_rate': 0.018510649184133317, 'depth': 10, 'l2_leaf_reg': 2.754599583029566, 'subsample': 0.6857249367151105}. Best is trial 164 with value: 0.22922231094238743.
2025-05-25 05:11:33,426 - function.util_logger2025-05-25-04.34.50 - INFO - Trial 379 finished with value: 0.22975222971901674 and parameters: {'learning_rate': 0.03565015667538359, 'depth': 10, 'l2_leaf_reg': 2.3512456813132623, 'subsample': 0.8109561025574871}. Best is trial 164 with value: 0.22922231094238743.
2025-05-25 05:11:41,178 - function.util_logger2025-05-25-04.34.50 - INFO - Trial 380 finished with value: 0.23014260354667493 and parameters: {'learning_rate': 0.017652018529461962, 'depth': 10, 'l2_leaf_reg': 6.939769832772643, 'subsample': 0.8498453405102961}. Best is trial 164 with value: 0.22922231094238743.
2025-05-25 05:11:42,685 - function.util_logger2025-05-25-04.34.50 - INFO - Trial 381 finished with value: 0.23048315553422838 and parameters: {'learning_rate': 0.02665938685703307, 'depth': 10, 'l2_leaf_reg': 2.7615027355714785, 'subsample': 0.8458218431178803}. Best is trial 164 with value: 0.22922231094238743.
2025-05-25 05:12:00,736 - function.util_logger2025-05-25-04.34.50 - INFO - Trial 382 finished with value: 0.23001938625992807 and parameters: {'learning_rate': 0.012610272529281942, 'depth': 10, 'l2_leaf_reg': 3.350689379346144, 'subsample': 0.8470644277714391}. Best is trial 164 with value: 0.22922231094238743.
2025-05-25 05:12:06,018 - function.util_logger2025-05-25-04.34.50 - INFO - Trial 383 finished with value: 0.23025780345771105 and parameters: {'learning_rate': 0.012197455052131411, 'depth': 10, 'l2_leaf_reg': 3.9727618139515104, 'subsample': 0.8493853162804541}. Best is trial 164 with value: 0.22922231094238743.
2025-05-25 05:12:09,644 - function.util_logger2025-05-25-04.34.50 - INFO - Trial 384 finished with value: 0.2300195597650168 and parameters: {'learning_rate': 0.013341183355261896, 'depth': 10, 'l2_leaf_reg': 3.6251309704810764, 'subsample': 0.8452677841722305}. Best is trial 164 with value: 0.22922231094238743.
2025-05-25 05:12:11,665 - function.util_logger2025-05-25-04.34.50 - INFO - Trial 385 finished with value: 0.23086710552141154 and parameters: {'learning_rate': 0.012186696865170325, 'depth': 10, 'l2_leaf_reg': 7.933889723623063e-05, 'subsample': 0.8634643729214128}. Best is trial 164 with value: 0.22922231094238743.
2025-05-25 05:12:23,947 - function.util_logger2025-05-25-04.34.50 - INFO - Trial 388 finished with value: 0.23057202114180447 and parameters: {'learning_rate': 0.032030416893431446, 'depth': 10, 'l2_leaf_reg': 6.443346059601435, 'subsample': 0.8681634581500985}. Best is trial 164 with value: 0.22922231094238743.
2025-05-25 05:12:30,174 - function.util_logger2025-05-25-04.34.50 - INFO - Trial 386 finished with value: 0.2305649463254212 and parameters: {'learning_rate': 0.010558650109204537, 'depth': 10, 'l2_leaf_reg': 4.638919758805712, 'subsample': 0.8404241264231885}. Best is trial 164 with value: 0.22922231094238743.
2025-05-25 05:12:32,135 - function.util_logger2025-05-25-04.34.50 - INFO - Trial 387 finished with value: 0.22994005095477568 and parameters: {'learning_rate': 0.013615154381074098, 'depth': 10, 'l2_leaf_reg': 6.646222268658248, 'subsample': 0.84114795930251}. Best is trial 164 with value: 0.22922231094238743.
2025-05-25 05:12:36,709 - function.util_logger2025-05-25-04.34.50 - INFO - Trial 389 finished with value: 0.2301295990312648 and parameters: {'learning_rate': 0.016393656446534233, 'depth': 10, 'l2_leaf_reg': 6.520817042796654, 'subsample': 0.8336796570992262}. Best is trial 164 with value: 0.22922231094238743.
2025-05-25 05:12:48,567 - function.util_logger2025-05-25-04.34.50 - INFO - Trial 393 finished with value: 0.22997808797456093 and parameters: {'learning_rate': 0.04239324438896658, 'depth': 10, 'l2_leaf_reg': 7.167535671719994, 'subsample': 0.7016179561594333}. Best is trial 164 with value: 0.22922231094238743.
2025-05-25 05:12:55,509 - function.util_logger2025-05-25-04.34.50 - INFO - Trial 391 finished with value: 0.2299720585421853 and parameters: {'learning_rate': 0.01661061779330043, 'depth': 10, 'l2_leaf_reg': 6.935020538379376, 'subsample': 0.8314970549235506}. Best is trial 164 with value: 0.22922231094238743.
2025-05-25 05:12:58,326 - function.util_logger2025-05-25-04.34.50 - INFO - Trial 392 finished with value: 0.2297566680948795 and parameters: {'learning_rate': 0.0163547411652498, 'depth': 10, 'l2_leaf_reg': 6.849170073105959, 'subsample': 0.7587284708293466}. Best is trial 164 with value: 0.22922231094238743.
2025-05-25 05:12:59,943 - function.util_logger2025-05-25-04.34.50 - INFO - Trial 390 finished with value: 0.2304695827009236 and parameters: {'learning_rate': 0.00982519650107119, 'depth': 10, 'l2_leaf_reg': 6.798650771773561, 'subsample': 0.8317425081014047}. Best is trial 164 with value: 0.22922231094238743.
2025-05-25 05:13:07,602 - function.util_logger2025-05-25-04.34.50 - INFO - Trial 394 finished with value: 0.22993136996067406 and parameters: {'learning_rate': 0.02100721392885024, 'depth': 10, 'l2_leaf_reg': 9.802905943834064, 'subsample': 0.7059771927806704}. Best is trial 164 with value: 0.22922231094238743.
2025-05-25 05:13:15,107 - function.util_logger2025-05-25-04.34.50 - INFO - Trial 395 finished with value: 0.2301403099601957 and parameters: {'learning_rate': 0.02084077368961215, 'depth': 10, 'l2_leaf_reg': 1.9061495063546, 'subsample': 0.8668559516772869}. Best is trial 164 with value: 0.22922231094238743.
2025-05-25 05:13:16,412 - function.util_logger2025-05-25-04.34.50 - INFO - Trial 396 finished with value: 0.22987013549470783 and parameters: {'learning_rate': 0.021958071142782806, 'depth': 10, 'l2_leaf_reg': 9.992135548633001, 'subsample': 0.8647214813595314}. Best is trial 164 with value: 0.22922231094238743.
2025-05-25 05:13:18,919 - function.util_logger2025-05-25-04.34.50 - INFO - Trial 398 finished with value: 0.23095143972299365 and parameters: {'learning_rate': 0.037405803574780766, 'depth': 10, 'l2_leaf_reg': 1.9422070599778658, 'subsample': 0.8679508850025335}. Best is trial 164 with value: 0.22922231094238743.
2025-05-25 05:13:20,314 - function.util_logger2025-05-25-04.34.50 - INFO - Trial 397 finished with value: 0.2304792535961683 and parameters: {'learning_rate': 0.021306613600976274, 'depth': 10, 'l2_leaf_reg': 1.9314279725152084, 'subsample': 0.7072116616637432}. Best is trial 164 with value: 0.22922231094238743.
2025-05-25 05:13:26,778 - function.util_logger2025-05-25-04.34.50 - INFO - Trial 399 finished with value: 0.2300839092867033 and parameters: {'learning_rate': 0.036840894379621146, 'depth': 10, 'l2_leaf_reg': 4.4116510851381365, 'subsample': 0.8013188567441568}. Best is trial 164 with value: 0.22922231094238743.
2025-05-25 05:13:28,504 - function.util_logger2025-05-25-04.34.50 - INFO - Trial 400 finished with value: 0.2302359076155967 and parameters: {'learning_rate': 0.0358132311444511, 'depth': 10, 'l2_leaf_reg': 4.666095925416033, 'subsample': 0.8529430129022479}. Best is trial 164 with value: 0.22922231094238743.
2025-05-25 05:13:36,346 - function.util_logger2025-05-25-04.34.50 - INFO - Trial 402 finished with value: 0.23029533227837967 and parameters: {'learning_rate': 0.02965283783759885, 'depth': 10, 'l2_leaf_reg': 4.406292928546983, 'subsample': 0.7251741703547046}. Best is trial 164 with value: 0.22922231094238743.
2025-05-25 05:13:37,239 - function.util_logger2025-05-25-04.34.50 - INFO - Trial 401 finished with value: 0.22987089775415406 and parameters: {'learning_rate': 0.02441881553870756, 'depth': 10, 'l2_leaf_reg': 4.397278018990366, 'subsample': 0.730408053336929}. Best is trial 164 with value: 0.22922231094238743.
2025-05-25 05:13:42,637 - function.util_logger2025-05-25-04.34.50 - INFO - Trial 403 finished with value: 0.23069674690123315 and parameters: {'learning_rate': 0.026322385940734792, 'depth': 10, 'l2_leaf_reg': 4.598527928755287, 'subsample': 0.740090059761692}. Best is trial 164 with value: 0.22922231094238743.
2025-05-25 05:13:47,770 - function.util_logger2025-05-25-04.34.50 - INFO - Trial 404 finished with value: 0.23011343866551598 and parameters: {'learning_rate': 0.02505169473747262, 'depth': 10, 'l2_leaf_reg': 3.502710088596143, 'subsample': 0.691675333480136}. Best is trial 164 with value: 0.22922231094238743.
2025-05-25 05:14:00,670 - function.util_logger2025-05-25-04.34.50 - INFO - Trial 405 finished with value: 0.2301140770212496 and parameters: {'learning_rate': 0.015066769569999586, 'depth': 10, 'l2_leaf_reg': 3.409382970436302, 'subsample': 0.6920743993781654}. Best is trial 164 with value: 0.22922231094238743.
2025-05-25 05:14:10,647 - function.util_logger2025-05-25-04.34.50 - INFO - Trial 407 finished with value: 0.2306620543000839 and parameters: {'learning_rate': 0.014497610751609729, 'depth': 10, 'l2_leaf_reg': 1.1163504825001618e-07, 'subsample': 0.6907897797417878}. Best is trial 164 with value: 0.22922231094238743.
2025-05-25 05:14:17,511 - function.util_logger2025-05-25-04.34.50 - INFO - Trial 408 finished with value: 0.23050833618576597 and parameters: {'learning_rate': 0.01466798089069832, 'depth': 10, 'l2_leaf_reg': 1.0947275036069662e-07, 'subsample': 0.8546362693951287}. Best is trial 164 with value: 0.22922231094238743.
2025-05-25 05:14:20,569 - function.util_logger2025-05-25-04.34.50 - INFO - Trial 410 finished with value: 0.23004264717257708 and parameters: {'learning_rate': 0.045382928798120496, 'depth': 10, 'l2_leaf_reg': 6.702722847587914, 'subsample': 0.8554841978634496}. Best is trial 164 with value: 0.22922231094238743.
2025-05-25 05:14:22,628 - function.util_logger2025-05-25-04.34.50 - INFO - Trial 409 finished with value: 0.2298092442686333 and parameters: {'learning_rate': 0.017999675545864197, 'depth': 10, 'l2_leaf_reg': 7.115062904995821, 'subsample': 0.8569031043640291}. Best is trial 164 with value: 0.22922231094238743.
2025-05-25 05:14:32,619 - function.util_logger2025-05-25-04.34.50 - INFO - Trial 406 finished with value: 0.229884994610136 and parameters: {'learning_rate': 0.006400636389794624, 'depth': 10, 'l2_leaf_reg': 9.929936087199005, 'subsample': 0.694110603067713}. Best is trial 164 with value: 0.22922231094238743.
2025-05-25 05:14:37,012 - function.util_logger2025-05-25-04.34.50 - INFO - Trial 412 finished with value: 0.23056274886941833 and parameters: {'learning_rate': 0.018062946199997633, 'depth': 9, 'l2_leaf_reg': 9.806859935439544, 'subsample': 0.6784432496536333}. Best is trial 164 with value: 0.22922231094238743.
2025-05-25 05:14:41,514 - function.util_logger2025-05-25-04.34.50 - INFO - Trial 411 finished with value: 0.22942163681193922 and parameters: {'learning_rate': 0.018051804854843794, 'depth': 10, 'l2_leaf_reg': 9.997883236437628, 'subsample': 0.7184032145597052}. Best is trial 164 with value: 0.22922231094238743.
2025-05-25 05:14:47,843 - function.util_logger2025-05-25-04.34.50 - INFO - Trial 413 finished with value: 0.22996587228589327 and parameters: {'learning_rate': 0.016722054323119, 'depth': 10, 'l2_leaf_reg': 9.925865437784148, 'subsample': 0.7126390392930406}. Best is trial 164 with value: 0.22922231094238743.
2025-05-25 05:14:51,415 - function.util_logger2025-05-25-04.34.50 - INFO - Trial 415 finished with value: 0.2297356647284164 and parameters: {'learning_rate': 0.03219198990095591, 'depth': 10, 'l2_leaf_reg': 5.375426158331859, 'subsample': 0.7137875249215859}. Best is trial 164 with value: 0.22922231094238743.
2025-05-25 05:14:55,291 - function.util_logger2025-05-25-04.34.50 - INFO - Trial 416 finished with value: 0.22998525121518415 and parameters: {'learning_rate': 0.032142832672606814, 'depth': 10, 'l2_leaf_reg': 5.4714101045444465, 'subsample': 0.7234091139701143}. Best is trial 164 with value: 0.22922231094238743.
2025-05-25 05:14:58,098 - function.util_logger2025-05-25-04.34.50 - INFO - Trial 414 finished with value: 0.22986200300104226 and parameters: {'learning_rate': 0.016577093535078507, 'depth': 10, 'l2_leaf_reg': 9.736279140537526, 'subsample': 0.8746544761792479}. Best is trial 164 with value: 0.22922231094238743.
2025-05-25 05:15:04,854 - function.util_logger2025-05-25-04.34.50 - INFO - Trial 417 finished with value: 0.22951520175855591 and parameters: {'learning_rate': 0.029884152074361705, 'depth': 10, 'l2_leaf_reg': 5.25225346025338, 'subsample': 0.7173619807922524}. Best is trial 164 with value: 0.22922231094238743.
2025-05-25 05:15:08,873 - function.util_logger2025-05-25-04.34.50 - INFO - Trial 418 finished with value: 0.2306080131051186 and parameters: {'learning_rate': 0.01940127010199226, 'depth': 10, 'l2_leaf_reg': 2.8384200126912815, 'subsample': 0.7225681210142495}. Best is trial 164 with value: 0.22922231094238743.
2025-05-25 05:15:14,540 - function.util_logger2025-05-25-04.34.50 - INFO - Trial 419 finished with value: 0.23031593487753224 and parameters: {'learning_rate': 0.018937795706112412, 'depth': 10, 'l2_leaf_reg': 2.7042229664808772, 'subsample': 0.7205719411146598}. Best is trial 164 with value: 0.22922231094238743.
