2025-05-25 04:43:25,780 - function.util_logger2025-05-25-04.34.50 - INFO - Trial 69 finished with value: 0.23134539021372716 and parameters: {'learning_rate': 0.11308103926627625, 'depth': 10, 'l2_leaf_reg': 0.3587277902194846, 'subsample': 0.8963569956885974}. Best is trial 59 with value: 0.22974961410634434.
2025-05-25 04:43:27,929 - function.util_logger2025-05-25-04.34.50 - INFO - Trial 70 finished with value: 0.23065047040275038 and parameters: {'learning_rate': 0.10553071933663682, 'depth': 10, 'l2_leaf_reg': 0.00012750469460881268, 'subsample': 0.8970471140281787}. Best is trial 59 with value: 0.22974961410634434.
2025-05-25 04:43:34,814 - function.util_logger2025-05-25-04.34.50 - INFO - Trial 73 finished with value: 0.23097375007741094 and parameters: {'learning_rate': 0.019562800069581106, 'depth': 8, 'l2_leaf_reg': 5.147518285267475, 'subsample': 0.7792949166660028}. Best is trial 59 with value: 0.22974961410634434.
2025-05-25 04:43:41,909 - function.util_logger2025-05-25-04.34.50 - INFO - Trial 71 finished with value: 0.23036619690120444 and parameters: {'learning_rate': 0.018270618217881597, 'depth': 10, 'l2_leaf_reg': 0.35007497750937744, 'subsample': 0.8822068472786091}. Best is trial 59 with value: 0.22974961410634434.
2025-05-25 04:44:29,517 - function.util_logger2025-05-25-04.34.50 - INFO - Trial 75 finished with value: 0.23007788812964405 and parameters: {'learning_rate': 0.005553253000685205, 'depth': 10, 'l2_leaf_reg': 5.640228271329258, 'subsample': 0.6171997397132566}. Best is trial 59 with value: 0.22974961410634434.
2025-05-25 04:44:44,954 - function.util_logger2025-05-25-04.34.50 - INFO - Trial 76 finished with value: 0.23034018507375936 and parameters: {'learning_rate': 0.005404753589991411, 'depth': 10, 'l2_leaf_reg': 0.12923698726774466, 'subsample': 0.6233093665634848}. Best is trial 59 with value: 0.22974961410634434.
2025-05-25 04:44:45,054 - function.util_logger2025-05-25-04.34.50 - INFO - Trial 77 finished with value: 0.23052701969228456 and parameters: {'learning_rate': 0.005446429432454164, 'depth': 10, 'l2_leaf_reg': 0.1298527721359819, 'subsample': 0.6195889474983215}. Best is trial 59 with value: 0.22974961410634434.
2025-05-25 04:44:51,055 - function.util_logger2025-05-25-04.34.50 - INFO - Trial 74 finished with value: 0.2303844372941306 and parameters: {'learning_rate': 0.004280397633882813, 'depth': 10, 'l2_leaf_reg': 0.13811609571270533, 'subsample': 0.7221614357614711}. Best is trial 59 with value: 0.22974961410634434.
2025-05-25 04:45:06,123 - function.util_logger2025-05-25-04.34.50 - INFO - Trial 78 finished with value: 0.2304420098013013 and parameters: {'learning_rate': 0.010609846158654974, 'depth': 10, 'l2_leaf_reg': 0.1685948260214545, 'subsample': 0.6185648607691123}. Best is trial 59 with value: 0.22974961410634434.
2025-05-25 04:45:17,751 - function.util_logger2025-05-25-04.34.50 - INFO - Trial 80 finished with value: 0.2306024454180713 and parameters: {'learning_rate': 0.009992969741322038, 'depth': 10, 'l2_leaf_reg': 1.5889415341737878, 'subsample': 0.72178601093755}. Best is trial 59 with value: 0.22974961410634434.
2025-05-25 04:45:21,293 - function.util_logger2025-05-25-04.34.50 - INFO - Trial 82 finished with value: 0.23012514656218208 and parameters: {'learning_rate': 0.026737672442908395, 'depth': 10, 'l2_leaf_reg': 5.81717013190915, 'subsample': 0.6580830709282235}. Best is trial 59 with value: 0.22974961410634434.
2025-05-25 04:45:23,039 - function.util_logger2025-05-25-04.34.50 - INFO - Trial 83 finished with value: 0.23130969984812175 and parameters: {'learning_rate': 0.05203381164247968, 'depth': 8, 'l2_leaf_reg': 5.936806997047316, 'subsample': 0.6529664300325941}. Best is trial 59 with value: 0.22974961410634434.
2025-05-25 04:45:23,053 - function.util_logger2025-05-25-04.34.50 - INFO - Trial 79 finished with value: 0.23023198164457997 and parameters: {'learning_rate': 0.009442790835708701, 'depth': 10, 'l2_leaf_reg': 1.8937622306101087, 'subsample': 0.7200601700892098}. Best is trial 59 with value: 0.22974961410634434.
2025-05-25 04:45:24,608 - function.util_logger2025-05-25-04.34.50 - INFO - Trial 81 finished with value: 0.2306293071994337 and parameters: {'learning_rate': 0.010579734141782999, 'depth': 10, 'l2_leaf_reg': 1.9639988478869628, 'subsample': 0.6499091688006658}. Best is trial 59 with value: 0.22974961410634434.
2025-05-25 04:45:28,857 - function.util_logger2025-05-25-04.34.50 - INFO - Trial 84 finished with value: 0.23098993515078686 and parameters: {'learning_rate': 0.05439642561901122, 'depth': 10, 'l2_leaf_reg': 6.407211489085388, 'subsample': 0.6535872976683013}. Best is trial 59 with value: 0.22974961410634434.
2025-05-25 04:45:49,568 - function.util_logger2025-05-25-04.34.50 - INFO - Trial 85 finished with value: 0.2306664564784104 and parameters: {'learning_rate': 0.013656584174002291, 'depth': 10, 'l2_leaf_reg': 2.1834571763610087, 'subsample': 0.6066100132302524}. Best is trial 59 with value: 0.22974961410634434.
2025-05-25 04:45:50,112 - function.util_logger2025-05-25-04.34.50 - INFO - Trial 86 finished with value: 0.23049258457306454 and parameters: {'learning_rate': 0.012506357292267196, 'depth': 10, 'l2_leaf_reg': 6.027408190847615, 'subsample': 0.7599517733695716}. Best is trial 59 with value: 0.22974961410634434.
2025-05-25 04:45:53,914 - function.util_logger2025-05-25-04.34.50 - INFO - Trial 87 finished with value: 0.23090822193908084 and parameters: {'learning_rate': 0.013152673742607979, 'depth': 10, 'l2_leaf_reg': 0.8401866461452906, 'subsample': 0.7066211483534691}. Best is trial 59 with value: 0.22974961410634434.
2025-05-25 04:45:56,125 - function.util_logger2025-05-25-04.34.50 - INFO - Trial 89 finished with value: 0.2303218142969346 and parameters: {'learning_rate': 0.07622542031360856, 'depth': 10, 'l2_leaf_reg': 0.6949489595807298, 'subsample': 0.7110331512691377}. Best is trial 59 with value: 0.22974961410634434.
2025-05-25 04:45:58,639 - function.util_logger2025-05-25-04.34.50 - INFO - Trial 88 finished with value: 0.23069539222617066 and parameters: {'learning_rate': 0.012677901295070472, 'depth': 10, 'l2_leaf_reg': 0.8693972174393855, 'subsample': 0.6044991991588611}. Best is trial 59 with value: 0.22974961410634434.
2025-05-25 04:46:11,286 - function.util_logger2025-05-25-04.34.50 - INFO - Trial 93 finished with value: 0.23352341863676776 and parameters: {'learning_rate': 0.008790250510562378, 'depth': 5, 'l2_leaf_reg': 0.045974878617235176, 'subsample': 0.6854756569270855}. Best is trial 59 with value: 0.22974961410634434.
2025-05-25 04:46:14,057 - function.util_logger2025-05-25-04.34.50 - INFO - Trial 90 finished with value: 0.23064978597211083 and parameters: {'learning_rate': 0.016028467858332805, 'depth': 10, 'l2_leaf_reg': 0.9265624524767299, 'subsample': 0.7056914006177379}. Best is trial 59 with value: 0.22974961410634434.
2025-05-25 04:46:18,582 - function.util_logger2025-05-25-04.34.50 - INFO - Trial 92 finished with value: 0.23024575747936593 and parameters: {'learning_rate': 0.015913396488478223, 'depth': 10, 'l2_leaf_reg': 4.093656878821986, 'subsample': 0.6849525256563743}. Best is trial 59 with value: 0.22974961410634434.
2025-05-25 04:46:20,375 - function.util_logger2025-05-25-04.34.50 - INFO - Trial 91 finished with value: 0.23001709732604425 and parameters: {'learning_rate': 0.015949171433465654, 'depth': 10, 'l2_leaf_reg': 0.7636126730030846, 'subsample': 0.6806472094143599}. Best is trial 59 with value: 0.22974961410634434.
2025-05-25 04:46:27,525 - function.util_logger2025-05-25-04.34.50 - INFO - Trial 95 finished with value: 0.23076929937262664 and parameters: {'learning_rate': 0.02516673949986164, 'depth': 9, 'l2_leaf_reg': 3.217689659539661, 'subsample': 0.6772971225141816}. Best is trial 59 with value: 0.22974961410634434.
2025-05-25 04:46:28,735 - function.util_logger2025-05-25-04.34.50 - INFO - Trial 94 finished with value: 0.23068184777918282 and parameters: {'learning_rate': 0.015341014623273114, 'depth': 9, 'l2_leaf_reg': 3.4587719923663416, 'subsample': 0.6650179920749625}. Best is trial 59 with value: 0.22974961410634434.
2025-05-25 04:46:36,719 - function.util_logger2025-05-25-04.34.50 - INFO - Trial 96 finished with value: 0.23016183591898026 and parameters: {'learning_rate': 0.02667484336703118, 'depth': 10, 'l2_leaf_reg': 3.6293601629073073, 'subsample': 0.6758288482285495}. Best is trial 59 with value: 0.22974961410634434.
2025-05-25 04:46:38,533 - function.util_logger2025-05-25-04.34.50 - INFO - Trial 97 finished with value: 0.2308703002837956 and parameters: {'learning_rate': 0.023849928628769123, 'depth': 10, 'l2_leaf_reg': 0.2624934403689632, 'subsample': 0.6748762677302669}. Best is trial 59 with value: 0.22974961410634434.
2025-05-25 04:46:45,625 - function.util_logger2025-05-25-04.34.50 - INFO - Trial 99 finished with value: 0.23074299343311364 and parameters: {'learning_rate': 0.02368692914213956, 'depth': 10, 'l2_leaf_reg': 0.45623712346121154, 'subsample': 0.6713774532411731}. Best is trial 59 with value: 0.22974961410634434.
2025-05-25 04:46:50,483 - function.util_logger2025-05-25-04.34.50 - INFO - Trial 102 finished with value: 0.23079563089557414 and parameters: {'learning_rate': 0.14178333355248657, 'depth': 10, 'l2_leaf_reg': 7.431871232967175, 'subsample': 0.6942140925176584}. Best is trial 59 with value: 0.22974961410634434.
2025-05-25 04:46:55,465 - function.util_logger2025-05-25-04.34.50 - INFO - Trial 98 finished with value: 0.23044282163966598 and parameters: {'learning_rate': 0.015487213795071597, 'depth': 10, 'l2_leaf_reg': 0.212326334832312, 'subsample': 0.6608914427705462}. Best is trial 59 with value: 0.22974961410634434.
2025-05-25 04:46:57,578 - function.util_logger2025-05-25-04.34.50 - INFO - Trial 100 finished with value: 0.23001649096552684 and parameters: {'learning_rate': 0.0230323522764976, 'depth': 10, 'l2_leaf_reg': 0.20682431459831857, 'subsample': 0.6714259309226466}. Best is trial 59 with value: 0.22974961410634434.
2025-05-25 04:46:59,794 - function.util_logger2025-05-25-04.34.50 - INFO - Trial 103 finished with value: 0.23064711561937484 and parameters: {'learning_rate': 0.036726637394911575, 'depth': 10, 'l2_leaf_reg': 1.7819372251281906, 'subsample': 0.6395511990890835}. Best is trial 59 with value: 0.22974961410634434.
2025-05-25 04:47:10,775 - function.util_logger2025-05-25-04.34.50 - INFO - Trial 105 finished with value: 0.23074466352826972 and parameters: {'learning_rate': 0.028128804401727978, 'depth': 10, 'l2_leaf_reg': 1.7398991037611435, 'subsample': 0.6394541706633555}. Best is trial 59 with value: 0.22974961410634434.
2025-05-25 04:47:14,067 - function.util_logger2025-05-25-04.34.50 - INFO - Trial 106 finished with value: 0.23191805264856521 and parameters: {'learning_rate': 0.027013168439517215, 'depth': 10, 'l2_leaf_reg': 0.04895484918127748, 'subsample': 0.6129134923413881}. Best is trial 59 with value: 0.22974961410634434.
2025-05-25 04:47:30,422 - function.util_logger2025-05-25-04.34.50 - INFO - Trial 107 finished with value: 0.23127109893456937 and parameters: {'learning_rate': 0.019038373579481727, 'depth': 10, 'l2_leaf_reg': 0.015120633460697995, 'subsample': 0.6986439966930207}. Best is trial 59 with value: 0.22974961410634434.
2025-05-25 04:47:37,651 - function.util_logger2025-05-25-04.34.50 - INFO - Trial 108 finished with value: 0.23025960787843106 and parameters: {'learning_rate': 0.0188529774743897, 'depth': 10, 'l2_leaf_reg': 1.153288755269509, 'subsample': 0.6295749737553331}. Best is trial 59 with value: 0.22974961410634434.
2025-05-25 04:48:17,108 - function.util_logger2025-05-25-04.34.50 - INFO - Trial 101 finished with value: 0.23079406575364608 and parameters: {'learning_rate': 0.0031246375099512965, 'depth': 10, 'l2_leaf_reg': 0.42574022899255404, 'subsample': 0.6981289966476845}. Best is trial 59 with value: 0.22974961410634434.
2025-05-25 04:48:28,933 - function.util_logger2025-05-25-04.34.50 - INFO - Trial 111 finished with value: 0.2299934126629219 and parameters: {'learning_rate': 0.037161608455720634, 'depth': 10, 'l2_leaf_reg': 9.999571658143593, 'subsample': 0.7285883899426656}. Best is trial 59 with value: 0.22974961410634434.
2025-05-25 04:48:41,892 - function.util_logger2025-05-25-04.34.50 - INFO - Trial 112 finished with value: 0.23091144449162684 and parameters: {'learning_rate': 0.03711688920581092, 'depth': 10, 'l2_leaf_reg': 0.0033612232761172345, 'subsample': 0.6584078682543615}. Best is trial 59 with value: 0.22974961410634434.
2025-05-25 04:48:45,691 - function.util_logger2025-05-25-04.34.50 - INFO - Trial 113 finished with value: 0.23166249116088505 and parameters: {'learning_rate': 0.220813123606539, 'depth': 10, 'l2_leaf_reg': 9.801936138276488, 'subsample': 0.7271049195335753}. Best is trial 59 with value: 0.22974961410634434.
2025-05-25 04:48:49,032 - function.util_logger2025-05-25-04.34.50 - INFO - Trial 104 finished with value: 0.23026702045773653 and parameters: {'learning_rate': 0.003142126003478921, 'depth': 10, 'l2_leaf_reg': 1.930035942772922, 'subsample': 0.6883041706203494}. Best is trial 59 with value: 0.22974961410634434.
2025-05-25 04:49:08,508 - function.util_logger2025-05-25-04.34.50 - INFO - Trial 115 finished with value: 0.23060061654365774 and parameters: {'learning_rate': 0.02107401806618393, 'depth': 10, 'l2_leaf_reg': 5.290705169685092, 'subsample': 0.7530178722536734}. Best is trial 59 with value: 0.22974961410634434.
2025-05-25 04:49:16,564 - function.util_logger2025-05-25-04.34.50 - INFO - Trial 116 finished with value: 0.23018546444347274 and parameters: {'learning_rate': 0.08373550679220042, 'depth': 10, 'l2_leaf_reg': 2.662992753207064, 'subsample': 0.72909710140421}. Best is trial 59 with value: 0.22974961410634434.
2025-05-25 04:49:22,599 - function.util_logger2025-05-25-04.34.50 - INFO - Trial 117 finished with value: 0.2303857711622605 and parameters: {'learning_rate': 0.08813087908602348, 'depth': 10, 'l2_leaf_reg': 7.191568533897303, 'subsample': 0.667943458785192}. Best is trial 59 with value: 0.22974961410634434.
2025-05-25 04:49:27,167 - function.util_logger2025-05-25-04.34.50 - INFO - Trial 110 finished with value: 0.2302605329821974 and parameters: {'learning_rate': 0.0032302047980092116, 'depth': 10, 'l2_leaf_reg': 2.417500407342491, 'subsample': 0.7270524236049198}. Best is trial 59 with value: 0.22974961410634434.
2025-05-25 04:49:27,491 - function.util_logger2025-05-25-04.34.50 - INFO - Trial 118 finished with value: 0.23000973250033446 and parameters: {'learning_rate': 0.1356197606437861, 'depth': 10, 'l2_leaf_reg': 4.823826874711625, 'subsample': 0.7323600373506742}. Best is trial 59 with value: 0.22974961410634434.
2025-05-25 04:49:27,861 - function.util_logger2025-05-25-04.34.50 - INFO - Trial 109 finished with value: 0.23072343432317358 and parameters: {'learning_rate': 0.0028478757115956896, 'depth': 10, 'l2_leaf_reg': 0.002179478706908417, 'subsample': 0.629578976787007}. Best is trial 59 with value: 0.22974961410634434.
2025-05-25 04:49:28,513 - function.util_logger2025-05-25-04.34.50 - INFO - Trial 120 finished with value: 0.23400478697915492 and parameters: {'learning_rate': 0.16527637375957976, 'depth': 4, 'l2_leaf_reg': 5.985140171291961e-08, 'subsample': 0.6289328668690013}. Best is trial 59 with value: 0.22974961410634434.
2025-05-25 04:49:29,057 - function.util_logger2025-05-25-04.34.50 - INFO - Trial 121 finished with value: 0.23260066190517215 and parameters: {'learning_rate': 0.15859987620714033, 'depth': 4, 'l2_leaf_reg': 4.655392285411202, 'subsample': 0.680004957137534}. Best is trial 59 with value: 0.22974961410634434.
2025-05-25 04:49:30,835 - function.util_logger2025-05-25-04.34.50 - INFO - Trial 114 finished with value: 0.2303704481111402 and parameters: {'learning_rate': 0.0076278033565294326, 'depth': 10, 'l2_leaf_reg': 2.3211126811664364, 'subsample': 0.6801265480369713}. Best is trial 59 with value: 0.22974961410634434.
2025-05-25 04:49:32,789 - function.util_logger2025-05-25-04.34.50 - INFO - Trial 122 finished with value: 0.23151183184202845 and parameters: {'learning_rate': 0.12755939483056394, 'depth': 10, 'l2_leaf_reg': 4.8050021148153625, 'subsample': 0.6791026758258143}. Best is trial 59 with value: 0.22974961410634434.
2025-05-25 04:49:32,859 - function.util_logger2025-05-25-04.34.50 - INFO - Trial 119 finished with value: 0.23177691456652783 and parameters: {'learning_rate': 0.09100657559824542, 'depth': 10, 'l2_leaf_reg': 0.5529112816445002, 'subsample': 0.6460967422208875}. Best is trial 59 with value: 0.22974961410634434.
2025-05-25 04:49:35,480 - function.util_logger2025-05-25-04.34.50 - INFO - Trial 123 finished with value: 0.23067287320863575 and parameters: {'learning_rate': 0.0924515857472114, 'depth': 10, 'l2_leaf_reg': 1.1737373550129966, 'subsample': 0.8193181994287291}. Best is trial 59 with value: 0.22974961410634434.
2025-05-25 04:49:37,161 - function.util_logger2025-05-25-04.34.50 - INFO - Trial 126 finished with value: 0.2308237371624986 and parameters: {'learning_rate': 0.09534559928381767, 'depth': 10, 'l2_leaf_reg': 1.030948020067773, 'subsample': 0.733038073061375}. Best is trial 59 with value: 0.22974961410634434.
2025-05-25 04:49:37,694 - function.util_logger2025-05-25-04.34.50 - INFO - Trial 124 finished with value: 0.2303354858605155 and parameters: {'learning_rate': 0.0957825167885892, 'depth': 10, 'l2_leaf_reg': 9.94264241824866, 'subsample': 0.7358262862895536}. Best is trial 59 with value: 0.22974961410634434.
2025-05-25 04:49:37,740 - function.util_logger2025-05-25-04.34.50 - INFO - Trial 125 finished with value: 0.2314483266426684 and parameters: {'learning_rate': 0.09512589713489918, 'depth': 10, 'l2_leaf_reg': 8.198929106084947, 'subsample': 0.7333853270728496}. Best is trial 59 with value: 0.22974961410634434.
2025-05-25 04:49:42,314 - function.util_logger2025-05-25-04.34.50 - INFO - Trial 127 finished with value: 0.2304112469700194 and parameters: {'learning_rate': 0.07331741831144012, 'depth': 10, 'l2_leaf_reg': 9.281201307820508, 'subsample': 0.7317928732139546}. Best is trial 59 with value: 0.22974961410634434.
2025-05-25 04:49:43,277 - function.util_logger2025-05-25-04.34.50 - INFO - Trial 128 finished with value: 0.23019067326993264 and parameters: {'learning_rate': 0.0796761302390513, 'depth': 10, 'l2_leaf_reg': 9.139923781573055, 'subsample': 0.7126759214786503}. Best is trial 59 with value: 0.22974961410634434.
2025-05-25 04:49:43,561 - function.util_logger2025-05-25-04.34.50 - INFO - Trial 130 finished with value: 0.2306190794270046 and parameters: {'learning_rate': 0.07562760318944495, 'depth': 10, 'l2_leaf_reg': 3.92114416846969, 'subsample': 0.6105651102696813}. Best is trial 59 with value: 0.22974961410634434.
2025-05-25 04:49:44,940 - function.util_logger2025-05-25-04.34.50 - INFO - Trial 129 finished with value: 0.23081595927355622 and parameters: {'learning_rate': 0.07312320154205018, 'depth': 10, 'l2_leaf_reg': 0.07887888772044713, 'subsample': 0.6002069420730884}. Best is trial 59 with value: 0.22974961410634434.
2025-05-25 04:49:45,703 - function.util_logger2025-05-25-04.34.50 - INFO - Trial 131 finished with value: 0.23234470042052316 and parameters: {'learning_rate': 0.04901852011666087, 'depth': 5, 'l2_leaf_reg': 3.052444338335421, 'subsample': 0.6010006182308218}. Best is trial 59 with value: 0.22974961410634434.
2025-05-25 04:49:50,075 - function.util_logger2025-05-25-04.34.50 - INFO - Trial 133 finished with value: 0.2307635980237482 and parameters: {'learning_rate': 0.05815696714386235, 'depth': 9, 'l2_leaf_reg': 0.09735675089380767, 'subsample': 0.656370356386258}. Best is trial 59 with value: 0.22974961410634434.
2025-05-25 04:49:51,817 - function.util_logger2025-05-25-04.34.50 - INFO - Trial 132 finished with value: 0.23069756445542935 and parameters: {'learning_rate': 0.033171205626830604, 'depth': 9, 'l2_leaf_reg': 3.1071964495826, 'subsample': 0.6131851605563831}. Best is trial 59 with value: 0.22974961410634434.
2025-05-25 04:49:51,987 - function.util_logger2025-05-25-04.34.50 - INFO - Trial 134 finished with value: 0.23084372458678262 and parameters: {'learning_rate': 0.06176616724256629, 'depth': 10, 'l2_leaf_reg': 3.154911380549627, 'subsample': 0.710064990512763}. Best is trial 59 with value: 0.22974961410634434.
2025-05-25 04:49:54,493 - function.util_logger2025-05-25-04.34.50 - INFO - Trial 136 finished with value: 0.23063738498769432 and parameters: {'learning_rate': 0.1182809231525741, 'depth': 10, 'l2_leaf_reg': 5.14964270864096, 'subsample': 0.7157627519844704}. Best is trial 59 with value: 0.22974961410634434.
2025-05-25 04:49:56,121 - function.util_logger2025-05-25-04.34.50 - INFO - Trial 137 finished with value: 0.2310534155306863 and parameters: {'learning_rate': 0.13000063494059064, 'depth': 10, 'l2_leaf_reg': 5.687613462093027, 'subsample': 0.7072891045872841}. Best is trial 59 with value: 0.22974961410634434.
2025-05-25 04:50:07,828 - function.util_logger2025-05-25-04.34.50 - INFO - Trial 140 finished with value: 0.23068877734601162 and parameters: {'learning_rate': 0.03910705467696567, 'depth': 10, 'l2_leaf_reg': 0.6376383207426934, 'subsample': 0.6913329086111185}. Best is trial 59 with value: 0.22974961410634434.
2025-05-25 04:50:08,356 - function.util_logger2025-05-25-04.34.50 - INFO - Trial 139 finished with value: 0.22947856547636172 and parameters: {'learning_rate': 0.03813527269748968, 'depth': 10, 'l2_leaf_reg': 6.4968974043002925, 'subsample': 0.7046979456905774}. Best is trial 139 with value: 0.22947856547636172.
2025-05-25 04:50:18,735 - function.util_logger2025-05-25-04.34.50 - INFO - Trial 142 finished with value: 0.23035011979047565 and parameters: {'learning_rate': 0.047853178035652894, 'depth': 10, 'l2_leaf_reg': 0.24319068684855275, 'subsample': 0.7488569343877792}. Best is trial 139 with value: 0.22947856547636172.
