2025-05-25 04:57:32,846 - function.util_logger2025-05-25-04.34.50 - INFO - Trial 210 finished with value: 0.23016451855197664 and parameters: {'learning_rate': 0.010346742056572667, 'depth': 10, 'l2_leaf_reg': 7.582705504761351, 'subsample': 0.8318699930104106}. Best is trial 164 with value: 0.22922231094238743.
2025-05-25 04:57:33,546 - function.util_logger2025-05-25-04.34.50 - INFO - Trial 211 finished with value: 0.2301907510621605 and parameters: {'learning_rate': 0.03243789968357531, 'depth': 10, 'l2_leaf_reg': 9.95358270181649, 'subsample': 0.838249958623889}. Best is trial 164 with value: 0.22922231094238743.
2025-05-25 04:57:34,341 - function.util_logger2025-05-25-04.34.50 - INFO - Trial 212 finished with value: 0.22976977004949392 and parameters: {'learning_rate': 0.03344820735899677, 'depth': 10, 'l2_leaf_reg': 3.3189682564843066, 'subsample': 0.6906260018081339}. Best is trial 164 with value: 0.22922231094238743.
2025-05-25 04:57:42,387 - function.util_logger2025-05-25-04.34.50 - INFO - Trial 213 finished with value: 0.23003746046769996 and parameters: {'learning_rate': 0.03395688623317538, 'depth': 10, 'l2_leaf_reg': 9.84531577762102, 'subsample': 0.8065205864285041}. Best is trial 164 with value: 0.22922231094238743.
2025-05-25 04:57:45,115 - function.util_logger2025-05-25-04.34.50 - INFO - Trial 215 finished with value: 0.23007908688227535 and parameters: {'learning_rate': 0.036612998578523105, 'depth': 10, 'l2_leaf_reg': 3.9199306589150527, 'subsample': 0.8066434779448879}. Best is trial 164 with value: 0.22922231094238743.
2025-05-25 04:57:45,762 - function.util_logger2025-05-25-04.34.50 - INFO - Trial 214 finished with value: 0.23033697120263102 and parameters: {'learning_rate': 0.034180375848157966, 'depth': 10, 'l2_leaf_reg': 3.7118606918429125, 'subsample': 0.8048517631993897}. Best is trial 164 with value: 0.22922231094238743.
2025-05-25 04:57:48,336 - function.util_logger2025-05-25-04.34.50 - INFO - Trial 216 finished with value: 0.22980428648927878 and parameters: {'learning_rate': 0.03349742179280939, 'depth': 10, 'l2_leaf_reg': 3.2008680916177523, 'subsample': 0.6907769982080223}. Best is trial 164 with value: 0.22922231094238743.
2025-05-25 04:57:54,888 - function.util_logger2025-05-25-04.34.50 - INFO - Trial 217 finished with value: 0.23061056969837446 and parameters: {'learning_rate': 0.03620896403981352, 'depth': 10, 'l2_leaf_reg': 3.5922789353786837, 'subsample': 0.690749722204516}. Best is trial 164 with value: 0.22922231094238743.
2025-05-25 04:57:57,278 - function.util_logger2025-05-25-04.34.50 - INFO - Trial 218 finished with value: 0.23076617301104077 and parameters: {'learning_rate': 0.04370583205573358, 'depth': 10, 'l2_leaf_reg': 3.3956382475993534, 'subsample': 0.6902584568607901}. Best is trial 164 with value: 0.22922231094238743.
2025-05-25 04:57:58,030 - function.util_logger2025-05-25-04.34.50 - INFO - Trial 219 finished with value: 0.23059094021684773 and parameters: {'learning_rate': 0.045816834299147034, 'depth': 10, 'l2_leaf_reg': 2.6358666912090065, 'subsample': 0.6924522846766149}. Best is trial 164 with value: 0.22922231094238743.
2025-05-25 04:58:04,965 - function.util_logger2025-05-25-04.34.50 - INFO - Trial 220 finished with value: 0.23094977349067736 and parameters: {'learning_rate': 0.02518864359287035, 'depth': 10, 'l2_leaf_reg': 0.0009322990060310479, 'subsample': 0.6768520224141563}. Best is trial 164 with value: 0.22922231094238743.
2025-05-25 04:58:05,374 - function.util_logger2025-05-25-04.34.50 - INFO - Trial 221 finished with value: 0.23036097196529354 and parameters: {'learning_rate': 0.04471007402049284, 'depth': 10, 'l2_leaf_reg': 0.0007947874579512534, 'subsample': 0.8805998916698294}. Best is trial 164 with value: 0.22922231094238743.
2025-05-25 04:58:13,214 - function.util_logger2025-05-25-04.34.50 - INFO - Trial 222 finished with value: 0.2304447294404463 and parameters: {'learning_rate': 0.02519243157824543, 'depth': 10, 'l2_leaf_reg': 2.1880868190972804, 'subsample': 0.8184038061092003}. Best is trial 164 with value: 0.22922231094238743.
2025-05-25 04:58:13,689 - function.util_logger2025-05-25-04.34.50 - INFO - Trial 223 finished with value: 0.23062176807565665 and parameters: {'learning_rate': 0.02458255155544855, 'depth': 10, 'l2_leaf_reg': 2.3511637889212618, 'subsample': 0.6783164050699907}. Best is trial 164 with value: 0.22922231094238743.
2025-05-25 04:58:18,036 - function.util_logger2025-05-25-04.34.50 - INFO - Trial 224 finished with value: 0.2304980828441348 and parameters: {'learning_rate': 0.03089511812656298, 'depth': 10, 'l2_leaf_reg': 4.804943631975074, 'subsample': 0.8795415459278478}. Best is trial 164 with value: 0.22922231094238743.
2025-05-25 04:58:22,400 - function.util_logger2025-05-25-04.34.50 - INFO - Trial 225 finished with value: 0.22955557103978377 and parameters: {'learning_rate': 0.030220012773534692, 'depth': 10, 'l2_leaf_reg': 5.081570840643789, 'subsample': 0.8163485510178664}. Best is trial 164 with value: 0.22922231094238743.
2025-05-25 04:58:25,018 - function.util_logger2025-05-25-04.34.50 - INFO - Trial 226 finished with value: 0.22991192873040617 and parameters: {'learning_rate': 0.03867199574188273, 'depth': 10, 'l2_leaf_reg': 5.031146548713651, 'subsample': 0.711254681356546}. Best is trial 164 with value: 0.22922231094238743.
2025-05-25 04:58:28,966 - function.util_logger2025-05-25-04.34.50 - INFO - Trial 227 finished with value: 0.22961350144332576 and parameters: {'learning_rate': 0.031809156402585616, 'depth': 10, 'l2_leaf_reg': 5.184946952404619, 'subsample': 0.6952942481004506}. Best is trial 164 with value: 0.22922231094238743.
2025-05-25 04:58:30,108 - function.util_logger2025-05-25-04.34.50 - INFO - Trial 228 finished with value: 0.2305859537075549 and parameters: {'learning_rate': 0.03874148187873062, 'depth': 10, 'l2_leaf_reg': 6.723897542080538, 'subsample': 0.7078249933094002}. Best is trial 164 with value: 0.22922231094238743.
2025-05-25 04:58:38,710 - function.util_logger2025-05-25-04.34.50 - INFO - Trial 229 finished with value: 0.22984715155879024 and parameters: {'learning_rate': 0.02912265339494166, 'depth': 10, 'l2_leaf_reg': 5.21332542988048, 'subsample': 0.7074053825192386}. Best is trial 164 with value: 0.22922231094238743.
2025-05-25 04:58:41,385 - function.util_logger2025-05-25-04.34.50 - INFO - Trial 230 finished with value: 0.23014179300279225 and parameters: {'learning_rate': 0.03060574482127032, 'depth': 10, 'l2_leaf_reg': 5.043761416124007, 'subsample': 0.6877041394063149}. Best is trial 164 with value: 0.22922231094238743.
2025-05-25 04:58:44,075 - function.util_logger2025-05-25-04.34.50 - INFO - Trial 232 finished with value: 0.2304190833034791 and parameters: {'learning_rate': 0.029840511137014768, 'depth': 10, 'l2_leaf_reg': 3.88388150943357, 'subsample': 0.6944468617124082}. Best is trial 164 with value: 0.22922231094238743.
2025-05-25 04:58:45,051 - function.util_logger2025-05-25-04.34.50 - INFO - Trial 231 finished with value: 0.23011864411375332 and parameters: {'learning_rate': 0.02791229652430935, 'depth': 10, 'l2_leaf_reg': 4.3926026718146876, 'subsample': 0.6863158660793856}. Best is trial 164 with value: 0.22922231094238743.
2025-05-25 04:58:53,293 - function.util_logger2025-05-25-04.34.50 - INFO - Trial 233 finished with value: 0.23053439378174936 and parameters: {'learning_rate': 0.0287375377664791, 'depth': 10, 'l2_leaf_reg': 3.0551200668185756, 'subsample': 0.6890245885897266}. Best is trial 164 with value: 0.22922231094238743.
2025-05-25 04:58:54,521 - function.util_logger2025-05-25-04.34.50 - INFO - Trial 234 finished with value: 0.23080075018519355 and parameters: {'learning_rate': 0.029722314883210536, 'depth': 10, 'l2_leaf_reg': 3.2296793376726187, 'subsample': 0.6955846854061504}. Best is trial 164 with value: 0.22922231094238743.
2025-05-25 04:58:59,364 - function.util_logger2025-05-25-04.34.50 - INFO - Trial 235 finished with value: 0.23093746603993465 and parameters: {'learning_rate': 0.028615916439168675, 'depth': 10, 'l2_leaf_reg': 2.9441155728202864, 'subsample': 0.8116460530389428}. Best is trial 164 with value: 0.22922231094238743.
2025-05-25 04:59:00,877 - function.util_logger2025-05-25-04.34.50 - INFO - Trial 236 finished with value: 0.22980249048485582 and parameters: {'learning_rate': 0.031311465654141155, 'depth': 10, 'l2_leaf_reg': 2.8452704498270225, 'subsample': 0.8179735411225113}. Best is trial 164 with value: 0.22922231094238743.
2025-05-25 04:59:18,059 - function.util_logger2025-05-25-04.34.50 - INFO - Trial 237 finished with value: 0.23007393680258303 and parameters: {'learning_rate': 0.016423177789187834, 'depth': 10, 'l2_leaf_reg': 6.80391087231992, 'subsample': 0.8133257240751489}. Best is trial 164 with value: 0.22922231094238743.
2025-05-25 04:59:20,239 - function.util_logger2025-05-25-04.34.50 - INFO - Trial 240 finished with value: 0.23032720377569552 and parameters: {'learning_rate': 0.021158491620464116, 'depth': 10, 'l2_leaf_reg': 1.4943526340839504, 'subsample': 0.8182070340042039}. Best is trial 164 with value: 0.22922231094238743.
2025-05-25 04:59:24,514 - function.util_logger2025-05-25-04.34.50 - INFO - Trial 238 finished with value: 0.22985475749807244 and parameters: {'learning_rate': 0.012323923246226437, 'depth': 10, 'l2_leaf_reg': 6.919582253965226, 'subsample': 0.7088460637596901}. Best is trial 164 with value: 0.22922231094238743.
2025-05-25 04:59:29,492 - function.util_logger2025-05-25-04.34.50 - INFO - Trial 239 finished with value: 0.2300664739807607 and parameters: {'learning_rate': 0.012579780704178676, 'depth': 10, 'l2_leaf_reg': 6.605677029554215, 'subsample': 0.8530600928723432}. Best is trial 164 with value: 0.22922231094238743.
2025-05-25 04:59:34,034 - function.util_logger2025-05-25-04.34.50 - INFO - Trial 242 finished with value: 0.2302182805366222 and parameters: {'learning_rate': 0.0333205649240043, 'depth': 10, 'l2_leaf_reg': 1.9985262226337182, 'subsample': 0.7854013483764892}. Best is trial 164 with value: 0.22922231094238743.
2025-05-25 04:59:34,307 - function.util_logger2025-05-25-04.34.50 - INFO - Trial 244 finished with value: 0.23240765911448377 and parameters: {'learning_rate': 0.032918656908454316, 'depth': 7, 'l2_leaf_reg': 4.800404837230433, 'subsample': 0.710287514865817}. Best is trial 164 with value: 0.22922231094238743.
2025-05-25 04:59:34,920 - function.util_logger2025-05-25-04.34.50 - INFO - Trial 241 finished with value: 0.23052182278313968 and parameters: {'learning_rate': 0.021170645639953932, 'depth': 10, 'l2_leaf_reg': 1.665623562144797, 'subsample': 0.8251680496156344}. Best is trial 164 with value: 0.22922231094238743.
2025-05-25 04:59:45,677 - function.util_logger2025-05-25-04.34.50 - INFO - Trial 245 finished with value: 0.2303795193758183 and parameters: {'learning_rate': 0.0360110594553763, 'depth': 10, 'l2_leaf_reg': 4.888858784358584, 'subsample': 0.8234625062390696}. Best is trial 164 with value: 0.22922231094238743.
2025-05-25 04:59:46,037 - function.util_logger2025-05-25-04.34.50 - INFO - Trial 246 finished with value: 0.23020750301699175 and parameters: {'learning_rate': 0.04026929689119734, 'depth': 10, 'l2_leaf_reg': 6.2990819006460095, 'subsample': 0.7081627760735827}. Best is trial 164 with value: 0.22922231094238743.
2025-05-25 04:59:47,416 - function.util_logger2025-05-25-04.34.50 - INFO - Trial 247 finished with value: 0.23005788137611916 and parameters: {'learning_rate': 0.04047699763925385, 'depth': 10, 'l2_leaf_reg': 7.226619867461043, 'subsample': 0.9188307004458666}. Best is trial 164 with value: 0.22922231094238743.
2025-05-25 04:59:53,644 - function.util_logger2025-05-25-04.34.50 - INFO - Trial 243 finished with value: 0.23056218401132625 and parameters: {'learning_rate': 0.013171501487535951, 'depth': 10, 'l2_leaf_reg': 2.0506558902357357, 'subsample': 0.7087034942417312}. Best is trial 164 with value: 0.22922231094238743.
2025-05-25 04:59:57,515 - function.util_logger2025-05-25-04.34.50 - INFO - Trial 248 finished with value: 0.22930684942144453 and parameters: {'learning_rate': 0.040064972243421725, 'depth': 10, 'l2_leaf_reg': 7.194406197365871, 'subsample': 0.7065022252893333}. Best is trial 164 with value: 0.22922231094238743.
2025-05-25 04:59:59,085 - function.util_logger2025-05-25-04.34.50 - INFO - Trial 249 finished with value: 0.22995954513886602 and parameters: {'learning_rate': 0.03243135848824194, 'depth': 10, 'l2_leaf_reg': 7.2760167596609335, 'subsample': 0.6998407608739662}. Best is trial 164 with value: 0.22922231094238743.
2025-05-25 05:00:01,652 - function.util_logger2025-05-25-04.34.50 - INFO - Trial 251 finished with value: 0.23243847717444313 and parameters: {'learning_rate': 0.01857246445194591, 'depth': 6, 'l2_leaf_reg': 3.965758708124605, 'subsample': 0.7017260390303917}. Best is trial 164 with value: 0.22922231094238743.
2025-05-25 05:00:06,503 - function.util_logger2025-05-25-04.34.50 - INFO - Trial 250 finished with value: 0.23046448013144305 and parameters: {'learning_rate': 0.01870911512424777, 'depth': 10, 'l2_leaf_reg': 3.9148495757874837, 'subsample': 0.6999564254310193}. Best is trial 164 with value: 0.22922231094238743.
2025-05-25 05:00:11,918 - function.util_logger2025-05-25-04.34.50 - INFO - Trial 254 finished with value: 0.2304901136372675 and parameters: {'learning_rate': 0.05216852998667389, 'depth': 10, 'l2_leaf_reg': 2.783876833368342, 'subsample': 0.6820742833750156}. Best is trial 164 with value: 0.22922231094238743.
2025-05-25 05:00:20,542 - function.util_logger2025-05-25-04.34.50 - INFO - Trial 252 finished with value: 0.23001115070002837 and parameters: {'learning_rate': 0.018651794818456056, 'depth': 10, 'l2_leaf_reg': 3.9397566422768286, 'subsample': 0.6971280044686495}. Best is trial 164 with value: 0.22922231094238743.
2025-05-25 05:00:22,263 - function.util_logger2025-05-25-04.34.50 - INFO - Trial 253 finished with value: 0.23017508586219781 and parameters: {'learning_rate': 0.018549917772834896, 'depth': 10, 'l2_leaf_reg': 3.85882691234554, 'subsample': 0.9505704209785169}. Best is trial 164 with value: 0.22922231094238743.
2025-05-25 05:00:27,794 - function.util_logger2025-05-25-04.34.50 - INFO - Trial 256 finished with value: 0.23014384736766838 and parameters: {'learning_rate': 0.02595948883500408, 'depth': 10, 'l2_leaf_reg': 4.93835544188335, 'subsample': 0.6952044995368963}. Best is trial 164 with value: 0.22922231094238743.
2025-05-25 05:00:35,671 - function.util_logger2025-05-25-04.34.50 - INFO - Trial 255 finished with value: 0.22950528396817793 and parameters: {'learning_rate': 0.01490935466733066, 'depth': 10, 'l2_leaf_reg': 9.880736139412146, 'subsample': 0.8495069292127484}. Best is trial 164 with value: 0.22922231094238743.
2025-05-25 05:00:46,782 - function.util_logger2025-05-25-04.34.50 - INFO - Trial 257 finished with value: 0.23039647965038929 and parameters: {'learning_rate': 0.014282191201951533, 'depth': 10, 'l2_leaf_reg': 8.861101712058067, 'subsample': 0.9016185898372581}. Best is trial 164 with value: 0.22922231094238743.
2025-05-25 05:00:50,047 - function.util_logger2025-05-25-04.34.50 - INFO - Trial 258 finished with value: 0.23012464142820122 and parameters: {'learning_rate': 0.015586422491204639, 'depth': 10, 'l2_leaf_reg': 9.98250719248872, 'subsample': 0.7170673151864418}. Best is trial 164 with value: 0.22922231094238743.
2025-05-25 05:00:54,465 - function.util_logger2025-05-25-04.34.50 - INFO - Trial 259 finished with value: 0.22980235378632052 and parameters: {'learning_rate': 0.014908933352502879, 'depth': 10, 'l2_leaf_reg': 9.770300733601468, 'subsample': 0.710514042808223}. Best is trial 164 with value: 0.22922231094238743.
2025-05-25 05:00:57,089 - function.util_logger2025-05-25-04.34.50 - INFO - Trial 261 finished with value: 0.23020392728000338 and parameters: {'learning_rate': 0.04343163712350153, 'depth': 10, 'l2_leaf_reg': 8.59655359649859, 'subsample': 0.843439290920111}. Best is trial 164 with value: 0.22922231094238743.
2025-05-25 05:01:00,834 - function.util_logger2025-05-25-04.34.50 - INFO - Trial 262 finished with value: 0.23003359730651685 and parameters: {'learning_rate': 0.04290117069814881, 'depth': 10, 'l2_leaf_reg': 2.5857799929239884, 'subsample': 0.8415885714879469}. Best is trial 164 with value: 0.22922231094238743.
2025-05-25 05:01:05,090 - function.util_logger2025-05-25-04.34.50 - INFO - Trial 260 finished with value: 0.2295218702169418 and parameters: {'learning_rate': 0.014529288258535392, 'depth': 10, 'l2_leaf_reg': 9.652198871193544, 'subsample': 0.8493195960054719}. Best is trial 164 with value: 0.22922231094238743.
2025-05-25 05:01:10,747 - function.util_logger2025-05-25-04.34.50 - INFO - Trial 264 finished with value: 0.22964323489492902 and parameters: {'learning_rate': 0.03447237918751623, 'depth': 10, 'l2_leaf_reg': 9.977321333800587, 'subsample': 0.8530824877834138}. Best is trial 164 with value: 0.22922231094238743.
2025-05-25 05:01:12,346 - function.util_logger2025-05-25-04.34.50 - INFO - Trial 265 finished with value: 0.23059552658361288 and parameters: {'learning_rate': 0.034891842056731424, 'depth': 10, 'l2_leaf_reg': 5.606051847096572, 'subsample': 0.6851776580451363}. Best is trial 164 with value: 0.22922231094238743.
2025-05-25 05:01:19,808 - function.util_logger2025-05-25-04.34.50 - INFO - Trial 263 finished with value: 0.2296304195718275 and parameters: {'learning_rate': 0.015912721326610063, 'depth': 10, 'l2_leaf_reg': 9.496060982103153, 'subsample': 0.6861135877862496}. Best is trial 164 with value: 0.22922231094238743.
2025-05-25 05:01:21,772 - function.util_logger2025-05-25-04.34.50 - INFO - Trial 266 finished with value: 0.23077142100640105 and parameters: {'learning_rate': 0.015138451425568288, 'depth': 8, 'l2_leaf_reg': 9.765735552337839, 'subsample': 0.8538211895430736}. Best is trial 164 with value: 0.22922231094238743.
2025-05-25 05:01:33,422 - function.util_logger2025-05-25-04.34.50 - INFO - Trial 268 finished with value: 0.22995234413491902 and parameters: {'learning_rate': 0.01668425998567239, 'depth': 10, 'l2_leaf_reg': 9.240649129689624, 'subsample': 0.8657022023697858}. Best is trial 164 with value: 0.22922231094238743.
2025-05-25 05:01:38,060 - function.util_logger2025-05-25-04.34.50 - INFO - Trial 267 finished with value: 0.2295546454954772 and parameters: {'learning_rate': 0.016153205255663588, 'depth': 10, 'l2_leaf_reg': 9.317084334752685, 'subsample': 0.8529360740865605}. Best is trial 164 with value: 0.22922231094238743.
2025-05-25 05:01:43,580 - function.util_logger2025-05-25-04.34.50 - INFO - Trial 269 finished with value: 0.2297159948290431 and parameters: {'learning_rate': 0.016258140347524958, 'depth': 10, 'l2_leaf_reg': 9.861730146766716, 'subsample': 0.8504517114606706}. Best is trial 164 with value: 0.22922231094238743.
2025-05-25 05:01:43,765 - function.util_logger2025-05-25-04.34.50 - INFO - Trial 270 finished with value: 0.230256454032778 and parameters: {'learning_rate': 0.01693980930304763, 'depth': 10, 'l2_leaf_reg': 9.971433731200877, 'subsample': 0.8488879354629814}. Best is trial 164 with value: 0.22922231094238743.
2025-05-25 05:01:58,008 - function.util_logger2025-05-25-04.34.50 - INFO - Trial 271 finished with value: 0.22975909728140947 and parameters: {'learning_rate': 0.016579422838052353, 'depth': 10, 'l2_leaf_reg': 9.798925897443349, 'subsample': 0.7964996586818949}. Best is trial 164 with value: 0.22922231094238743.
2025-05-25 05:02:01,452 - function.util_logger2025-05-25-04.34.50 - INFO - Trial 272 finished with value: 0.2300518877403408 and parameters: {'learning_rate': 0.016701429017484275, 'depth': 10, 'l2_leaf_reg': 9.973841461051386, 'subsample': 0.872104649220096}. Best is trial 164 with value: 0.22922231094238743.
2025-05-25 05:02:08,512 - function.util_logger2025-05-25-04.34.50 - INFO - Trial 273 finished with value: 0.2296759890293841 and parameters: {'learning_rate': 0.017030148138848535, 'depth': 10, 'l2_leaf_reg': 9.52077077323831, 'subsample': 0.8621330382252054}. Best is trial 164 with value: 0.22922231094238743.
2025-05-25 05:02:12,531 - function.util_logger2025-05-25-04.34.50 - INFO - Trial 274 finished with value: 0.2300625923930216 and parameters: {'learning_rate': 0.013599430152680975, 'depth': 10, 'l2_leaf_reg': 6.827931251876697, 'subsample': 0.8706024366012785}. Best is trial 164 with value: 0.22922231094238743.
2025-05-25 05:02:28,950 - function.util_logger2025-05-25-04.34.50 - INFO - Trial 275 finished with value: 0.22940393913820092 and parameters: {'learning_rate': 0.014195961223909717, 'depth': 10, 'l2_leaf_reg': 6.831630418442198, 'subsample': 0.88993915149813}. Best is trial 164 with value: 0.22922231094238743.
2025-05-25 05:02:31,092 - function.util_logger2025-05-25-04.34.50 - INFO - Trial 276 finished with value: 0.2299794564187625 and parameters: {'learning_rate': 0.014242252058762351, 'depth': 10, 'l2_leaf_reg': 9.933851205391925, 'subsample': 0.8581046701088617}. Best is trial 164 with value: 0.22922231094238743.
2025-05-25 05:02:34,798 - function.util_logger2025-05-25-04.34.50 - INFO - Trial 277 finished with value: 0.22970202416484642 and parameters: {'learning_rate': 0.015126478895113152, 'depth': 10, 'l2_leaf_reg': 9.802652538258451, 'subsample': 0.8536589226434583}. Best is trial 164 with value: 0.22922231094238743.
2025-05-25 05:02:38,225 - function.util_logger2025-05-25-04.34.50 - INFO - Trial 278 finished with value: 0.23029510296861147 and parameters: {'learning_rate': 0.014524140980452486, 'depth': 10, 'l2_leaf_reg': 6.803650716259178, 'subsample': 0.856576687271746}. Best is trial 164 with value: 0.22922231094238743.
2025-05-25 05:02:57,166 - function.util_logger2025-05-25-04.34.50 - INFO - Trial 279 finished with value: 0.2293275811590426 and parameters: {'learning_rate': 0.014838929992258793, 'depth': 10, 'l2_leaf_reg': 9.73150117062187, 'subsample': 0.8607756608737834}. Best is trial 164 with value: 0.22922231094238743.
