2025-05-25 01:52:04,870 - function.util_logger2025-05-25-01.46.47 - INFO - Trial 243 finished with value: 0.22603740509123207 and parameters: {'learning_rate': 0.1314954211522858, 'max_depth': 10, 'subsample': 0.8796880612680252, 'colsample_bytree': 0.6023233243339233, 'reg_alpha': 9.850425730511457, 'reg_lambda': 0.024840467800202132}. Best is trial 68 with value: 0.22057978438633036.
2025-05-25 01:52:05,087 - function.util_logger2025-05-25-01.46.47 - INFO - Trial 246 finished with value: 0.22183634379558598 and parameters: {'learning_rate': 0.13734910998251762, 'max_depth': 4, 'subsample': 0.8676936238251488, 'colsample_bytree': 0.6262740153173828, 'reg_alpha': 0.021338588961481015, 'reg_lambda': 8.210417547531679e-08}. Best is trial 68 with value: 0.22057978438633036.
2025-05-25 01:52:05,161 - function.util_logger2025-05-25-01.46.47 - INFO - Trial 186 finished with value: 0.22552204931893644 and parameters: {'learning_rate': 0.0030674070767368585, 'max_depth': 10, 'subsample': 0.9418611360234408, 'colsample_bytree': 0.6297264796258436, 'reg_alpha': 5.755357302671666e-06, 'reg_lambda': 1.566414639506656e-07}. Best is trial 68 with value: 0.22057978438633036.
2025-05-25 01:52:05,430 - function.util_logger2025-05-25-01.46.47 - INFO - Trial 247 finished with value: 0.22258153899402192 and parameters: {'learning_rate': 0.17140952703145895, 'max_depth': 4, 'subsample': 0.9983593788023937, 'colsample_bytree': 0.6002249645337311, 'reg_alpha': 0.017778343697824744, 'reg_lambda': 1.0957373710448487e-08}. Best is trial 68 with value: 0.22057978438633036.
2025-05-25 01:52:06,292 - function.util_logger2025-05-25-01.46.47 - INFO - Trial 249 finished with value: 0.22177617211559672 and parameters: {'learning_rate': 0.14078462630111982, 'max_depth': 4, 'subsample': 0.8646501782178795, 'colsample_bytree': 0.6117021566882808, 'reg_alpha': 0.04348409690212642, 'reg_lambda': 1.3626532044405907e-08}. Best is trial 68 with value: 0.22057978438633036.
2025-05-25 01:52:06,370 - function.util_logger2025-05-25-01.46.47 - INFO - Trial 250 finished with value: 0.22321628094344179 and parameters: {'learning_rate': 0.172324802357354, 'max_depth': 4, 'subsample': 0.8656185608349569, 'colsample_bytree': 0.6132918137154175, 'reg_alpha': 0.01471315400300619, 'reg_lambda': 1.053229762700685e-08}. Best is trial 68 with value: 0.22057978438633036.
2025-05-25 01:52:06,455 - function.util_logger2025-05-25-01.46.47 - INFO - Trial 248 finished with value: 0.22295294358132273 and parameters: {'learning_rate': 0.08847084276503736, 'max_depth': 4, 'subsample': 0.9236898432982779, 'colsample_bytree': 0.6332207377713813, 'reg_alpha': 0.024634119149770664, 'reg_lambda': 8.372227361693876e-08}. Best is trial 68 with value: 0.22057978438633036.
2025-05-25 01:52:06,524 - function.util_logger2025-05-25-01.46.47 - INFO - Trial 251 finished with value: 0.22293376327109665 and parameters: {'learning_rate': 0.14584996766006023, 'max_depth': 4, 'subsample': 0.870843732717754, 'colsample_bytree': 0.6116845808555533, 'reg_alpha': 0.026184191914858154, 'reg_lambda': 2.120924723648613e-08}. Best is trial 68 with value: 0.22057978438633036.
2025-05-25 01:52:07,298 - function.util_logger2025-05-25-01.46.47 - INFO - Trial 252 finished with value: 0.2228820648132915 and parameters: {'learning_rate': 0.15919601206641504, 'max_depth': 4, 'subsample': 0.8670518066672736, 'colsample_bytree': 0.6112752310776666, 'reg_alpha': 0.018280921983334638, 'reg_lambda': 2.0869903840227898e-08}. Best is trial 68 with value: 0.22057978438633036.
2025-05-25 01:52:07,525 - function.util_logger2025-05-25-01.46.47 - INFO - Trial 254 finished with value: 0.22197594475485677 and parameters: {'learning_rate': 0.15396701255501094, 'max_depth': 4, 'subsample': 0.8614227944227332, 'colsample_bytree': 0.6094743481429348, 'reg_alpha': 0.04439641257133724, 'reg_lambda': 2.242759690381977e-08}. Best is trial 68 with value: 0.22057978438633036.
2025-05-25 01:52:07,542 - function.util_logger2025-05-25-01.46.47 - INFO - Trial 253 finished with value: 0.22471930433342774 and parameters: {'learning_rate': 0.1518782847255484, 'max_depth': 4, 'subsample': 0.870563748773148, 'colsample_bytree': 0.6188003196669634, 'reg_alpha': 0.03719395657746135, 'reg_lambda': 2.0047523184068444e-08}. Best is trial 68 with value: 0.22057978438633036.
2025-05-25 01:52:08,044 - function.util_logger2025-05-25-01.46.47 - INFO - Trial 255 finished with value: 0.22148470188638733 and parameters: {'learning_rate': 0.11992142433848438, 'max_depth': 4, 'subsample': 0.8649940989855691, 'colsample_bytree': 0.6228612341043781, 'reg_alpha': 0.03860202805193811, 'reg_lambda': 7.02272233651922e-07}. Best is trial 68 with value: 0.22057978438633036.
2025-05-25 01:52:08,579 - function.util_logger2025-05-25-01.46.47 - INFO - Trial 258 finished with value: 0.22318679189855647 and parameters: {'learning_rate': 0.19584158137491237, 'max_depth': 4, 'subsample': 0.8423377242014619, 'colsample_bytree': 0.6204915086220346, 'reg_alpha': 0.03783755874735042, 'reg_lambda': 3.342035716490325e-08}. Best is trial 68 with value: 0.22057978438633036.
2025-05-25 01:52:08,610 - function.util_logger2025-05-25-01.46.47 - INFO - Trial 256 finished with value: 0.22251906471560642 and parameters: {'learning_rate': 0.11326408283893413, 'max_depth': 4, 'subsample': 0.8600916889152641, 'colsample_bytree': 0.6192948694433158, 'reg_alpha': 0.040571831534023974, 'reg_lambda': 8.040470033411575e-07}. Best is trial 68 with value: 0.22057978438633036.
2025-05-25 01:52:09,013 - function.util_logger2025-05-25-01.46.47 - INFO - Trial 257 finished with value: 0.22237052201933052 and parameters: {'learning_rate': 0.11203082337032427, 'max_depth': 4, 'subsample': 0.8523554934513291, 'colsample_bytree': 0.619581060781416, 'reg_alpha': 0.09895155807619921, 'reg_lambda': 1.6443987297877278e-08}. Best is trial 68 with value: 0.22057978438633036.
2025-05-25 01:52:09,861 - function.util_logger2025-05-25-01.46.47 - INFO - Trial 261 finished with value: 0.2238151659747797 and parameters: {'learning_rate': 0.12011908698076043, 'max_depth': 4, 'subsample': 0.8513889567325001, 'colsample_bytree': 0.606668084631381, 'reg_alpha': 0.05019439377786682, 'reg_lambda': 0.00011281516015269054}. Best is trial 68 with value: 0.22057978438633036.
2025-05-25 01:52:10,165 - function.util_logger2025-05-25-01.46.47 - INFO - Trial 260 finished with value: 0.22206742390195194 and parameters: {'learning_rate': 0.1162169154893578, 'max_depth': 4, 'subsample': 0.8497434571597479, 'colsample_bytree': 0.6219356701525842, 'reg_alpha': 0.09026960034426283, 'reg_lambda': 3.584074705254316e-07}. Best is trial 68 with value: 0.22057978438633036.
2025-05-25 01:52:10,372 - function.util_logger2025-05-25-01.46.47 - INFO - Trial 262 finished with value: 0.22299376541255816 and parameters: {'learning_rate': 0.12144729112274912, 'max_depth': 4, 'subsample': 0.8910211110129137, 'colsample_bytree': 0.6071838645198718, 'reg_alpha': 0.08682504122513952, 'reg_lambda': 0.8578514433899258}. Best is trial 68 with value: 0.22057978438633036.
2025-05-25 01:52:10,874 - function.util_logger2025-05-25-01.46.47 - INFO - Trial 263 finished with value: 0.22277542157108013 and parameters: {'learning_rate': 0.1397939577371516, 'max_depth': 4, 'subsample': 0.8652159559576059, 'colsample_bytree': 0.6256244334821918, 'reg_alpha': 0.08332188889027095, 'reg_lambda': 8.658076138046054e-08}. Best is trial 68 with value: 0.22057978438633036.
2025-05-25 01:52:11,163 - function.util_logger2025-05-25-01.46.47 - INFO - Trial 265 finished with value: 0.22487419291562696 and parameters: {'learning_rate': 0.230889861038717, 'max_depth': 4, 'subsample': 0.835664903766009, 'colsample_bytree': 0.6248090539126082, 'reg_alpha': 0.2135014145772052, 'reg_lambda': 3.5712663978024144e-07}. Best is trial 68 with value: 0.22057978438633036.
2025-05-25 01:52:11,529 - function.util_logger2025-05-25-01.46.47 - INFO - Trial 266 finished with value: 0.2241200717313283 and parameters: {'learning_rate': 0.21638924774736182, 'max_depth': 3, 'subsample': 0.834537411654004, 'colsample_bytree': 0.6122901334600543, 'reg_alpha': 0.0659409510405182, 'reg_lambda': 3.2909753500724685e-07}. Best is trial 68 with value: 0.22057978438633036.
2025-05-25 01:52:12,264 - function.util_logger2025-05-25-01.46.47 - INFO - Trial 267 finished with value: 0.22207659884045966 and parameters: {'learning_rate': 0.16354278114481852, 'max_depth': 4, 'subsample': 0.8596204181380597, 'colsample_bytree': 0.61390308695535, 'reg_alpha': 0.14036401162767173, 'reg_lambda': 4.2744413653876885e-07}. Best is trial 68 with value: 0.22057978438633036.
2025-05-25 01:52:12,596 - function.util_logger2025-05-25-01.46.47 - INFO - Trial 268 finished with value: 0.22479778136180223 and parameters: {'learning_rate': 0.17442896252574197, 'max_depth': 4, 'subsample': 0.8600321726640454, 'colsample_bytree': 0.6153804030954775, 'reg_alpha': 0.04604100234964481, 'reg_lambda': 5.020507220056078e-07}. Best is trial 68 with value: 0.22057978438633036.
2025-05-25 01:52:13,452 - function.util_logger2025-05-25-01.46.47 - INFO - Trial 269 finished with value: 0.22429109491090857 and parameters: {'learning_rate': 0.165592341940875, 'max_depth': 4, 'subsample': 0.8605022542193319, 'colsample_bytree': 0.6079223785418695, 'reg_alpha': 0.19808809972312175, 'reg_lambda': 0.07675159437388455}. Best is trial 68 with value: 0.22057978438633036.
2025-05-25 01:52:13,648 - function.util_logger2025-05-25-01.46.47 - INFO - Trial 270 finished with value: 0.22324117410700653 and parameters: {'learning_rate': 0.13091000111443588, 'max_depth': 4, 'subsample': 0.8452015305284143, 'colsample_bytree': 0.6073461601356664, 'reg_alpha': 0.16854381372293858, 'reg_lambda': 3.110310059629923e-07}. Best is trial 68 with value: 0.22057978438633036.
2025-05-25 01:52:14,623 - function.util_logger2025-05-25-01.46.47 - INFO - Trial 272 finished with value: 0.22436144931015928 and parameters: {'learning_rate': 0.14030705286776438, 'max_depth': 4, 'subsample': 0.8756770677612992, 'colsample_bytree': 0.8415622797933225, 'reg_alpha': 0.1079534613198255, 'reg_lambda': 2.0774411332638495e-07}. Best is trial 68 with value: 0.22057978438633036.
2025-05-25 01:52:14,690 - function.util_logger2025-05-25-01.46.47 - INFO - Trial 271 finished with value: 0.22339939315487464 and parameters: {'learning_rate': 0.13422457229125598, 'max_depth': 4, 'subsample': 0.8763833854594307, 'colsample_bytree': 0.6295194558005003, 'reg_alpha': 0.16191727866777822, 'reg_lambda': 2.452629482894566e-07}. Best is trial 68 with value: 0.22057978438633036.
2025-05-25 01:52:15,932 - function.util_logger2025-05-25-01.46.47 - INFO - Trial 273 finished with value: 0.22420783512251172 and parameters: {'learning_rate': 0.10807107895091418, 'max_depth': 4, 'subsample': 0.8790780489268196, 'colsample_bytree': 0.6303226614518243, 'reg_alpha': 0.02863322145334486, 'reg_lambda': 1.0591847488954047e-07}. Best is trial 68 with value: 0.22057978438633036.
2025-05-25 01:52:16,021 - function.util_logger2025-05-25-01.46.47 - INFO - Trial 274 finished with value: 0.2224413650150788 and parameters: {'learning_rate': 0.11529234760370409, 'max_depth': 4, 'subsample': 0.8538393308349569, 'colsample_bytree': 0.6003717335371839, 'reg_alpha': 0.052614350630774916, 'reg_lambda': 1.1054182000773947e-07}. Best is trial 68 with value: 0.22057978438633036.
2025-05-25 01:52:16,593 - function.util_logger2025-05-25-01.46.47 - INFO - Trial 259 finished with value: 0.22361270073004066 and parameters: {'learning_rate': 0.012093739662418826, 'max_depth': 4, 'subsample': 0.8525194545035328, 'colsample_bytree': 0.6185720499276555, 'reg_alpha': 0.09192567184920651, 'reg_lambda': 3.0690804136613514e-08}. Best is trial 68 with value: 0.22057978438633036.
2025-05-25 01:52:16,811 - function.util_logger2025-05-25-01.46.47 - INFO - Trial 275 finished with value: 0.2251254043123375 and parameters: {'learning_rate': 0.19788741462524478, 'max_depth': 4, 'subsample': 0.8505393394996038, 'colsample_bytree': 0.7084120466105062, 'reg_alpha': 0.32405016983343576, 'reg_lambda': 5.140304314088908e-07}. Best is trial 68 with value: 0.22057978438633036.
2025-05-25 01:52:17,381 - function.util_logger2025-05-25-01.46.47 - INFO - Trial 277 finished with value: 0.22403875067685833 and parameters: {'learning_rate': 0.19806349012079671, 'max_depth': 3, 'subsample': 0.8662622204404216, 'colsample_bytree': 0.6230744758462264, 'reg_alpha': 0.010553389520264996, 'reg_lambda': 6.307943101427966e-08}. Best is trial 68 with value: 0.22057978438633036.
2025-05-25 01:52:18,214 - function.util_logger2025-05-25-01.46.47 - INFO - Trial 264 finished with value: 0.22332907025545506 and parameters: {'learning_rate': 0.01222400423429175, 'max_depth': 4, 'subsample': 0.8777886469322554, 'colsample_bytree': 0.625226697526249, 'reg_alpha': 0.08555473155500674, 'reg_lambda': 3.654988754224523e-07}. Best is trial 68 with value: 0.22057978438633036.
2025-05-25 01:52:18,857 - function.util_logger2025-05-25-01.46.47 - INFO - Trial 279 finished with value: 0.22261988350088074 and parameters: {'learning_rate': 0.15149395786012768, 'max_depth': 5, 'subsample': 0.89141666949792, 'colsample_bytree': 0.637417436136312, 'reg_alpha': 0.023659962787331425, 'reg_lambda': 1.4900052013165247e-08}. Best is trial 68 with value: 0.22057978438633036.
2025-05-25 01:52:19,259 - function.util_logger2025-05-25-01.46.47 - INFO - Trial 280 finished with value: 0.2238120935156768 and parameters: {'learning_rate': 0.15404656136911882, 'max_depth': 4, 'subsample': 0.8881224896613905, 'colsample_bytree': 0.6001060481401235, 'reg_alpha': 0.01898788262950471, 'reg_lambda': 1.4621180088498178e-08}. Best is trial 68 with value: 0.22057978438633036.
2025-05-25 01:52:20,088 - function.util_logger2025-05-25-01.46.47 - INFO - Trial 281 finished with value: 0.2236664960724341 and parameters: {'learning_rate': 0.1234127812647533, 'max_depth': 4, 'subsample': 0.8636713494937661, 'colsample_bytree': 0.6137868817566651, 'reg_alpha': 0.008492792381722366, 'reg_lambda': 2.3126251738703408e-08}. Best is trial 68 with value: 0.22057978438633036.
2025-05-25 01:52:21,018 - function.util_logger2025-05-25-01.46.47 - INFO - Trial 276 finished with value: 0.2227218174191375 and parameters: {'learning_rate': 0.021707265492677024, 'max_depth': 4, 'subsample': 0.8688303158891696, 'colsample_bytree': 0.6224909900102457, 'reg_alpha': 0.12442011631023914, 'reg_lambda': 5.9225324531783014e-08}. Best is trial 68 with value: 0.22057978438633036.
2025-05-25 01:52:23,666 - function.util_logger2025-05-25-01.46.47 - INFO - Trial 282 finished with value: 0.22334571952418064 and parameters: {'learning_rate': 0.02199049231768398, 'max_depth': 4, 'subsample': 0.8202048523605114, 'colsample_bytree': 0.613317879182462, 'reg_alpha': 0.036523129016320134, 'reg_lambda': 5.0583842786927285e-08}. Best is trial 68 with value: 0.22057978438633036.
2025-05-25 01:52:23,763 - function.util_logger2025-05-25-01.46.47 - INFO - Trial 278 finished with value: 0.22370024767933186 and parameters: {'learning_rate': 0.02125524966743569, 'max_depth': 5, 'subsample': 0.8665129622275736, 'colsample_bytree': 0.6246787522315416, 'reg_alpha': 0.012424819642320053, 'reg_lambda': 6.699840457794485e-08}. Best is trial 68 with value: 0.22057978438633036.
2025-05-25 01:52:24,290 - function.util_logger2025-05-25-01.46.47 - INFO - Trial 284 finished with value: 0.2227582086453693 and parameters: {'learning_rate': 0.031805739921602086, 'max_depth': 4, 'subsample': 0.8294334645001439, 'colsample_bytree': 0.6358080521344821, 'reg_alpha': 0.06504988552590657, 'reg_lambda': 1.7268595935133158e-07}. Best is trial 68 with value: 0.22057978438633036.
2025-05-25 01:52:24,903 - function.util_logger2025-05-25-01.46.47 - INFO - Trial 283 finished with value: 0.2230518812375625 and parameters: {'learning_rate': 0.023901546619509946, 'max_depth': 4, 'subsample': 0.8609925338152375, 'colsample_bytree': 0.6338583310031318, 'reg_alpha': 0.037865849481900075, 'reg_lambda': 1.7948241961407766e-07}. Best is trial 68 with value: 0.22057978438633036.
2025-05-25 01:52:25,220 - function.util_logger2025-05-25-01.46.47 - INFO - Trial 285 finished with value: 0.22268421709748315 and parameters: {'learning_rate': 0.10339020629280622, 'max_depth': 4, 'subsample': 0.8572958495669958, 'colsample_bytree': 0.9991050142260243, 'reg_alpha': 0.011994610020458624, 'reg_lambda': 1.500382845928637e-07}. Best is trial 68 with value: 0.22057978438633036.
2025-05-25 01:52:25,312 - function.util_logger2025-05-25-01.46.47 - INFO - Trial 286 finished with value: 0.22318682184270014 and parameters: {'learning_rate': 0.10425776084806494, 'max_depth': 4, 'subsample': 0.8456857465476022, 'colsample_bytree': 0.6348358913427506, 'reg_alpha': 0.06193772594508134, 'reg_lambda': 1.7115440419422842e-07}. Best is trial 68 with value: 0.22057978438633036.
2025-05-25 01:52:25,604 - function.util_logger2025-05-25-01.46.47 - INFO - Trial 287 finished with value: 0.22362147053552267 and parameters: {'learning_rate': 0.10453870559545662, 'max_depth': 4, 'subsample': 0.8448809405833289, 'colsample_bytree': 0.6099067821583477, 'reg_alpha': 4.500863802208595e-07, 'reg_lambda': 4.895427306818551e-07}. Best is trial 68 with value: 0.22057978438633036.
2025-05-25 01:52:26,032 - function.util_logger2025-05-25-01.46.47 - INFO - Trial 289 finished with value: 0.22602745545843814 and parameters: {'learning_rate': 0.1745915311655297, 'max_depth': 3, 'subsample': 0.8827780828859128, 'colsample_bytree': 0.6081483298403477, 'reg_alpha': 3.363390047689882e-07, 'reg_lambda': 0.18617989818945602}. Best is trial 68 with value: 0.22057978438633036.
2025-05-25 01:52:26,225 - function.util_logger2025-05-25-01.46.47 - INFO - Trial 290 finished with value: 0.22426400772519198 and parameters: {'learning_rate': 0.17206839982679573, 'max_depth': 3, 'subsample': 0.6017169709939674, 'colsample_bytree': 0.8626569273272866, 'reg_alpha': 1.9477948458500838e-08, 'reg_lambda': 6.881931583683807e-07}. Best is trial 68 with value: 0.22057978438633036.
2025-05-25 01:52:26,396 - function.util_logger2025-05-25-01.46.47 - INFO - Trial 288 finished with value: 0.2239335297333203 and parameters: {'learning_rate': 0.10451827857991645, 'max_depth': 4, 'subsample': 0.8841381460734218, 'colsample_bytree': 0.6077988684035694, 'reg_alpha': 0.006042840054679349, 'reg_lambda': 4.865751110014916e-07}. Best is trial 68 with value: 0.22057978438633036.
2025-05-25 01:52:26,523 - function.util_logger2025-05-25-01.46.47 - INFO - Trial 291 finished with value: 0.22440653903317256 and parameters: {'learning_rate': 0.14068792751080753, 'max_depth': 3, 'subsample': 0.8848382514405176, 'colsample_bytree': 0.7304907385201527, 'reg_alpha': 0.32325804033675626, 'reg_lambda': 7.544754601551917e-07}. Best is trial 68 with value: 0.22057978438633036.
2025-05-25 01:52:27,341 - function.util_logger2025-05-25-01.46.47 - INFO - Trial 292 finished with value: 0.2246174123845977 and parameters: {'learning_rate': 0.12449533362281028, 'max_depth': 4, 'subsample': 0.9065219795230073, 'colsample_bytree': 0.7408499214829711, 'reg_alpha': 0.006203129052959055, 'reg_lambda': 7.177630072946288e-07}. Best is trial 68 with value: 0.22057978438633036.
2025-05-25 01:52:27,430 - function.util_logger2025-05-25-01.46.47 - INFO - Trial 293 finished with value: 0.22295795281936356 and parameters: {'learning_rate': 0.1395355038669601, 'max_depth': 4, 'subsample': 0.9036149967628708, 'colsample_bytree': 0.6185738646455612, 'reg_alpha': 0.004873128469495965, 'reg_lambda': 3.601439660266116e-08}. Best is trial 68 with value: 0.22057978438633036.
2025-05-25 01:52:28,774 - function.util_logger2025-05-25-01.46.47 - INFO - Trial 296 finished with value: 0.22500399049977032 and parameters: {'learning_rate': 0.09154769825734514, 'max_depth': 4, 'subsample': 0.8733871939329119, 'colsample_bytree': 0.6477402411682984, 'reg_alpha': 4.3295673358392065e-08, 'reg_lambda': 3.3838354756171844e-08}. Best is trial 68 with value: 0.22057978438633036.
2025-05-25 01:52:28,968 - function.util_logger2025-05-25-01.46.47 - INFO - Trial 297 finished with value: 0.2230263786276681 and parameters: {'learning_rate': 0.09105642669267337, 'max_depth': 4, 'subsample': 0.7903835899829026, 'colsample_bytree': 0.6277870845704446, 'reg_alpha': 0.021798865584957344, 'reg_lambda': 2.1732125240556592e-08}. Best is trial 68 with value: 0.22057978438633036.
2025-05-25 01:52:30,561 - function.util_logger2025-05-25-01.46.47 - INFO - Trial 298 finished with value: 0.222090785682357 and parameters: {'learning_rate': 0.06944786899435296, 'max_depth': 4, 'subsample': 0.8925670765557018, 'colsample_bytree': 0.6282188510571244, 'reg_alpha': 0.021232971063711033, 'reg_lambda': 0.00018780247035268157}. Best is trial 68 with value: 0.22057978438633036.
2025-05-25 01:52:30,938 - function.util_logger2025-05-25-01.46.47 - INFO - Trial 299 finished with value: 0.22196156373911755 and parameters: {'learning_rate': 0.07076206617583121, 'max_depth': 4, 'subsample': 0.8926773221363312, 'colsample_bytree': 0.6179741408229235, 'reg_alpha': 8.110480387465666e-07, 'reg_lambda': 0.0005497415859636348}. Best is trial 68 with value: 0.22057978438633036.
2025-05-25 01:52:32,308 - function.util_logger2025-05-25-01.46.47 - INFO - Trial 300 finished with value: 0.22290853700163385 and parameters: {'learning_rate': 0.06191535279953652, 'max_depth': 4, 'subsample': 0.8063537224588924, 'colsample_bytree': 0.6420937112912446, 'reg_alpha': 9.037972052892965e-07, 'reg_lambda': 2.5701315165757327e-07}. Best is trial 68 with value: 0.22057978438633036.
2025-05-25 01:52:33,254 - function.util_logger2025-05-25-01.46.47 - INFO - Trial 295 finished with value: 0.2233590283037037 and parameters: {'learning_rate': 0.014979712027097405, 'max_depth': 4, 'subsample': 0.9042717523301497, 'colsample_bytree': 0.6446205077767585, 'reg_alpha': 4.59219353168595e-08, 'reg_lambda': 2.710302555511901e-08}. Best is trial 68 with value: 0.22057978438633036.
