2025-05-25 01:53:40,803 - function.util_logger2025-05-25-01.46.47 - INFO - Trial 412 finished with value: 0.22313556923952355 and parameters: {'learning_rate': 0.13554348062177146, 'max_depth': 3, 'subsample': 0.9067972236794459, 'colsample_bytree': 0.851426963418347, 'reg_alpha': 3.363319044341619e-05, 'reg_lambda': 1.2928965027268325e-08}. Best is trial 68 with value: 0.22057978438633036.
2025-05-25 01:53:41,156 - function.util_logger2025-05-25-01.46.47 - INFO - Trial 413 finished with value: 0.22242178074813745 and parameters: {'learning_rate': 0.14181950516720404, 'max_depth': 4, 'subsample': 0.9028616613207774, 'colsample_bytree': 0.6156868135136999, 'reg_alpha': 4.076350438860099e-07, 'reg_lambda': 1.712092426238643e-08}. Best is trial 68 with value: 0.22057978438633036.
2025-05-25 01:53:41,956 - function.util_logger2025-05-25-01.46.47 - INFO - Trial 415 finished with value: 0.22193919633777642 and parameters: {'learning_rate': 0.14879051164792434, 'max_depth': 4, 'subsample': 0.8747052732156216, 'colsample_bytree': 0.6184835726593775, 'reg_alpha': 4.466524230998893e-07, 'reg_lambda': 4.421962354943356e-05}. Best is trial 68 with value: 0.22057978438633036.
2025-05-25 01:53:42,214 - function.util_logger2025-05-25-01.46.47 - INFO - Trial 416 finished with value: 0.22544825597644427 and parameters: {'learning_rate': 0.20248728614432981, 'max_depth': 4, 'subsample': 0.8495327506838706, 'colsample_bytree': 0.6206587002475062, 'reg_alpha': 2.1597664214656209e-07, 'reg_lambda': 4.4645881483598645e-08}. Best is trial 68 with value: 0.22057978438633036.
2025-05-25 01:53:42,536 - function.util_logger2025-05-25-01.46.47 - INFO - Trial 414 finished with value: 0.2236788719621455 and parameters: {'learning_rate': 0.1420707570192459, 'max_depth': 10, 'subsample': 0.9031206111759731, 'colsample_bytree': 0.6193716377097513, 'reg_alpha': 3.7525773387689086e-05, 'reg_lambda': 4.910346155754265e-08}. Best is trial 68 with value: 0.22057978438633036.
2025-05-25 01:53:44,683 - function.util_logger2025-05-25-01.46.47 - INFO - Trial 418 finished with value: 0.22396025342457992 and parameters: {'learning_rate': 0.11731689350125636, 'max_depth': 10, 'subsample': 0.8739687359432875, 'colsample_bytree': 0.6260132917410198, 'reg_alpha': 4.423322829822535e-07, 'reg_lambda': 9.275964821138734e-07}. Best is trial 68 with value: 0.22057978438633036.
2025-05-25 01:53:45,234 - function.util_logger2025-05-25-01.46.47 - INFO - Trial 419 finished with value: 0.22251930048111718 and parameters: {'learning_rate': 0.12201658853857315, 'max_depth': 9, 'subsample': 0.826797824212211, 'colsample_bytree': 0.6256509592761994, 'reg_alpha': 6.33525400974249e-07, 'reg_lambda': 6.479799575935211e-08}. Best is trial 68 with value: 0.22057978438633036.
2025-05-25 01:53:45,746 - function.util_logger2025-05-25-01.46.47 - INFO - Trial 420 finished with value: 0.22320219990680862 and parameters: {'learning_rate': 0.17890096815201417, 'max_depth': 4, 'subsample': 0.8403492569609197, 'colsample_bytree': 0.6459054664042444, 'reg_alpha': 6.65826933735621e-07, 'reg_lambda': 0.0033371673044372014}. Best is trial 68 with value: 0.22057978438633036.
2025-05-25 01:53:46,910 - function.util_logger2025-05-25-01.46.47 - INFO - Trial 421 finished with value: 0.22280928041233952 and parameters: {'learning_rate': 0.0783354634850428, 'max_depth': 4, 'subsample': 0.8400632923454067, 'colsample_bytree': 0.6442957739440004, 'reg_alpha': 5.038918985930477e-07, 'reg_lambda': 5.5214635033190384e-05}. Best is trial 68 with value: 0.22057978438633036.
2025-05-25 01:53:47,488 - function.util_logger2025-05-25-01.46.47 - INFO - Trial 422 finished with value: 0.22179798283938096 and parameters: {'learning_rate': 0.07789450187245558, 'max_depth': 4, 'subsample': 0.8544558206262448, 'colsample_bytree': 0.613262945780066, 'reg_alpha': 1.2981676659462752e-06, 'reg_lambda': 0.00209074126884266}. Best is trial 68 with value: 0.22057978438633036.
2025-05-25 01:53:48,455 - function.util_logger2025-05-25-01.46.47 - INFO - Trial 423 finished with value: 0.22175543150486013 and parameters: {'learning_rate': 0.08962005554091478, 'max_depth': 4, 'subsample': 0.8555544784696061, 'colsample_bytree': 0.6117760740575923, 'reg_alpha': 3.893845429745467e-07, 'reg_lambda': 0.0001251491541001771}. Best is trial 68 with value: 0.22057978438633036.
2025-05-25 01:53:49,194 - function.util_logger2025-05-25-01.46.47 - INFO - Trial 424 finished with value: 0.22225047702780984 and parameters: {'learning_rate': 0.06725042969562622, 'max_depth': 4, 'subsample': 0.8515521728184928, 'colsample_bytree': 0.612681271202285, 'reg_alpha': 2.940790962110208e-07, 'reg_lambda': 0.0059408358646784575}. Best is trial 68 with value: 0.22057978438633036.
2025-05-25 01:53:49,375 - function.util_logger2025-05-25-01.46.47 - INFO - Trial 375 finished with value: 0.2288090008982233 and parameters: {'learning_rate': 0.002484521409488112, 'max_depth': 7, 'subsample': 0.8017177495866884, 'colsample_bytree': 0.6212483072394821, 'reg_alpha': 2.9011095420108426e-07, 'reg_lambda': 3.443918679837171e-08}. Best is trial 68 with value: 0.22057978438633036.
2025-05-25 01:53:50,310 - function.util_logger2025-05-25-01.46.47 - INFO - Trial 425 finished with value: 0.22312141629324195 and parameters: {'learning_rate': 0.06707216016565684, 'max_depth': 4, 'subsample': 0.8526407427041787, 'colsample_bytree': 0.6566354538093016, 'reg_alpha': 1.3217329855555404e-06, 'reg_lambda': 8.978152106791164e-05}. Best is trial 68 with value: 0.22057978438633036.
2025-05-25 01:53:50,801 - function.util_logger2025-05-25-01.46.47 - INFO - Trial 427 finished with value: 0.22347510676255383 and parameters: {'learning_rate': 0.07608465880454017, 'max_depth': 4, 'subsample': 0.8531626843905318, 'colsample_bytree': 0.7225000501242089, 'reg_alpha': 1.6248289652304718e-06, 'reg_lambda': 0.0021160520637296476}. Best is trial 68 with value: 0.22057978438633036.
2025-05-25 01:53:50,904 - function.util_logger2025-05-25-01.46.47 - INFO - Trial 426 finished with value: 0.2232769040673047 and parameters: {'learning_rate': 0.07840860168859912, 'max_depth': 4, 'subsample': 0.8602204269287718, 'colsample_bytree': 0.6323310887211171, 'reg_alpha': 1.1806936769404284e-06, 'reg_lambda': 0.001923081235668274}. Best is trial 68 with value: 0.22057978438633036.
2025-05-25 01:53:51,905 - function.util_logger2025-05-25-01.46.47 - INFO - Trial 428 finished with value: 0.22256761245576953 and parameters: {'learning_rate': 0.0748289959782741, 'max_depth': 4, 'subsample': 0.8549090288991639, 'colsample_bytree': 0.6335784409578362, 'reg_alpha': 1.2332693034873518e-07, 'reg_lambda': 0.0001957663913629055}. Best is trial 68 with value: 0.22057978438633036.
2025-05-25 01:53:51,955 - function.util_logger2025-05-25-01.46.47 - INFO - Trial 429 finished with value: 0.22193917565873397 and parameters: {'learning_rate': 0.08560987147034058, 'max_depth': 4, 'subsample': 0.8634534712730955, 'colsample_bytree': 0.6325520715444582, 'reg_alpha': 5.95823200773101e-07, 'reg_lambda': 0.00016758949192236176}. Best is trial 68 with value: 0.22057978438633036.
2025-05-25 01:53:52,096 - function.util_logger2025-05-25-01.46.47 - INFO - Trial 430 finished with value: 0.22315010871974028 and parameters: {'learning_rate': 0.08452175450600516, 'max_depth': 4, 'subsample': 0.8629811789624126, 'colsample_bytree': 0.6323123869264344, 'reg_alpha': 6.516247857328263e-07, 'reg_lambda': 0.00014538238809340995}. Best is trial 68 with value: 0.22057978438633036.
2025-05-25 01:53:53,095 - function.util_logger2025-05-25-01.46.47 - INFO - Trial 431 finished with value: 0.22245638505937088 and parameters: {'learning_rate': 0.08745535635851097, 'max_depth': 4, 'subsample': 0.8622766496593122, 'colsample_bytree': 0.6233087796051989, 'reg_alpha': 6.660610583834139e-07, 'reg_lambda': 8.670240088839348e-05}. Best is trial 68 with value: 0.22057978438633036.
2025-05-25 01:53:53,238 - function.util_logger2025-05-25-01.46.47 - INFO - Trial 433 finished with value: 0.2225179358826117 and parameters: {'learning_rate': 0.09178229854709052, 'max_depth': 4, 'subsample': 0.8716303036481707, 'colsample_bytree': 0.641272796457967, 'reg_alpha': 2.2440556278282587e-07, 'reg_lambda': 0.00024496635730380617}. Best is trial 68 with value: 0.22057978438633036.
2025-05-25 01:53:53,444 - function.util_logger2025-05-25-01.46.47 - INFO - Trial 432 finished with value: 0.22238586140283192 and parameters: {'learning_rate': 0.08671934538675778, 'max_depth': 4, 'subsample': 0.8678903546496044, 'colsample_bytree': 0.6395966164795553, 'reg_alpha': 8.758873161805871e-07, 'reg_lambda': 0.0002540547829238947}. Best is trial 68 with value: 0.22057978438633036.
2025-05-25 01:53:54,566 - function.util_logger2025-05-25-01.46.47 - INFO - Trial 434 finished with value: 0.22248596870022236 and parameters: {'learning_rate': 0.09480851653288506, 'max_depth': 5, 'subsample': 0.845490558740914, 'colsample_bytree': 0.640192166109198, 'reg_alpha': 2.536571307043159e-07, 'reg_lambda': 0.00033997108062559567}. Best is trial 68 with value: 0.22057978438633036.
2025-05-25 01:53:56,158 - function.util_logger2025-05-25-01.46.47 - INFO - Trial 436 finished with value: 0.2216993979560778 and parameters: {'learning_rate': 0.0618836319474007, 'max_depth': 5, 'subsample': 0.8692314902445293, 'colsample_bytree': 0.6485140802910629, 'reg_alpha': 4.519522042638885e-07, 'reg_lambda': 5.9923796689872035e-05}. Best is trial 68 with value: 0.22057978438633036.
2025-05-25 01:53:57,512 - function.util_logger2025-05-25-01.46.47 - INFO - Trial 437 finished with value: 0.22442063403763512 and parameters: {'learning_rate': 0.07674005323446878, 'max_depth': 10, 'subsample': 0.878124957438444, 'colsample_bytree': 0.6526274686023112, 'reg_alpha': 4.990896583708107e-07, 'reg_lambda': 6.248130605260255e-05}. Best is trial 68 with value: 0.22057978438633036.
2025-05-25 01:53:58,725 - function.util_logger2025-05-25-01.46.47 - INFO - Trial 438 finished with value: 0.22238747064714154 and parameters: {'learning_rate': 0.06412260220888086, 'max_depth': 6, 'subsample': 0.8668185104418864, 'colsample_bytree': 0.6516694554743363, 'reg_alpha': 9.329346786800581e-07, 'reg_lambda': 0.00011831616939692778}. Best is trial 68 with value: 0.22057978438633036.
2025-05-25 01:54:00,633 - function.util_logger2025-05-25-01.46.47 - INFO - Trial 439 finished with value: 0.22306402469838454 and parameters: {'learning_rate': 0.06518834604243487, 'max_depth': 6, 'subsample': 0.8607190704639306, 'colsample_bytree': 0.6484335295980946, 'reg_alpha': 4.278368077557596e-07, 'reg_lambda': 4.461267705844455e-05}. Best is trial 68 with value: 0.22057978438633036.
2025-05-25 01:54:00,998 - function.util_logger2025-05-25-01.46.47 - INFO - Trial 440 finished with value: 0.2236659254004098 and parameters: {'learning_rate': 0.06172331899403379, 'max_depth': 5, 'subsample': 0.8699379823161445, 'colsample_bytree': 0.6348485215078049, 'reg_alpha': 4.98104892934378e-07, 'reg_lambda': 0.00013460136262241848}. Best is trial 68 with value: 0.22057978438633036.
2025-05-25 01:54:03,079 - function.util_logger2025-05-25-01.46.47 - INFO - Trial 441 finished with value: 0.22315560400469936 and parameters: {'learning_rate': 0.07506092819622119, 'max_depth': 10, 'subsample': 0.84679809423491, 'colsample_bytree': 0.6324967616847944, 'reg_alpha': 1.7764934482319176e-07, 'reg_lambda': 3.977191893226421e-05}. Best is trial 68 with value: 0.22057978438633036.
2025-05-25 01:54:03,156 - function.util_logger2025-05-25-01.46.47 - INFO - Trial 442 finished with value: 0.22399054696243384 and parameters: {'learning_rate': 0.06048151485253934, 'max_depth': 5, 'subsample': 0.8357241000528712, 'colsample_bytree': 0.6616199810573544, 'reg_alpha': 3.24859524969608e-07, 'reg_lambda': 0.00015427055878764707}. Best is trial 68 with value: 0.22057978438633036.
2025-05-25 01:54:04,250 - function.util_logger2025-05-25-01.46.47 - INFO - Trial 444 finished with value: 0.22502548159150973 and parameters: {'learning_rate': 0.08378988331971066, 'max_depth': 3, 'subsample': 0.8564564139675541, 'colsample_bytree': 0.6421580110315027, 'reg_alpha': 1.1887789197966826e-06, 'reg_lambda': 0.0001892331454532879}. Best is trial 68 with value: 0.22057978438633036.
2025-05-25 01:54:04,458 - function.util_logger2025-05-25-01.46.47 - INFO - Trial 417 finished with value: 0.2239643829078811 and parameters: {'learning_rate': 0.007036959042055626, 'max_depth': 10, 'subsample': 0.8449424062942387, 'colsample_bytree': 0.6225497729160325, 'reg_alpha': 2.4706451902041717e-07, 'reg_lambda': 5.233504335491146e-08}. Best is trial 68 with value: 0.22057978438633036.
2025-05-25 01:54:04,928 - function.util_logger2025-05-25-01.46.47 - INFO - Trial 435 finished with value: 0.22266387611071212 and parameters: {'learning_rate': 0.007501398627750526, 'max_depth': 4, 'subsample': 0.8661493419479092, 'colsample_bytree': 0.6397591504361738, 'reg_alpha': 1.0273447001188765e-06, 'reg_lambda': 0.00012092369596106403}. Best is trial 68 with value: 0.22057978438633036.
2025-05-25 01:54:04,985 - function.util_logger2025-05-25-01.46.47 - INFO - Trial 443 finished with value: 0.22293534147866018 and parameters: {'learning_rate': 0.07176231969005696, 'max_depth': 5, 'subsample': 0.855792213336669, 'colsample_bytree': 0.6404299371254828, 'reg_alpha': 8.919240857255416e-07, 'reg_lambda': 7.990816903045852e-05}. Best is trial 68 with value: 0.22057978438633036.
2025-05-25 01:54:06,414 - function.util_logger2025-05-25-01.46.47 - INFO - Trial 446 finished with value: 0.22275729652471915 and parameters: {'learning_rate': 0.07287671779135439, 'max_depth': 5, 'subsample': 0.9627213081567028, 'colsample_bytree': 0.7117022525495993, 'reg_alpha': 1.2153907578971753e-07, 'reg_lambda': 6.655080562268365e-05}. Best is trial 68 with value: 0.22057978438633036.
2025-05-25 01:54:07,023 - function.util_logger2025-05-25-01.46.47 - INFO - Trial 445 finished with value: 0.22295538586495325 and parameters: {'learning_rate': 0.057879044330602425, 'max_depth': 5, 'subsample': 0.874690736284314, 'colsample_bytree': 0.6282635667866466, 'reg_alpha': 3.471982834531657e-07, 'reg_lambda': 0.0042060046881997265}. Best is trial 68 with value: 0.22057978438633036.
2025-05-25 01:54:07,086 - function.util_logger2025-05-25-01.46.47 - INFO - Trial 447 finished with value: 0.222188978202839 and parameters: {'learning_rate': 0.071112878387645, 'max_depth': 5, 'subsample': 0.8749143553740077, 'colsample_bytree': 0.6303189045776186, 'reg_alpha': 6.994497452414437e-07, 'reg_lambda': 1.9790133734486337e-05}. Best is trial 68 with value: 0.22057978438633036.
2025-05-25 01:54:07,460 - function.util_logger2025-05-25-01.46.47 - INFO - Trial 448 finished with value: 0.22346869077781487 and parameters: {'learning_rate': 0.07169614922964294, 'max_depth': 6, 'subsample': 0.962671297024318, 'colsample_bytree': 0.7108215337411518, 'reg_alpha': 5.662067275664191e-07, 'reg_lambda': 8.66204603330177e-05}. Best is trial 68 with value: 0.22057978438633036.
2025-05-25 01:54:07,783 - function.util_logger2025-05-25-01.46.47 - INFO - Trial 449 finished with value: 0.22206121669778275 and parameters: {'learning_rate': 0.08536110354294449, 'max_depth': 4, 'subsample': 0.878489429336185, 'colsample_bytree': 0.6290111776584242, 'reg_alpha': 6.207536960912166e-07, 'reg_lambda': 0.0028221012759918145}. Best is trial 68 with value: 0.22057978438633036.
2025-05-25 01:54:08,358 - function.util_logger2025-05-25-01.46.47 - INFO - Trial 451 finished with value: 0.2219099701349657 and parameters: {'learning_rate': 0.0896432593211382, 'max_depth': 4, 'subsample': 0.6514321926161323, 'colsample_bytree': 0.6153922391262721, 'reg_alpha': 6.348273831020297e-07, 'reg_lambda': 0.0025065133554378455}. Best is trial 68 with value: 0.22057978438633036.
2025-05-25 01:54:08,630 - function.util_logger2025-05-25-01.46.47 - INFO - Trial 450 finished with value: 0.22250289878055923 and parameters: {'learning_rate': 0.08456502676533223, 'max_depth': 4, 'subsample': 0.9420948192154028, 'colsample_bytree': 0.6167758664959496, 'reg_alpha': 5.622289698172781e-07, 'reg_lambda': 2.5417443515187603e-05}. Best is trial 68 with value: 0.22057978438633036.
2025-05-25 01:54:08,886 - function.util_logger2025-05-25-01.46.47 - INFO - Trial 452 finished with value: 0.22309113573916473 and parameters: {'learning_rate': 0.08992405913212098, 'max_depth': 4, 'subsample': 0.6574085077613567, 'colsample_bytree': 0.6164583697702467, 'reg_alpha': 1.5268027106547902e-06, 'reg_lambda': 0.0001933275078068334}. Best is trial 68 with value: 0.22057978438633036.
2025-05-25 01:54:09,704 - function.util_logger2025-05-25-01.46.47 - INFO - Trial 455 finished with value: 0.2235559592738574 and parameters: {'learning_rate': 0.09242310440783648, 'max_depth': 4, 'subsample': 0.6560879752181815, 'colsample_bytree': 0.6087287074209562, 'reg_alpha': 3.4216572511788475e-07, 'reg_lambda': 0.004333792554392791}. Best is trial 68 with value: 0.22057978438633036.
2025-05-25 01:54:09,852 - function.util_logger2025-05-25-01.46.47 - INFO - Trial 453 finished with value: 0.2224711473736265 and parameters: {'learning_rate': 0.05604081205999136, 'max_depth': 4, 'subsample': 0.9449459073102372, 'colsample_bytree': 0.6154366266332975, 'reg_alpha': 1.6801150404632653e-06, 'reg_lambda': 0.001208537088211293}. Best is trial 68 with value: 0.22057978438633036.
2025-05-25 01:54:09,881 - function.util_logger2025-05-25-01.46.47 - INFO - Trial 454 finished with value: 0.22298193758304277 and parameters: {'learning_rate': 0.08066912591224672, 'max_depth': 4, 'subsample': 0.660941844233841, 'colsample_bytree': 0.6145495522328349, 'reg_alpha': 3.928564428054349e-07, 'reg_lambda': 0.0016872146853341354}. Best is trial 68 with value: 0.22057978438633036.
2025-05-25 01:54:11,003 - function.util_logger2025-05-25-01.46.47 - INFO - Trial 456 finished with value: 0.2225876845629559 and parameters: {'learning_rate': 0.05160384315514787, 'max_depth': 4, 'subsample': 0.6452241695623792, 'colsample_bytree': 0.6003075821187773, 'reg_alpha': 3.714031894626533e-07, 'reg_lambda': 0.0011457398820617125}. Best is trial 68 with value: 0.22057978438633036.
2025-05-25 01:54:11,258 - function.util_logger2025-05-25-01.46.47 - INFO - Trial 459 finished with value: 0.22272929141506367 and parameters: {'learning_rate': 0.09859261269089808, 'max_depth': 4, 'subsample': 0.6488309554903086, 'colsample_bytree': 0.6047456749404406, 'reg_alpha': 8.558168077986767e-07, 'reg_lambda': 0.0006697680744044412}. Best is trial 68 with value: 0.22057978438633036.
2025-05-25 01:54:11,292 - function.util_logger2025-05-25-01.46.47 - INFO - Trial 457 finished with value: 0.22404855997158987 and parameters: {'learning_rate': 0.058800820289958415, 'max_depth': 3, 'subsample': 0.6370938088702075, 'colsample_bytree': 0.6000826994257258, 'reg_alpha': 1.4659071586080106e-07, 'reg_lambda': 0.001037246828678864}. Best is trial 68 with value: 0.22057978438633036.
2025-05-25 01:54:11,512 - function.util_logger2025-05-25-01.46.47 - INFO - Trial 458 finished with value: 0.2221589614959658 and parameters: {'learning_rate': 0.07792383599725754, 'max_depth': 4, 'subsample': 0.6662787991777985, 'colsample_bytree': 0.6058610810351039, 'reg_alpha': 9.555676101301185e-07, 'reg_lambda': 0.0022251652084779227}. Best is trial 68 with value: 0.22057978438633036.
2025-05-25 01:54:12,206 - function.util_logger2025-05-25-01.46.47 - INFO - Trial 461 finished with value: 0.22672960460803204 and parameters: {'learning_rate': 0.10799190987890811, 'max_depth': 3, 'subsample': 0.6301678050545694, 'colsample_bytree': 0.6074339354101645, 'reg_alpha': 1.577111689179275e-07, 'reg_lambda': 0.002092442550143572}. Best is trial 68 with value: 0.22057978438633036.
2025-05-25 01:54:12,236 - function.util_logger2025-05-25-01.46.47 - INFO - Trial 460 finished with value: 0.22484584092178003 and parameters: {'learning_rate': 0.10550061061517924, 'max_depth': 3, 'subsample': 0.6642596325705983, 'colsample_bytree': 0.6067221463192639, 'reg_alpha': 1.883705723244332e-07, 'reg_lambda': 4.073699342298304e-05}. Best is trial 68 with value: 0.22057978438633036.
2025-05-25 01:54:12,729 - function.util_logger2025-05-25-01.46.47 - INFO - Trial 463 finished with value: 0.2235153370259531 and parameters: {'learning_rate': 0.1047911585228196, 'max_depth': 4, 'subsample': 0.6312456768624467, 'colsample_bytree': 0.803043719553403, 'reg_alpha': 0.011330193064781686, 'reg_lambda': 3.750275630518613e-05}. Best is trial 68 with value: 0.22057978438633036.
2025-05-25 01:54:12,782 - function.util_logger2025-05-25-01.46.47 - INFO - Trial 462 finished with value: 0.2233543325478044 and parameters: {'learning_rate': 0.10388141876575754, 'max_depth': 4, 'subsample': 0.6356658053409747, 'colsample_bytree': 0.6236810714235841, 'reg_alpha': 0.005700371467255782, 'reg_lambda': 0.0027973081238608895}. Best is trial 68 with value: 0.22057978438633036.
2025-05-25 01:54:13,131 - function.util_logger2025-05-25-01.46.47 - INFO - Trial 464 finished with value: 0.22517187987918788 and parameters: {'learning_rate': 0.23328864365410754, 'max_depth': 4, 'subsample': 0.6434542414462281, 'colsample_bytree': 0.6216993529036067, 'reg_alpha': 0.011870217580170971, 'reg_lambda': 0.0032934788950169792}. Best is trial 68 with value: 0.22057978438633036.
2025-05-25 01:54:13,213 - function.util_logger2025-05-25-01.46.47 - INFO - Trial 465 finished with value: 0.2251555762615871 and parameters: {'learning_rate': 0.212992606256738, 'max_depth': 4, 'subsample': 0.6749609125978601, 'colsample_bytree': 0.6194332298406258, 'reg_alpha': 0.005489953961527479, 'reg_lambda': 0.003140036088025394}. Best is trial 68 with value: 0.22057978438633036.
