2025-05-25 01:55:07,923 - function.util_logger2025-05-25-01.46.47 - INFO - Trial 579 finished with value: 0.22244242903836034 and parameters: {'learning_rate': 0.14533560248595354, 'max_depth': 4, 'subsample': 0.9640811061699851, 'colsample_bytree': 0.6180144238021638, 'reg_alpha': 9.456143275020819e-06, 'reg_lambda': 5.539297980683077e-07}. Best is trial 68 with value: 0.22057978438633036.
2025-05-25 01:55:10,244 - function.util_logger2025-05-25-01.46.47 - INFO - Trial 581 finished with value: 0.2234550872637296 and parameters: {'learning_rate': 0.12134978365196583, 'max_depth': 10, 'subsample': 0.9936652294839756, 'colsample_bytree': 0.6361684847794382, 'reg_alpha': 8.304004481404004e-08, 'reg_lambda': 4.4057223955345377e-07}. Best is trial 68 with value: 0.22057978438633036.
2025-05-25 01:55:10,527 - function.util_logger2025-05-25-01.46.47 - INFO - Trial 582 finished with value: 0.2234613817463825 and parameters: {'learning_rate': 0.12008754566951738, 'max_depth': 10, 'subsample': 0.9978015187180558, 'colsample_bytree': 0.6005203345222464, 'reg_alpha': 0.008601287765011949, 'reg_lambda': 3.6394918425327146e-07}. Best is trial 68 with value: 0.22057978438633036.
2025-05-25 01:55:11,096 - function.util_logger2025-05-25-01.46.47 - INFO - Trial 565 finished with value: 0.22646918934887714 and parameters: {'learning_rate': 0.004019133295080501, 'max_depth': 3, 'subsample': 0.8565804344954315, 'colsample_bytree': 0.621542396911507, 'reg_alpha': 0.016134623835883665, 'reg_lambda': 3.2912730664499654e-05}. Best is trial 68 with value: 0.22057978438633036.
2025-05-25 01:55:11,526 - function.util_logger2025-05-25-01.46.47 - INFO - Trial 584 finished with value: 0.22320061955643453 and parameters: {'learning_rate': 0.19207154495193002, 'max_depth': 4, 'subsample': 0.9058324873373614, 'colsample_bytree': 0.6329840607083315, 'reg_alpha': 0.012090249992500492, 'reg_lambda': 1.47310510344872e-07}. Best is trial 68 with value: 0.22057978438633036.
2025-05-25 01:55:11,585 - function.util_logger2025-05-25-01.46.47 - INFO - Trial 580 finished with value: 0.2235391714893812 and parameters: {'learning_rate': 0.02864800546729771, 'max_depth': 4, 'subsample': 0.9932470264511029, 'colsample_bytree': 0.6357924409614677, 'reg_alpha': 0.0031000344413712015, 'reg_lambda': 2.5737516637698835e-07}. Best is trial 68 with value: 0.22057978438633036.
2025-05-25 01:55:11,612 - function.util_logger2025-05-25-01.46.47 - INFO - Trial 583 finished with value: 0.2223917167635486 and parameters: {'learning_rate': 0.12014013875978623, 'max_depth': 4, 'subsample': 0.9903724505041104, 'colsample_bytree': 0.6303191142155371, 'reg_alpha': 0.0061170232633048546, 'reg_lambda': 7.285339722639729e-08}. Best is trial 68 with value: 0.22057978438633036.
2025-05-25 01:55:12,261 - function.util_logger2025-05-25-01.46.47 - INFO - Trial 585 finished with value: 0.22433374094285674 and parameters: {'learning_rate': 0.18864569442012857, 'max_depth': 4, 'subsample': 0.9952778516996825, 'colsample_bytree': 0.6337556742102025, 'reg_alpha': 0.0036855832297129605, 'reg_lambda': 2.041808781761764e-07}. Best is trial 68 with value: 0.22057978438633036.
2025-05-25 01:55:12,653 - function.util_logger2025-05-25-01.46.47 - INFO - Trial 588 finished with value: 0.224214655672407 and parameters: {'learning_rate': 0.17662654372327488, 'max_depth': 4, 'subsample': 0.8727080941606583, 'colsample_bytree': 0.6447397332596991, 'reg_alpha': 0.039162510974608045, 'reg_lambda': 2.8091400532562733e-08}. Best is trial 68 with value: 0.22057978438633036.
2025-05-25 01:55:12,741 - function.util_logger2025-05-25-01.46.47 - INFO - Trial 586 finished with value: 0.2217917016554191 and parameters: {'learning_rate': 0.1332227036825939, 'max_depth': 4, 'subsample': 0.9897162375825691, 'colsample_bytree': 0.6108371063551494, 'reg_alpha': 0.0033154818218080417, 'reg_lambda': 7.2970870441316e-08}. Best is trial 68 with value: 0.22057978438633036.
2025-05-25 01:55:13,046 - function.util_logger2025-05-25-01.46.47 - INFO - Trial 587 finished with value: 0.22213581353769288 and parameters: {'learning_rate': 0.13091252428235917, 'max_depth': 4, 'subsample': 0.9298453467236695, 'colsample_bytree': 0.6450759083253189, 'reg_alpha': 0.006586314345251637, 'reg_lambda': 2.238044265585236e-07}. Best is trial 68 with value: 0.22057978438633036.
2025-05-25 01:55:13,462 - function.util_logger2025-05-25-01.46.47 - INFO - Trial 589 finished with value: 0.22285424362569567 and parameters: {'learning_rate': 0.13329295183098172, 'max_depth': 4, 'subsample': 0.8731607118779541, 'colsample_bytree': 0.6457750048440587, 'reg_alpha': 0.03939714719419592, 'reg_lambda': 2.5999266547330428e-08}. Best is trial 68 with value: 0.22057978438633036.
2025-05-25 01:55:13,949 - function.util_logger2025-05-25-01.46.47 - INFO - Trial 590 finished with value: 0.2241192673280355 and parameters: {'learning_rate': 0.13482173419138446, 'max_depth': 4, 'subsample': 0.8617817132501807, 'colsample_bytree': 0.6000317712057291, 'reg_alpha': 8.072882188684704e-05, 'reg_lambda': 1.085664209173397e-08}. Best is trial 68 with value: 0.22057978438633036.
2025-05-25 01:55:15,112 - function.util_logger2025-05-25-01.46.47 - INFO - Trial 591 finished with value: 0.22424503904311047 and parameters: {'learning_rate': 0.0511250766543133, 'max_depth': 4, 'subsample': 0.7802553835461246, 'colsample_bytree': 0.6107865589240017, 'reg_alpha': 0.0022837223889027713, 'reg_lambda': 8.993778241431953e-08}. Best is trial 68 with value: 0.22057978438633036.
2025-05-25 01:55:15,313 - function.util_logger2025-05-25-01.46.47 - INFO - Trial 592 finished with value: 0.2224639830948422 and parameters: {'learning_rate': 0.07080174256166348, 'max_depth': 5, 'subsample': 0.9782781797662413, 'colsample_bytree': 0.6101594054758296, 'reg_alpha': 0.002062231652753209, 'reg_lambda': 7.183547533994005e-08}. Best is trial 68 with value: 0.22057978438633036.
2025-05-25 01:55:15,543 - function.util_logger2025-05-25-01.46.47 - INFO - Trial 593 finished with value: 0.22208049101554694 and parameters: {'learning_rate': 0.07180676931190223, 'max_depth': 4, 'subsample': 0.9844700257388606, 'colsample_bytree': 0.6083557612499914, 'reg_alpha': 0.002588453204329331, 'reg_lambda': 9.389398902744779e-08}. Best is trial 68 with value: 0.22057978438633036.
2025-05-25 01:55:16,588 - function.util_logger2025-05-25-01.46.47 - INFO - Trial 594 finished with value: 0.22256343530728442 and parameters: {'learning_rate': 0.06787519774278283, 'max_depth': 5, 'subsample': 0.983237149975979, 'colsample_bytree': 0.6125757863614095, 'reg_alpha': 0.0032339745372549477, 'reg_lambda': 8.54721291589128e-08}. Best is trial 68 with value: 0.22057978438633036.
2025-05-25 01:55:16,662 - function.util_logger2025-05-25-01.46.47 - INFO - Trial 596 finished with value: 0.2229824644400266 and parameters: {'learning_rate': 0.11334680673141802, 'max_depth': 4, 'subsample': 0.9854208541315657, 'colsample_bytree': 0.6140004346551526, 'reg_alpha': 0.0029308277178807705, 'reg_lambda': 1.2501090756121768e-07}. Best is trial 68 with value: 0.22057978438633036.
2025-05-25 01:55:16,914 - function.util_logger2025-05-25-01.46.47 - INFO - Trial 595 finished with value: 0.22232467143659815 and parameters: {'learning_rate': 0.11179654456471426, 'max_depth': 5, 'subsample': 0.9891924876340524, 'colsample_bytree': 0.6102262080904958, 'reg_alpha': 0.0021815657785515105, 'reg_lambda': 4.924512471485834e-08}. Best is trial 68 with value: 0.22057978438633036.
2025-05-25 01:55:17,038 - function.util_logger2025-05-25-01.46.47 - INFO - Trial 597 finished with value: 0.22230898278311165 and parameters: {'learning_rate': 0.11285664085607859, 'max_depth': 4, 'subsample': 0.9929300957998575, 'colsample_bytree': 0.6140670734888409, 'reg_alpha': 0.004566902804234742, 'reg_lambda': 6.53521345603842e-08}. Best is trial 68 with value: 0.22057978438633036.
2025-05-25 01:55:17,824 - function.util_logger2025-05-25-01.46.47 - INFO - Trial 598 finished with value: 0.22499867912572005 and parameters: {'learning_rate': 0.11648656236141486, 'max_depth': 4, 'subsample': 0.9943432776275991, 'colsample_bytree': 0.8259228965234137, 'reg_alpha': 0.004646095208778071, 'reg_lambda': 5.648400501707521e-08}. Best is trial 68 with value: 0.22057978438633036.
2025-05-25 01:55:18,212 - function.util_logger2025-05-25-01.46.47 - INFO - Trial 599 finished with value: 0.22216127855726295 and parameters: {'learning_rate': 0.1648002281512127, 'max_depth': 6, 'subsample': 0.9983285683946661, 'colsample_bytree': 0.6001818178821969, 'reg_alpha': 0.004780430153729166, 'reg_lambda': 5.3449717068802545e-08}. Best is trial 68 with value: 0.22057978438633036.
2025-05-25 01:55:18,213 - function.util_logger2025-05-25-01.46.47 - INFO - Best params: {'learning_rate': 0.13684616510491773, 'max_depth': 4, 'subsample': 0.7521514486175322, 'colsample_bytree': 0.6154583088302245, 'reg_alpha': 0.0018935379589939136, 'reg_lambda': 6.271725376850271e-07}
2025-05-25 01:55:18,213 - function.util_logger2025-05-25-01.46.47 - INFO - Best MAPE: 0.22057978438633036
2025-05-25 01:55:18,259 - function.util_logger2025-05-25-01.46.47 - INFO - 最优参数: {'learning_rate': 0.13684616510491773, 'max_depth': 4, 'subsample': 0.7521514486175322, 'colsample_bytree': 0.6154583088302245, 'reg_alpha': 0.0018935379589939136, 'reg_lambda': 6.271725376850271e-07, 'objective': 'regression', 'n_estimators': 115, 'random_state': 42, 'verbose': -1}
2025-05-25 01:55:18,259 - function.util_logger2025-05-25-01.46.47 - INFO - avg_best_iter: 115
