2025-05-25 01:50:00,020 - function.util_logger2025-05-25-01.46.47 - INFO - Trial 78 finished with value: 0.22540253663959314 and parameters: {'learning_rate': 0.29174929731467897, 'max_depth': 4, 'subsample': 0.8123270843686822, 'colsample_bytree': 0.6324660355755878, 'reg_alpha': 0.20672316551738637, 'reg_lambda': 2.917596419666129e-07}. Best is trial 68 with value: 0.22057978438633036.
2025-05-25 01:50:00,371 - function.util_logger2025-05-25-01.46.47 - INFO - Trial 79 finished with value: 0.2228221265643724 and parameters: {'learning_rate': 0.15959366058893087, 'max_depth': 4, 'subsample': 0.8150039801563558, 'colsample_bytree': 0.6314344322489941, 'reg_alpha': 0.010266591149961774, 'reg_lambda': 9.714981139984784e-08}. Best is trial 68 with value: 0.22057978438633036.
2025-05-25 01:50:00,653 - function.util_logger2025-05-25-01.46.47 - INFO - Trial 80 finished with value: 0.22151026684913072 and parameters: {'learning_rate': 0.12932120132802039, 'max_depth': 4, 'subsample': 0.8122019899660446, 'colsample_bytree': 0.6310626419897796, 'reg_alpha': 0.016667305811364223, 'reg_lambda': 1.0124937496434021e-07}. Best is trial 68 with value: 0.22057978438633036.
2025-05-25 01:50:00,810 - function.util_logger2025-05-25-01.46.47 - INFO - Trial 81 finished with value: 0.2228743133474218 and parameters: {'learning_rate': 0.16144426392454758, 'max_depth': 4, 'subsample': 0.8031515304817898, 'colsample_bytree': 0.632675565684222, 'reg_alpha': 0.0342121925096556, 'reg_lambda': 9.815272617500925e-08}. Best is trial 68 with value: 0.22057978438633036.
2025-05-25 01:50:00,932 - function.util_logger2025-05-25-01.46.47 - INFO - Trial 82 finished with value: 0.22277428076001632 and parameters: {'learning_rate': 0.16502457974980675, 'max_depth': 4, 'subsample': 0.7464971113531385, 'colsample_bytree': 0.6865126753314781, 'reg_alpha': 0.016975659741615315, 'reg_lambda': 9.209586394268953e-08}. Best is trial 68 with value: 0.22057978438633036.
2025-05-25 01:50:01,074 - function.util_logger2025-05-25-01.46.47 - INFO - Trial 83 finished with value: 0.22411775284069663 and parameters: {'learning_rate': 0.1705629741207524, 'max_depth': 3, 'subsample': 0.7486450486237098, 'colsample_bytree': 0.6788696794781517, 'reg_alpha': 0.016284730626921345, 'reg_lambda': 2.5515847839215772e-08}. Best is trial 68 with value: 0.22057978438633036.
2025-05-25 01:50:01,710 - function.util_logger2025-05-25-01.46.47 - INFO - Trial 85 finished with value: 0.22550801059741352 and parameters: {'learning_rate': 0.12537026106916935, 'max_depth': 3, 'subsample': 0.7493556723441416, 'colsample_bytree': 0.6818582383628663, 'reg_alpha': 0.017766312659044096, 'reg_lambda': 3.534732883357958e-08}. Best is trial 68 with value: 0.22057978438633036.
2025-05-25 01:50:01,727 - function.util_logger2025-05-25-01.46.47 - INFO - Trial 84 finished with value: 0.2233375790525293 and parameters: {'learning_rate': 0.16629178832800623, 'max_depth': 4, 'subsample': 0.7505356233941944, 'colsample_bytree': 0.6522764664704045, 'reg_alpha': 0.020089137417864184, 'reg_lambda': 1.7295398379417913e-06}. Best is trial 68 with value: 0.22057978438633036.
2025-05-25 01:50:02,025 - function.util_logger2025-05-25-01.46.47 - INFO - Trial 86 finished with value: 0.223577736343525 and parameters: {'learning_rate': 0.11749169597398183, 'max_depth': 3, 'subsample': 0.7060003325411179, 'colsample_bytree': 0.6553211536442823, 'reg_alpha': 0.01420365644844713, 'reg_lambda': 2.6349998328388295e-08}. Best is trial 68 with value: 0.22057978438633036.
2025-05-25 01:50:02,272 - function.util_logger2025-05-25-01.46.47 - INFO - Trial 87 finished with value: 0.2238885341405005 and parameters: {'learning_rate': 0.11420378918688724, 'max_depth': 4, 'subsample': 0.9626819608796835, 'colsample_bytree': 0.6556021132591534, 'reg_alpha': 0.04066077462410187, 'reg_lambda': 1.3442354232909457e-06}. Best is trial 68 with value: 0.22057978438633036.
2025-05-25 01:50:03,971 - function.util_logger2025-05-25-01.46.47 - INFO - Trial 91 finished with value: 0.22313903550349612 and parameters: {'learning_rate': 0.06936215570713072, 'max_depth': 4, 'subsample': 0.7785662834278577, 'colsample_bytree': 0.6138843934548014, 'reg_alpha': 0.0006079944952425817, 'reg_lambda': 1.5578829029141697e-08}. Best is trial 68 with value: 0.22057978438633036.
2025-05-25 01:50:04,347 - function.util_logger2025-05-25-01.46.47 - INFO - Trial 90 finished with value: 0.22296986263643834 and parameters: {'learning_rate': 0.03553807472446141, 'max_depth': 4, 'subsample': 0.7274567252779698, 'colsample_bytree': 0.6674656138063739, 'reg_alpha': 0.003834706368703027, 'reg_lambda': 1.1567692141248597e-06}. Best is trial 68 with value: 0.22057978438633036.
2025-05-25 01:50:04,433 - function.util_logger2025-05-25-01.46.47 - INFO - Trial 88 finished with value: 0.2235241587690248 and parameters: {'learning_rate': 0.03511592619872312, 'max_depth': 4, 'subsample': 0.7832998882753688, 'colsample_bytree': 0.6515608044234018, 'reg_alpha': 0.03610278256955117, 'reg_lambda': 1.3761746844264133e-08}. Best is trial 68 with value: 0.22057978438633036.
2025-05-25 01:50:04,672 - function.util_logger2025-05-25-01.46.47 - INFO - Trial 92 finished with value: 0.22274316025984103 and parameters: {'learning_rate': 0.2137589759543741, 'max_depth': 4, 'subsample': 0.7274046105485283, 'colsample_bytree': 0.6679465959583678, 'reg_alpha': 0.001554837741647498, 'reg_lambda': 1.1188090767740239e-06}. Best is trial 68 with value: 0.22057978438633036.
2025-05-25 01:50:04,826 - function.util_logger2025-05-25-01.46.47 - INFO - Trial 89 finished with value: 0.22369556679254465 and parameters: {'learning_rate': 0.03441232927492982, 'max_depth': 4, 'subsample': 0.7834615198239828, 'colsample_bytree': 0.6658017868753049, 'reg_alpha': 0.00021672013103993622, 'reg_lambda': 1.2840431177319804e-06}. Best is trial 68 with value: 0.22057978438633036.
2025-05-25 01:50:05,088 - function.util_logger2025-05-25-01.46.47 - INFO - Trial 93 finished with value: 0.22380789930800232 and parameters: {'learning_rate': 0.14295824585103623, 'max_depth': 3, 'subsample': 0.8469016394939377, 'colsample_bytree': 0.61220404232673, 'reg_alpha': 0.0016222529141335584, 'reg_lambda': 1.3076764074247066e-07}. Best is trial 68 with value: 0.22057978438633036.
2025-05-25 01:50:05,670 - function.util_logger2025-05-25-01.46.47 - INFO - Trial 94 finished with value: 0.22300134229772484 and parameters: {'learning_rate': 0.20306407119482672, 'max_depth': 5, 'subsample': 0.759305995530384, 'colsample_bytree': 0.6104559218649122, 'reg_alpha': 0.001764613006047099, 'reg_lambda': 1.7729125878329682e-07}. Best is trial 68 with value: 0.22057978438633036.
2025-05-25 01:50:06,911 - function.util_logger2025-05-25-01.46.47 - INFO - Trial 95 finished with value: 0.22262721470041172 and parameters: {'learning_rate': 0.056810007215498295, 'max_depth': 5, 'subsample': 0.8235679000404884, 'colsample_bytree': 0.6125879698367434, 'reg_alpha': 0.0006265760671839087, 'reg_lambda': 1.4269369812490105e-07}. Best is trial 68 with value: 0.22057978438633036.
2025-05-25 01:50:07,271 - function.util_logger2025-05-25-01.46.47 - INFO - Trial 96 finished with value: 0.2226577427365147 and parameters: {'learning_rate': 0.05621702832144904, 'max_depth': 5, 'subsample': 0.7598345501772616, 'colsample_bytree': 0.613088774545529, 'reg_alpha': 0.00934910786186877, 'reg_lambda': 1.4888539038359789e-07}. Best is trial 68 with value: 0.22057978438633036.
2025-05-25 01:50:07,940 - function.util_logger2025-05-25-01.46.47 - INFO - Trial 97 finished with value: 0.2223188538359706 and parameters: {'learning_rate': 0.056167103112257574, 'max_depth': 5, 'subsample': 0.7584054932643701, 'colsample_bytree': 0.645009773628766, 'reg_alpha': 0.0005924861707822249, 'reg_lambda': 2.2047419502207285e-06}. Best is trial 68 with value: 0.22057978438633036.
2025-05-25 01:50:08,556 - function.util_logger2025-05-25-01.46.47 - INFO - Trial 98 finished with value: 0.22326218480892468 and parameters: {'learning_rate': 0.05669337475310729, 'max_depth': 5, 'subsample': 0.7098811485667788, 'colsample_bytree': 0.6431784289298763, 'reg_alpha': 0.003991881118357019, 'reg_lambda': 7.328830130490916e-06}. Best is trial 68 with value: 0.22057978438633036.
2025-05-25 01:50:09,356 - function.util_logger2025-05-25-01.46.47 - INFO - Trial 99 finished with value: 0.22337797148124103 and parameters: {'learning_rate': 0.06067042020709756, 'max_depth': 5, 'subsample': 0.8255975685456133, 'colsample_bytree': 0.625837145241518, 'reg_alpha': 0.003966488774202707, 'reg_lambda': 6.451235046803303e-08}. Best is trial 68 with value: 0.22057978438633036.
2025-05-25 01:50:09,404 - function.util_logger2025-05-25-01.46.47 - INFO - Trial 100 finished with value: 0.2231145485932454 and parameters: {'learning_rate': 0.07485404221767478, 'max_depth': 5, 'subsample': 0.7052253262194882, 'colsample_bytree': 0.640902523538105, 'reg_alpha': 0.000541675390536943, 'reg_lambda': 5.671023609021496e-08}. Best is trial 68 with value: 0.22057978438633036.
2025-05-25 01:50:09,558 - function.util_logger2025-05-25-01.46.47 - INFO - Trial 101 finished with value: 0.22329301051590583 and parameters: {'learning_rate': 0.0759295654344288, 'max_depth': 4, 'subsample': 0.8261586603996084, 'colsample_bytree': 0.6422200546503258, 'reg_alpha': 0.000615559236189915, 'reg_lambda': 6.232274743504244e-08}. Best is trial 68 with value: 0.22057978438633036.
2025-05-25 01:50:10,098 - function.util_logger2025-05-25-01.46.47 - INFO - Trial 102 finished with value: 0.22230261510181126 and parameters: {'learning_rate': 0.07668290969531502, 'max_depth': 4, 'subsample': 0.8043734681049093, 'colsample_bytree': 0.6254020074735986, 'reg_alpha': 0.0006566772507381239, 'reg_lambda': 6.771524603190362e-08}. Best is trial 68 with value: 0.22057978438633036.
2025-05-25 01:50:10,729 - function.util_logger2025-05-25-01.46.47 - INFO - Trial 105 finished with value: 0.2237547402059862 and parameters: {'learning_rate': 0.10399262710997215, 'max_depth': 4, 'subsample': 0.7971174260606685, 'colsample_bytree': 0.6295531025558547, 'reg_alpha': 3.019844340226968e-05, 'reg_lambda': 4.3360683719607525e-07}. Best is trial 68 with value: 0.22057978438633036.
2025-05-25 01:50:10,944 - function.util_logger2025-05-25-01.46.47 - INFO - Trial 103 finished with value: 0.22325178185170924 and parameters: {'learning_rate': 0.07511565819781785, 'max_depth': 4, 'subsample': 0.7990121326251738, 'colsample_bytree': 0.6413520698694716, 'reg_alpha': 0.0005582434499109734, 'reg_lambda': 3.8704856610626203e-07}. Best is trial 68 with value: 0.22057978438633036.
2025-05-25 01:50:11,303 - function.util_logger2025-05-25-01.46.47 - INFO - Trial 106 finished with value: 0.22196661023906467 and parameters: {'learning_rate': 0.10049100715250228, 'max_depth': 4, 'subsample': 0.7996078292855294, 'colsample_bytree': 0.6264487906803412, 'reg_alpha': 0.00028690632874426393, 'reg_lambda': 2.8558007164667174e-07}. Best is trial 68 with value: 0.22057978438633036.
2025-05-25 01:50:12,204 - function.util_logger2025-05-25-01.46.47 - INFO - Trial 104 finished with value: 0.22357532161656887 and parameters: {'learning_rate': 0.040160749951686135, 'max_depth': 4, 'subsample': 0.7984024677132736, 'colsample_bytree': 0.6256672901633756, 'reg_alpha': 0.0002655998550277643, 'reg_lambda': 3.788954970129004e-07}. Best is trial 68 with value: 0.22057978438633036.
2025-05-25 01:50:12,825 - function.util_logger2025-05-25-01.46.47 - INFO - Trial 107 finished with value: 0.22335795029330993 and parameters: {'learning_rate': 0.04273304291063963, 'max_depth': 4, 'subsample': 0.8038785779663886, 'colsample_bytree': 0.6230795744141161, 'reg_alpha': 0.00026069767913641963, 'reg_lambda': 3.726109816679001e-08}. Best is trial 68 with value: 0.22057978438633036.
2025-05-25 01:50:13,224 - function.util_logger2025-05-25-01.46.47 - INFO - Trial 110 finished with value: 0.22261343197132014 and parameters: {'learning_rate': 0.13845474370963304, 'max_depth': 4, 'subsample': 0.7886868608126741, 'colsample_bytree': 0.621838491119204, 'reg_alpha': 8.526202014441463e-05, 'reg_lambda': 4.076467770658844e-08}. Best is trial 68 with value: 0.22057978438633036.
2025-05-25 01:50:13,353 - function.util_logger2025-05-25-01.46.47 - INFO - Trial 109 finished with value: 0.22290087246559898 and parameters: {'learning_rate': 0.042725621667327345, 'max_depth': 4, 'subsample': 0.7910989012134356, 'colsample_bytree': 0.6242229449755484, 'reg_alpha': 0.00026365812228958124, 'reg_lambda': 2.116783212452624e-06}. Best is trial 68 with value: 0.22057978438633036.
2025-05-25 01:50:13,643 - function.util_logger2025-05-25-01.46.47 - INFO - Trial 111 finished with value: 0.22380003869879656 and parameters: {'learning_rate': 0.14059247142764103, 'max_depth': 3, 'subsample': 0.786498197361356, 'colsample_bytree': 0.6474303568774247, 'reg_alpha': 0.009575161312657616, 'reg_lambda': 2.202417861989914e-06}. Best is trial 68 with value: 0.22057978438633036.
2025-05-25 01:50:13,875 - function.util_logger2025-05-25-01.46.47 - INFO - Trial 108 finished with value: 0.22338154485890332 and parameters: {'learning_rate': 0.04126792027776682, 'max_depth': 4, 'subsample': 0.8377144834833231, 'colsample_bytree': 0.6244301787836112, 'reg_alpha': 0.00019845569445672463, 'reg_lambda': 8.65964334511001e-08}. Best is trial 68 with value: 0.22057978438633036.
2025-05-25 01:50:14,517 - function.util_logger2025-05-25-01.46.47 - INFO - Trial 112 finished with value: 0.22524440298135376 and parameters: {'learning_rate': 0.0659629934369041, 'max_depth': 3, 'subsample': 0.7687291282868358, 'colsample_bytree': 0.6477479813483896, 'reg_alpha': 0.05656846013616597, 'reg_lambda': 2.1115111423985675e-06}. Best is trial 68 with value: 0.22057978438633036.
2025-05-25 01:50:14,804 - function.util_logger2025-05-25-01.46.47 - INFO - Trial 114 finished with value: 0.22387502330214315 and parameters: {'learning_rate': 0.10599923183884097, 'max_depth': 4, 'subsample': 0.7722261002798592, 'colsample_bytree': 0.9769512795232461, 'reg_alpha': 1.108650492957286e-05, 'reg_lambda': 8.532570326848413e-08}. Best is trial 68 with value: 0.22057978438633036.
2025-05-25 01:50:15,252 - function.util_logger2025-05-25-01.46.47 - INFO - Trial 115 finished with value: 0.22460562429941722 and parameters: {'learning_rate': 0.10504613474408575, 'max_depth': 4, 'subsample': 0.7720309610955709, 'colsample_bytree': 0.9869288576923021, 'reg_alpha': 5.0849402260425254e-05, 'reg_lambda': 2.4036695359771895e-07}. Best is trial 68 with value: 0.22057978438633036.
2025-05-25 01:50:15,717 - function.util_logger2025-05-25-01.46.47 - INFO - Trial 116 finished with value: 0.22291267560460876 and parameters: {'learning_rate': 0.08465691042595047, 'max_depth': 4, 'subsample': 0.8090268924526783, 'colsample_bytree': 0.6357332051015692, 'reg_alpha': 7.461939110732994e-05, 'reg_lambda': 2.176540734593538e-07}. Best is trial 68 with value: 0.22057978438633036.
2025-05-25 01:50:16,229 - function.util_logger2025-05-25-01.46.47 - INFO - Trial 117 finished with value: 0.22423449645411292 and parameters: {'learning_rate': 0.0848872194706781, 'max_depth': 4, 'subsample': 0.7397130544858855, 'colsample_bytree': 0.7343766297031322, 'reg_alpha': 8.966235324920784e-05, 'reg_lambda': 0.23953750124616519}. Best is trial 68 with value: 0.22057978438633036.
2025-05-25 01:50:16,658 - function.util_logger2025-05-25-01.46.47 - INFO - Trial 118 finished with value: 0.22296648632944996 and parameters: {'learning_rate': 0.08184791115967933, 'max_depth': 4, 'subsample': 0.8094100829283137, 'colsample_bytree': 0.6089798368582036, 'reg_alpha': 8.434093413852743e-05, 'reg_lambda': 0.4054182634650468}. Best is trial 68 with value: 0.22057978438633036.
2025-05-25 01:50:16,675 - function.util_logger2025-05-25-01.46.47 - INFO - Trial 113 finished with value: 0.22472807530261676 and parameters: {'learning_rate': 0.023302058276359137, 'max_depth': 3, 'subsample': 0.7701694639580495, 'colsample_bytree': 0.6476940646007475, 'reg_alpha': 8.064172579785631e-06, 'reg_lambda': 8.221927390660586e-08}. Best is trial 68 with value: 0.22057978438633036.
2025-05-25 01:50:16,899 - function.util_logger2025-05-25-01.46.47 - INFO - Trial 119 finished with value: 0.22225250870502816 and parameters: {'learning_rate': 0.13468032396986482, 'max_depth': 4, 'subsample': 0.7338391265851403, 'colsample_bytree': 0.6073344251871867, 'reg_alpha': 0.00039457019719895705, 'reg_lambda': 6.119585195856153e-07}. Best is trial 68 with value: 0.22057978438633036.
2025-05-25 01:50:17,071 - function.util_logger2025-05-25-01.46.47 - INFO - Trial 120 finished with value: 0.22356075743073417 and parameters: {'learning_rate': 0.18968753499132465, 'max_depth': 4, 'subsample': 0.7590670785893445, 'colsample_bytree': 0.6084260164214237, 'reg_alpha': 0.0003527037119017155, 'reg_lambda': 5.9436783976517e-07}. Best is trial 68 with value: 0.22057978438633036.
2025-05-25 01:50:17,543 - function.util_logger2025-05-25-01.46.47 - INFO - Trial 122 finished with value: 0.22488812097930447 and parameters: {'learning_rate': 0.18955931321249703, 'max_depth': 4, 'subsample': 0.7598273725557239, 'colsample_bytree': 0.8383770500746203, 'reg_alpha': 0.0022521779558981616, 'reg_lambda': 5.415968811187293e-07}. Best is trial 68 with value: 0.22057978438633036.
2025-05-25 01:50:17,741 - function.util_logger2025-05-25-01.46.47 - INFO - Trial 121 finished with value: 0.22354749391179207 and parameters: {'learning_rate': 0.18684559730689232, 'max_depth': 4, 'subsample': 0.7597693800175346, 'colsample_bytree': 0.6182822879885986, 'reg_alpha': 0.0004257614456050573, 'reg_lambda': 5.571411189721336e-07}. Best is trial 68 with value: 0.22057978438633036.
2025-05-25 01:50:18,177 - function.util_logger2025-05-25-01.46.47 - INFO - Trial 124 finished with value: 0.2234007637603755 and parameters: {'learning_rate': 0.14454757016518535, 'max_depth': 4, 'subsample': 0.7372720532177671, 'colsample_bytree': 0.6191503048988869, 'reg_alpha': 0.0008595165831859917, 'reg_lambda': 4.0404231803677705e-08}. Best is trial 68 with value: 0.22057978438633036.
2025-05-25 01:50:18,305 - function.util_logger2025-05-25-01.46.47 - INFO - Trial 123 finished with value: 0.22334114785420728 and parameters: {'learning_rate': 0.06742778801795969, 'max_depth': 4, 'subsample': 0.7557290913575825, 'colsample_bytree': 0.607474254074383, 'reg_alpha': 0.0015516537302547886, 'reg_lambda': 6.403802255196161e-07}. Best is trial 68 with value: 0.22057978438633036.
2025-05-25 01:50:18,542 - function.util_logger2025-05-25-01.46.47 - INFO - Trial 125 finished with value: 0.22208782316954595 and parameters: {'learning_rate': 0.14221946678171715, 'max_depth': 4, 'subsample': 0.7341975881015627, 'colsample_bytree': 0.6324870819372148, 'reg_alpha': 0.00014330631402256457, 'reg_lambda': 9.536011430610869e-07}. Best is trial 68 with value: 0.22057978438633036.
2025-05-25 01:50:18,806 - function.util_logger2025-05-25-01.46.47 - INFO - Trial 126 finished with value: 0.22227662322035263 and parameters: {'learning_rate': 0.1325581194217175, 'max_depth': 4, 'subsample': 0.7319988166292015, 'colsample_bytree': 0.6312379973056631, 'reg_alpha': 0.0007812805897995208, 'reg_lambda': 1.0083072053843158e-08}. Best is trial 68 with value: 0.22057978438633036.
2025-05-25 01:50:19,317 - function.util_logger2025-05-25-01.46.47 - INFO - Trial 128 finished with value: 0.22326570664612605 and parameters: {'learning_rate': 0.1256488333862213, 'max_depth': 4, 'subsample': 0.7326516051474812, 'colsample_bytree': 0.6320218076051388, 'reg_alpha': 0.005392029503385351, 'reg_lambda': 1.2882543349848837e-07}. Best is trial 68 with value: 0.22057978438633036.
2025-05-25 01:50:20,364 - function.util_logger2025-05-25-01.46.47 - INFO - Trial 127 finished with value: 0.22256575939942308 and parameters: {'learning_rate': 0.049382134011082615, 'max_depth': 4, 'subsample': 0.818465472013634, 'colsample_bytree': 0.600521600023814, 'reg_alpha': 0.006333739803457503, 'reg_lambda': 9.311029735114581e-07}. Best is trial 68 with value: 0.22057978438633036.
2025-05-25 01:50:20,620 - function.util_logger2025-05-25-01.46.47 - INFO - Trial 131 finished with value: 0.22271234280809135 and parameters: {'learning_rate': 0.09325073522783704, 'max_depth': 4, 'subsample': 0.7296800212546061, 'colsample_bytree': 0.6345853990974402, 'reg_alpha': 0.00015818620904363155, 'reg_lambda': 8.744115842198301e-07}. Best is trial 68 with value: 0.22057978438633036.
2025-05-25 01:50:21,299 - function.util_logger2025-05-25-01.46.47 - INFO - Trial 132 finished with value: 0.22484095250675865 and parameters: {'learning_rate': 0.09295615876305476, 'max_depth': 3, 'subsample': 0.727918819497879, 'colsample_bytree': 0.635008605566737, 'reg_alpha': 0.0001587026694549573, 'reg_lambda': 1.0317272553340947e-08}. Best is trial 68 with value: 0.22057978438633036.
2025-05-25 01:50:21,525 - function.util_logger2025-05-25-01.46.47 - INFO - Trial 130 finished with value: 0.2221689684511507 and parameters: {'learning_rate': 0.09709837078912159, 'max_depth': 9, 'subsample': 0.7303139241110413, 'colsample_bytree': 0.6360977879678811, 'reg_alpha': 0.00016717029306861258, 'reg_lambda': 9.805256107681743e-07}. Best is trial 68 with value: 0.22057978438633036.
2025-05-25 01:50:21,714 - function.util_logger2025-05-25-01.46.47 - INFO - Trial 133 finished with value: 0.2243020035964686 and parameters: {'learning_rate': 0.2565811822580734, 'max_depth': 6, 'subsample': 0.7465809679689315, 'colsample_bytree': 0.6309537769025622, 'reg_alpha': 0.0008794005732337824, 'reg_lambda': 3.524482019251021e-07}. Best is trial 68 with value: 0.22057978438633036.
