2025-05-25 01:48:05,855 - function.util_logger2025-05-25-01.46.47 - INFO - Trial 25 finished with value: 0.22345028125347008 and parameters: {'learning_rate': 0.02268168691525023, 'max_depth': 4, 'subsample': 0.7647222593957572, 'colsample_bytree': 0.6111531215906558, 'reg_alpha': 8.82465722769514e-07, 'reg_lambda': 0.0018896292414180128}. Best is trial 17 with value: 0.22301004926425802.
2025-05-25 01:48:10,724 - function.util_logger2025-05-25-01.46.47 - INFO - Trial 26 finished with value: 0.22211008577566255 and parameters: {'learning_rate': 0.02795009694526031, 'max_depth': 6, 'subsample': 0.7405335930923499, 'colsample_bytree': 0.6029852199779324, 'reg_alpha': 8.336603000513588e-07, 'reg_lambda': 1.8814715872939423e-06}. Best is trial 26 with value: 0.22211008577566255.
2025-05-25 01:48:13,912 - function.util_logger2025-05-25-01.46.47 - INFO - Trial 22 finished with value: 0.23376566349448408 and parameters: {'learning_rate': 0.0024400828303810843, 'max_depth': 4, 'subsample': 0.7731546619447293, 'colsample_bytree': 0.6907519471177794, 'reg_alpha': 9.837084100939299e-06, 'reg_lambda': 9.218742130966021}. Best is trial 26 with value: 0.22211008577566255.
2025-05-25 01:48:32,090 - function.util_logger2025-05-25-01.46.47 - INFO - Trial 23 finished with value: 0.23538824558653873 and parameters: {'learning_rate': 0.0019371291140316427, 'max_depth': 6, 'subsample': 0.760587989051092, 'colsample_bytree': 0.6059304835886371, 'reg_alpha': 0.03180104404231261, 'reg_lambda': 1.7407801701585734e-06}. Best is trial 26 with value: 0.22211008577566255.
2025-05-25 01:48:37,419 - function.util_logger2025-05-25-01.46.47 - INFO - Trial 27 finished with value: 0.23112281561475947 and parameters: {'learning_rate': 0.0022046476533446775, 'max_depth': 6, 'subsample': 0.739036875551448, 'colsample_bytree': 0.6943381275915176, 'reg_alpha': 0.01718292697056281, 'reg_lambda': 1.2726678332519722e-06}. Best is trial 26 with value: 0.22211008577566255.
2025-05-25 01:48:39,884 - function.util_logger2025-05-25-01.46.47 - INFO - Trial 28 finished with value: 0.22385979376662987 and parameters: {'learning_rate': 0.004017770203177724, 'max_depth': 6, 'subsample': 0.7140291596531813, 'colsample_bytree': 0.629208462138382, 'reg_alpha': 6.530445763893756e-08, 'reg_lambda': 4.31162612255906e-06}. Best is trial 26 with value: 0.22211008577566255.
2025-05-25 01:48:42,686 - function.util_logger2025-05-25-01.46.47 - INFO - Trial 29 finished with value: 0.22339998344456552 and parameters: {'learning_rate': 0.004284570579148267, 'max_depth': 6, 'subsample': 0.7007991551386183, 'colsample_bytree': 0.603296456428233, 'reg_alpha': 1.9205585329488637e-07, 'reg_lambda': 1.690494426687818e-06}. Best is trial 26 with value: 0.22211008577566255.
2025-05-25 01:48:44,403 - function.util_logger2025-05-25-01.46.47 - INFO - Trial 32 finished with value: 0.2230054708901362 and parameters: {'learning_rate': 0.029347756633167698, 'max_depth': 6, 'subsample': 0.6762267794047985, 'colsample_bytree': 0.6413501012775198, 'reg_alpha': 9.769079548286953e-07, 'reg_lambda': 2.4199979885193792e-05}. Best is trial 26 with value: 0.22211008577566255.
2025-05-25 01:48:47,286 - function.util_logger2025-05-25-01.46.47 - INFO - Trial 33 finished with value: 0.22410511471895517 and parameters: {'learning_rate': 0.032304108122627725, 'max_depth': 6, 'subsample': 0.6607333830848827, 'colsample_bytree': 0.6497631746068063, 'reg_alpha': 3.7131690189709445e-07, 'reg_lambda': 2.3738134224762556e-05}. Best is trial 26 with value: 0.22211008577566255.
2025-05-25 01:48:49,732 - function.util_logger2025-05-25-01.46.47 - INFO - Trial 34 finished with value: 0.22405484807528708 and parameters: {'learning_rate': 0.03161591332731227, 'max_depth': 6, 'subsample': 0.6855261897351937, 'colsample_bytree': 0.6578567936302145, 'reg_alpha': 1.1815382867984133e-06, 'reg_lambda': 2.1006168402362078e-05}. Best is trial 26 with value: 0.22211008577566255.
2025-05-25 01:48:51,563 - function.util_logger2025-05-25-01.46.47 - INFO - Trial 36 finished with value: 0.2232983710976463 and parameters: {'learning_rate': 0.13336626656242748, 'max_depth': 8, 'subsample': 0.6516420859837, 'colsample_bytree': 0.6264647788643656, 'reg_alpha': 1.2086905030328254e-06, 'reg_lambda': 4.303220174706386e-07}. Best is trial 26 with value: 0.22211008577566255.
2025-05-25 01:48:54,213 - function.util_logger2025-05-25-01.46.47 - INFO - Trial 35 finished with value: 0.22336709273761693 and parameters: {'learning_rate': 0.02157705372658879, 'max_depth': 7, 'subsample': 0.6653837477758225, 'colsample_bytree': 0.6388456495615894, 'reg_alpha': 1.7201113308597019e-06, 'reg_lambda': 4.6305181733716785e-07}. Best is trial 26 with value: 0.22211008577566255.
2025-05-25 01:48:57,695 - function.util_logger2025-05-25-01.46.47 - INFO - Trial 38 finished with value: 0.22343400730762375 and parameters: {'learning_rate': 0.04338623146473388, 'max_depth': 5, 'subsample': 0.8294081011141785, 'colsample_bytree': 0.6786970095732977, 'reg_alpha': 2.0175255959026332e-08, 'reg_lambda': 6.814043553880827e-06}. Best is trial 26 with value: 0.22211008577566255.
2025-05-25 01:48:58,276 - function.util_logger2025-05-25-01.46.47 - INFO - Trial 30 finished with value: 0.22335398222026762 and parameters: {'learning_rate': 0.004670149813958778, 'max_depth': 6, 'subsample': 0.72591876446118, 'colsample_bytree': 0.6373403804851601, 'reg_alpha': 8.059736750447558e-08, 'reg_lambda': 8.945366684291041e-07}. Best is trial 26 with value: 0.22211008577566255.
2025-05-25 01:48:59,217 - function.util_logger2025-05-25-01.46.47 - INFO - Trial 37 finished with value: 0.22358125192289874 and parameters: {'learning_rate': 0.019989819645237633, 'max_depth': 7, 'subsample': 0.8303167558988594, 'colsample_bytree': 0.6383945260682482, 'reg_alpha': 4.58174649123075e-08, 'reg_lambda': 5.564813059613032e-08}. Best is trial 26 with value: 0.22211008577566255.
2025-05-25 01:49:00,518 - function.util_logger2025-05-25-01.46.47 - INFO - Trial 39 finished with value: 0.22384049958806304 and parameters: {'learning_rate': 0.06111504073514642, 'max_depth': 9, 'subsample': 0.7940390260803354, 'colsample_bytree': 0.7823496704621391, 'reg_alpha': 0.00045611255723897263, 'reg_lambda': 6.002955768106664e-08}. Best is trial 26 with value: 0.22211008577566255.
2025-05-25 01:49:01,488 - function.util_logger2025-05-25-01.46.47 - INFO - Trial 40 finished with value: 0.22435847113750648 and parameters: {'learning_rate': 0.06865777350570998, 'max_depth': 7, 'subsample': 0.7906568129528927, 'colsample_bytree': 0.7776490419589233, 'reg_alpha': 0.000317292242825231, 'reg_lambda': 4.6178347230472655e-08}. Best is trial 26 with value: 0.22211008577566255.
2025-05-25 01:49:01,791 - function.util_logger2025-05-25-01.46.47 - INFO - Trial 41 finished with value: 0.22380764671644174 and parameters: {'learning_rate': 0.06199719079981798, 'max_depth': 8, 'subsample': 0.7874970377942462, 'colsample_bytree': 0.7165667283132182, 'reg_alpha': 0.0003716710783514015, 'reg_lambda': 1.2640856717308273e-07}. Best is trial 26 with value: 0.22211008577566255.
2025-05-25 01:49:02,093 - function.util_logger2025-05-25-01.46.47 - INFO - Trial 31 finished with value: 0.22309478554518866 and parameters: {'learning_rate': 0.004900141851959322, 'max_depth': 6, 'subsample': 0.6954301869794511, 'colsample_bytree': 0.638546282624995, 'reg_alpha': 1.3546744487493866e-07, 'reg_lambda': 1.9106131351692482e-05}. Best is trial 26 with value: 0.22211008577566255.
2025-05-25 01:49:03,017 - function.util_logger2025-05-25-01.46.47 - INFO - Trial 43 finished with value: 0.22545471506531847 and parameters: {'learning_rate': 0.03976802529171999, 'max_depth': 3, 'subsample': 0.6969336190229078, 'colsample_bytree': 0.8154581894579082, 'reg_alpha': 4.234429773150427e-06, 'reg_lambda': 0.00038099118736843724}. Best is trial 26 with value: 0.22211008577566255.
2025-05-25 01:49:04,222 - function.util_logger2025-05-25-01.46.47 - INFO - Trial 44 finished with value: 0.22339838403013984 and parameters: {'learning_rate': 0.0396830848683159, 'max_depth': 4, 'subsample': 0.7529936352066915, 'colsample_bytree': 0.6699613728687863, 'reg_alpha': 4.2120413952706634e-06, 'reg_lambda': 0.0006593572696003054}. Best is trial 26 with value: 0.22211008577566255.
2025-05-25 01:49:14,813 - function.util_logger2025-05-25-01.46.47 - INFO - Trial 46 finished with value: 0.22340123351197674 and parameters: {'learning_rate': 0.00836005634986977, 'max_depth': 6, 'subsample': 0.6420724995850808, 'colsample_bytree': 0.6716790906960622, 'reg_alpha': 3.7164634833312653e-07, 'reg_lambda': 1.5566749517615886e-05}. Best is trial 26 with value: 0.22211008577566255.
2025-05-25 01:49:15,018 - function.util_logger2025-05-25-01.46.47 - INFO - Trial 45 finished with value: 0.22330226024719307 and parameters: {'learning_rate': 0.008967791484012132, 'max_depth': 5, 'subsample': 0.6973597466465482, 'colsample_bytree': 0.6604649345445095, 'reg_alpha': 3.7164815723905753e-06, 'reg_lambda': 0.0004946572637888577}. Best is trial 26 with value: 0.22211008577566255.
2025-05-25 01:49:16,126 - function.util_logger2025-05-25-01.46.47 - INFO - Trial 47 finished with value: 0.22435535161009854 and parameters: {'learning_rate': 0.007831203749848166, 'max_depth': 5, 'subsample': 0.6452943521827411, 'colsample_bytree': 0.9446550160575117, 'reg_alpha': 1.4684991028063225e-07, 'reg_lambda': 1.1428118615378024e-05}. Best is trial 26 with value: 0.22211008577566255.
2025-05-25 01:49:19,336 - function.util_logger2025-05-25-01.46.47 - INFO - Trial 42 finished with value: 0.22416240739373472 and parameters: {'learning_rate': 0.008054063310506813, 'max_depth': 8, 'subsample': 0.6947958847457758, 'colsample_bytree': 0.8226243956739124, 'reg_alpha': 1.7213139501784686e-05, 'reg_lambda': 1.2757039255758732e-05}. Best is trial 26 with value: 0.22211008577566255.
2025-05-25 01:49:29,701 - function.util_logger2025-05-25-01.46.47 - INFO - Trial 48 finished with value: 0.22312006808390414 and parameters: {'learning_rate': 0.006596225111690861, 'max_depth': 5, 'subsample': 0.6200082020472907, 'colsample_bytree': 0.6235298996163896, 'reg_alpha': 2.2025761350387052e-05, 'reg_lambda': 6.991768819363108e-05}. Best is trial 26 with value: 0.22211008577566255.
2025-05-25 01:49:33,759 - function.util_logger2025-05-25-01.46.47 - INFO - Trial 49 finished with value: 0.22372947561329964 and parameters: {'learning_rate': 0.006292702504269033, 'max_depth': 7, 'subsample': 0.6130457141132272, 'colsample_bytree': 0.6241785431644303, 'reg_alpha': 0.006652539566670979, 'reg_lambda': 8.164740305788213e-05}. Best is trial 26 with value: 0.22211008577566255.
2025-05-25 01:49:38,189 - function.util_logger2025-05-25-01.46.47 - INFO - Trial 51 finished with value: 0.2240428649401219 and parameters: {'learning_rate': 0.006344751751262247, 'max_depth': 7, 'subsample': 0.6280730039293656, 'colsample_bytree': 0.6240853655078645, 'reg_alpha': 0.005936059758469569, 'reg_lambda': 8.779818723568742e-05}. Best is trial 26 with value: 0.22211008577566255.
2025-05-25 01:49:40,399 - function.util_logger2025-05-25-01.46.47 - INFO - Trial 50 finished with value: 0.22369959962649322 and parameters: {'learning_rate': 0.005669687704030996, 'max_depth': 7, 'subsample': 0.608118811760127, 'colsample_bytree': 0.6207679914004349, 'reg_alpha': 0.006434847200799105, 'reg_lambda': 6.127959461904291e-05}. Best is trial 26 with value: 0.22211008577566255.
2025-05-25 01:49:42,692 - function.util_logger2025-05-25-01.46.47 - INFO - Trial 53 finished with value: 0.22395420567493246 and parameters: {'learning_rate': 0.01648089121138462, 'max_depth': 6, 'subsample': 0.8621866544848562, 'colsample_bytree': 0.7186551632186968, 'reg_alpha': 1.222035890894033e-08, 'reg_lambda': 0.007976645042034443}. Best is trial 26 with value: 0.22211008577566255.
2025-05-25 01:49:45,044 - function.util_logger2025-05-25-01.46.47 - INFO - Trial 54 finished with value: 0.22281544058265407 and parameters: {'learning_rate': 0.016103926567562675, 'max_depth': 5, 'subsample': 0.6764024123690671, 'colsample_bytree': 0.6051289904975964, 'reg_alpha': 0.00011634291478469803, 'reg_lambda': 4.246229867332169e-05}. Best is trial 26 with value: 0.22211008577566255.
2025-05-25 01:49:47,044 - function.util_logger2025-05-25-01.46.47 - INFO - Trial 56 finished with value: 0.2226519168847728 and parameters: {'learning_rate': 0.02692217870107728, 'max_depth': 5, 'subsample': 0.719573578687328, 'colsample_bytree': 0.6013895484566444, 'reg_alpha': 9.77249211962978e-05, 'reg_lambda': 3.919566699276892e-06}. Best is trial 26 with value: 0.22211008577566255.
2025-05-25 01:49:47,294 - function.util_logger2025-05-25-01.46.47 - INFO - Trial 55 finished with value: 0.22340677264066264 and parameters: {'learning_rate': 0.01564956856931439, 'max_depth': 5, 'subsample': 0.6745591901268646, 'colsample_bytree': 0.6042123529995309, 'reg_alpha': 0.00012773246672161055, 'reg_lambda': 4.688622541340109e-06}. Best is trial 26 with value: 0.22211008577566255.
2025-05-25 01:49:48,922 - function.util_logger2025-05-25-01.46.47 - INFO - Trial 57 finished with value: 0.22280346884801622 and parameters: {'learning_rate': 0.029287063074262633, 'max_depth': 5, 'subsample': 0.7166951109148397, 'colsample_bytree': 0.6000409208795371, 'reg_alpha': 0.00011853366831580131, 'reg_lambda': 4.216851435828253e-06}. Best is trial 26 with value: 0.22211008577566255.
2025-05-25 01:49:51,171 - function.util_logger2025-05-25-01.46.47 - INFO - Trial 58 finished with value: 0.22358698206118452 and parameters: {'learning_rate': 0.02610738758142052, 'max_depth': 5, 'subsample': 0.7169893017744342, 'colsample_bytree': 0.6070328153755289, 'reg_alpha': 0.00019410807173645864, 'reg_lambda': 3.7794616379122507e-06}. Best is trial 26 with value: 0.22211008577566255.
2025-05-25 01:49:51,903 - function.util_logger2025-05-25-01.46.47 - INFO - Trial 59 finished with value: 0.22366227981315187 and parameters: {'learning_rate': 0.029014130037891363, 'max_depth': 5, 'subsample': 0.7158013088632617, 'colsample_bytree': 0.6440901075907737, 'reg_alpha': 0.001084510116326675, 'reg_lambda': 3.5186456278093773e-06}. Best is trial 26 with value: 0.22211008577566255.
2025-05-25 01:49:52,896 - function.util_logger2025-05-25-01.46.47 - INFO - Trial 60 finished with value: 0.22265447423179027 and parameters: {'learning_rate': 0.028744033320381578, 'max_depth': 5, 'subsample': 0.7173924153136451, 'colsample_bytree': 0.6002855410151816, 'reg_alpha': 0.0010641863683202143, 'reg_lambda': 3.297395991468373e-06}. Best is trial 26 with value: 0.22211008577566255.
2025-05-25 01:49:53,988 - function.util_logger2025-05-25-01.46.47 - INFO - Trial 62 finished with value: 0.22253748866141873 and parameters: {'learning_rate': 0.049959278930193377, 'max_depth': 4, 'subsample': 0.7405743650086305, 'colsample_bytree': 0.6007118657048058, 'reg_alpha': 4.540498897796431e-05, 'reg_lambda': 1.633030182897812e-07}. Best is trial 26 with value: 0.22211008577566255.
2025-05-25 01:49:54,359 - function.util_logger2025-05-25-01.46.47 - INFO - Trial 61 finished with value: 0.222902066835863 and parameters: {'learning_rate': 0.027146618464467077, 'max_depth': 4, 'subsample': 0.7346713741782533, 'colsample_bytree': 0.6488041337267271, 'reg_alpha': 5.694197596448306e-05, 'reg_lambda': 1.817259453463428e-07}. Best is trial 26 with value: 0.22211008577566255.
2025-05-25 01:49:54,806 - function.util_logger2025-05-25-01.46.47 - INFO - Trial 63 finished with value: 0.22204765400876686 and parameters: {'learning_rate': 0.0500637021802414, 'max_depth': 4, 'subsample': 0.7377951785393421, 'colsample_bytree': 0.6008535648982561, 'reg_alpha': 0.0010752151478854105, 'reg_lambda': 1.9411305700971444e-07}. Best is trial 63 with value: 0.22204765400876686.
2025-05-25 01:49:55,361 - function.util_logger2025-05-25-01.46.47 - INFO - Trial 52 finished with value: 0.22538456554998798 and parameters: {'learning_rate': 0.005529838593316563, 'max_depth': 7, 'subsample': 0.866610678480035, 'colsample_bytree': 0.9000842514052814, 'reg_alpha': 0.005473276304557491, 'reg_lambda': 3.020497950701817e-06}. Best is trial 63 with value: 0.22204765400876686.
2025-05-25 01:49:55,743 - function.util_logger2025-05-25-01.46.47 - INFO - Trial 64 finished with value: 0.22407735865236092 and parameters: {'learning_rate': 0.04862825930667222, 'max_depth': 3, 'subsample': 0.7382127952035105, 'colsample_bytree': 0.6023639276551866, 'reg_alpha': 0.0009151320534824631, 'reg_lambda': 1.757382759456901e-07}. Best is trial 63 with value: 0.22204765400876686.
2025-05-25 01:49:56,567 - function.util_logger2025-05-25-01.46.47 - INFO - Trial 65 finished with value: 0.22244256741195506 and parameters: {'learning_rate': 0.045356550641957726, 'max_depth': 4, 'subsample': 0.7386248308150719, 'colsample_bytree': 0.6018436402938286, 'reg_alpha': 0.0010733519041876672, 'reg_lambda': 1.7579535319920667e-07}. Best is trial 63 with value: 0.22204765400876686.
2025-05-25 01:49:56,753 - function.util_logger2025-05-25-01.46.47 - INFO - Trial 66 finished with value: 0.224290377454364 and parameters: {'learning_rate': 0.04776780563408474, 'max_depth': 3, 'subsample': 0.7379501935057203, 'colsample_bytree': 0.6027809105419949, 'reg_alpha': 0.0009755650069505769, 'reg_lambda': 4.772006417418294e-07}. Best is trial 63 with value: 0.22204765400876686.
2025-05-25 01:49:56,988 - function.util_logger2025-05-25-01.46.47 - INFO - Trial 68 finished with value: 0.22057978438633036 and parameters: {'learning_rate': 0.13684616510491773, 'max_depth': 4, 'subsample': 0.7521514486175322, 'colsample_bytree': 0.6154583088302245, 'reg_alpha': 0.0018935379589939136, 'reg_lambda': 6.271725376850271e-07}. Best is trial 68 with value: 0.22057978438633036.
2025-05-25 01:49:57,084 - function.util_logger2025-05-25-01.46.47 - INFO - Trial 67 finished with value: 0.22440419299348974 and parameters: {'learning_rate': 0.04955413677864458, 'max_depth': 3, 'subsample': 0.74439409173805, 'colsample_bytree': 0.6019634729749946, 'reg_alpha': 0.001010944652324244, 'reg_lambda': 7.38052588237067e-07}. Best is trial 68 with value: 0.22057978438633036.
2025-05-25 01:49:57,750 - function.util_logger2025-05-25-01.46.47 - INFO - Trial 69 finished with value: 0.2251894574745795 and parameters: {'learning_rate': 0.11685433288985968, 'max_depth': 3, 'subsample': 0.7533257064165574, 'colsample_bytree': 0.6141264761269137, 'reg_alpha': 0.002439094178763099, 'reg_lambda': 6.931710111510805e-07}. Best is trial 68 with value: 0.22057978438633036.
2025-05-25 01:49:58,180 - function.util_logger2025-05-25-01.46.47 - INFO - Trial 70 finished with value: 0.2226928847501038 and parameters: {'learning_rate': 0.08361850619388501, 'max_depth': 4, 'subsample': 0.7765439183770679, 'colsample_bytree': 0.618318814477123, 'reg_alpha': 0.059233503143589224, 'reg_lambda': 7.137449812219377e-07}. Best is trial 68 with value: 0.22057978438633036.
2025-05-25 01:49:58,215 - function.util_logger2025-05-25-01.46.47 - INFO - Trial 72 finished with value: 0.22291891266928357 and parameters: {'learning_rate': 0.09845124510739603, 'max_depth': 4, 'subsample': 0.76416297196755, 'colsample_bytree': 0.614817429790804, 'reg_alpha': 0.0028242588638368498, 'reg_lambda': 2.5998643242986097e-08}. Best is trial 68 with value: 0.22057978438633036.
2025-05-25 01:49:58,411 - function.util_logger2025-05-25-01.46.47 - INFO - Trial 71 finished with value: 0.2228985398303856 and parameters: {'learning_rate': 0.09273345993176008, 'max_depth': 4, 'subsample': 0.7699437092980378, 'colsample_bytree': 0.6191482022020198, 'reg_alpha': 0.0023902666583016066, 'reg_lambda': 6.575598964182722e-07}. Best is trial 68 with value: 0.22057978438633036.
2025-05-25 01:49:59,004 - function.util_logger2025-05-25-01.46.47 - INFO - Trial 75 finished with value: 0.22123676041045495 and parameters: {'learning_rate': 0.18413527464388085, 'max_depth': 4, 'subsample': 0.7824444456230042, 'colsample_bytree': 0.6313544260680244, 'reg_alpha': 0.011025346512871712, 'reg_lambda': 2.714323928115212e-07}. Best is trial 68 with value: 0.22057978438633036.
2025-05-25 01:49:59,244 - function.util_logger2025-05-25-01.46.47 - INFO - Trial 73 finished with value: 0.22240635853441842 and parameters: {'learning_rate': 0.08853295469333221, 'max_depth': 4, 'subsample': 0.7759248867313673, 'colsample_bytree': 0.6315195796703535, 'reg_alpha': 0.01502844659181954, 'reg_lambda': 2.6589663469312916e-07}. Best is trial 68 with value: 0.22057978438633036.
2025-05-25 01:49:59,337 - function.util_logger2025-05-25-01.46.47 - INFO - Trial 76 finished with value: 0.2246943116515998 and parameters: {'learning_rate': 0.22136587278773442, 'max_depth': 4, 'subsample': 0.7751282656916723, 'colsample_bytree': 0.659117677018313, 'reg_alpha': 0.10668144010100784, 'reg_lambda': 2.9742347863217165e-07}. Best is trial 68 with value: 0.22057978438633036.
2025-05-25 01:49:59,433 - function.util_logger2025-05-25-01.46.47 - INFO - Trial 74 finished with value: 0.22269270974954475 and parameters: {'learning_rate': 0.08795424155979621, 'max_depth': 4, 'subsample': 0.7680835541744478, 'colsample_bytree': 0.6165749908476024, 'reg_alpha': 1.2835891660320187, 'reg_lambda': 2.4470660435992144e-07}. Best is trial 68 with value: 0.22057978438633036.
2025-05-25 01:49:59,740 - function.util_logger2025-05-25-01.46.47 - INFO - Trial 77 finished with value: 0.2228823630176545 and parameters: {'learning_rate': 0.2516157649316694, 'max_depth': 4, 'subsample': 0.7272376746588327, 'colsample_bytree': 0.6336863175406738, 'reg_alpha': 0.13467867857030527, 'reg_lambda': 2.729158607888193e-07}. Best is trial 68 with value: 0.22057978438633036.
