2025-05-25 01:51:24,591 - function.util_logger2025-05-25-01.46.47 - INFO - Trial 189 finished with value: 0.22187698537578537 and parameters: {'learning_rate': 0.1293107908650274, 'max_depth': 10, 'subsample': 0.913934345478023, 'colsample_bytree': 0.6297432880636276, 'reg_alpha': 4.915833804420234e-06, 'reg_lambda': 4.2299522110499375}. Best is trial 68 with value: 0.22057978438633036.
2025-05-25 01:51:26,374 - function.util_logger2025-05-25-01.46.47 - INFO - Trial 192 finished with value: 0.22355227311129888 and parameters: {'learning_rate': 0.180736157077686, 'max_depth': 10, 'subsample': 0.7840712295375609, 'colsample_bytree': 0.6437316943399598, 'reg_alpha': 1.1599958879225755e-05, 'reg_lambda': 6.119377517513516e-08}. Best is trial 68 with value: 0.22057978438633036.
2025-05-25 01:51:26,912 - function.util_logger2025-05-25-01.46.47 - INFO - Trial 191 finished with value: 0.22285554750731656 and parameters: {'learning_rate': 0.08993463824496986, 'max_depth': 10, 'subsample': 0.9087773346093334, 'colsample_bytree': 0.6469074790561967, 'reg_alpha': 0.00021469340936209843, 'reg_lambda': 5.2658909680097096e-08}. Best is trial 68 with value: 0.22057978438633036.
2025-05-25 01:51:28,330 - function.util_logger2025-05-25-01.46.47 - INFO - Trial 193 finished with value: 0.22536990985391658 and parameters: {'learning_rate': 0.12341013605493739, 'max_depth': 10, 'subsample': 0.9281873881337074, 'colsample_bytree': 0.6522840015865549, 'reg_alpha': 3.2395569627234324e-06, 'reg_lambda': 0.036133471553807084}. Best is trial 68 with value: 0.22057978438633036.
2025-05-25 01:51:28,901 - function.util_logger2025-05-25-01.46.47 - INFO - Trial 190 finished with value: 0.22321628439253546 and parameters: {'learning_rate': 0.04678279495185081, 'max_depth': 10, 'subsample': 0.9860796334853582, 'colsample_bytree': 0.6329957638436121, 'reg_alpha': 0.0001944912829467798, 'reg_lambda': 6.157586778567026e-08}. Best is trial 68 with value: 0.22057978438633036.
2025-05-25 01:51:30,075 - function.util_logger2025-05-25-01.46.47 - INFO - Trial 195 finished with value: 0.22737878865107497 and parameters: {'learning_rate': 0.1657921079899192, 'max_depth': 10, 'subsample': 0.8897622668757332, 'colsample_bytree': 0.6328398097059599, 'reg_alpha': 1.8747061517569025e-05, 'reg_lambda': 1.2761555868575523e-07}. Best is trial 68 with value: 0.22057978438633036.
2025-05-25 01:51:31,194 - function.util_logger2025-05-25-01.46.47 - INFO - Trial 196 finished with value: 0.22613579652493215 and parameters: {'learning_rate': 0.16162836029434116, 'max_depth': 10, 'subsample': 0.9138561045378075, 'colsample_bytree': 0.6103531078731581, 'reg_alpha': 4.551025575354697e-06, 'reg_lambda': 2.005845663993337}. Best is trial 68 with value: 0.22057978438633036.
2025-05-25 01:51:32,169 - function.util_logger2025-05-25-01.46.47 - INFO - Trial 194 finished with value: 0.22396549040823177 and parameters: {'learning_rate': 0.045459318869185854, 'max_depth': 10, 'subsample': 0.9175076978790876, 'colsample_bytree': 0.6315319710028316, 'reg_alpha': 0.0002909330538073826, 'reg_lambda': 0.10447950979690808}. Best is trial 68 with value: 0.22057978438633036.
2025-05-25 01:51:32,454 - function.util_logger2025-05-25-01.46.47 - INFO - Trial 197 finished with value: 0.2232056568234166 and parameters: {'learning_rate': 0.11931494523845196, 'max_depth': 10, 'subsample': 0.7659099748252004, 'colsample_bytree': 0.6106174374854557, 'reg_alpha': 4.7644270944482014e-06, 'reg_lambda': 1.1245292205804347e-06}. Best is trial 68 with value: 0.22057978438633036.
2025-05-25 01:51:33,454 - function.util_logger2025-05-25-01.46.47 - INFO - Trial 198 finished with value: 0.2244388888022582 and parameters: {'learning_rate': 0.12671048568241913, 'max_depth': 10, 'subsample': 0.7642610209982633, 'colsample_bytree': 0.6095358758597453, 'reg_alpha': 2.229208732627389e-06, 'reg_lambda': 1.0676034375994774e-06}. Best is trial 68 with value: 0.22057978438633036.
2025-05-25 01:51:34,887 - function.util_logger2025-05-25-01.46.47 - INFO - Trial 200 finished with value: 0.22441632706840403 and parameters: {'learning_rate': 0.10061547007335445, 'max_depth': 6, 'subsample': 0.7742974577989601, 'colsample_bytree': 0.6397932928314518, 'reg_alpha': 0.00012478382172537573, 'reg_lambda': 4.810719742392415e-06}. Best is trial 68 with value: 0.22057978438633036.
2025-05-25 01:51:35,951 - function.util_logger2025-05-25-01.46.47 - INFO - Trial 201 finished with value: 0.222190381841164 and parameters: {'learning_rate': 0.08212745403931658, 'max_depth': 6, 'subsample': 0.9448590998707486, 'colsample_bytree': 0.6405715116664153, 'reg_alpha': 0.0017991996734744006, 'reg_lambda': 1.8224906978144433e-06}. Best is trial 68 with value: 0.22057978438633036.
2025-05-25 01:51:36,920 - function.util_logger2025-05-25-01.46.47 - INFO - Trial 199 finished with value: 0.22345663975492078 and parameters: {'learning_rate': 0.03650292721494491, 'max_depth': 6, 'subsample': 0.9489345890864118, 'colsample_bytree': 0.6121822551259261, 'reg_alpha': 0.0016962867030296987, 'reg_lambda': 1.2446316176642658e-06}. Best is trial 68 with value: 0.22057978438633036.
2025-05-25 01:51:38,257 - function.util_logger2025-05-25-01.46.47 - INFO - Trial 202 finished with value: 0.2234336649671583 and parameters: {'learning_rate': 0.037647590791949855, 'max_depth': 4, 'subsample': 0.9003447080620033, 'colsample_bytree': 0.6220910197498043, 'reg_alpha': 0.0009812023864356092, 'reg_lambda': 4.881527377101603e-07}. Best is trial 68 with value: 0.22057978438633036.
2025-05-25 01:51:38,452 - function.util_logger2025-05-25-01.46.47 - INFO - Trial 203 finished with value: 0.22285061823947866 and parameters: {'learning_rate': 0.09331903341142, 'max_depth': 6, 'subsample': 0.955598151148307, 'colsample_bytree': 0.6241819093060533, 'reg_alpha': 0.0015891665365344026, 'reg_lambda': 2.0778405373762103e-06}. Best is trial 68 with value: 0.22057978438633036.
2025-05-25 01:51:39,821 - function.util_logger2025-05-25-01.46.47 - INFO - Trial 204 finished with value: 0.22289806401499127 and parameters: {'learning_rate': 0.07265588696609233, 'max_depth': 6, 'subsample': 0.9541774551384228, 'colsample_bytree': 0.6250310176329104, 'reg_alpha': 0.0011015757042440624, 'reg_lambda': 1.9258054139338245e-06}. Best is trial 68 with value: 0.22057978438633036.
2025-05-25 01:51:40,756 - function.util_logger2025-05-25-01.46.47 - INFO - Trial 205 finished with value: 0.22279728885598105 and parameters: {'learning_rate': 0.08314649752952709, 'max_depth': 6, 'subsample': 0.9505835243580627, 'colsample_bytree': 0.6280393386706417, 'reg_alpha': 0.0006673343272164028, 'reg_lambda': 2.0829756046599287e-06}. Best is trial 68 with value: 0.22057978438633036.
2025-05-25 01:51:40,969 - function.util_logger2025-05-25-01.46.47 - INFO - Trial 206 finished with value: 0.22341360838543062 and parameters: {'learning_rate': 0.08130516038797754, 'max_depth': 6, 'subsample': 0.8581121381134642, 'colsample_bytree': 0.6395807614230478, 'reg_alpha': 0.0006099827886000379, 'reg_lambda': 1.769385851940713e-06}. Best is trial 68 with value: 0.22057978438633036.
2025-05-25 01:51:42,804 - function.util_logger2025-05-25-01.46.47 - INFO - Trial 207 finished with value: 0.22172091687950277 and parameters: {'learning_rate': 0.07856642777602067, 'max_depth': 7, 'subsample': 0.9827093587090531, 'colsample_bytree': 0.6396272675536675, 'reg_alpha': 0.0004752974063739919, 'reg_lambda': 2.5132765323118607e-08}. Best is trial 68 with value: 0.22057978438633036.
2025-05-25 01:51:42,897 - function.util_logger2025-05-25-01.46.47 - INFO - Trial 209 finished with value: 0.22390119907273665 and parameters: {'learning_rate': 0.052282617822609186, 'max_depth': 4, 'subsample': 0.8735940597098498, 'colsample_bytree': 0.654091319374372, 'reg_alpha': 3.132481792733206e-05, 'reg_lambda': 1.3866174068130596e-07}. Best is trial 68 with value: 0.22057978438633036.
2025-05-25 01:51:43,406 - function.util_logger2025-05-25-01.46.47 - INFO - Trial 208 finished with value: 0.22175380406109194 and parameters: {'learning_rate': 0.05274185459967397, 'max_depth': 4, 'subsample': 0.855596648096437, 'colsample_bytree': 0.6362351218848294, 'reg_alpha': 0.006919334609049137, 'reg_lambda': 0.004267292125425068}. Best is trial 68 with value: 0.22057978438633036.
2025-05-25 01:51:44,392 - function.util_logger2025-05-25-01.46.47 - INFO - Trial 210 finished with value: 0.22306990924097705 and parameters: {'learning_rate': 0.10924424587277619, 'max_depth': 5, 'subsample': 0.9726226876374902, 'colsample_bytree': 0.6564472843278065, 'reg_alpha': 0.0003156154830523792, 'reg_lambda': 1.3793096348131659e-08}. Best is trial 68 with value: 0.22057978438633036.
2025-05-25 01:51:45,056 - function.util_logger2025-05-25-01.46.47 - INFO - Trial 211 finished with value: 0.22412110500627858 and parameters: {'learning_rate': 0.13747143143534016, 'max_depth': 7, 'subsample': 0.7957547957942241, 'colsample_bytree': 0.6447429590009153, 'reg_alpha': 0.00044568461320841553, 'reg_lambda': 4.252117377603409e-08}. Best is trial 68 with value: 0.22057978438633036.
2025-05-25 01:51:45,662 - function.util_logger2025-05-25-01.46.47 - INFO - Trial 212 finished with value: 0.2226398892495367 and parameters: {'learning_rate': 0.1452290009967979, 'max_depth': 7, 'subsample': 0.9243851941200775, 'colsample_bytree': 0.6439807470235823, 'reg_alpha': 0.0003862057359029259, 'reg_lambda': 1.828208249779359e-08}. Best is trial 68 with value: 0.22057978438633036.
2025-05-25 01:51:46,360 - function.util_logger2025-05-25-01.46.47 - INFO - Trial 213 finished with value: 0.22455669327142175 and parameters: {'learning_rate': 0.13435428403403044, 'max_depth': 7, 'subsample': 0.9679593249505284, 'colsample_bytree': 0.6436127091670271, 'reg_alpha': 0.002258108904747967, 'reg_lambda': 1.624303981566752}. Best is trial 68 with value: 0.22057978438633036.
2025-05-25 01:51:48,574 - function.util_logger2025-05-25-01.46.47 - INFO - Trial 214 finished with value: 0.22287457960520798 and parameters: {'learning_rate': 0.06442230897574477, 'max_depth': 8, 'subsample': 0.985138902901819, 'colsample_bytree': 0.6375738682941485, 'reg_alpha': 0.006402745164235839, 'reg_lambda': 1.8635695324541188e-08}. Best is trial 68 with value: 0.22057978438633036.
2025-05-25 01:51:48,857 - function.util_logger2025-05-25-01.46.47 - INFO - Trial 216 finished with value: 0.22402416479185988 and parameters: {'learning_rate': 0.09096763013158123, 'max_depth': 8, 'subsample': 0.8419565363788988, 'colsample_bytree': 0.6356031154867257, 'reg_alpha': 8.33007040013495e-06, 'reg_lambda': 0.004397431292337933}. Best is trial 68 with value: 0.22057978438633036.
2025-05-25 01:51:49,692 - function.util_logger2025-05-25-01.46.47 - INFO - Trial 215 finished with value: 0.22401600020335008 and parameters: {'learning_rate': 0.06128228886751179, 'max_depth': 8, 'subsample': 0.9792491168990942, 'colsample_bytree': 0.6351050560029345, 'reg_alpha': 0.0129884077457873, 'reg_lambda': 7.8210575703646334}. Best is trial 68 with value: 0.22057978438633036.
2025-05-25 01:51:50,891 - function.util_logger2025-05-25-01.46.47 - INFO - Trial 218 finished with value: 0.22352431376993276 and parameters: {'learning_rate': 0.07284345970589891, 'max_depth': 4, 'subsample': 0.9878874412502113, 'colsample_bytree': 0.6185295938861626, 'reg_alpha': 0.014671582386843426, 'reg_lambda': 5.876926793737371}. Best is trial 68 with value: 0.22057978438633036.
2025-05-25 01:51:51,265 - function.util_logger2025-05-25-01.46.47 - INFO - Trial 219 finished with value: 0.22213411402125938 and parameters: {'learning_rate': 0.07188795594863055, 'max_depth': 4, 'subsample': 0.8896712719886846, 'colsample_bytree': 0.6186635010759581, 'reg_alpha': 0.021410758180097238, 'reg_lambda': 1.0591770156875815e-08}. Best is trial 68 with value: 0.22057978438633036.
2025-05-25 01:51:51,946 - function.util_logger2025-05-25-01.46.47 - INFO - Trial 217 finished with value: 0.22279661319586097 and parameters: {'learning_rate': 0.07275537880642131, 'max_depth': 8, 'subsample': 0.9373134853654214, 'colsample_bytree': 0.6313130092039094, 'reg_alpha': 0.007737516589273186, 'reg_lambda': 2.7169100070596417}. Best is trial 68 with value: 0.22057978438633036.
2025-05-25 01:51:52,323 - function.util_logger2025-05-25-01.46.47 - INFO - Trial 220 finished with value: 0.22117167745873365 and parameters: {'learning_rate': 0.114995521647844, 'max_depth': 4, 'subsample': 0.8909605870926194, 'colsample_bytree': 0.627103013943955, 'reg_alpha': 0.00957651794924261, 'reg_lambda': 3.1759019076159296e-08}. Best is trial 68 with value: 0.22057978438633036.
2025-05-25 01:51:53,373 - function.util_logger2025-05-25-01.46.47 - INFO - Trial 221 finished with value: 0.2225762009426223 and parameters: {'learning_rate': 0.05427314800928573, 'max_depth': 4, 'subsample': 0.9356379212119201, 'colsample_bytree': 0.6169614383367756, 'reg_alpha': 0.028290526736398328, 'reg_lambda': 1.083857847560938e-08}. Best is trial 68 with value: 0.22057978438633036.
2025-05-25 01:51:53,783 - function.util_logger2025-05-25-01.46.47 - INFO - Trial 223 finished with value: 0.22233816324258687 and parameters: {'learning_rate': 0.1135766988508331, 'max_depth': 4, 'subsample': 0.8838391136934802, 'colsample_bytree': 0.6156661993370709, 'reg_alpha': 0.009063004763590286, 'reg_lambda': 2.5768803757385198e-08}. Best is trial 68 with value: 0.22057978438633036.
2025-05-25 01:51:54,062 - function.util_logger2025-05-25-01.46.47 - INFO - Trial 222 finished with value: 0.22282522585573084 and parameters: {'learning_rate': 0.05895028738622018, 'max_depth': 4, 'subsample': 0.9045115082707993, 'colsample_bytree': 0.616840922430195, 'reg_alpha': 0.004917531396074592, 'reg_lambda': 1.0332569815171421e-08}. Best is trial 68 with value: 0.22057978438633036.
2025-05-25 01:51:54,783 - function.util_logger2025-05-25-01.46.47 - INFO - Trial 224 finished with value: 0.22325330983716934 and parameters: {'learning_rate': 0.11896129972984228, 'max_depth': 4, 'subsample': 0.887117296041283, 'colsample_bytree': 0.6265688169887335, 'reg_alpha': 0.004624431527771373, 'reg_lambda': 2.607985768979805e-08}. Best is trial 68 with value: 0.22057978438633036.
2025-05-25 01:51:55,240 - function.util_logger2025-05-25-01.46.47 - INFO - Trial 225 finished with value: 0.22231754793719433 and parameters: {'learning_rate': 0.1004008847180574, 'max_depth': 4, 'subsample': 0.8963651635869071, 'colsample_bytree': 0.6209868441138917, 'reg_alpha': 0.005234139600625575, 'reg_lambda': 1.0007626972713033e-08}. Best is trial 68 with value: 0.22057978438633036.
2025-05-25 01:51:55,565 - function.util_logger2025-05-25-01.46.47 - INFO - Trial 226 finished with value: 0.22286587924983695 and parameters: {'learning_rate': 0.1013346945900125, 'max_depth': 4, 'subsample': 0.9122181887908731, 'colsample_bytree': 0.6280757798597956, 'reg_alpha': 0.020007625722520454, 'reg_lambda': 2.6257212676394173e-08}. Best is trial 68 with value: 0.22057978438633036.
2025-05-25 01:51:56,143 - function.util_logger2025-05-25-01.46.47 - INFO - Trial 227 finished with value: 0.22264353110807997 and parameters: {'learning_rate': 0.09740445892485584, 'max_depth': 4, 'subsample': 0.9182894080103741, 'colsample_bytree': 0.806586437391621, 'reg_alpha': 2.511931728871487e-06, 'reg_lambda': 1.554424069977355e-08}. Best is trial 68 with value: 0.22057978438633036.
2025-05-25 01:51:56,612 - function.util_logger2025-05-25-01.46.47 - INFO - Trial 228 finished with value: 0.22391462972674323 and parameters: {'learning_rate': 0.09871418319961431, 'max_depth': 4, 'subsample': 0.877256221077361, 'colsample_bytree': 0.6243264868304549, 'reg_alpha': 0.016679065506553202, 'reg_lambda': 1.9107763940565742e-08}. Best is trial 68 with value: 0.22057978438633036.
2025-05-25 01:51:57,197 - function.util_logger2025-05-25-01.46.47 - INFO - Trial 229 finished with value: 0.22303397322129004 and parameters: {'learning_rate': 0.08182602843305647, 'max_depth': 4, 'subsample': 0.9194649335033284, 'colsample_bytree': 0.6086910575883001, 'reg_alpha': 0.01839750971976301, 'reg_lambda': 1.0880544803954223e-08}. Best is trial 68 with value: 0.22057978438633036.
2025-05-25 01:51:57,799 - function.util_logger2025-05-25-01.46.47 - INFO - Trial 230 finished with value: 0.22272952476354635 and parameters: {'learning_rate': 0.0813940979176636, 'max_depth': 4, 'subsample': 0.8720830260645741, 'colsample_bytree': 0.6064857794161571, 'reg_alpha': 0.007302816952686121, 'reg_lambda': 1.5722226321883488e-08}. Best is trial 68 with value: 0.22057978438633036.
2025-05-25 01:51:58,237 - function.util_logger2025-05-25-01.46.47 - INFO - Trial 232 finished with value: 0.22369978638160895 and parameters: {'learning_rate': 0.1816313976440209, 'max_depth': 4, 'subsample': 0.896519608340956, 'colsample_bytree': 0.6066505404336933, 'reg_alpha': 0.002802376066363136, 'reg_lambda': 4.5000582476606844e-08}. Best is trial 68 with value: 0.22057978438633036.
2025-05-25 01:51:58,254 - function.util_logger2025-05-25-01.46.47 - INFO - Trial 231 finished with value: 0.22183903287979478 and parameters: {'learning_rate': 0.08426452761689303, 'max_depth': 4, 'subsample': 0.902804226730501, 'colsample_bytree': 0.6074810703504765, 'reg_alpha': 0.010119388228326911, 'reg_lambda': 1.2159956285298941e-08}. Best is trial 68 with value: 0.22057978438633036.
2025-05-25 01:51:58,896 - function.util_logger2025-05-25-01.46.47 - INFO - Trial 233 finished with value: 0.22360533205944605 and parameters: {'learning_rate': 0.1886523323592109, 'max_depth': 4, 'subsample': 0.8979113713853136, 'colsample_bytree': 0.6206754285744538, 'reg_alpha': 0.0027665919318328796, 'reg_lambda': 0.4621534557439703}. Best is trial 68 with value: 0.22057978438633036.
2025-05-25 01:51:59,508 - function.util_logger2025-05-25-01.46.47 - INFO - Trial 234 finished with value: 0.22291935621050868 and parameters: {'learning_rate': 0.12868287820604607, 'max_depth': 4, 'subsample': 0.8943627986364244, 'colsample_bytree': 0.6375781906075817, 'reg_alpha': 0.009064015364155702, 'reg_lambda': 2.807784048694599e-08}. Best is trial 68 with value: 0.22057978438633036.
2025-05-25 01:51:59,613 - function.util_logger2025-05-25-01.46.47 - INFO - Trial 235 finished with value: 0.22310131330923005 and parameters: {'learning_rate': 0.11318884270007559, 'max_depth': 4, 'subsample': 0.8973578314623704, 'colsample_bytree': 0.6189254998681454, 'reg_alpha': 0.011123330691949908, 'reg_lambda': 3.0239271269999144e-08}. Best is trial 68 with value: 0.22057978438633036.
2025-05-25 01:52:00,082 - function.util_logger2025-05-25-01.46.47 - INFO - Trial 236 finished with value: 0.22213652565435277 and parameters: {'learning_rate': 0.12613092322397393, 'max_depth': 4, 'subsample': 0.9021512857576398, 'colsample_bytree': 0.6150089474463782, 'reg_alpha': 0.004925081148360962, 'reg_lambda': 1.1003829463234244e-08}. Best is trial 68 with value: 0.22057978438633036.
2025-05-25 01:52:00,909 - function.util_logger2025-05-25-01.46.47 - INFO - Trial 238 finished with value: 0.2229901208453215 and parameters: {'learning_rate': 0.14919118405813586, 'max_depth': 4, 'subsample': 0.9087927444173965, 'colsample_bytree': 0.6292976160602316, 'reg_alpha': 0.0069077888505984794, 'reg_lambda': 1.410758760703874e-08}. Best is trial 68 with value: 0.22057978438633036.
2025-05-25 01:52:00,944 - function.util_logger2025-05-25-01.46.47 - INFO - Trial 237 finished with value: 0.2231614066659151 and parameters: {'learning_rate': 0.1140677433115216, 'max_depth': 4, 'subsample': 0.9005981417641958, 'colsample_bytree': 0.61556314496534, 'reg_alpha': 9.071348341718315e-08, 'reg_lambda': 2.6219296002812867e-08}. Best is trial 68 with value: 0.22057978438633036.
2025-05-25 01:52:01,273 - function.util_logger2025-05-25-01.46.47 - INFO - Trial 239 finished with value: 0.22344299170217594 and parameters: {'learning_rate': 0.15153247936282166, 'max_depth': 4, 'subsample': 0.9087840640449036, 'colsample_bytree': 0.6130014089431511, 'reg_alpha': 0.012144939594234726, 'reg_lambda': 1.838712406267446e-08}. Best is trial 68 with value: 0.22057978438633036.
2025-05-25 01:52:02,048 - function.util_logger2025-05-25-01.46.47 - INFO - Trial 241 finished with value: 0.22203584333609588 and parameters: {'learning_rate': 0.1373604059961534, 'max_depth': 4, 'subsample': 0.8819635189027352, 'colsample_bytree': 0.6085691273376805, 'reg_alpha': 0.0319428444070128, 'reg_lambda': 1.68599439657481e-08}. Best is trial 68 with value: 0.22057978438633036.
2025-05-25 01:52:02,190 - function.util_logger2025-05-25-01.46.47 - INFO - Trial 240 finished with value: 0.2237680023616629 and parameters: {'learning_rate': 0.15780120574329468, 'max_depth': 4, 'subsample': 0.9042872423107547, 'colsample_bytree': 0.6010863742671697, 'reg_alpha': 6.914088833207239, 'reg_lambda': 0.0011393163989343103}. Best is trial 68 with value: 0.22057978438633036.
2025-05-25 01:52:03,365 - function.util_logger2025-05-25-01.46.47 - INFO - Trial 244 finished with value: 0.22289846110511496 and parameters: {'learning_rate': 0.1287415535549429, 'max_depth': 4, 'subsample': 0.8845704210838251, 'colsample_bytree': 0.6120995284158579, 'reg_alpha': 0.026209056409808522, 'reg_lambda': 1.575523692550441e-08}. Best is trial 68 with value: 0.22057978438633036.
2025-05-25 01:52:03,961 - function.util_logger2025-05-25-01.46.47 - INFO - Trial 242 finished with value: 0.22295808982843507 and parameters: {'learning_rate': 0.12691378424795616, 'max_depth': 10, 'subsample': 0.880526204580094, 'colsample_bytree': 0.6045775544320696, 'reg_alpha': 0.033761887811995926, 'reg_lambda': 4.0172043465908184e-08}. Best is trial 68 with value: 0.22057978438633036.
2025-05-25 01:52:04,396 - function.util_logger2025-05-25-01.46.47 - INFO - Trial 245 finished with value: 0.22281715836852584 and parameters: {'learning_rate': 0.1414620028536777, 'max_depth': 4, 'subsample': 0.8543069957565022, 'colsample_bytree': 0.6264051437925101, 'reg_alpha': 0.07695109434562339, 'reg_lambda': 4.103450411639536e-08}. Best is trial 68 with value: 0.22057978438633036.
