2025-05-25 01:54:13,972 - function.util_logger2025-05-25-01.46.47 - INFO - Trial 469 finished with value: 0.2226065603925546 and parameters: {'learning_rate': 0.181882047632676, 'max_depth': 4, 'subsample': 0.9257631135149237, 'colsample_bytree': 0.64729152164824, 'reg_alpha': 0.01663753823350309, 'reg_lambda': 0.00029879346738712195}. Best is trial 68 with value: 0.22057978438633036.
2025-05-25 01:54:14,617 - function.util_logger2025-05-25-01.46.47 - INFO - Trial 466 finished with value: 0.22202923368128608 and parameters: {'learning_rate': 0.06873800166981736, 'max_depth': 4, 'subsample': 0.9281712135262442, 'colsample_bytree': 0.6225698466056073, 'reg_alpha': 0.005446468495631644, 'reg_lambda': 0.00038073452772764097}. Best is trial 68 with value: 0.22057978438633036.
2025-05-25 01:54:15,444 - function.util_logger2025-05-25-01.46.47 - INFO - Trial 470 finished with value: 0.22313771136396626 and parameters: {'learning_rate': 0.06571325750998214, 'max_depth': 4, 'subsample': 0.8623699816791985, 'colsample_bytree': 0.6717602486004904, 'reg_alpha': 8.695412111399306e-08, 'reg_lambda': 0.008264909402724735}. Best is trial 68 with value: 0.22057978438633036.
2025-05-25 01:54:15,934 - function.util_logger2025-05-25-01.46.47 - INFO - Trial 471 finished with value: 0.22263065499465257 and parameters: {'learning_rate': 0.09135412341649167, 'max_depth': 4, 'subsample': 0.8299165100958455, 'colsample_bytree': 0.6323659690809924, 'reg_alpha': 5.65227020685219e-07, 'reg_lambda': 0.0005508319647566888}. Best is trial 68 with value: 0.22057978438633036.
2025-05-25 01:54:16,034 - function.util_logger2025-05-25-01.46.47 - INFO - Trial 468 finished with value: 0.223695361884446 and parameters: {'learning_rate': 0.06864643106231053, 'max_depth': 10, 'subsample': 0.8708268974598402, 'colsample_bytree': 0.6510746707463545, 'reg_alpha': 0.006603202620547498, 'reg_lambda': 0.007220263818102804}. Best is trial 68 with value: 0.22057978438633036.
2025-05-25 01:54:16,444 - function.util_logger2025-05-25-01.46.47 - INFO - Trial 467 finished with value: 0.22277178969008257 and parameters: {'learning_rate': 0.0674908768917241, 'max_depth': 9, 'subsample': 0.9329463949548296, 'colsample_bytree': 0.6199461667030453, 'reg_alpha': 0.012169124490635772, 'reg_lambda': 3.354043955304555}. Best is trial 68 with value: 0.22057978438633036.
2025-05-25 01:54:17,017 - function.util_logger2025-05-25-01.46.47 - INFO - Trial 472 finished with value: 0.22330452886202737 and parameters: {'learning_rate': 0.09349313921979771, 'max_depth': 4, 'subsample': 0.8307661004839486, 'colsample_bytree': 0.6319617514972122, 'reg_alpha': 5.42745230663997e-07, 'reg_lambda': 0.0006216956412337545}. Best is trial 68 with value: 0.22057978438633036.
2025-05-25 01:54:17,597 - function.util_logger2025-05-25-01.46.47 - INFO - Trial 474 finished with value: 0.22274492838135185 and parameters: {'learning_rate': 0.08023440297813765, 'max_depth': 4, 'subsample': 0.9797486709112533, 'colsample_bytree': 0.6983782860773312, 'reg_alpha': 1.3197621655588515e-06, 'reg_lambda': 0.00016487922012731155}. Best is trial 68 with value: 0.22057978438633036.
2025-05-25 01:54:17,719 - function.util_logger2025-05-25-01.46.47 - INFO - Trial 475 finished with value: 0.22283524951795206 and parameters: {'learning_rate': 0.0857760851081143, 'max_depth': 4, 'subsample': 0.8471341333072876, 'colsample_bytree': 0.6141772523031859, 'reg_alpha': 2.356597604508807e-06, 'reg_lambda': 0.00010603685385601912}. Best is trial 68 with value: 0.22057978438633036.
2025-05-25 01:54:17,941 - function.util_logger2025-05-25-01.46.47 - INFO - Trial 473 finished with value: 0.22744624591734414 and parameters: {'learning_rate': 0.15157189646227215, 'max_depth': 10, 'subsample': 0.8500971102874062, 'colsample_bytree': 0.7596029117857008, 'reg_alpha': 1.8057358009286437e-06, 'reg_lambda': 3.9637176224999924}. Best is trial 68 with value: 0.22057978438633036.
2025-05-25 01:54:18,591 - function.util_logger2025-05-25-01.46.47 - INFO - Trial 477 finished with value: 0.2242246920611371 and parameters: {'learning_rate': 0.160652181127755, 'max_depth': 4, 'subsample': 0.85052344352006, 'colsample_bytree': 0.6127237503736058, 'reg_alpha': 1.752422165297839e-06, 'reg_lambda': 9.740473331718904e-05}. Best is trial 68 with value: 0.22057978438633036.
2025-05-25 01:54:18,620 - function.util_logger2025-05-25-01.46.47 - INFO - Trial 476 finished with value: 0.22308137093752406 and parameters: {'learning_rate': 0.08164230939284284, 'max_depth': 4, 'subsample': 0.8515726770135337, 'colsample_bytree': 0.6953816701539232, 'reg_alpha': 1.3681593536387756e-06, 'reg_lambda': 0.00011176680414040146}. Best is trial 68 with value: 0.22057978438633036.
2025-05-25 01:54:18,752 - function.util_logger2025-05-25-01.46.47 - INFO - Trial 478 finished with value: 0.2221727786562616 and parameters: {'learning_rate': 0.16396938962092777, 'max_depth': 4, 'subsample': 0.8598994625968917, 'colsample_bytree': 0.6131160702986914, 'reg_alpha': 2.567950545651195e-07, 'reg_lambda': 0.00012430022996410991}. Best is trial 68 with value: 0.22057978438633036.
2025-05-25 01:54:19,040 - function.util_logger2025-05-25-01.46.47 - INFO - Trial 479 finished with value: 0.2233000995689372 and parameters: {'learning_rate': 0.15956696356575553, 'max_depth': 4, 'subsample': 0.6219105409192471, 'colsample_bytree': 0.6117707090349874, 'reg_alpha': 8.151763063121411e-07, 'reg_lambda': 0.0014181558762061124}. Best is trial 68 with value: 0.22057978438633036.
2025-05-25 01:54:19,511 - function.util_logger2025-05-25-01.46.47 - INFO - Trial 480 finished with value: 0.2235607460073541 and parameters: {'learning_rate': 0.18968780682034828, 'max_depth': 4, 'subsample': 0.6521047955951483, 'colsample_bytree': 0.6387498205332691, 'reg_alpha': 7.793246645089448e-07, 'reg_lambda': 4.839698796133914e-06}. Best is trial 68 with value: 0.22057978438633036.
2025-05-25 01:54:19,608 - function.util_logger2025-05-25-01.46.47 - INFO - Trial 482 finished with value: 0.22263691365080196 and parameters: {'learning_rate': 0.19947812929412492, 'max_depth': 4, 'subsample': 0.8814036859687846, 'colsample_bytree': 0.6382684512621524, 'reg_alpha': 8.495090289551642e-07, 'reg_lambda': 0.0017687944221066337}. Best is trial 68 with value: 0.22057978438633036.
2025-05-25 01:54:19,629 - function.util_logger2025-05-25-01.46.47 - INFO - Trial 481 finished with value: 0.22377671759634712 and parameters: {'learning_rate': 0.1860376532299437, 'max_depth': 4, 'subsample': 0.9158490908496232, 'colsample_bytree': 0.627843310529354, 'reg_alpha': 1.4834272823224338e-05, 'reg_lambda': 0.11502186024150711}. Best is trial 68 with value: 0.22057978438633036.
2025-05-25 01:54:20,134 - function.util_logger2025-05-25-01.46.47 - INFO - Trial 483 finished with value: 0.2238201979238144 and parameters: {'learning_rate': 0.20005646336437166, 'max_depth': 4, 'subsample': 0.8824829616193318, 'colsample_bytree': 0.6275678683216094, 'reg_alpha': 0.019776056070545656, 'reg_lambda': 6.533741260388396e-05}. Best is trial 68 with value: 0.22057978438633036.
2025-05-25 01:54:20,402 - function.util_logger2025-05-25-01.46.47 - INFO - Trial 484 finished with value: 0.22243458812784497 and parameters: {'learning_rate': 0.13960972034067393, 'max_depth': 4, 'subsample': 0.9194119417319009, 'colsample_bytree': 0.6296196778151104, 'reg_alpha': 1.3902425831854904e-05, 'reg_lambda': 0.08521092359829252}. Best is trial 68 with value: 0.22057978438633036.
2025-05-25 01:54:21,124 - function.util_logger2025-05-25-01.46.47 - INFO - Trial 485 finished with value: 0.224308790436132 and parameters: {'learning_rate': 0.10811802358661611, 'max_depth': 4, 'subsample': 0.8675252450548053, 'colsample_bytree': 0.6583395124536369, 'reg_alpha': 0.021540515763674137, 'reg_lambda': 0.0784310585868976}. Best is trial 68 with value: 0.22057978438633036.
2025-05-25 01:54:21,672 - function.util_logger2025-05-25-01.46.47 - INFO - Trial 487 finished with value: 0.22342478375845726 and parameters: {'learning_rate': 0.14006021305271263, 'max_depth': 8, 'subsample': 0.8683374916100953, 'colsample_bytree': 0.6204678654640763, 'reg_alpha': 0.008879004944206764, 'reg_lambda': 0.004774970550040828}. Best is trial 68 with value: 0.22057978438633036.
2025-05-25 01:54:21,892 - function.util_logger2025-05-25-01.46.47 - INFO - Trial 488 finished with value: 0.22344319312208866 and parameters: {'learning_rate': 0.10843328850395642, 'max_depth': 5, 'subsample': 0.8694445961622712, 'colsample_bytree': 0.6207407116773154, 'reg_alpha': 0.007894991325979095, 'reg_lambda': 0.00565933386622872}. Best is trial 68 with value: 0.22057978438633036.
2025-05-25 01:54:22,200 - function.util_logger2025-05-25-01.46.47 - INFO - Trial 486 finished with value: 0.22474977782332442 and parameters: {'learning_rate': 0.1073260659961025, 'max_depth': 8, 'subsample': 0.8704549882950365, 'colsample_bytree': 0.6585120679689469, 'reg_alpha': 0.021473156880366565, 'reg_lambda': 0.34008156323868993}. Best is trial 68 with value: 0.22057978438633036.
2025-05-25 01:54:23,480 - function.util_logger2025-05-25-01.46.47 - INFO - Trial 492 finished with value: 0.22252737659877067 and parameters: {'learning_rate': 0.0773291831723471, 'max_depth': 4, 'subsample': 0.8565558840470647, 'colsample_bytree': 0.6002822547353177, 'reg_alpha': 3.8731421075645015e-07, 'reg_lambda': 7.015574637103454e-06}. Best is trial 68 with value: 0.22057978438633036.
2025-05-25 01:54:23,490 - function.util_logger2025-05-25-01.46.47 - INFO - Trial 489 finished with value: 0.2234999392568017 and parameters: {'learning_rate': 0.09765593452053627, 'max_depth': 6, 'subsample': 0.8643014589586365, 'colsample_bytree': 0.6201080500939259, 'reg_alpha': 0.008305480429895255, 'reg_lambda': 0.00027560315196824785}. Best is trial 68 with value: 0.22057978438633036.
2025-05-25 01:54:23,754 - function.util_logger2025-05-25-01.46.47 - INFO - Trial 491 finished with value: 0.22314499451598446 and parameters: {'learning_rate': 0.0922250049055783, 'max_depth': 6, 'subsample': 0.6788493237502511, 'colsample_bytree': 0.6079774372879432, 'reg_alpha': 0.003484198305117842, 'reg_lambda': 0.00031861231898441946}. Best is trial 68 with value: 0.22057978438633036.
2025-05-25 01:54:24,144 - function.util_logger2025-05-25-01.46.47 - INFO - Trial 490 finished with value: 0.22286567675329527 and parameters: {'learning_rate': 0.09414985177942062, 'max_depth': 7, 'subsample': 0.8570542554202719, 'colsample_bytree': 0.6088780914883354, 'reg_alpha': 3.988675983522746e-07, 'reg_lambda': 0.000334311964417614}. Best is trial 68 with value: 0.22057978438633036.
2025-05-25 01:54:25,384 - function.util_logger2025-05-25-01.46.47 - INFO - Trial 496 finished with value: 0.22331236359015513 and parameters: {'learning_rate': 0.12818674441684252, 'max_depth': 4, 'subsample': 0.8915926451130568, 'colsample_bytree': 0.6458767425741289, 'reg_alpha': 0.015436802930830005, 'reg_lambda': 0.00022540812010343744}. Best is trial 68 with value: 0.22057978438633036.
2025-05-25 01:54:25,850 - function.util_logger2025-05-25-01.46.47 - INFO - Trial 494 finished with value: 0.22247581589872695 and parameters: {'learning_rate': 0.09031223059665729, 'max_depth': 10, 'subsample': 0.8762343499480443, 'colsample_bytree': 0.6088873244440574, 'reg_alpha': 0.0039034396858876616, 'reg_lambda': 0.00045072440568734353}. Best is trial 68 with value: 0.22057978438633036.
2025-05-25 01:54:25,914 - function.util_logger2025-05-25-01.46.47 - INFO - Trial 495 finished with value: 0.22316591274232098 and parameters: {'learning_rate': 0.13090545902270473, 'max_depth': 10, 'subsample': 0.8373715677549276, 'colsample_bytree': 0.6387173789581123, 'reg_alpha': 3.5792781559468022e-06, 'reg_lambda': 9.007770818588001e-07}. Best is trial 68 with value: 0.22057978438633036.
2025-05-25 01:54:26,899 - function.util_logger2025-05-25-01.46.47 - INFO - Trial 499 finished with value: 0.2247001268539528 and parameters: {'learning_rate': 0.15183937133768885, 'max_depth': 4, 'subsample': 0.6476870559201071, 'colsample_bytree': 0.6298750010341553, 'reg_alpha': 2.451644297993833e-07, 'reg_lambda': 0.0007111675663151409}. Best is trial 68 with value: 0.22057978438633036.
2025-05-25 01:54:26,931 - function.util_logger2025-05-25-01.46.47 - INFO - Trial 498 finished with value: 0.2228527576185808 and parameters: {'learning_rate': 0.12169826311074512, 'max_depth': 4, 'subsample': 0.6543855316388857, 'colsample_bytree': 0.6361029606658575, 'reg_alpha': 2.703797752070511e-07, 'reg_lambda': 0.0008895809355906705}. Best is trial 68 with value: 0.22057978438633036.
2025-05-25 01:54:27,221 - function.util_logger2025-05-25-01.46.47 - INFO - Trial 497 finished with value: 0.22390019776343303 and parameters: {'learning_rate': 0.12404349762181219, 'max_depth': 10, 'subsample': 0.8788287260797714, 'colsample_bytree': 0.6355177716789002, 'reg_alpha': 0.0022212521831704154, 'reg_lambda': 8.182591763078478e-07}. Best is trial 68 with value: 0.22057978438633036.
2025-05-25 01:54:28,397 - function.util_logger2025-05-25-01.46.47 - INFO - Trial 501 finished with value: 0.22390630933267178 and parameters: {'learning_rate': 0.07480489684501562, 'max_depth': 4, 'subsample': 0.8785947008639148, 'colsample_bytree': 0.6144557898857173, 'reg_alpha': 0.03204984257384845, 'reg_lambda': 0.001553197888235071}. Best is trial 68 with value: 0.22057978438633036.
2025-05-25 01:54:28,881 - function.util_logger2025-05-25-01.46.47 - INFO - Trial 500 finished with value: 0.2218202555741907 and parameters: {'learning_rate': 0.05313004990187419, 'max_depth': 4, 'subsample': 0.8420602363764155, 'colsample_bytree': 0.6162255265331305, 'reg_alpha': 0.03271812505424201, 'reg_lambda': 4.854898763640221e-05}. Best is trial 68 with value: 0.22057978438633036.
2025-05-25 01:54:30,901 - function.util_logger2025-05-25-01.46.47 - INFO - Trial 503 finished with value: 0.22396287836827558 and parameters: {'learning_rate': 0.046235144355057475, 'max_depth': 5, 'subsample': 0.9197156038007115, 'colsample_bytree': 0.9554646283255155, 'reg_alpha': 5.897374636466535e-07, 'reg_lambda': 6.389285795531472e-05}. Best is trial 68 with value: 0.22057978438633036.
2025-05-25 01:54:31,411 - function.util_logger2025-05-25-01.46.47 - INFO - Trial 504 finished with value: 0.22289211827288608 and parameters: {'learning_rate': 0.038500271166690275, 'max_depth': 4, 'subsample': 0.838910360439273, 'colsample_bytree': 0.6261143676701483, 'reg_alpha': 0.05636774432327149, 'reg_lambda': 1.2051777845287783e-06}. Best is trial 68 with value: 0.22057978438633036.
2025-05-25 01:54:33,123 - function.util_logger2025-05-25-01.46.47 - INFO - Trial 506 finished with value: 0.22172512019161578 and parameters: {'learning_rate': 0.05487784801716404, 'max_depth': 4, 'subsample': 0.8500466543734889, 'colsample_bytree': 0.60484184730499, 'reg_alpha': 0.0152035546430447, 'reg_lambda': 2.8191533612685107e-05}. Best is trial 68 with value: 0.22057978438633036.
2025-05-25 01:54:33,350 - function.util_logger2025-05-25-01.46.47 - INFO - Trial 502 finished with value: 0.22321997866558338 and parameters: {'learning_rate': 0.017842032143188857, 'max_depth': 4, 'subsample': 0.989204888768452, 'colsample_bytree': 0.6141564237874801, 'reg_alpha': 0.02918621149169587, 'reg_lambda': 5.037768923086901e-05}. Best is trial 68 with value: 0.22057978438633036.
2025-05-25 01:54:33,766 - function.util_logger2025-05-25-01.46.47 - INFO - Trial 505 finished with value: 0.22335530136215484 and parameters: {'learning_rate': 0.04317121096301579, 'max_depth': 4, 'subsample': 0.6102542038902689, 'colsample_bytree': 0.6258733466450045, 'reg_alpha': 0.04890059981258294, 'reg_lambda': 4.781714289055183e-05}. Best is trial 68 with value: 0.22057978438633036.
2025-05-25 01:54:34,513 - function.util_logger2025-05-25-01.46.47 - INFO - Trial 493 finished with value: 0.22362041771095847 and parameters: {'learning_rate': 0.017340366552156542, 'max_depth': 10, 'subsample': 0.6857622037710622, 'colsample_bytree': 0.6111823388690996, 'reg_alpha': 0.0035269053490028187, 'reg_lambda': 0.0002957633650512253}. Best is trial 68 with value: 0.22057978438633036.
2025-05-25 01:54:34,749 - function.util_logger2025-05-25-01.46.47 - INFO - Trial 507 finished with value: 0.2232816519383686 and parameters: {'learning_rate': 0.0632998749361847, 'max_depth': 4, 'subsample': 0.8336690792874173, 'colsample_bytree': 0.6059874168120595, 'reg_alpha': 0.014502747818739876, 'reg_lambda': 3.5443909139323556e-05}. Best is trial 68 with value: 0.22057978438633036.
2025-05-25 01:54:35,689 - function.util_logger2025-05-25-01.46.47 - INFO - Trial 508 finished with value: 0.2224652212959714 and parameters: {'learning_rate': 0.05571405344381757, 'max_depth': 4, 'subsample': 0.8233204056481234, 'colsample_bytree': 0.6013813787955874, 'reg_alpha': 0.01371216808229624, 'reg_lambda': 5.431690800815101e-05}. Best is trial 68 with value: 0.22057978438633036.
2025-05-25 01:54:36,052 - function.util_logger2025-05-25-01.46.47 - INFO - Trial 509 finished with value: 0.2221438046456234 and parameters: {'learning_rate': 0.053847313291791876, 'max_depth': 4, 'subsample': 0.8426428130565393, 'colsample_bytree': 0.601893436160467, 'reg_alpha': 0.019421269046171762, 'reg_lambda': 1.4552489366985495e-05}. Best is trial 68 with value: 0.22057978438633036.
2025-05-25 01:54:36,659 - function.util_logger2025-05-25-01.46.47 - INFO - Trial 510 finished with value: 0.22401054454929364 and parameters: {'learning_rate': 0.05551139579317495, 'max_depth': 4, 'subsample': 0.8470550345038188, 'colsample_bytree': 0.8128535736744957, 'reg_alpha': 0.017137331239362782, 'reg_lambda': 2.1835110947501966e-05}. Best is trial 68 with value: 0.22057978438633036.
2025-05-25 01:54:36,991 - function.util_logger2025-05-25-01.46.47 - INFO - Trial 511 finished with value: 0.2221432141020367 and parameters: {'learning_rate': 0.053878229705881485, 'max_depth': 4, 'subsample': 0.820275386492759, 'colsample_bytree': 0.6021169648826614, 'reg_alpha': 0.028743596745882657, 'reg_lambda': 2.318479091593874e-05}. Best is trial 68 with value: 0.22057978438633036.
2025-05-25 01:54:38,159 - function.util_logger2025-05-25-01.46.47 - INFO - Trial 512 finished with value: 0.22297129303314037 and parameters: {'learning_rate': 0.049635784680677496, 'max_depth': 4, 'subsample': 0.8519011073924279, 'colsample_bytree': 0.7718017701053076, 'reg_alpha': 0.0243170812990629, 'reg_lambda': 9.919435218916714e-08}. Best is trial 68 with value: 0.22057978438633036.
2025-05-25 01:54:38,571 - function.util_logger2025-05-25-01.46.47 - INFO - Trial 513 finished with value: 0.22276491843264923 and parameters: {'learning_rate': 0.04459244536729012, 'max_depth': 4, 'subsample': 0.8431734843324192, 'colsample_bytree': 0.6462038814996802, 'reg_alpha': 0.034254811254883256, 'reg_lambda': 2.6327683272414424e-05}. Best is trial 68 with value: 0.22057978438633036.
2025-05-25 01:54:39,963 - function.util_logger2025-05-25-01.46.47 - INFO - Trial 514 finished with value: 0.2234972754903651 and parameters: {'learning_rate': 0.04403182286624679, 'max_depth': 5, 'subsample': 0.8414761195870724, 'colsample_bytree': 0.6464789543838205, 'reg_alpha': 0.03515102474576449, 'reg_lambda': 8.647991937849976e-08}. Best is trial 68 with value: 0.22057978438633036.
2025-05-25 01:54:40,639 - function.util_logger2025-05-25-01.46.47 - INFO - Trial 515 finished with value: 0.22310845443133182 and parameters: {'learning_rate': 0.05905315879185633, 'max_depth': 9, 'subsample': 0.8334360682498821, 'colsample_bytree': 0.6484080492220455, 'reg_alpha': 0.009273784071913952, 'reg_lambda': 7.368753150874537e-05}. Best is trial 68 with value: 0.22057978438633036.
2025-05-25 01:54:41,222 - function.util_logger2025-05-25-01.46.47 - INFO - Trial 517 finished with value: 0.2237112706241648 and parameters: {'learning_rate': 0.06181598671886642, 'max_depth': 5, 'subsample': 0.8566962669651105, 'colsample_bytree': 0.6110552756772408, 'reg_alpha': 0.011792153406448723, 'reg_lambda': 7.925172981762085e-05}. Best is trial 68 with value: 0.22057978438633036.
2025-05-25 01:54:41,312 - function.util_logger2025-05-25-01.46.47 - INFO - Trial 516 finished with value: 0.2227909716635182 and parameters: {'learning_rate': 0.050716613287673275, 'max_depth': 5, 'subsample': 0.8460170448902725, 'colsample_bytree': 0.6126558734830393, 'reg_alpha': 0.010371035045147386, 'reg_lambda': 8.040376385468827e-08}. Best is trial 68 with value: 0.22057978438633036.
2025-05-25 01:54:42,187 - function.util_logger2025-05-25-01.46.47 - INFO - Trial 521 finished with value: 0.2248803617661698 and parameters: {'learning_rate': 0.11336487267393441, 'max_depth': 3, 'subsample': 0.8601695579133581, 'colsample_bytree': 0.6224799007854057, 'reg_alpha': 0.006285326024651529, 'reg_lambda': 0.00018369399909545295}. Best is trial 68 with value: 0.22057978438633036.
2025-05-25 01:54:42,280 - function.util_logger2025-05-25-01.46.47 - INFO - Trial 520 finished with value: 0.2243146362514521 and parameters: {'learning_rate': 0.10913484889806567, 'max_depth': 3, 'subsample': 0.8094756193732906, 'colsample_bytree': 0.6227033576987658, 'reg_alpha': 0.006568183298983256, 'reg_lambda': 0.00016044492854067123}. Best is trial 68 with value: 0.22057978438633036.
2025-05-25 01:54:42,572 - function.util_logger2025-05-25-01.46.47 - INFO - Trial 519 finished with value: 0.2244905468555407 and parameters: {'learning_rate': 0.048165263535621866, 'max_depth': 3, 'subsample': 0.856793088516022, 'colsample_bytree': 0.6120603574843672, 'reg_alpha': 0.012201118973680602, 'reg_lambda': 0.0001628181204303798}. Best is trial 68 with value: 0.22057978438633036.
2025-05-25 01:54:44,147 - function.util_logger2025-05-25-01.46.47 - INFO - Trial 518 finished with value: 0.22283511124163224 and parameters: {'learning_rate': 0.05266986530735823, 'max_depth': 9, 'subsample': 0.8554121065189632, 'colsample_bytree': 0.613233862971169, 'reg_alpha': 0.00765664266512823, 'reg_lambda': 0.0038523835445002947}. Best is trial 68 with value: 0.22057978438633036.
