2025-05-25 01:54:44,920 - function.util_logger2025-05-25-01.46.47 - INFO - Trial 523 finished with value: 0.22260102760061998 and parameters: {'learning_rate': 0.0490363331715737, 'max_depth': 4, 'subsample': 0.8525944114883489, 'colsample_bytree': 0.6299292573615594, 'reg_alpha': 0.016109099721515644, 'reg_lambda': 1.0292548977252274e-05}. Best is trial 68 with value: 0.22057978438633036.
2025-05-25 01:54:45,075 - function.util_logger2025-05-25-01.46.47 - INFO - Trial 522 finished with value: 0.22322459233612388 and parameters: {'learning_rate': 0.04052466835521006, 'max_depth': 4, 'subsample': 0.8084476065789192, 'colsample_bytree': 0.6302080846847669, 'reg_alpha': 0.005565383765597969, 'reg_lambda': 0.002639044740386214}. Best is trial 68 with value: 0.22057978438633036.
2025-05-25 01:54:45,308 - function.util_logger2025-05-25-01.46.47 - INFO - Trial 524 finished with value: 0.2237850477466584 and parameters: {'learning_rate': 0.04026614688103376, 'max_depth': 4, 'subsample': 0.9542922972875585, 'colsample_bytree': 0.6324102233072567, 'reg_alpha': 0.0461085183855286, 'reg_lambda': 0.0038184869512232953}. Best is trial 68 with value: 0.22057978438633036.
2025-05-25 01:54:45,876 - function.util_logger2025-05-25-01.46.47 - INFO - Trial 525 finished with value: 0.22231050068780078 and parameters: {'learning_rate': 0.07620351577282876, 'max_depth': 4, 'subsample': 0.7719166011070169, 'colsample_bytree': 0.6323662773993753, 'reg_alpha': 0.054178116786278575, 'reg_lambda': 1.483644271197513e-06}. Best is trial 68 with value: 0.22057978438633036.
2025-05-25 01:54:46,537 - function.util_logger2025-05-25-01.46.47 - INFO - Trial 526 finished with value: 0.22275508897723836 and parameters: {'learning_rate': 0.08555126537325687, 'max_depth': 4, 'subsample': 0.7741907760718828, 'colsample_bytree': 0.6063028460034565, 'reg_alpha': 0.04941515162955159, 'reg_lambda': 0.0028375304247167383}. Best is trial 68 with value: 0.22057978438633036.
2025-05-25 01:54:46,951 - function.util_logger2025-05-25-01.46.47 - INFO - Trial 527 finished with value: 0.22366005064705727 and parameters: {'learning_rate': 0.06231066388191161, 'max_depth': 4, 'subsample': 0.9524319688390177, 'colsample_bytree': 0.6075400421363952, 'reg_alpha': 0.053027217423844815, 'reg_lambda': 1.2388521742061467}. Best is trial 68 with value: 0.22057978438633036.
2025-05-25 01:54:46,975 - function.util_logger2025-05-25-01.46.47 - INFO - Trial 528 finished with value: 0.22244765770587094 and parameters: {'learning_rate': 0.08240892377365124, 'max_depth': 4, 'subsample': 0.8164668899001587, 'colsample_bytree': 0.6000650142584572, 'reg_alpha': 0.07458781048585676, 'reg_lambda': 1.5137441706182529e-06}. Best is trial 68 with value: 0.22057978438633036.
2025-05-25 01:54:47,691 - function.util_logger2025-05-25-01.46.47 - INFO - Trial 529 finished with value: 0.224008188687724 and parameters: {'learning_rate': 0.06384006745990868, 'max_depth': 4, 'subsample': 0.7856113225575884, 'colsample_bytree': 0.607216799598195, 'reg_alpha': 0.02238395210337076, 'reg_lambda': 1.8006383512768573}. Best is trial 68 with value: 0.22057978438633036.
2025-05-25 01:54:48,157 - function.util_logger2025-05-25-01.46.47 - INFO - Trial 530 finished with value: 0.2228909423628445 and parameters: {'learning_rate': 0.0992059448939915, 'max_depth': 4, 'subsample': 0.7863239681908128, 'colsample_bytree': 0.6005544117978511, 'reg_alpha': 0.024784293145777587, 'reg_lambda': 3.9406527832319416e-07}. Best is trial 68 with value: 0.22057978438633036.
2025-05-25 01:54:48,387 - function.util_logger2025-05-25-01.46.47 - INFO - Trial 533 finished with value: 0.22619200974926468 and parameters: {'learning_rate': 0.2776683387557262, 'max_depth': 4, 'subsample': 0.6691968892929733, 'colsample_bytree': 0.6190883475321807, 'reg_alpha': 0.012543070431707767, 'reg_lambda': 6.426361466989605e-08}. Best is trial 68 with value: 0.22057978438633036.
2025-05-25 01:54:48,401 - function.util_logger2025-05-25-01.46.47 - INFO - Trial 531 finished with value: 0.22282772661335498 and parameters: {'learning_rate': 0.09913335392845404, 'max_depth': 4, 'subsample': 0.6996814572225181, 'colsample_bytree': 0.6004692111468753, 'reg_alpha': 0.016722953017035004, 'reg_lambda': 3.193608854763243e-07}. Best is trial 68 with value: 0.22057978438633036.
2025-05-25 01:54:48,553 - function.util_logger2025-05-25-01.46.47 - INFO - Trial 532 finished with value: 0.2233779185794636 and parameters: {'learning_rate': 0.0989253829543943, 'max_depth': 4, 'subsample': 0.8615353412622958, 'colsample_bytree': 0.6194442887980781, 'reg_alpha': 0.022563581056762757, 'reg_lambda': 4.815648274381269e-07}. Best is trial 68 with value: 0.22057978438633036.
2025-05-25 01:54:49,321 - function.util_logger2025-05-25-01.46.47 - INFO - Trial 536 finished with value: 0.22189074155243546 and parameters: {'learning_rate': 0.13084527291146314, 'max_depth': 4, 'subsample': 0.8643419587906157, 'colsample_bytree': 0.6393721813461031, 'reg_alpha': 0.00045532173813942037, 'reg_lambda': 0.010505195809866884}. Best is trial 68 with value: 0.22057978438633036.
2025-05-25 01:54:49,448 - function.util_logger2025-05-25-01.46.47 - INFO - Trial 535 finished with value: 0.22491683350751498 and parameters: {'learning_rate': 0.1728485151944101, 'max_depth': 4, 'subsample': 0.8617756159742729, 'colsample_bytree': 0.6400772466178858, 'reg_alpha': 0.0025832317959535583, 'reg_lambda': 5.998602948118882e-07}. Best is trial 68 with value: 0.22057978438633036.
2025-05-25 01:54:50,153 - function.util_logger2025-05-25-01.46.47 - INFO - Trial 534 finished with value: 0.22287665707640794 and parameters: {'learning_rate': 0.13324394622741825, 'max_depth': 6, 'subsample': 0.8626547490745301, 'colsample_bytree': 0.6191111508287809, 'reg_alpha': 0.011349261997162498, 'reg_lambda': 1.8477026974926825e-07}. Best is trial 68 with value: 0.22057978438633036.
2025-05-25 01:54:50,442 - function.util_logger2025-05-25-01.46.47 - INFO - Trial 538 finished with value: 0.2221943774137308 and parameters: {'learning_rate': 0.1385098255958112, 'max_depth': 4, 'subsample': 0.6405848084490428, 'colsample_bytree': 0.7461889292291853, 'reg_alpha': 0.00028609211485060613, 'reg_lambda': 0.004222217040136928}. Best is trial 68 with value: 0.22057978438633036.
2025-05-25 01:54:50,488 - function.util_logger2025-05-25-01.46.47 - INFO - Trial 537 finished with value: 0.22396387164675974 and parameters: {'learning_rate': 0.1344877045035041, 'max_depth': 6, 'subsample': 0.6393794918217566, 'colsample_bytree': 0.6401497397217596, 'reg_alpha': 0.0021771332316971584, 'reg_lambda': 9.895351537160681e-05}. Best is trial 68 with value: 0.22057978438633036.
2025-05-25 01:54:51,845 - function.util_logger2025-05-25-01.46.47 - INFO - Trial 539 finished with value: 0.22588341729676156 and parameters: {'learning_rate': 0.13522365594092, 'max_depth': 10, 'subsample': 0.6406605792753336, 'colsample_bytree': 0.7428426728412368, 'reg_alpha': 0.0004089522511651232, 'reg_lambda': 0.002075426067270243}. Best is trial 68 with value: 0.22057978438633036.
2025-05-25 01:54:52,362 - function.util_logger2025-05-25-01.46.47 - INFO - Trial 540 finished with value: 0.2255302147239627 and parameters: {'learning_rate': 0.14409380022075727, 'max_depth': 10, 'subsample': 0.8467330069481753, 'colsample_bytree': 0.6514500031064796, 'reg_alpha': 0.000407804206304828, 'reg_lambda': 0.007684208919435969}. Best is trial 68 with value: 0.22057978438633036.
2025-05-25 01:54:52,899 - function.util_logger2025-05-25-01.46.47 - INFO - Trial 542 finished with value: 0.22472604481119451 and parameters: {'learning_rate': 0.15212949252068045, 'max_depth': 10, 'subsample': 0.841035880869485, 'colsample_bytree': 0.6543958848656419, 'reg_alpha': 0.0003409362240323189, 'reg_lambda': 3.18651067492831e-06}. Best is trial 68 with value: 0.22057978438633036.
2025-05-25 01:54:52,936 - function.util_logger2025-05-25-01.46.47 - INFO - Trial 543 finished with value: 0.22321358758720417 and parameters: {'learning_rate': 0.15842263864044168, 'max_depth': 4, 'subsample': 0.8446479794849969, 'colsample_bytree': 0.6635726664797735, 'reg_alpha': 0.0003592068678308801, 'reg_lambda': 0.009006777307218064}. Best is trial 68 with value: 0.22057978438633036.
2025-05-25 01:54:52,942 - function.util_logger2025-05-25-01.46.47 - INFO - Trial 541 finished with value: 0.22438344622602086 and parameters: {'learning_rate': 0.11938172926993947, 'max_depth': 10, 'subsample': 0.8445370470162393, 'colsample_bytree': 0.6546647319658266, 'reg_alpha': 0.00019136947208875786, 'reg_lambda': 0.0023752519662106277}. Best is trial 68 with value: 0.22057978438633036.
2025-05-25 01:54:53,741 - function.util_logger2025-05-25-01.46.47 - INFO - Trial 544 finished with value: 0.222214053464778 and parameters: {'learning_rate': 0.11873883644492397, 'max_depth': 4, 'subsample': 0.8256349218665218, 'colsample_bytree': 0.6258284204403092, 'reg_alpha': 0.0002659757486156011, 'reg_lambda': 0.010990962059347102}. Best is trial 68 with value: 0.22057978438633036.
2025-05-25 01:54:54,341 - function.util_logger2025-05-25-01.46.47 - INFO - Trial 547 finished with value: 0.22227256489346967 and parameters: {'learning_rate': 0.1146184966874806, 'max_depth': 4, 'subsample': 0.8527654148095515, 'colsample_bytree': 0.6251573260059609, 'reg_alpha': 0.0006133631873275757, 'reg_lambda': 0.028870670730960942}. Best is trial 68 with value: 0.22057978438633036.
2025-05-25 01:54:54,423 - function.util_logger2025-05-25-01.46.47 - INFO - Trial 546 finished with value: 0.22237427032380386 and parameters: {'learning_rate': 0.119596216209035, 'max_depth': 4, 'subsample': 0.8247243058431069, 'colsample_bytree': 0.6265017860269543, 'reg_alpha': 0.0005625359912654621, 'reg_lambda': 0.026312809254461465}. Best is trial 68 with value: 0.22057978438633036.
2025-05-25 01:54:54,514 - function.util_logger2025-05-25-01.46.47 - INFO - Trial 545 finished with value: 0.22366991359175273 and parameters: {'learning_rate': 0.11387015481688607, 'max_depth': 4, 'subsample': 0.8263723318886602, 'colsample_bytree': 0.625647862841263, 'reg_alpha': 0.0001698423073690608, 'reg_lambda': 8.726263411843203}. Best is trial 68 with value: 0.22057978438633036.
2025-05-25 01:54:54,795 - function.util_logger2025-05-25-01.46.47 - INFO - Trial 548 finished with value: 0.22333872875909622 and parameters: {'learning_rate': 0.18014214501689238, 'max_depth': 4, 'subsample': 0.6577605651731872, 'colsample_bytree': 0.6154039720861348, 'reg_alpha': 0.0004874963011782412, 'reg_lambda': 0.011999053907065373}. Best is trial 68 with value: 0.22057978438633036.
2025-05-25 01:54:55,468 - function.util_logger2025-05-25-01.46.47 - INFO - Trial 549 finished with value: 0.22376516352676523 and parameters: {'learning_rate': 0.17449349233601635, 'max_depth': 4, 'subsample': 0.9112692841371397, 'colsample_bytree': 0.6148627420526988, 'reg_alpha': 0.0006581951311143663, 'reg_lambda': 0.004453631822641882}. Best is trial 68 with value: 0.22057978438633036.
2025-05-25 01:54:55,658 - function.util_logger2025-05-25-01.46.47 - INFO - Trial 551 finished with value: 0.2242262569547467 and parameters: {'learning_rate': 0.18148943827682154, 'max_depth': 4, 'subsample': 0.914208317769498, 'colsample_bytree': 0.6143802889633856, 'reg_alpha': 0.004768948667644241, 'reg_lambda': 0.005636795776895715}. Best is trial 68 with value: 0.22057978438633036.
2025-05-25 01:54:55,801 - function.util_logger2025-05-25-01.46.47 - INFO - Trial 550 finished with value: 0.22375125241611196 and parameters: {'learning_rate': 0.1581067208202718, 'max_depth': 4, 'subsample': 0.9246926335439529, 'colsample_bytree': 0.6157408497484973, 'reg_alpha': 0.004547163318934132, 'reg_lambda': 0.005065541488535499}. Best is trial 68 with value: 0.22057978438633036.
2025-05-25 01:54:55,845 - function.util_logger2025-05-25-01.46.47 - INFO - Trial 552 finished with value: 0.22330893132696458 and parameters: {'learning_rate': 0.1696846777929223, 'max_depth': 4, 'subsample': 0.9187759447508632, 'colsample_bytree': 0.6450998092782624, 'reg_alpha': 0.0014299373847385395, 'reg_lambda': 0.00565742033047185}. Best is trial 68 with value: 0.22057978438633036.
2025-05-25 01:54:56,728 - function.util_logger2025-05-25-01.46.47 - INFO - Trial 553 finished with value: 0.22483919086096948 and parameters: {'learning_rate': 0.15186100860849971, 'max_depth': 4, 'subsample': 0.9364850389661897, 'colsample_bytree': 0.6419213882292361, 'reg_alpha': 0.0012952094350604775, 'reg_lambda': 0.016910695946565014}. Best is trial 68 with value: 0.22057978438633036.
2025-05-25 01:54:56,842 - function.util_logger2025-05-25-01.46.47 - INFO - Trial 554 finished with value: 0.2220885741997752 and parameters: {'learning_rate': 0.14946370683508742, 'max_depth': 4, 'subsample': 0.976110318691409, 'colsample_bytree': 0.6419266363328842, 'reg_alpha': 0.004936781880248129, 'reg_lambda': 0.008194284468085355}. Best is trial 68 with value: 0.22057978438633036.
2025-05-25 01:54:57,111 - function.util_logger2025-05-25-01.46.47 - INFO - Trial 556 finished with value: 0.22193006562334627 and parameters: {'learning_rate': 0.12739689741121726, 'max_depth': 4, 'subsample': 0.707330330943708, 'colsample_bytree': 0.6376072164029253, 'reg_alpha': 0.0011016494366813251, 'reg_lambda': 1.344773084516195e-07}. Best is trial 68 with value: 0.22057978438633036.
2025-05-25 01:54:57,138 - function.util_logger2025-05-25-01.46.47 - INFO - Trial 555 finished with value: 0.22264559285565594 and parameters: {'learning_rate': 0.12507629478442675, 'max_depth': 4, 'subsample': 0.7945936490482293, 'colsample_bytree': 0.6393953702278696, 'reg_alpha': 0.00117845252985695, 'reg_lambda': 0.017746591329491246}. Best is trial 68 with value: 0.22057978438633036.
2025-05-25 01:54:58,083 - function.util_logger2025-05-25-01.46.47 - INFO - Trial 558 finished with value: 0.22370367439052502 and parameters: {'learning_rate': 0.2183545972435235, 'max_depth': 5, 'subsample': 0.8365358598613939, 'colsample_bytree': 0.904014329147388, 'reg_alpha': 2.8711564497491917e-08, 'reg_lambda': 0.24343841329461643}. Best is trial 68 with value: 0.22057978438633036.
2025-05-25 01:54:58,387 - function.util_logger2025-05-25-01.46.47 - INFO - Trial 560 finished with value: 0.2232060396920393 and parameters: {'learning_rate': 0.22280341269548742, 'max_depth': 5, 'subsample': 0.7674298621808086, 'colsample_bytree': 0.6081292672819038, 'reg_alpha': 5.236799932691394e-06, 'reg_lambda': 0.0011598032291254589}. Best is trial 68 with value: 0.22057978438633036.
2025-05-25 01:54:58,410 - function.util_logger2025-05-25-01.46.47 - INFO - Trial 557 finished with value: 0.22670591632672615 and parameters: {'learning_rate': 0.22190753763631563, 'max_depth': 7, 'subsample': 0.8666822385405902, 'colsample_bytree': 0.6337765418966977, 'reg_alpha': 0.008029957474816154, 'reg_lambda': 1.0553505044680392e-07}. Best is trial 68 with value: 0.22057978438633036.
2025-05-25 01:54:59,026 - function.util_logger2025-05-25-01.46.47 - INFO - Trial 559 finished with value: 0.2276136250603682 and parameters: {'learning_rate': 0.22323357065957566, 'max_depth': 7, 'subsample': 0.7935883530878894, 'colsample_bytree': 0.607247108883335, 'reg_alpha': 5.685895804915633e-06, 'reg_lambda': 4.656349574372267e-08}. Best is trial 68 with value: 0.22057978438633036.
2025-05-25 01:54:59,529 - function.util_logger2025-05-25-01.46.47 - INFO - Trial 561 finished with value: 0.22382789919124768 and parameters: {'learning_rate': 0.10882639862973584, 'max_depth': 4, 'subsample': 0.8693718436655353, 'colsample_bytree': 0.608009130695206, 'reg_alpha': 0.008143658536526243, 'reg_lambda': 3.964330069374121e-08}. Best is trial 68 with value: 0.22057978438633036.
2025-05-25 01:54:59,745 - function.util_logger2025-05-25-01.46.47 - INFO - Trial 563 finished with value: 0.2239029174268444 and parameters: {'learning_rate': 0.10478121072513696, 'max_depth': 3, 'subsample': 0.8492771096528775, 'colsample_bytree': 0.6073102182171964, 'reg_alpha': 0.015626256223756074, 'reg_lambda': 4.09367348536977e-08}. Best is trial 68 with value: 0.22057978438633036.
2025-05-25 01:54:59,879 - function.util_logger2025-05-25-01.46.47 - INFO - Trial 562 finished with value: 0.2224358632176998 and parameters: {'learning_rate': 0.10486838557661804, 'max_depth': 4, 'subsample': 0.8666418064332068, 'colsample_bytree': 0.6077493945931136, 'reg_alpha': 0.034245862081689726, 'reg_lambda': 3.712041783169332e-08}. Best is trial 68 with value: 0.22057978438633036.
2025-05-25 01:55:00,514 - function.util_logger2025-05-25-01.46.47 - INFO - Trial 564 finished with value: 0.22428579013957323 and parameters: {'learning_rate': 0.10606023508312061, 'max_depth': 4, 'subsample': 0.8515724595020316, 'colsample_bytree': 0.622966600843794, 'reg_alpha': 0.031441531860911365, 'reg_lambda': 9.278797442010271e-07}. Best is trial 68 with value: 0.22057978438633036.
2025-05-25 01:55:00,849 - function.util_logger2025-05-25-01.46.47 - INFO - Trial 566 finished with value: 0.2211802709772348 and parameters: {'learning_rate': 0.13662689739257813, 'max_depth': 4, 'subsample': 0.9998898230258415, 'colsample_bytree': 0.6219075533542187, 'reg_alpha': 0.0290240428931981, 'reg_lambda': 9.959070280639242e-07}. Best is trial 68 with value: 0.22057978438633036.
2025-05-25 01:55:01,684 - function.util_logger2025-05-25-01.46.47 - INFO - Trial 568 finished with value: 0.22223621584909145 and parameters: {'learning_rate': 0.1360662960498752, 'max_depth': 4, 'subsample': 0.6653819087530181, 'colsample_bytree': 0.6169170579116745, 'reg_alpha': 0.0104001016519916, 'reg_lambda': 3.259942348693072e-05}. Best is trial 68 with value: 0.22057978438633036.
2025-05-25 01:55:01,908 - function.util_logger2025-05-25-01.46.47 - INFO - Trial 569 finished with value: 0.2224856739689997 and parameters: {'learning_rate': 0.13743833488426693, 'max_depth': 4, 'subsample': 0.7799816884386728, 'colsample_bytree': 0.6330782496777242, 'reg_alpha': 0.026620713978368824, 'reg_lambda': 9.99130482712309e-07}. Best is trial 68 with value: 0.22057978438633036.
2025-05-25 01:55:03,779 - function.util_logger2025-05-25-01.46.47 - INFO - Trial 570 finished with value: 0.22377992043852685 and parameters: {'learning_rate': 0.14157652019207553, 'max_depth': 8, 'subsample': 0.9981479291507334, 'colsample_bytree': 0.6332266075121604, 'reg_alpha': 0.029486741308800662, 'reg_lambda': 7.542397619479722e-07}. Best is trial 68 with value: 0.22057978438633036.
2025-05-25 01:55:04,062 - function.util_logger2025-05-25-01.46.47 - INFO - Trial 567 finished with value: 0.22335048173410899 and parameters: {'learning_rate': 0.05842603212714406, 'max_depth': 8, 'subsample': 0.8555798349890702, 'colsample_bytree': 0.6822513374919706, 'reg_alpha': 0.027663879651714407, 'reg_lambda': 9.95433165701125e-07}. Best is trial 68 with value: 0.22057978438633036.
2025-05-25 01:55:05,404 - function.util_logger2025-05-25-01.46.47 - INFO - Trial 573 finished with value: 0.2230368939865964 and parameters: {'learning_rate': 0.12772360997698973, 'max_depth': 4, 'subsample': 0.6026354586285803, 'colsample_bytree': 0.6240401202238404, 'reg_alpha': 0.018188579675925447, 'reg_lambda': 3.0239020122358805e-06}. Best is trial 68 with value: 0.22057978438633036.
2025-05-25 01:55:05,411 - function.util_logger2025-05-25-01.46.47 - INFO - Trial 572 finished with value: 0.22326495295501808 and parameters: {'learning_rate': 0.1287753921144978, 'max_depth': 5, 'subsample': 0.8567768045103273, 'colsample_bytree': 0.6251299566285068, 'reg_alpha': 0.018329866265911276, 'reg_lambda': 2.157010988433817e-06}. Best is trial 68 with value: 0.22057978438633036.
2025-05-25 01:55:05,561 - function.util_logger2025-05-25-01.46.47 - INFO - Trial 571 finished with value: 0.22335053030802482 and parameters: {'learning_rate': 0.033508841386090935, 'max_depth': 4, 'subsample': 0.9843069461839249, 'colsample_bytree': 0.6260290045788486, 'reg_alpha': 0.014692667201603116, 'reg_lambda': 2.888288882493206e-06}. Best is trial 68 with value: 0.22057978438633036.
2025-05-25 01:55:06,549 - function.util_logger2025-05-25-01.46.47 - INFO - Trial 575 finished with value: 0.22413274564406685 and parameters: {'learning_rate': 0.16336570222200447, 'max_depth': 4, 'subsample': 0.9893320445795606, 'colsample_bytree': 0.8791933261871306, 'reg_alpha': 0.040529866316713084, 'reg_lambda': 0.052219183170929336}. Best is trial 68 with value: 0.22057978438633036.
2025-05-25 01:55:06,574 - function.util_logger2025-05-25-01.46.47 - INFO - Trial 576 finished with value: 0.22387496333335632 and parameters: {'learning_rate': 0.15982283784963125, 'max_depth': 4, 'subsample': 0.8348656248964375, 'colsample_bytree': 0.6484845386231252, 'reg_alpha': 0.07388188484174289, 'reg_lambda': 1.3596348162720259e-06}. Best is trial 68 with value: 0.22057978438633036.
2025-05-25 01:55:06,585 - function.util_logger2025-05-25-01.46.47 - INFO - Trial 574 finished with value: 0.22279564697597945 and parameters: {'learning_rate': 0.15720673263703258, 'max_depth': 4, 'subsample': 0.9855259202709953, 'colsample_bytree': 0.6252100387679327, 'reg_alpha': 0.07487488937670993, 'reg_lambda': 1.659070631663997e-06}. Best is trial 68 with value: 0.22057978438633036.
2025-05-25 01:55:07,583 - function.util_logger2025-05-25-01.46.47 - INFO - Trial 578 finished with value: 0.22369945641615496 and parameters: {'learning_rate': 0.15059145705783755, 'max_depth': 3, 'subsample': 0.9689676095248079, 'colsample_bytree': 0.6202053617304135, 'reg_alpha': 3.1051474005946588e-06, 'reg_lambda': 7.063551322383335e-07}. Best is trial 68 with value: 0.22057978438633036.
2025-05-25 01:55:07,745 - function.util_logger2025-05-25-01.46.47 - INFO - Trial 577 finished with value: 0.22199335029169592 and parameters: {'learning_rate': 0.14424607993063557, 'max_depth': 4, 'subsample': 0.9686948495048353, 'colsample_bytree': 0.61921141892396, 'reg_alpha': 0.06725244169362003, 'reg_lambda': 6.587836171630958e-07}. Best is trial 68 with value: 0.22057978438633036.
