2025-05-25 01:50:22,380 - function.util_logger2025-05-25-01.46.47 - INFO - Trial 134 finished with value: 0.2219811523745451 and parameters: {'learning_rate': 0.1187323123256799, 'max_depth': 4, 'subsample': 0.7430331935797819, 'colsample_bytree': 0.6150772067213264, 'reg_alpha': 2.254775125630443e-06, 'reg_lambda': 3.260175951219604e-07}. Best is trial 68 with value: 0.22057978438633036.
2025-05-25 01:50:23,575 - function.util_logger2025-05-25-01.46.47 - INFO - Trial 135 finished with value: 0.2234251425612283 and parameters: {'learning_rate': 0.11594965269620404, 'max_depth': 8, 'subsample': 0.7384249034202355, 'colsample_bytree': 0.6616324531098554, 'reg_alpha': 0.0007976317141341686, 'reg_lambda': 2.8960393186901125e-07}. Best is trial 68 with value: 0.22057978438633036.
2025-05-25 01:50:24,184 - function.util_logger2025-05-25-01.46.47 - INFO - Trial 137 finished with value: 0.22310700566379643 and parameters: {'learning_rate': 0.11871460794522162, 'max_depth': 8, 'subsample': 0.7209893465330517, 'colsample_bytree': 0.6600649842048956, 'reg_alpha': 0.0015072949569475567, 'reg_lambda': 2.6025958276900485e-07}. Best is trial 68 with value: 0.22057978438633036.
2025-05-25 01:50:24,506 - function.util_logger2025-05-25-01.46.47 - INFO - Trial 136 finished with value: 0.22516210135719822 and parameters: {'learning_rate': 0.11882293071821808, 'max_depth': 9, 'subsample': 0.7232719400004649, 'colsample_bytree': 0.6585896404429006, 'reg_alpha': 0.0012883500765563053, 'reg_lambda': 2.02115365099633e-08}. Best is trial 68 with value: 0.22057978438633036.
2025-05-25 01:50:25,543 - function.util_logger2025-05-25-01.46.47 - INFO - Trial 138 finished with value: 0.22255160728748322 and parameters: {'learning_rate': 0.15297383710806972, 'max_depth': 9, 'subsample': 0.7227144291087358, 'colsample_bytree': 0.617095099395143, 'reg_alpha': 0.0003082041605045774, 'reg_lambda': 5.823011008890863e-06}. Best is trial 68 with value: 0.22057978438633036.
2025-05-25 01:50:25,795 - function.util_logger2025-05-25-01.46.47 - INFO - Trial 139 finished with value: 0.22216741317476602 and parameters: {'learning_rate': 0.15437672145259423, 'max_depth': 10, 'subsample': 0.684031549295359, 'colsample_bytree': 0.6172101096589133, 'reg_alpha': 2.1280018036713453e-06, 'reg_lambda': 1.5052412853623746e-06}. Best is trial 68 with value: 0.22057978438633036.
2025-05-25 01:50:26,760 - function.util_logger2025-05-25-01.46.47 - INFO - Trial 140 finished with value: 0.2233496083868304 and parameters: {'learning_rate': 0.13512567025554836, 'max_depth': 10, 'subsample': 0.7806306331307945, 'colsample_bytree': 0.6166023469358357, 'reg_alpha': 2.1281210668165795e-06, 'reg_lambda': 1.2392701602380356e-06}. Best is trial 68 with value: 0.22057978438633036.
2025-05-25 01:50:27,519 - function.util_logger2025-05-25-01.46.47 - INFO - Trial 141 finished with value: 0.2246314782062563 and parameters: {'learning_rate': 0.13186073993479913, 'max_depth': 10, 'subsample': 0.6866938075045022, 'colsample_bytree': 0.8779731134612621, 'reg_alpha': 7.193564350343736e-07, 'reg_lambda': 1.2813755781744723e-06}. Best is trial 68 with value: 0.22057978438633036.
2025-05-25 01:50:28,018 - function.util_logger2025-05-25-01.46.47 - INFO - Trial 142 finished with value: 0.22176904134760395 and parameters: {'learning_rate': 0.1343232119334896, 'max_depth': 10, 'subsample': 0.6921303117619348, 'colsample_bytree': 0.6410703839516676, 'reg_alpha': 2.478880678804047e-07, 'reg_lambda': 1.3410862909677442e-06}. Best is trial 68 with value: 0.22057978438633036.
2025-05-25 01:50:29,480 - function.util_logger2025-05-25-01.46.47 - INFO - Trial 143 finished with value: 0.22347980617578758 and parameters: {'learning_rate': 0.10437197401539229, 'max_depth': 10, 'subsample': 0.7132861498540726, 'colsample_bytree': 0.7008387228721175, 'reg_alpha': 3.34095983175123e-07, 'reg_lambda': 2.816439183886612e-06}. Best is trial 68 with value: 0.22057978438633036.
2025-05-25 01:50:29,523 - function.util_logger2025-05-25-01.46.47 - INFO - Trial 144 finished with value: 0.22407613551839867 and parameters: {'learning_rate': 0.1043819526925319, 'max_depth': 10, 'subsample': 0.7494695921893145, 'colsample_bytree': 0.6277463176364155, 'reg_alpha': 1.646238001881872e-06, 'reg_lambda': 4.210056494075928e-07}. Best is trial 68 with value: 0.22057978438633036.
2025-05-25 01:50:30,457 - function.util_logger2025-05-25-01.46.47 - INFO - Trial 145 finished with value: 0.22278713596591157 and parameters: {'learning_rate': 0.10101652017396573, 'max_depth': 10, 'subsample': 0.688731495489415, 'colsample_bytree': 0.6394740153070756, 'reg_alpha': 4.838782676567154e-07, 'reg_lambda': 1.7499915282924177e-06}. Best is trial 68 with value: 0.22057978438633036.
2025-05-25 01:50:31,196 - function.util_logger2025-05-25-01.46.47 - INFO - Trial 146 finished with value: 0.22474335200459894 and parameters: {'learning_rate': 0.1698490331324323, 'max_depth': 10, 'subsample': 0.6834698972864969, 'colsample_bytree': 0.6390977854920964, 'reg_alpha': 2.0879317247782025e-06, 'reg_lambda': 9.133374269823456e-07}. Best is trial 68 with value: 0.22057978438633036.
2025-05-25 01:50:31,229 - function.util_logger2025-05-25-01.46.47 - INFO - Trial 147 finished with value: 0.2252297795728818 and parameters: {'learning_rate': 0.16063265931753037, 'max_depth': 9, 'subsample': 0.6907530256723574, 'colsample_bytree': 0.6423733349362111, 'reg_alpha': 6.127380345630216e-07, 'reg_lambda': 1.5691485062147338e-06}. Best is trial 68 with value: 0.22057978438633036.
2025-05-25 01:50:32,004 - function.util_logger2025-05-25-01.46.47 - INFO - Trial 148 finished with value: 0.224021243917044 and parameters: {'learning_rate': 0.1743777224705559, 'max_depth': 10, 'subsample': 0.6596508765061757, 'colsample_bytree': 0.6105220528352169, 'reg_alpha': 1.7617886296438815e-07, 'reg_lambda': 9.072238176358364e-07}. Best is trial 68 with value: 0.22057978438633036.
2025-05-25 01:50:32,495 - function.util_logger2025-05-25-01.46.47 - INFO - Trial 150 finished with value: 0.22765854364956692 and parameters: {'learning_rate': 0.2527756168492627, 'max_depth': 10, 'subsample': 0.6676890760324685, 'colsample_bytree': 0.6100885550691115, 'reg_alpha': 1.0712795191666905e-07, 'reg_lambda': 8.293501942319004e-06}. Best is trial 68 with value: 0.22057978438633036.
2025-05-25 01:50:33,530 - function.util_logger2025-05-25-01.46.47 - INFO - Trial 151 finished with value: 0.22329128244198415 and parameters: {'learning_rate': 0.14755447521743315, 'max_depth': 9, 'subsample': 0.7017442495283172, 'colsample_bytree': 0.628559820725431, 'reg_alpha': 4.636763513552938e-08, 'reg_lambda': 8.620207009220906e-06}. Best is trial 68 with value: 0.22057978438633036.
2025-05-25 01:50:35,194 - function.util_logger2025-05-25-01.46.47 - INFO - Trial 153 finished with value: 0.2238679312803244 and parameters: {'learning_rate': 0.12904284027058957, 'max_depth': 9, 'subsample': 0.708246514280618, 'colsample_bytree': 0.6201335787994693, 'reg_alpha': 0.00035832858060788636, 'reg_lambda': 3.084399854618108e-06}. Best is trial 68 with value: 0.22057978438633036.
2025-05-25 01:50:35,292 - function.util_logger2025-05-25-01.46.47 - INFO - Trial 129 finished with value: 0.2712189783173887 and parameters: {'learning_rate': 0.0010133525523356333, 'max_depth': 4, 'subsample': 0.7295418145787269, 'colsample_bytree': 0.6354387324231057, 'reg_alpha': 0.00015541035097775706, 'reg_lambda': 3.203814151444796e-07}. Best is trial 68 with value: 0.22057978438633036.
2025-05-25 01:50:36,363 - function.util_logger2025-05-25-01.46.47 - INFO - Trial 154 finished with value: 0.2227966982533726 and parameters: {'learning_rate': 0.09180706815709026, 'max_depth': 4, 'subsample': 0.7525168041740972, 'colsample_bytree': 0.6273880277139579, 'reg_alpha': 2.126371589010773e-07, 'reg_lambda': 4.311009388782453e-07}. Best is trial 68 with value: 0.22057978438633036.
2025-05-25 01:50:37,863 - function.util_logger2025-05-25-01.46.47 - INFO - Trial 156 finished with value: 0.22247092132500215 and parameters: {'learning_rate': 0.0782577527178181, 'max_depth': 4, 'subsample': 0.7457524481110631, 'colsample_bytree': 0.6171702539656068, 'reg_alpha': 1.3382979994039822e-06, 'reg_lambda': 2.1480738927632095e-07}. Best is trial 68 with value: 0.22057978438633036.
2025-05-25 01:50:38,846 - function.util_logger2025-05-25-01.46.47 - INFO - Trial 157 finished with value: 0.2236153065513121 and parameters: {'learning_rate': 0.19951627349243958, 'max_depth': 4, 'subsample': 0.7944512764036888, 'colsample_bytree': 0.6502876714152658, 'reg_alpha': 3.2609666401998755e-06, 'reg_lambda': 6.636494646985246e-07}. Best is trial 68 with value: 0.22057978438633036.
2025-05-25 01:50:40,045 - function.util_logger2025-05-25-01.46.47 - INFO - Trial 158 finished with value: 0.22249627647742481 and parameters: {'learning_rate': 0.12153394073179244, 'max_depth': 4, 'subsample': 0.7639005825624963, 'colsample_bytree': 0.6087410660576491, 'reg_alpha': 5.990379730938013e-06, 'reg_lambda': 1.1792546377759085e-07}. Best is trial 68 with value: 0.22057978438633036.
2025-05-25 01:50:40,905 - function.util_logger2025-05-25-01.46.47 - INFO - Trial 159 finished with value: 0.22309879983141895 and parameters: {'learning_rate': 0.15118554337826662, 'max_depth': 4, 'subsample': 0.7784170377295793, 'colsample_bytree': 0.6271505756355706, 'reg_alpha': 0.01009352749867901, 'reg_lambda': 5.262911463084309e-07}. Best is trial 68 with value: 0.22057978438633036.
2025-05-25 01:50:42,894 - function.util_logger2025-05-25-01.46.47 - INFO - Trial 160 finished with value: 0.22437329999545913 and parameters: {'learning_rate': 0.11038969994973061, 'max_depth': 6, 'subsample': 0.7350328824007382, 'colsample_bytree': 0.6458368029632839, 'reg_alpha': 0.0005004018452569042, 'reg_lambda': 1.9764296706643605e-07}. Best is trial 68 with value: 0.22057978438633036.
2025-05-25 01:50:53,379 - function.util_logger2025-05-25-01.46.47 - INFO - Trial 155 finished with value: 0.24536188214599197 and parameters: {'learning_rate': 0.0015994233671798137, 'max_depth': 4, 'subsample': 0.7466457902227818, 'colsample_bytree': 0.651667859803206, 'reg_alpha': 1.0714390906674234e-06, 'reg_lambda': 4.2394419487519324e-07}. Best is trial 68 with value: 0.22057978438633036.
2025-05-25 01:50:54,797 - function.util_logger2025-05-25-01.46.47 - INFO - Trial 162 finished with value: 0.2249295073298528 and parameters: {'learning_rate': 0.13497745060069338, 'max_depth': 5, 'subsample': 0.6353685241809082, 'colsample_bytree': 0.6213331292544342, 'reg_alpha': 5.162080776152417e-07, 'reg_lambda': 0.0013330109153325868}. Best is trial 68 with value: 0.22057978438633036.
2025-05-25 01:50:59,938 - function.util_logger2025-05-25-01.46.47 - INFO - Trial 163 finished with value: 0.22320571648628906 and parameters: {'learning_rate': 0.018467029555651673, 'max_depth': 4, 'subsample': 0.7657138199105417, 'colsample_bytree': 0.6344245047927839, 'reg_alpha': 0.02482460216819338, 'reg_lambda': 2.458727319199358e-06}. Best is trial 68 with value: 0.22057978438633036.
2025-05-25 01:51:01,957 - function.util_logger2025-05-25-01.46.47 - INFO - Trial 161 finished with value: 0.25197576565631774 and parameters: {'learning_rate': 0.001411407727816417, 'max_depth': 4, 'subsample': 0.7430794255997355, 'colsample_bytree': 0.622941258032546, 'reg_alpha': 0.02666811194457869, 'reg_lambda': 0.009334636803173448}. Best is trial 68 with value: 0.22057978438633036.
2025-05-25 01:51:02,081 - function.util_logger2025-05-25-01.46.47 - INFO - Trial 164 finished with value: 0.22316374905728723 and parameters: {'learning_rate': 0.06764230210014538, 'max_depth': 4, 'subsample': 0.7402887533649488, 'colsample_bytree': 0.603482661414593, 'reg_alpha': 0.0021887776356132285, 'reg_lambda': 9.102412144041312e-07}. Best is trial 68 with value: 0.22057978438633036.
2025-05-25 01:51:03,886 - function.util_logger2025-05-25-01.46.47 - INFO - Trial 166 finished with value: 0.22289827788995903 and parameters: {'learning_rate': 0.05408873218792112, 'max_depth': 4, 'subsample': 0.7162156936753088, 'colsample_bytree': 0.6129305616160146, 'reg_alpha': 0.0007648362250657132, 'reg_lambda': 1.4952712910432336e-07}. Best is trial 68 with value: 0.22057978438633036.
2025-05-25 01:51:05,591 - function.util_logger2025-05-25-01.46.47 - INFO - Trial 167 finished with value: 0.22284841578680542 and parameters: {'learning_rate': 0.07378300953709643, 'max_depth': 4, 'subsample': 0.7547976904982759, 'colsample_bytree': 0.6069508451527955, 'reg_alpha': 0.0029604836249570586, 'reg_lambda': 6.672565195168333e-08}. Best is trial 68 with value: 0.22057978438633036.
2025-05-25 01:51:07,024 - function.util_logger2025-05-25-01.46.47 - INFO - Trial 168 finished with value: 0.22288663914357915 and parameters: {'learning_rate': 0.09625500284565063, 'max_depth': 4, 'subsample': 0.7320266193273153, 'colsample_bytree': 0.6003680809910856, 'reg_alpha': 0.0004711797338090626, 'reg_lambda': 2.0144703919487997e-07}. Best is trial 68 with value: 0.22057978438633036.
2025-05-25 01:51:08,025 - function.util_logger2025-05-25-01.46.47 - INFO - Trial 169 finished with value: 0.22295760555059796 and parameters: {'learning_rate': 0.1505847004221518, 'max_depth': 4, 'subsample': 0.8041171664604306, 'colsample_bytree': 0.6164404649732168, 'reg_alpha': 0.372012774808239, 'reg_lambda': 0.0002126960439725719}. Best is trial 68 with value: 0.22057978438633036.
2025-05-25 01:51:08,881 - function.util_logger2025-05-25-01.46.47 - INFO - Trial 170 finished with value: 0.22516651517506667 and parameters: {'learning_rate': 0.22841174767577532, 'max_depth': 4, 'subsample': 0.696943796709335, 'colsample_bytree': 0.627855488648622, 'reg_alpha': 0.0002389356355940744, 'reg_lambda': 3.046847790945295e-07}. Best is trial 68 with value: 0.22057978438633036.
2025-05-25 01:51:10,463 - function.util_logger2025-05-25-01.46.47 - INFO - Trial 171 finished with value: 0.22463533256436197 and parameters: {'learning_rate': 0.08553277763525172, 'max_depth': 4, 'subsample': 0.7903538096056725, 'colsample_bytree': 0.7955228409420185, 'reg_alpha': 0.0036352381763308647, 'reg_lambda': 1.6133887289804892e-06}. Best is trial 68 with value: 0.22057978438633036.
2025-05-25 01:51:12,461 - function.util_logger2025-05-25-01.46.47 - INFO - Trial 172 finished with value: 0.2236183108994866 and parameters: {'learning_rate': 0.12834944485654973, 'max_depth': 6, 'subsample': 0.813476745121963, 'colsample_bytree': 0.6378937718777026, 'reg_alpha': 0.001101674825668205, 'reg_lambda': 1.1571840392055568e-07}. Best is trial 68 with value: 0.22057978438633036.
2025-05-25 01:51:13,667 - function.util_logger2025-05-25-01.46.47 - INFO - Trial 152 finished with value: 0.246147735117836 and parameters: {'learning_rate': 0.0015197007338138347, 'max_depth': 9, 'subsample': 0.7034263315547652, 'colsample_bytree': 0.6241639229296346, 'reg_alpha': 2.8304609016214973e-07, 'reg_lambda': 2.729239574533613e-06}. Best is trial 68 with value: 0.22057978438633036.
2025-05-25 01:51:14,497 - function.util_logger2025-05-25-01.46.47 - INFO - Trial 173 finished with value: 0.22260821979388673 and parameters: {'learning_rate': 0.06458563499078013, 'max_depth': 4, 'subsample': 0.7214038229716626, 'colsample_bytree': 0.6127146110416006, 'reg_alpha': 0.012147366270449919, 'reg_lambda': 7.332872681926159e-07}. Best is trial 68 with value: 0.22057978438633036.
2025-05-25 01:51:15,535 - function.util_logger2025-05-25-01.46.47 - INFO - Trial 174 finished with value: 0.2224917510919854 and parameters: {'learning_rate': 0.07808800717238314, 'max_depth': 4, 'subsample': 0.7417259734595226, 'colsample_bytree': 0.6152456240285524, 'reg_alpha': 1.4537710471492155e-06, 'reg_lambda': 2.0903509247756674e-07}. Best is trial 68 with value: 0.22057978438633036.
2025-05-25 01:51:15,690 - function.util_logger2025-05-25-01.46.47 - INFO - Trial 149 finished with value: 0.2546436546327459 and parameters: {'learning_rate': 0.001288104281496598, 'max_depth': 9, 'subsample': 0.7020307749696895, 'colsample_bytree': 0.6079364070244588, 'reg_alpha': 1.6963668047270442e-07, 'reg_lambda': 1.0380946402599632e-05}. Best is trial 68 with value: 0.22057978438633036.
2025-05-25 01:51:15,775 - function.util_logger2025-05-25-01.46.47 - INFO - Trial 175 finished with value: 0.22251049041198184 and parameters: {'learning_rate': 0.11458467802902057, 'max_depth': 4, 'subsample': 0.7498931808669644, 'colsample_bytree': 0.6182517895635132, 'reg_alpha': 1.2320276363337787e-06, 'reg_lambda': 2.103299959035483e-07}. Best is trial 68 with value: 0.22057978438633036.
2025-05-25 01:51:16,968 - function.util_logger2025-05-25-01.46.47 - INFO - Trial 176 finished with value: 0.22299784461290204 and parameters: {'learning_rate': 0.10823951870637831, 'max_depth': 4, 'subsample': 0.7515617934271793, 'colsample_bytree': 0.768323854227717, 'reg_alpha': 2.631100945699626e-06, 'reg_lambda': 2.5543982041523244e-07}. Best is trial 68 with value: 0.22057978438633036.
2025-05-25 01:51:17,053 - function.util_logger2025-05-25-01.46.47 - INFO - Trial 177 finished with value: 0.2229323784054717 and parameters: {'learning_rate': 0.10761967046120605, 'max_depth': 4, 'subsample': 0.753474905737026, 'colsample_bytree': 0.6003862257981228, 'reg_alpha': 7.671562200474322e-07, 'reg_lambda': 3.0142637833016016e-07}. Best is trial 68 with value: 0.22057978438633036.
2025-05-25 01:51:17,991 - function.util_logger2025-05-25-01.46.47 - INFO - Trial 180 finished with value: 0.22426847737356742 and parameters: {'learning_rate': 0.1765045240475183, 'max_depth': 4, 'subsample': 0.7351251389411994, 'colsample_bytree': 0.6326260091315672, 'reg_alpha': 0.052051083343846526, 'reg_lambda': 4.430472478908953e-07}. Best is trial 68 with value: 0.22057978438633036.
2025-05-25 01:51:18,112 - function.util_logger2025-05-25-01.46.47 - INFO - Trial 178 finished with value: 0.2234425333307025 and parameters: {'learning_rate': 0.09709451869840266, 'max_depth': 5, 'subsample': 0.7355220562289372, 'colsample_bytree': 0.6362350422550398, 'reg_alpha': 0.05296534913199753, 'reg_lambda': 3.421746976290766e-07}. Best is trial 68 with value: 0.22057978438633036.
2025-05-25 01:51:18,410 - function.util_logger2025-05-25-01.46.47 - INFO - Trial 179 finished with value: 0.2213010162376871 and parameters: {'learning_rate': 0.1802854119553737, 'max_depth': 5, 'subsample': 0.9148215513553432, 'colsample_bytree': 0.6314104828521864, 'reg_alpha': 0.00037280531111700117, 'reg_lambda': 4.7082441558342105e-07}. Best is trial 68 with value: 0.22057978438633036.
2025-05-25 01:51:19,931 - function.util_logger2025-05-25-01.46.47 - INFO - Trial 183 finished with value: 0.2270486410057476 and parameters: {'learning_rate': 0.20227822854915717, 'max_depth': 7, 'subsample': 0.8873609490714309, 'colsample_bytree': 0.9207071625391027, 'reg_alpha': 0.00040765534202563393, 'reg_lambda': 1.2650927403195403e-06}. Best is trial 68 with value: 0.22057978438633036.
2025-05-25 01:51:20,392 - function.util_logger2025-05-25-01.46.47 - INFO - Trial 181 finished with value: 0.22335624966239295 and parameters: {'learning_rate': 0.060859841617641734, 'max_depth': 5, 'subsample': 0.6739778969448891, 'colsample_bytree': 0.6437886605084255, 'reg_alpha': 0.0004014021805021312, 'reg_lambda': 9.163311182969814e-08}. Best is trial 68 with value: 0.22057978438633036.
2025-05-25 01:51:21,289 - function.util_logger2025-05-25-01.46.47 - INFO - Trial 185 finished with value: 0.22322717656546914 and parameters: {'learning_rate': 0.15687489514490335, 'max_depth': 4, 'subsample': 0.7438624688108648, 'colsample_bytree': 0.6199691641970089, 'reg_alpha': 0.0006666695474054469, 'reg_lambda': 7.751478740914527e-07}. Best is trial 68 with value: 0.22057978438633036.
2025-05-25 01:51:21,379 - function.util_logger2025-05-25-01.46.47 - INFO - Trial 165 finished with value: 0.22549007768984217 and parameters: {'learning_rate': 0.0033607032393560598, 'max_depth': 4, 'subsample': 0.7337324130836396, 'colsample_bytree': 0.6003582244895741, 'reg_alpha': 0.0034140135410594304, 'reg_lambda': 1.7091174835193655e-07}. Best is trial 68 with value: 0.22057978438633036.
2025-05-25 01:51:21,633 - function.util_logger2025-05-25-01.46.47 - INFO - Trial 182 finished with value: 0.22170822514906638 and parameters: {'learning_rate': 0.08113437288370103, 'max_depth': 10, 'subsample': 0.7784659432490638, 'colsample_bytree': 0.6214417824577866, 'reg_alpha': 4.872829923150783e-06, 'reg_lambda': 8.224273419864904e-08}. Best is trial 68 with value: 0.22057978438633036.
2025-05-25 01:51:22,291 - function.util_logger2025-05-25-01.46.47 - INFO - Trial 184 finished with value: 0.224092159237505 and parameters: {'learning_rate': 0.1481538656638814, 'max_depth': 10, 'subsample': 0.7445895413128054, 'colsample_bytree': 0.6209685485933402, 'reg_alpha': 0.0006571799595875235, 'reg_lambda': 6.287835054595839e-07}. Best is trial 68 with value: 0.22057978438633036.
2025-05-25 01:51:23,909 - function.util_logger2025-05-25-01.46.47 - INFO - Trial 187 finished with value: 0.22388097671751975 and parameters: {'learning_rate': 0.14074344248744114, 'max_depth': 10, 'subsample': 0.9401182040382967, 'colsample_bytree': 0.6251479933966099, 'reg_alpha': 0.001224883386206056, 'reg_lambda': 6.171994436310127e-07}. Best is trial 68 with value: 0.22057978438633036.
2025-05-25 01:51:23,998 - function.util_logger2025-05-25-01.46.47 - INFO - Trial 188 finished with value: 0.22392786165301057 and parameters: {'learning_rate': 0.13261528305011058, 'max_depth': 10, 'subsample': 0.7758516976553216, 'colsample_bytree': 0.6288304815174323, 'reg_alpha': 5.900599042710227e-06, 'reg_lambda': 3.508644121971024e-08}. Best is trial 68 with value: 0.22057978438633036.
