2025-05-25 01:52:33,258 - function.util_logger2025-05-25-01.46.47 - INFO - Trial 301 finished with value: 0.22243306974100455 and parameters: {'learning_rate': 0.06815618481878455, 'max_depth': 5, 'subsample': 0.8956460310703467, 'colsample_bytree': 0.6409692148514422, 'reg_alpha': 1.005151020464845e-06, 'reg_lambda': 0.017014703604148605}. Best is trial 68 with value: 0.22057978438633036.
2025-05-25 01:52:33,412 - function.util_logger2025-05-25-01.46.47 - INFO - Trial 294 finished with value: 0.22272173823900862 and parameters: {'learning_rate': 0.014958193832307261, 'max_depth': 4, 'subsample': 0.9068445591305634, 'colsample_bytree': 0.6172557802329985, 'reg_alpha': 0.004049400922588785, 'reg_lambda': 3.143511277565021e-08}. Best is trial 68 with value: 0.22057978438633036.
2025-05-25 01:52:34,718 - function.util_logger2025-05-25-01.46.47 - INFO - Trial 304 finished with value: 0.22318207315439537 and parameters: {'learning_rate': 0.08164567539866623, 'max_depth': 4, 'subsample': 0.8748742942385515, 'colsample_bytree': 0.6291021359159255, 'reg_alpha': 3.326605807354941e-06, 'reg_lambda': 2.7304667037611315e-05}. Best is trial 68 with value: 0.22057978438633036.
2025-05-25 01:52:34,894 - function.util_logger2025-05-25-01.46.47 - INFO - Trial 302 finished with value: 0.22254842867681282 and parameters: {'learning_rate': 0.06790844171685148, 'max_depth': 5, 'subsample': 0.8726993484818919, 'colsample_bytree': 0.6296941604647115, 'reg_alpha': 7.864102544548584e-07, 'reg_lambda': 0.00022561998838777726}. Best is trial 68 with value: 0.22057978438633036.
2025-05-25 01:52:34,931 - function.util_logger2025-05-25-01.46.47 - INFO - Trial 305 finished with value: 0.22331648113411529 and parameters: {'learning_rate': 0.07970706189910341, 'max_depth': 4, 'subsample': 0.872447528752071, 'colsample_bytree': 0.6305226164836246, 'reg_alpha': 1.125782101701047e-05, 'reg_lambda': 0.00038015230447697675}. Best is trial 68 with value: 0.22057978438633036.
2025-05-25 01:52:35,840 - function.util_logger2025-05-25-01.46.47 - INFO - Trial 306 finished with value: 0.22335599842381 and parameters: {'learning_rate': 0.1509437928904824, 'max_depth': 4, 'subsample': 0.8592884546110573, 'colsample_bytree': 0.6293537193415323, 'reg_alpha': 2.1878429949290682e-07, 'reg_lambda': 0.0006616663594593042}. Best is trial 68 with value: 0.22057978438633036.
2025-05-25 01:52:36,045 - function.util_logger2025-05-25-01.46.47 - INFO - Trial 303 finished with value: 0.22303799550930398 and parameters: {'learning_rate': 0.06505451761615365, 'max_depth': 5, 'subsample': 0.8589566465338786, 'colsample_bytree': 0.6291680929153478, 'reg_alpha': 1.09535915981571e-05, 'reg_lambda': 0.010762854504044676}. Best is trial 68 with value: 0.22057978438633036.
2025-05-25 01:52:36,140 - function.util_logger2025-05-25-01.46.47 - INFO - Trial 308 finished with value: 0.22170047076251365 and parameters: {'learning_rate': 0.15864448272525508, 'max_depth': 4, 'subsample': 0.9285954381640116, 'colsample_bytree': 0.600872450854781, 'reg_alpha': 1.787790532511865e-06, 'reg_lambda': 0.005799141924224851}. Best is trial 68 with value: 0.22057978438633036.
2025-05-25 01:52:36,300 - function.util_logger2025-05-25-01.46.47 - INFO - Trial 307 finished with value: 0.222892710902655 and parameters: {'learning_rate': 0.15069650066485799, 'max_depth': 4, 'subsample': 0.8575742035646211, 'colsample_bytree': 0.6001654637949663, 'reg_alpha': 0.02997897433893985, 'reg_lambda': 2.9850336740955765e-07}. Best is trial 68 with value: 0.22057978438633036.
2025-05-25 01:52:37,185 - function.util_logger2025-05-25-01.46.47 - INFO - Trial 312 finished with value: 0.22549264296115928 and parameters: {'learning_rate': 0.2309558631970267, 'max_depth': 4, 'subsample': 0.9298880247543753, 'colsample_bytree': 0.6516778501452881, 'reg_alpha': 1.7658620391908079e-06, 'reg_lambda': 0.047412307482557654}. Best is trial 68 with value: 0.22057978438633036.
2025-05-25 01:52:37,246 - function.util_logger2025-05-25-01.46.47 - INFO - Trial 309 finished with value: 0.22338460724673218 and parameters: {'learning_rate': 0.11670006961910749, 'max_depth': 4, 'subsample': 0.9299617455887752, 'colsample_bytree': 0.6508590037162334, 'reg_alpha': 5.499638164243277e-07, 'reg_lambda': 0.004863672100919743}. Best is trial 68 with value: 0.22057978438633036.
2025-05-25 01:52:37,495 - function.util_logger2025-05-25-01.46.47 - INFO - Trial 310 finished with value: 0.22260928008878467 and parameters: {'learning_rate': 0.1204785887391042, 'max_depth': 4, 'subsample': 0.8868571821268751, 'colsample_bytree': 0.6002733100112525, 'reg_alpha': 0.030964521760813355, 'reg_lambda': 0.005423999088896211}. Best is trial 68 with value: 0.22057978438633036.
2025-05-25 01:52:38,119 - function.util_logger2025-05-25-01.46.47 - INFO - Trial 313 finished with value: 0.2235872764826528 and parameters: {'learning_rate': 0.16773767508719836, 'max_depth': 4, 'subsample': 0.9215181183493323, 'colsample_bytree': 0.621675143991957, 'reg_alpha': 0.04664009532213506, 'reg_lambda': 5.97495534805662e-05}. Best is trial 68 with value: 0.22057978438633036.
2025-05-25 01:52:38,172 - function.util_logger2025-05-25-01.46.47 - INFO - Trial 314 finished with value: 0.22451587960556374 and parameters: {'learning_rate': 0.17417099418319432, 'max_depth': 4, 'subsample': 0.9112636884199273, 'colsample_bytree': 0.6183346435239169, 'reg_alpha': 3.845143559750691e-06, 'reg_lambda': 0.0027588579979815836}. Best is trial 68 with value: 0.22057978438633036.
2025-05-25 01:52:38,502 - function.util_logger2025-05-25-01.46.47 - INFO - Trial 315 finished with value: 0.22487016484610853 and parameters: {'learning_rate': 0.1881534088497808, 'max_depth': 4, 'subsample': 0.9133347005053888, 'colsample_bytree': 0.621247756800848, 'reg_alpha': 3.877265428381353e-06, 'reg_lambda': 0.00026967654597022665}. Best is trial 68 with value: 0.22057978438633036.
2025-05-25 01:52:39,129 - function.util_logger2025-05-25-01.46.47 - INFO - Trial 317 finished with value: 0.22313251343548055 and parameters: {'learning_rate': 0.19634434610765686, 'max_depth': 4, 'subsample': 0.8932951846816553, 'colsample_bytree': 0.6110730178288929, 'reg_alpha': 1.4744984041966874e-06, 'reg_lambda': 9.761680338188522e-08}. Best is trial 68 with value: 0.22057978438633036.
2025-05-25 01:52:39,173 - function.util_logger2025-05-25-01.46.47 - INFO - Trial 316 finished with value: 0.2226979178746693 and parameters: {'learning_rate': 0.1855599587749394, 'max_depth': 4, 'subsample': 0.9147000442462404, 'colsample_bytree': 0.6146396611579023, 'reg_alpha': 3.5487581391156447e-06, 'reg_lambda': 0.001937960065322947}. Best is trial 68 with value: 0.22057978438633036.
2025-05-25 01:52:39,633 - function.util_logger2025-05-25-01.46.47 - INFO - Trial 318 finished with value: 0.2233476444027993 and parameters: {'learning_rate': 0.13977559912538864, 'max_depth': 4, 'subsample': 0.800611751234548, 'colsample_bytree': 0.609794862222222, 'reg_alpha': 1.48090183301451e-06, 'reg_lambda': 0.0013714548377777407}. Best is trial 68 with value: 0.22057978438633036.
2025-05-25 01:52:40,340 - function.util_logger2025-05-25-01.46.47 - INFO - Trial 321 finished with value: 0.22582353016515958 and parameters: {'learning_rate': 0.2834710336454465, 'max_depth': 4, 'subsample': 0.8659887551934959, 'colsample_bytree': 0.6369598275168732, 'reg_alpha': 0.017088092238746643, 'reg_lambda': 0.0007330517660649663}. Best is trial 68 with value: 0.22057978438633036.
2025-05-25 01:52:40,412 - function.util_logger2025-05-25-01.46.47 - INFO - Trial 320 finished with value: 0.22108106703946873 and parameters: {'learning_rate': 0.12975577312209755, 'max_depth': 4, 'subsample': 0.7839857943851993, 'colsample_bytree': 0.6069697560988481, 'reg_alpha': 0.013676455986824062, 'reg_lambda': 0.0015289550137322003}. Best is trial 68 with value: 0.22057978438633036.
2025-05-25 01:52:40,442 - function.util_logger2025-05-25-01.46.47 - INFO - Trial 319 finished with value: 0.22238644011142766 and parameters: {'learning_rate': 0.13102128059598186, 'max_depth': 4, 'subsample': 0.7840081185852297, 'colsample_bytree': 0.6378453858093117, 'reg_alpha': 0.016245174986739525, 'reg_lambda': 0.0009513398324222226}. Best is trial 68 with value: 0.22057978438633036.
2025-05-25 01:52:41,475 - function.util_logger2025-05-25-01.46.47 - INFO - Trial 324 finished with value: 0.22205534557966838 and parameters: {'learning_rate': 0.14755292002708773, 'max_depth': 4, 'subsample': 0.7810968014625679, 'colsample_bytree': 0.609404298323184, 'reg_alpha': 0.008788205667563984, 'reg_lambda': 0.0005503125468836704}. Best is trial 68 with value: 0.22057978438633036.
2025-05-25 01:52:41,613 - function.util_logger2025-05-25-01.46.47 - INFO - Trial 323 finished with value: 0.22237898707874382 and parameters: {'learning_rate': 0.13451121841627903, 'max_depth': 4, 'subsample': 0.7968444790053522, 'colsample_bytree': 0.6062952226345499, 'reg_alpha': 0.010969749798301693, 'reg_lambda': 0.0008124663701086546}. Best is trial 68 with value: 0.22057978438633036.
2025-05-25 01:52:42,531 - function.util_logger2025-05-25-01.46.47 - INFO - Trial 326 finished with value: 0.22290348215890193 and parameters: {'learning_rate': 0.1587055667775609, 'max_depth': 4, 'subsample': 0.777110415261328, 'colsample_bytree': 0.6071368259038641, 'reg_alpha': 0.008903925620014585, 'reg_lambda': 0.00045372030704856833}. Best is trial 68 with value: 0.22057978438633036.
2025-05-25 01:52:42,549 - function.util_logger2025-05-25-01.46.47 - INFO - Trial 325 finished with value: 0.22289849433069212 and parameters: {'learning_rate': 0.1603529842515613, 'max_depth': 4, 'subsample': 0.7816781372282943, 'colsample_bytree': 0.6000631082288279, 'reg_alpha': 0.9051897622629429, 'reg_lambda': 0.003131311731556429}. Best is trial 68 with value: 0.22057978438633036.
2025-05-25 01:52:43,830 - function.util_logger2025-05-25-01.46.47 - INFO - Trial 328 finished with value: 0.2230772222501062 and parameters: {'learning_rate': 0.11613215349477421, 'max_depth': 4, 'subsample': 0.7706241623870067, 'colsample_bytree': 0.6115185749572792, 'reg_alpha': 0.13535140425873274, 'reg_lambda': 0.00047906574184309594}. Best is trial 68 with value: 0.22057978438633036.
2025-05-25 01:52:43,889 - function.util_logger2025-05-25-01.46.47 - INFO - Trial 327 finished with value: 0.22239454146729504 and parameters: {'learning_rate': 0.11798526041848517, 'max_depth': 4, 'subsample': 0.789175033733488, 'colsample_bytree': 0.600174710726618, 'reg_alpha': 1.1682689775249604, 'reg_lambda': 0.0028673076810045196}. Best is trial 68 with value: 0.22057978438633036.
2025-05-25 01:52:44,730 - function.util_logger2025-05-25-01.46.47 - INFO - Trial 329 finished with value: 0.22290021475189073 and parameters: {'learning_rate': 0.21694224031078865, 'max_depth': 4, 'subsample': 0.7864644863770087, 'colsample_bytree': 0.6150536820224457, 'reg_alpha': 0.009242678553587323, 'reg_lambda': 0.001979663211686946}. Best is trial 68 with value: 0.22057978438633036.
2025-05-25 01:52:45,318 - function.util_logger2025-05-25-01.46.47 - INFO - Trial 330 finished with value: 0.22171510475788953 and parameters: {'learning_rate': 0.09764684271171337, 'max_depth': 4, 'subsample': 0.6482912381497398, 'colsample_bytree': 0.6158086527415378, 'reg_alpha': 0.008097242241123404, 'reg_lambda': 0.0006072348700392096}. Best is trial 68 with value: 0.22057978438633036.
2025-05-25 01:52:46,303 - function.util_logger2025-05-25-01.46.47 - INFO - Trial 331 finished with value: 0.22372912042448984 and parameters: {'learning_rate': 0.09363705561621749, 'max_depth': 4, 'subsample': 0.7960076772511792, 'colsample_bytree': 0.6208435595481452, 'reg_alpha': 0.06534214071886946, 'reg_lambda': 0.0009546315978750318}. Best is trial 68 with value: 0.22057978438633036.
2025-05-25 01:52:46,602 - function.util_logger2025-05-25-01.46.47 - INFO - Trial 332 finished with value: 0.22304723184342673 and parameters: {'learning_rate': 0.09325272827130543, 'max_depth': 4, 'subsample': 0.6403727667730544, 'colsample_bytree': 0.6221716664253789, 'reg_alpha': 0.01330112270091403, 'reg_lambda': 0.0012761243653528385}. Best is trial 68 with value: 0.22057978438633036.
2025-05-25 01:52:47,579 - function.util_logger2025-05-25-01.46.47 - INFO - Trial 333 finished with value: 0.22413232862650223 and parameters: {'learning_rate': 0.10453596241625272, 'max_depth': 4, 'subsample': 0.8089027868927791, 'colsample_bytree': 0.6077527111638477, 'reg_alpha': 0.008019955902877155, 'reg_lambda': 0.00036812580147412645}. Best is trial 68 with value: 0.22057978438633036.
2025-05-25 01:52:47,631 - function.util_logger2025-05-25-01.46.47 - INFO - Trial 334 finished with value: 0.22332949814243994 and parameters: {'learning_rate': 0.1027414610023557, 'max_depth': 3, 'subsample': 0.8128646094145595, 'colsample_bytree': 0.7551807886498054, 'reg_alpha': 0.006860715339214851, 'reg_lambda': 0.0006017710529661391}. Best is trial 68 with value: 0.22057978438633036.
2025-05-25 01:52:48,227 - function.util_logger2025-05-25-01.46.47 - INFO - Trial 311 finished with value: 0.22281967213248696 and parameters: {'learning_rate': 0.009497994181143823, 'max_depth': 4, 'subsample': 0.9281828361069667, 'colsample_bytree': 0.6010492674394685, 'reg_alpha': 1.9859609486375227e-06, 'reg_lambda': 0.0023308636088755883}. Best is trial 68 with value: 0.22057978438633036.
2025-05-25 01:52:48,759 - function.util_logger2025-05-25-01.46.47 - INFO - Trial 336 finished with value: 0.22102462116053698 and parameters: {'learning_rate': 0.12982157402441477, 'max_depth': 4, 'subsample': 0.6576380454418659, 'colsample_bytree': 0.6066499667364811, 'reg_alpha': 0.003222603040538008, 'reg_lambda': 0.00027645355875538}. Best is trial 68 with value: 0.22057978438633036.
2025-05-25 01:52:48,825 - function.util_logger2025-05-25-01.46.47 - INFO - Trial 335 finished with value: 0.22475148445544185 and parameters: {'learning_rate': 0.11091337792679551, 'max_depth': 4, 'subsample': 0.6618390804370199, 'colsample_bytree': 0.9375295635109856, 'reg_alpha': 0.013755041428861673, 'reg_lambda': 0.0002910513787513998}. Best is trial 68 with value: 0.22057978438633036.
2025-05-25 01:52:49,517 - function.util_logger2025-05-25-01.46.47 - INFO - Trial 337 finished with value: 0.22473036026043963 and parameters: {'learning_rate': 0.13094498927073464, 'max_depth': 4, 'subsample': 0.7909816625788649, 'colsample_bytree': 0.8897173409184737, 'reg_alpha': 2.9462458468233534, 'reg_lambda': 0.00042902130204379636}. Best is trial 68 with value: 0.22057978438633036.
2025-05-25 01:52:49,570 - function.util_logger2025-05-25-01.46.47 - INFO - Trial 322 finished with value: 0.2240584506267882 and parameters: {'learning_rate': 0.009543989566871478, 'max_depth': 4, 'subsample': 0.7855413404320699, 'colsample_bytree': 0.8289622343316334, 'reg_alpha': 0.06681116160948236, 'reg_lambda': 0.00014741654807150649}. Best is trial 68 with value: 0.22057978438633036.
2025-05-25 01:52:51,065 - function.util_logger2025-05-25-01.46.47 - INFO - Trial 338 finished with value: 0.22608002133596267 and parameters: {'learning_rate': 0.12887754963321682, 'max_depth': 10, 'subsample': 0.6310194301908191, 'colsample_bytree': 0.7794034289366236, 'reg_alpha': 0.003220854625518601, 'reg_lambda': 0.006632777331067669}. Best is trial 68 with value: 0.22057978438633036.
2025-05-25 01:52:51,270 - function.util_logger2025-05-25-01.46.47 - INFO - Trial 339 finished with value: 0.22504326878678088 and parameters: {'learning_rate': 0.12987042551635977, 'max_depth': 10, 'subsample': 0.6714609091274399, 'colsample_bytree': 0.8877670381606568, 'reg_alpha': 0.0033733711189631115, 'reg_lambda': 0.0007641215703252576}. Best is trial 68 with value: 0.22057978438633036.
2025-05-25 01:52:51,561 - function.util_logger2025-05-25-01.46.47 - INFO - Trial 340 finished with value: 0.22458184247732996 and parameters: {'learning_rate': 0.14323289816611834, 'max_depth': 10, 'subsample': 0.9616823526666379, 'colsample_bytree': 0.6077026210600317, 'reg_alpha': 0.004145074350970944, 'reg_lambda': 0.0014423806437021062}. Best is trial 68 with value: 0.22057978438633036.
2025-05-25 01:52:51,644 - function.util_logger2025-05-25-01.46.47 - INFO - Trial 341 finished with value: 0.22525391495633534 and parameters: {'learning_rate': 0.1455215162279341, 'max_depth': 10, 'subsample': 0.645652732480598, 'colsample_bytree': 0.6071913797629478, 'reg_alpha': 0.003765456509156164, 'reg_lambda': 4.448046559110192}. Best is trial 68 with value: 0.22057978438633036.
2025-05-25 01:52:52,115 - function.util_logger2025-05-25-01.46.47 - INFO - Trial 342 finished with value: 0.22281835052448873 and parameters: {'learning_rate': 0.13762233660261333, 'max_depth': 4, 'subsample': 0.6568143404940809, 'colsample_bytree': 0.6087651130364319, 'reg_alpha': 0.006979513297612342, 'reg_lambda': 0.0005236155335101916}. Best is trial 68 with value: 0.22057978438633036.
2025-05-25 01:52:52,914 - function.util_logger2025-05-25-01.46.47 - INFO - Trial 343 finished with value: 0.22279495102591093 and parameters: {'learning_rate': 0.08636199770048848, 'max_depth': 4, 'subsample': 0.6633795573760206, 'colsample_bytree': 0.6084954489527974, 'reg_alpha': 0.005525957399364708, 'reg_lambda': 0.0005283280069572034}. Best is trial 68 with value: 0.22057978438633036.
2025-05-25 01:52:53,039 - function.util_logger2025-05-25-01.46.47 - INFO - Trial 345 finished with value: 0.22424229125968376 and parameters: {'learning_rate': 0.0938896412785894, 'max_depth': 4, 'subsample': 0.6204237381822739, 'colsample_bytree': 0.6144058961581671, 'reg_alpha': 0.0021070195901010985, 'reg_lambda': 0.0041856112940575445}. Best is trial 68 with value: 0.22057978438633036.
2025-05-25 01:52:53,650 - function.util_logger2025-05-25-01.46.47 - INFO - Trial 346 finished with value: 0.2225281485216298 and parameters: {'learning_rate': 0.0896615157473111, 'max_depth': 4, 'subsample': 0.6477552948176917, 'colsample_bytree': 0.6170256248259434, 'reg_alpha': 1.3227689051376967e-07, 'reg_lambda': 4.905625369641487e-08}. Best is trial 68 with value: 0.22057978438633036.
2025-05-25 01:52:54,128 - function.util_logger2025-05-25-01.46.47 - INFO - Trial 347 finished with value: 0.2244019709653872 and parameters: {'learning_rate': 0.11070598793432888, 'max_depth': 4, 'subsample': 0.6262623261454316, 'colsample_bytree': 0.6164438590352325, 'reg_alpha': 0.0017204697992922427, 'reg_lambda': 0.013692551152606801}. Best is trial 68 with value: 0.22057978438633036.
2025-05-25 01:52:54,540 - function.util_logger2025-05-25-01.46.47 - INFO - Trial 344 finished with value: 0.22312030800755286 and parameters: {'learning_rate': 0.0871513754270175, 'max_depth': 9, 'subsample': 0.6560715522034187, 'colsample_bytree': 0.6126365060425186, 'reg_alpha': 0.0025625807996961583, 'reg_lambda': 0.01534926938366277}. Best is trial 68 with value: 0.22057978438633036.
2025-05-25 01:52:54,850 - function.util_logger2025-05-25-01.46.47 - INFO - Trial 349 finished with value: 0.22378969264687845 and parameters: {'learning_rate': 0.1082486816544425, 'max_depth': 4, 'subsample': 0.6400951533582948, 'colsample_bytree': 0.6214764892532777, 'reg_alpha': 0.013551729789629636, 'reg_lambda': 0.010671559350343087}. Best is trial 68 with value: 0.22057978438633036.
2025-05-25 01:52:55,230 - function.util_logger2025-05-25-01.46.47 - INFO - Trial 350 finished with value: 0.22220355648097184 and parameters: {'learning_rate': 0.15644056450337346, 'max_depth': 4, 'subsample': 0.8000838679638927, 'colsample_bytree': 0.6247843303569551, 'reg_alpha': 0.009427853861543874, 'reg_lambda': 1.2120997856310466e-07}. Best is trial 68 with value: 0.22057978438633036.
2025-05-25 01:52:55,417 - function.util_logger2025-05-25-01.46.47 - INFO - Trial 351 finished with value: 0.22425644924077281 and parameters: {'learning_rate': 0.15995800897357298, 'max_depth': 3, 'subsample': 0.6384409819022889, 'colsample_bytree': 0.6216144931773175, 'reg_alpha': 0.012391167304274791, 'reg_lambda': 7.023755699686884e-08}. Best is trial 68 with value: 0.22057978438633036.
2025-05-25 01:52:55,614 - function.util_logger2025-05-25-01.46.47 - INFO - Trial 352 finished with value: 0.22364840033421624 and parameters: {'learning_rate': 0.16661441643959202, 'max_depth': 3, 'subsample': 0.7664256718578594, 'colsample_bytree': 0.6005310045898008, 'reg_alpha': 0.009415677264256623, 'reg_lambda': 1.2654084222378164e-07}. Best is trial 68 with value: 0.22057978438633036.
2025-05-25 01:52:55,698 - function.util_logger2025-05-25-01.46.47 - INFO - Trial 348 finished with value: 0.2249636551582835 and parameters: {'learning_rate': 0.11545399267487746, 'max_depth': 9, 'subsample': 0.7746157673686063, 'colsample_bytree': 0.6180127982394884, 'reg_alpha': 0.009073739621772891, 'reg_lambda': 8.27884617915377e-08}. Best is trial 68 with value: 0.22057978438633036.
2025-05-25 01:52:56,543 - function.util_logger2025-05-25-01.46.47 - INFO - Trial 353 finished with value: 0.22440648274079017 and parameters: {'learning_rate': 0.07525266847110751, 'max_depth': 3, 'subsample': 0.7765609183351004, 'colsample_bytree': 0.6360678759212667, 'reg_alpha': 0.025558454207043762, 'reg_lambda': 9.01474249428899e-08}. Best is trial 68 with value: 0.22057978438633036.
2025-05-25 01:52:56,820 - function.util_logger2025-05-25-01.46.47 - INFO - Trial 355 finished with value: 0.2228023061682603 and parameters: {'learning_rate': 0.1266746402667397, 'max_depth': 4, 'subsample': 0.9180233897292092, 'colsample_bytree': 0.6355812708508871, 'reg_alpha': 0.024676671758014117, 'reg_lambda': 0.0012970151102239863}. Best is trial 68 with value: 0.22057978438633036.
2025-05-25 01:52:56,912 - function.util_logger2025-05-25-01.46.47 - INFO - Trial 354 finished with value: 0.22207051437478076 and parameters: {'learning_rate': 0.12059485119487529, 'max_depth': 4, 'subsample': 0.7774211544401941, 'colsample_bytree': 0.6011814495698355, 'reg_alpha': 0.02075782894089818, 'reg_lambda': 0.000899956552171545}. Best is trial 68 with value: 0.22057978438633036.
